<?xml version="1.0" encoding="UTF-8"?>
<testsuites>
  <testsuite name="/opt/project/tests" tests="1549" assertions="1775" errors="0" failures="0" skipped="0" time="115.958672">
    <testsuite name="Tests\Bo\BetFinderTest" file="/opt/project/tests/bo/BetFinderTest.php" tests="2" assertions="6" errors="0" failures="0" skipped="0" time="0.011063">
      <testsuite name="Tests\Bo\BetFinderTest::testGetBetFinderFullData" tests="1" assertions="3" errors="0" failures="0" skipped="0" time="0.007818">
        <testcase name="testGetBetFinderFullData with data set #0" class="Tests\Bo\BetFinderTest" classname="Tests.Bo.BetFinderTest" file="/opt/project/tests/bo/BetFinderTest.php" line="13" assertions="3" time="0.007818"/>
      </testsuite>
      <testsuite name="Tests\Bo\BetFinderTest::testGetBetFinderDiffData" tests="1" assertions="3" errors="0" failures="0" skipped="0" time="0.003245">
        <testcase name="testGetBetFinderDiffData with data set #0" class="Tests\Bo\BetFinderTest" classname="Tests.Bo.BetFinderTest" file="/opt/project/tests/bo/BetFinderTest.php" line="411" assertions="3" time="0.003245"/>
      </testsuite>
    </testsuite>
    <testsuite name="Tests\Bo\BetPromptsTest" file="/opt/project/tests/bo/BetPromptsTest.php" tests="2" assertions="2" errors="0" failures="0" skipped="0" time="0.201122">
      <testsuite name="Tests\Bo\BetPromptsTest::testGetBetPrompts" tests="2" assertions="2" errors="0" failures="0" skipped="0" time="0.201122">
        <testcase name="testGetBetPrompts with data set #0" class="Tests\Bo\BetPromptsTest" classname="Tests.Bo.BetPromptsTest" file="/opt/project/tests/bo/BetPromptsTest.php" line="19" assertions="1" time="0.061468"/>
        <testcase name="testGetBetPrompts with data set #1" class="Tests\Bo\BetPromptsTest" classname="Tests.Bo.BetPromptsTest" file="/opt/project/tests/bo/BetPromptsTest.php" line="19" assertions="1" time="0.139654"/>
      </testsuite>
    </testsuite>
    <testsuite name="Tests\Bo\Bloodstock\DamTest" file="/opt/project/tests/bo/Bloodstock/DamTest.php" tests="7" assertions="21" errors="0" failures="0" skipped="0" time="0.017040">
      <testsuite name="Tests\Bo\Bloodstock\DamTest::testGetProgenyEntries" tests="1" assertions="3" errors="0" failures="0" skipped="0" time="0.001855">
        <testcase name="testGetProgenyEntries with data set #0" class="Tests\Bo\Bloodstock\DamTest" classname="Tests.Bo.Bloodstock.DamTest" file="/opt/project/tests/bo/Bloodstock/DamTest.php" line="13" assertions="3" time="0.001855"/>
      </testsuite>
      <testsuite name="Tests\Bo\Bloodstock\DamTest::testGetProgenyResults" tests="1" assertions="3" errors="0" failures="0" skipped="0" time="0.003206">
        <testcase name="testGetProgenyResults with data set #0" class="Tests\Bo\Bloodstock\DamTest" classname="Tests.Bo.Bloodstock.DamTest" file="/opt/project/tests/bo/Bloodstock/DamTest.php" line="59" assertions="3" time="0.003206"/>
      </testsuite>
      <testsuite name="Tests\Bo\Bloodstock\DamTest::testGetProgenyResultsSalesDefault" tests="3" assertions="9" errors="0" failures="0" skipped="0" time="0.006683">
        <testcase name="testGetProgenyResultsSalesDefault with data set #0" class="Tests\Bo\Bloodstock\DamTest" classname="Tests.Bo.Bloodstock.DamTest" file="/opt/project/tests/bo/Bloodstock/DamTest.php" line="163" assertions="3" time="0.002476"/>
        <testcase name="testGetProgenyResultsSalesDefault with data set #1" class="Tests\Bo\Bloodstock\DamTest" classname="Tests.Bo.Bloodstock.DamTest" file="/opt/project/tests/bo/Bloodstock/DamTest.php" line="163" assertions="3" time="0.002436"/>
        <testcase name="testGetProgenyResultsSalesDefault with data set #2" class="Tests\Bo\Bloodstock\DamTest" classname="Tests.Bo.Bloodstock.DamTest" file="/opt/project/tests/bo/Bloodstock/DamTest.php" line="163" assertions="3" time="0.001771"/>
      </testsuite>
      <testsuite name="Tests\Bo\Bloodstock\DamTest::testGetProgenySales" tests="1" assertions="3" errors="0" failures="0" skipped="0" time="0.003272">
        <testcase name="testGetProgenySales with data set #0" class="Tests\Bo\Bloodstock\DamTest" classname="Tests.Bo.Bloodstock.DamTest" file="/opt/project/tests/bo/Bloodstock/DamTest.php" line="320" assertions="3" time="0.003272"/>
      </testsuite>
      <testsuite name="Tests\Bo\Bloodstock\DamTest::testGetProgenyResultsSeasons" tests="1" assertions="3" errors="0" failures="0" skipped="0" time="0.002024">
        <testcase name="testGetProgenyResultsSeasons with data set #0" class="Tests\Bo\Bloodstock\DamTest" classname="Tests.Bo.Bloodstock.DamTest" file="/opt/project/tests/bo/Bloodstock/DamTest.php" line="441" assertions="3" time="0.002024"/>
      </testsuite>
    </testsuite>
    <testsuite name="Tests\Bo\Bloodstock\Sales\Catalogue\VendorsTest" file="/opt/project/tests/bo/Bloodstock/Sales/Catalogue/VendorsTest.php" tests="1" assertions="1" errors="0" failures="0" skipped="0" time="0.010814">
      <testsuite name="Tests\Bo\Bloodstock\Sales\Catalogue\VendorsTest::testGetVendors" tests="1" assertions="1" errors="0" failures="0" skipped="0" time="0.010814">
        <testcase name="testGetVendors with data set #0" class="Tests\Bo\Bloodstock\Sales\Catalogue\VendorsTest" classname="Tests.Bo.Bloodstock.Sales.Catalogue.VendorsTest" file="/opt/project/tests/bo/Bloodstock/Sales/Catalogue/VendorsTest.php" line="23" assertions="1" time="0.010814"/>
      </testsuite>
    </testsuite>
    <testsuite name="Tests\Bo\Bloodstock\SalesStatisticsTest" file="/opt/project/tests/bo/Bloodstock/SalesStatisticsTest.php" tests="5" assertions="10" errors="0" failures="0" skipped="0" time="0.803713">
      <testsuite name="Tests\Bo\Bloodstock\SalesStatisticsTest::testGetSires" tests="1" assertions="2" errors="0" failures="0" skipped="0" time="0.269649">
        <testcase name="testGetSires with data set #0" class="Tests\Bo\Bloodstock\SalesStatisticsTest" classname="Tests.Bo.Bloodstock.SalesStatisticsTest" file="/opt/project/tests/bo/Bloodstock/SalesStatisticsTest.php" line="23" assertions="2" time="0.269649"/>
      </testsuite>
      <testsuite name="Tests\Bo\Bloodstock\SalesStatisticsTest::testGetSales" tests="1" assertions="2" errors="0" failures="0" skipped="0" time="0.066265">
        <testcase name="testGetSales with data set #0" class="Tests\Bo\Bloodstock\SalesStatisticsTest" classname="Tests.Bo.Bloodstock.SalesStatisticsTest" file="/opt/project/tests/bo/Bloodstock/SalesStatisticsTest.php" line="45" assertions="2" time="0.066265"/>
      </testsuite>
      <testsuite name="Tests\Bo\Bloodstock\SalesStatisticsTest::testGetVendors" tests="1" assertions="2" errors="0" failures="0" skipped="0" time="0.257662">
        <testcase name="testGetVendors with data set #0" class="Tests\Bo\Bloodstock\SalesStatisticsTest" classname="Tests.Bo.Bloodstock.SalesStatisticsTest" file="/opt/project/tests/bo/Bloodstock/SalesStatisticsTest.php" line="67" assertions="2" time="0.257662"/>
      </testsuite>
      <testsuite name="Tests\Bo\Bloodstock\SalesStatisticsTest::testGetBuyers" tests="2" assertions="4" errors="0" failures="0" skipped="0" time="0.210137">
        <testcase name="testGetBuyers with data set #0" class="Tests\Bo\Bloodstock\SalesStatisticsTest" classname="Tests.Bo.Bloodstock.SalesStatisticsTest" file="/opt/project/tests/bo/Bloodstock/SalesStatisticsTest.php" line="89" assertions="2" time="0.208757"/>
        <testcase name="testGetBuyers with data set #1" class="Tests\Bo\Bloodstock\SalesStatisticsTest" classname="Tests.Bo.Bloodstock.SalesStatisticsTest" file="/opt/project/tests/bo/Bloodstock/SalesStatisticsTest.php" line="89" assertions="2" time="0.001380"/>
      </testsuite>
    </testsuite>
    <testsuite name="Tests\Bo\Bloodstock\SalesTest" file="/opt/project/tests/bo/Bloodstock/SalesTest.php" tests="7" assertions="7" errors="0" failures="0" skipped="0" time="0.192962">
      <testsuite name="Tests\Bo\Bloodstock\SalesTest::testGetUpcomingSales" tests="1" assertions="1" errors="0" failures="0" skipped="0" time="0.023833">
        <testcase name="testGetUpcomingSales with data set #0" class="Tests\Bo\Bloodstock\SalesTest" classname="Tests.Bo.Bloodstock.SalesTest" file="/opt/project/tests/bo/Bloodstock/SalesTest.php" line="21" assertions="1" time="0.023833"/>
      </testsuite>
      <testsuite name="Tests\Bo\Bloodstock\SalesTest::testGetSalesResults" tests="1" assertions="1" errors="0" failures="0" skipped="0" time="0.034318">
        <testcase name="testGetSalesResults with data set #0" class="Tests\Bo\Bloodstock\SalesTest" classname="Tests.Bo.Bloodstock.SalesTest" file="/opt/project/tests/bo/Bloodstock/SalesTest.php" line="44" assertions="1" time="0.034318"/>
      </testsuite>
      <testsuite name="Tests\Bo\Bloodstock\SalesTest::testGetCatalogue" tests="1" assertions="1" errors="0" failures="0" skipped="0" time="0.017750">
        <testcase name="testGetCatalogue with data set #0" class="Tests\Bo\Bloodstock\SalesTest" classname="Tests.Bo.Bloodstock.SalesTest" file="/opt/project/tests/bo/Bloodstock/SalesTest.php" line="64" assertions="1" time="0.017750"/>
      </testsuite>
      <testsuite name="Tests\Bo\Bloodstock\SalesTest::testGetCatalogueSires" tests="1" assertions="1" errors="0" failures="0" skipped="0" time="0.016810">
        <testcase name="testGetCatalogueSires with data set #0" class="Tests\Bo\Bloodstock\SalesTest" classname="Tests.Bo.Bloodstock.SalesTest" file="/opt/project/tests/bo/Bloodstock/SalesTest.php" line="87" assertions="1" time="0.016810"/>
      </testsuite>
      <testsuite name="Tests\Bo\Bloodstock\SalesTest::testGetPreviouslySold" tests="1" assertions="1" errors="0" failures="0" skipped="0" time="0.027676">
        <testcase name="testGetPreviouslySold with data set #0" class="Tests\Bo\Bloodstock\SalesTest" classname="Tests.Bo.Bloodstock.SalesTest" file="/opt/project/tests/bo/Bloodstock/SalesTest.php" line="110" assertions="1" time="0.027676"/>
      </testsuite>
      <testsuite name="Tests\Bo\Bloodstock\SalesTest::testGetCompanyNames" tests="1" assertions="1" errors="0" failures="0" skipped="0" time="0.004350">
        <testcase name="testGetCompanyNames with data set #0" class="Tests\Bo\Bloodstock\SalesTest" classname="Tests.Bo.Bloodstock.SalesTest" file="/opt/project/tests/bo/Bloodstock/SalesTest.php" line="133" assertions="1" time="0.004350"/>
      </testsuite>
      <testsuite name="Tests\Bo\Bloodstock\SalesTest::testGetUpcomingNames" tests="1" assertions="1" errors="0" failures="0" skipped="0" time="0.068225">
        <testcase name="testGetUpcomingNames with data set #0" class="Tests\Bo\Bloodstock\SalesTest" classname="Tests.Bo.Bloodstock.SalesTest" file="/opt/project/tests/bo/Bloodstock/SalesTest.php" line="156" assertions="1" time="0.068225"/>
      </testsuite>
    </testsuite>
    <testsuite name="Tests\Bo\Bloodstock\StallionBookTest" file="/opt/project/tests/bo/Bloodstock/StallionBookTest.php" tests="10" assertions="28" errors="0" failures="0" skipped="0" time="0.031145">
      <testsuite name="Tests\Bo\Bloodstock\StallionBookTest::testGetSearchResult" tests="9" assertions="27" errors="0" failures="0" skipped="0" time="0.022006">
        <testcase name="testGetSearchResult with data set #0" class="Tests\Bo\Bloodstock\StallionBookTest" classname="Tests.Bo.Bloodstock.StallionBookTest" file="/opt/project/tests/bo/Bloodstock/StallionBookTest.php" line="22" assertions="3" time="0.003983"/>
        <testcase name="testGetSearchResult with data set #1" class="Tests\Bo\Bloodstock\StallionBookTest" classname="Tests.Bo.Bloodstock.StallionBookTest" file="/opt/project/tests/bo/Bloodstock/StallionBookTest.php" line="22" assertions="3" time="0.002224"/>
        <testcase name="testGetSearchResult with data set #2" class="Tests\Bo\Bloodstock\StallionBookTest" classname="Tests.Bo.Bloodstock.StallionBookTest" file="/opt/project/tests/bo/Bloodstock/StallionBookTest.php" line="22" assertions="3" time="0.001931"/>
        <testcase name="testGetSearchResult with data set #3" class="Tests\Bo\Bloodstock\StallionBookTest" classname="Tests.Bo.Bloodstock.StallionBookTest" file="/opt/project/tests/bo/Bloodstock/StallionBookTest.php" line="22" assertions="3" time="0.001697"/>
        <testcase name="testGetSearchResult with data set #4" class="Tests\Bo\Bloodstock\StallionBookTest" classname="Tests.Bo.Bloodstock.StallionBookTest" file="/opt/project/tests/bo/Bloodstock/StallionBookTest.php" line="22" assertions="3" time="0.002555"/>
        <testcase name="testGetSearchResult with data set #5" class="Tests\Bo\Bloodstock\StallionBookTest" classname="Tests.Bo.Bloodstock.StallionBookTest" file="/opt/project/tests/bo/Bloodstock/StallionBookTest.php" line="22" assertions="3" time="0.002064"/>
        <testcase name="testGetSearchResult with data set #6" class="Tests\Bo\Bloodstock\StallionBookTest" classname="Tests.Bo.Bloodstock.StallionBookTest" file="/opt/project/tests/bo/Bloodstock/StallionBookTest.php" line="22" assertions="3" time="0.002995"/>
        <testcase name="testGetSearchResult with data set #7" class="Tests\Bo\Bloodstock\StallionBookTest" classname="Tests.Bo.Bloodstock.StallionBookTest" file="/opt/project/tests/bo/Bloodstock/StallionBookTest.php" line="22" assertions="3" time="0.001848"/>
        <testcase name="testGetSearchResult with data set #8" class="Tests\Bo\Bloodstock\StallionBookTest" classname="Tests.Bo.Bloodstock.StallionBookTest" file="/opt/project/tests/bo/Bloodstock/StallionBookTest.php" line="22" assertions="3" time="0.002709"/>
      </testsuite>
      <testsuite name="Tests\Bo\Bloodstock\StallionBookTest::testGetNames" tests="1" assertions="1" errors="0" failures="0" skipped="0" time="0.009139">
        <testcase name="testGetNames with data set #0" class="Tests\Bo\Bloodstock\StallionBookTest" classname="Tests.Bo.Bloodstock.StallionBookTest" file="/opt/project/tests/bo/Bloodstock/StallionBookTest.php" line="46" assertions="1" time="0.009139"/>
      </testsuite>
    </testsuite>
    <testsuite name="Tests\Bo\Bloodstock\StallionStatisticsTest" file="/opt/project/tests/bo/Bloodstock/StallionStatisticsTest.php" tests="5" assertions="7" errors="0" failures="0" skipped="0" time="0.936025">
      <testsuite name="Tests\Bo\Bloodstock\StallionStatisticsTest::testGetRating" tests="1" assertions="1" errors="0" failures="0" skipped="0" time="0.042150">
        <testcase name="testGetRating with data set #0" class="Tests\Bo\Bloodstock\StallionStatisticsTest" classname="Tests.Bo.Bloodstock.StallionStatisticsTest" file="/opt/project/tests/bo/Bloodstock/StallionStatisticsTest.php" line="23" assertions="1" time="0.042150"/>
      </testsuite>
      <testsuite name="Tests\Bo\Bloodstock\StallionStatisticsTest::testGetYearlings" tests="1" assertions="2" errors="0" failures="0" skipped="0" time="0.026388">
        <testcase name="testGetYearlings with data set #0" class="Tests\Bo\Bloodstock\StallionStatisticsTest" classname="Tests.Bo.Bloodstock.StallionStatisticsTest" file="/opt/project/tests/bo/Bloodstock/StallionStatisticsTest.php" line="44" assertions="2" time="0.026388"/>
      </testsuite>
      <testsuite name="Tests\Bo\Bloodstock\StallionStatisticsTest::testGetTopSires" tests="1" assertions="2" errors="0" failures="0" skipped="0" time="0.825428">
        <testcase name="testGetTopSires with data set #0" class="Tests\Bo\Bloodstock\StallionStatisticsTest" classname="Tests.Bo.Bloodstock.StallionStatisticsTest" file="/opt/project/tests/bo/Bloodstock/StallionStatisticsTest.php" line="67" assertions="2" time="0.825428"/>
      </testsuite>
      <testsuite name="Tests\Bo\Bloodstock\StallionStatisticsTest::testGetTopStallions" tests="2" assertions="2" errors="0" failures="0" skipped="0" time="0.042059">
        <testcase name="testGetTopStallions with data set #0" class="Tests\Bo\Bloodstock\StallionStatisticsTest" classname="Tests.Bo.Bloodstock.StallionStatisticsTest" file="/opt/project/tests/bo/Bloodstock/StallionStatisticsTest.php" line="89" assertions="1" time="0.021577"/>
        <testcase name="testGetTopStallions with data set #1" class="Tests\Bo\Bloodstock\StallionStatisticsTest" classname="Tests.Bo.Bloodstock.StallionStatisticsTest" file="/opt/project/tests/bo/Bloodstock/StallionStatisticsTest.php" line="89" assertions="1" time="0.020482"/>
      </testsuite>
    </testsuite>
    <testsuite name="Tests\Bo\Bloodstock\StallionTest" file="/opt/project/tests/bo/Bloodstock/StallionTest.php" tests="11" assertions="22" errors="0" failures="0" skipped="0" time="0.168114">
      <testsuite name="Tests\Bo\Bloodstock\StallionTest::testGetNickDescendants" tests="2" assertions="2" errors="0" failures="0" skipped="0" time="0.014583">
        <testcase name="testGetNickDescendants with data set #0" class="Tests\Bo\Bloodstock\StallionTest" classname="Tests.Bo.Bloodstock.StallionTest" file="/opt/project/tests/bo/Bloodstock/StallionTest.php" line="28" assertions="1" time="0.006080"/>
        <testcase name="testGetNickDescendants with data set #1" class="Tests\Bo\Bloodstock\StallionTest" classname="Tests.Bo.Bloodstock.StallionTest" file="/opt/project/tests/bo/Bloodstock/StallionTest.php" line="28" assertions="1" time="0.008503"/>
      </testsuite>
      <testsuite name="Tests\Bo\Bloodstock\StallionTest::testGetProgenyStatisticsTop" tests="3" assertions="9" errors="0" failures="0" skipped="0" time="0.008445">
        <testcase name="testGetProgenyStatisticsTop with data set #0" class="Tests\Bo\Bloodstock\StallionTest" classname="Tests.Bo.Bloodstock.StallionTest" file="/opt/project/tests/bo/Bloodstock/StallionTest.php" line="48" assertions="3" time="0.002811"/>
        <testcase name="testGetProgenyStatisticsTop with data set #1" class="Tests\Bo\Bloodstock\StallionTest" classname="Tests.Bo.Bloodstock.StallionTest" file="/opt/project/tests/bo/Bloodstock/StallionTest.php" line="48" assertions="3" time="0.002245"/>
        <testcase name="testGetProgenyStatisticsTop with data set #2" class="Tests\Bo\Bloodstock\StallionTest" classname="Tests.Bo.Bloodstock.StallionTest" file="/opt/project/tests/bo/Bloodstock/StallionTest.php" line="48" assertions="3" time="0.003389"/>
      </testsuite>
      <testsuite name="Tests\Bo\Bloodstock\StallionTest::testGetProgenyBroodmareSiresStatisticsTop" tests="1" assertions="3" errors="0" failures="0" skipped="0" time="0.001466">
        <testcase name="testGetProgenyBroodmareSiresStatisticsTop with data set #0" class="Tests\Bo\Bloodstock\StallionTest" classname="Tests.Bo.Bloodstock.StallionTest" file="/opt/project/tests/bo/Bloodstock/StallionTest.php" line="71" assertions="3" time="0.001466"/>
      </testsuite>
      <testsuite name="Tests\Bo\Bloodstock\StallionTest::testGetProgenyEntries" tests="1" assertions="3" errors="0" failures="0" skipped="0" time="0.003050">
        <testcase name="testGetProgenyEntries with data set #0" class="Tests\Bo\Bloodstock\StallionTest" classname="Tests.Bo.Bloodstock.StallionTest" file="/opt/project/tests/bo/Bloodstock/StallionTest.php" line="96" assertions="3" time="0.003050"/>
      </testsuite>
      <testsuite name="Tests\Bo\Bloodstock\StallionTest::testGetFeeHistory" tests="2" assertions="2" errors="0" failures="0" skipped="0" time="0.037363">
        <testcase name="testGetFeeHistory with data set #0" class="Tests\Bo\Bloodstock\StallionTest" classname="Tests.Bo.Bloodstock.StallionTest" file="/opt/project/tests/bo/Bloodstock/StallionTest.php" line="119" assertions="1" time="0.017212"/>
        <testcase name="testGetFeeHistory with data set #1" class="Tests\Bo\Bloodstock\StallionTest" classname="Tests.Bo.Bloodstock.StallionTest" file="/opt/project/tests/bo/Bloodstock/StallionTest.php" line="119" assertions="1" time="0.020151"/>
      </testsuite>
      <testsuite name="Tests\Bo\Bloodstock\StallionTest::testGetSaleStatistics" tests="1" assertions="2" errors="0" failures="0" skipped="0" time="0.091858">
        <testcase name="testGetSaleStatistics with data set #0" class="Tests\Bo\Bloodstock\StallionTest" classname="Tests.Bo.Bloodstock.StallionTest" file="/opt/project/tests/bo/Bloodstock/StallionTest.php" line="140" assertions="2" time="0.091858"/>
      </testsuite>
      <testsuite name="Tests\Bo\Bloodstock\StallionTest::testGetProgenyStatisticsGoingForm" tests="1" assertions="1" errors="0" failures="0" skipped="0" time="0.011349">
        <testcase name="testGetProgenyStatisticsGoingForm with data set #0" class="Tests\Bo\Bloodstock\StallionTest" classname="Tests.Bo.Bloodstock.StallionTest" file="/opt/project/tests/bo/Bloodstock/StallionTest.php" line="164" assertions="1" time="0.011349"/>
      </testsuite>
    </testsuite>
    <testsuite name="Tests\BoWithFiguresTest" file="/opt/project/tests/bo/BoWithFiguresTest.php" tests="3" assertions="9" errors="0" failures="0" skipped="0" time="0.008399">
      <testsuite name="Tests\BoWithFiguresTest::testGetFiguresArray" tests="3" assertions="9" errors="0" failures="0" skipped="0" time="0.008399">
        <testcase name="testGetFiguresArray with data set #0" class="Tests\BoWithFiguresTest" classname="Tests.BoWithFiguresTest" file="/opt/project/tests/bo/BoWithFiguresTest.php" line="13" assertions="3" time="0.003209"/>
        <testcase name="testGetFiguresArray with data set #1" class="Tests\BoWithFiguresTest" classname="Tests.BoWithFiguresTest" file="/opt/project/tests/bo/BoWithFiguresTest.php" line="13" assertions="3" time="0.001602"/>
        <testcase name="testGetFiguresArray with data set #2" class="Tests\BoWithFiguresTest" classname="Tests.BoWithFiguresTest" file="/opt/project/tests/bo/BoWithFiguresTest.php" line="13" assertions="3" time="0.003588"/>
      </testsuite>
    </testsuite>
    <testsuite name="Tests\CourseProfileTest" file="/opt/project/tests/bo/CourseProfileTest.php" tests="29" assertions="43" errors="0" failures="0" skipped="0" time="0.262437">
      <testsuite name="Tests\CourseProfileTest::testInitByModel" tests="1" assertions="1" errors="0" failures="0" skipped="0" time="0.024861">
        <testcase name="testInitByModel with data set #0" class="Tests\CourseProfileTest" classname="Tests.CourseProfileTest" file="/opt/project/tests/bo/CourseProfileTest.php" line="20" assertions="1" time="0.024861"/>
      </testsuite>
      <testsuite name="Tests\CourseProfileTest::testGetProfile" tests="1" assertions="1" errors="0" failures="0" skipped="0" time="0.004205">
        <testcase name="testGetProfile with data set #0" class="Tests\CourseProfileTest" classname="Tests.CourseProfileTest" file="/opt/project/tests/bo/CourseProfileTest.php" line="54" assertions="1" time="0.004205"/>
      </testsuite>
      <testsuite name="Tests\CourseProfileTest::testGetUpcomingRaces" tests="1" assertions="3" errors="0" failures="0" skipped="0" time="0.001134">
        <testcase name="testGetUpcomingRaces with data set #0" class="Tests\CourseProfileTest" classname="Tests.CourseProfileTest" file="/opt/project/tests/bo/CourseProfileTest.php" line="100" assertions="3" time="0.001134"/>
      </testsuite>
      <testsuite name="Tests\CourseProfileTest::testGetPrincipleRaceResults" tests="2" assertions="2" errors="0" failures="0" skipped="0" time="0.018444">
        <testcase name="testGetPrincipleRaceResults with data set #0" class="Tests\CourseProfileTest" classname="Tests.CourseProfileTest" file="/opt/project/tests/bo/CourseProfileTest.php" line="154" assertions="1" time="0.017666"/>
        <testcase name="testGetPrincipleRaceResults with data set #1" class="Tests\CourseProfileTest" classname="Tests.CourseProfileTest" file="/opt/project/tests/bo/CourseProfileTest.php" line="154" assertions="1" time="0.000778"/>
      </testsuite>
      <testsuite name="Tests\CourseProfileTest::testGetAdmission" tests="1" assertions="3" errors="0" failures="0" skipped="0" time="0.001249">
        <testcase name="testGetAdmission with data set #0" class="Tests\CourseProfileTest" classname="Tests.CourseProfileTest" file="/opt/project/tests/bo/CourseProfileTest.php" line="248" assertions="3" time="0.001249"/>
      </testsuite>
      <testsuite name="Tests\CourseProfileTest::testGetDirections" tests="1" assertions="3" errors="0" failures="0" skipped="0" time="0.001133">
        <testcase name="testGetDirections with data set #0" class="Tests\CourseProfileTest" classname="Tests.CourseProfileTest" file="/opt/project/tests/bo/CourseProfileTest.php" line="288" assertions="3" time="0.001133"/>
      </testsuite>
      <testsuite name="Tests\CourseProfileTest::testGetCourseMap" tests="5" assertions="5" errors="0" failures="0" skipped="0" time="0.056075">
        <testcase name="testGetCourseMap with data set #0" class="Tests\CourseProfileTest" classname="Tests.CourseProfileTest" file="/opt/project/tests/bo/CourseProfileTest.php" line="336" assertions="1" time="0.001104"/>
        <testcase name="testGetCourseMap with data set #1" class="Tests\CourseProfileTest" classname="Tests.CourseProfileTest" file="/opt/project/tests/bo/CourseProfileTest.php" line="336" assertions="1" time="0.013363"/>
        <testcase name="testGetCourseMap with data set #2" class="Tests\CourseProfileTest" classname="Tests.CourseProfileTest" file="/opt/project/tests/bo/CourseProfileTest.php" line="336" assertions="1" time="0.017789"/>
        <testcase name="testGetCourseMap with data set #3" class="Tests\CourseProfileTest" classname="Tests.CourseProfileTest" file="/opt/project/tests/bo/CourseProfileTest.php" line="336" assertions="1" time="0.017444"/>
        <testcase name="testGetCourseMap with data set #4" class="Tests\CourseProfileTest" classname="Tests.CourseProfileTest" file="/opt/project/tests/bo/CourseProfileTest.php" line="336" assertions="1" time="0.006375"/>
      </testsuite>
      <testsuite name="Tests\CourseProfileTest::testGetStatistics" tests="1" assertions="3" errors="0" failures="0" skipped="0" time="0.004054">
        <testcase name="testGetStatistics with data set #0" class="Tests\CourseProfileTest" classname="Tests.CourseProfileTest" file="/opt/project/tests/bo/CourseProfileTest.php" line="597" assertions="3" time="0.004054"/>
      </testsuite>
      <testsuite name="Tests\CourseProfileTest::testGetStandardTimes" tests="1" assertions="3" errors="0" failures="0" skipped="0" time="0.003017">
        <testcase name="testGetStandardTimes with data set #0" class="Tests\CourseProfileTest" classname="Tests.CourseProfileTest" file="/opt/project/tests/bo/CourseProfileTest.php" line="855" assertions="3" time="0.003017"/>
      </testsuite>
      <testsuite name="Tests\CourseProfileTest::testGetSeasonDefaultValues" tests="1" assertions="3" errors="0" failures="0" skipped="0" time="0.000848">
        <testcase name="testGetSeasonDefaultValues with data set #0" class="Tests\CourseProfileTest" classname="Tests.CourseProfileTest" file="/opt/project/tests/bo/CourseProfileTest.php" line="1012" assertions="3" time="0.000848"/>
      </testsuite>
      <testsuite name="Tests\CourseProfileTest::testAddMapImagePath" tests="8" assertions="8" errors="0" failures="0" skipped="0" time="0.027367">
        <testcase name="testAddMapImagePath with data set #0" class="Tests\CourseProfileTest" classname="Tests.CourseProfileTest" file="/opt/project/tests/bo/CourseProfileTest.php" line="1054" assertions="1" time="0.003686"/>
        <testcase name="testAddMapImagePath with data set #1" class="Tests\CourseProfileTest" classname="Tests.CourseProfileTest" file="/opt/project/tests/bo/CourseProfileTest.php" line="1054" assertions="1" time="0.003149"/>
        <testcase name="testAddMapImagePath with data set #2" class="Tests\CourseProfileTest" classname="Tests.CourseProfileTest" file="/opt/project/tests/bo/CourseProfileTest.php" line="1054" assertions="1" time="0.003095"/>
        <testcase name="testAddMapImagePath with data set #3" class="Tests\CourseProfileTest" classname="Tests.CourseProfileTest" file="/opt/project/tests/bo/CourseProfileTest.php" line="1054" assertions="1" time="0.003456"/>
        <testcase name="testAddMapImagePath with data set #4" class="Tests\CourseProfileTest" classname="Tests.CourseProfileTest" file="/opt/project/tests/bo/CourseProfileTest.php" line="1054" assertions="1" time="0.003625"/>
        <testcase name="testAddMapImagePath with data set #5" class="Tests\CourseProfileTest" classname="Tests.CourseProfileTest" file="/opt/project/tests/bo/CourseProfileTest.php" line="1054" assertions="1" time="0.003178"/>
        <testcase name="testAddMapImagePath with data set #6" class="Tests\CourseProfileTest" classname="Tests.CourseProfileTest" file="/opt/project/tests/bo/CourseProfileTest.php" line="1054" assertions="1" time="0.003136"/>
        <testcase name="testAddMapImagePath with data set #7" class="Tests\CourseProfileTest" classname="Tests.CourseProfileTest" file="/opt/project/tests/bo/CourseProfileTest.php" line="1054" assertions="1" time="0.004042"/>
      </testsuite>
      <testsuite name="Tests\CourseProfileTest::testGetSeasonsAvailable" tests="1" assertions="1" errors="0" failures="0" skipped="0" time="0.010606">
        <testcase name="testGetSeasonsAvailable with data set #0" class="Tests\CourseProfileTest" classname="Tests.CourseProfileTest" file="/opt/project/tests/bo/CourseProfileTest.php" line="1311" assertions="1" time="0.010606"/>
      </testsuite>
      <testsuite name="Tests\CourseProfileTest::testGetSeasonsAvailableException" tests="1" assertions="1" errors="0" failures="0" skipped="0" time="0.011058">
        <testcase name="testGetSeasonsAvailableException with data set #0" class="Tests\CourseProfileTest" classname="Tests.CourseProfileTest" file="/opt/project/tests/bo/CourseProfileTest.php" line="1398" assertions="1" time="0.011058"/>
      </testsuite>
      <testsuite name="Tests\CourseProfileTest::testGetTopJockeys" tests="1" assertions="1" errors="0" failures="0" skipped="0" time="0.029550">
        <testcase name="testGetTopJockeys with data set #0" class="Tests\CourseProfileTest" classname="Tests.CourseProfileTest" file="/opt/project/tests/bo/CourseProfileTest.php" line="1483" assertions="1" time="0.029550"/>
      </testsuite>
      <testsuite name="Tests\CourseProfileTest::testGetTopTrainers" tests="1" assertions="1" errors="0" failures="0" skipped="0" time="0.038363">
        <testcase name="testGetTopTrainers with data set #0" class="Tests\CourseProfileTest" classname="Tests.CourseProfileTest" file="/opt/project/tests/bo/CourseProfileTest.php" line="1646" assertions="1" time="0.038363"/>
      </testsuite>
      <testsuite name="Tests\CourseProfileTest::testGetTopOwners" tests="1" assertions="1" errors="0" failures="0" skipped="0" time="0.028217">
        <testcase name="testGetTopOwners with data set #0" class="Tests\CourseProfileTest" classname="Tests.CourseProfileTest" file="/opt/project/tests/bo/CourseProfileTest.php" line="1869" assertions="1" time="0.028217"/>
      </testsuite>
      <testsuite name="Tests\CourseProfileTest::testGetAverageTimes" tests="1" assertions="3" errors="0" failures="0" skipped="0" time="0.002256">
        <testcase name="testGetAverageTimes with data set #0" class="Tests\CourseProfileTest" classname="Tests.CourseProfileTest" file="/opt/project/tests/bo/CourseProfileTest.php" line="2010" assertions="3" time="0.002256"/>
      </testsuite>
    </testsuite>
    <testsuite name="Tests\DrawAnalyserTest" file="/opt/project/tests/bo/DrawAnalyserTest.php" tests="7" assertions="49" errors="0" failures="0" skipped="0" time="0.020209">
      <testcase name="incorrectInitObject" class="Tests\DrawAnalyserTest" classname="Tests.DrawAnalyserTest" file="/opt/project/tests/bo/DrawAnalyserTest.php" line="18" assertions="1" time="0.001240"/>
      <testsuite name="Tests\DrawAnalyserTest::getRace" tests="3" assertions="24" errors="0" failures="0" skipped="0" time="0.007359">
        <testcase name="getRace with data set #0" class="Tests\DrawAnalyserTest" classname="Tests.DrawAnalyserTest" file="/opt/project/tests/bo/DrawAnalyserTest.php" line="28" assertions="8" time="0.002964"/>
        <testcase name="getRace with data set #1" class="Tests\DrawAnalyserTest" classname="Tests.DrawAnalyserTest" file="/opt/project/tests/bo/DrawAnalyserTest.php" line="28" assertions="8" time="0.002476"/>
        <testcase name="getRace with data set #2" class="Tests\DrawAnalyserTest" classname="Tests.DrawAnalyserTest" file="/opt/project/tests/bo/DrawAnalyserTest.php" line="28" assertions="8" time="0.001919"/>
      </testsuite>
      <testsuite name="Tests\DrawAnalyserTest::getRunners" tests="3" assertions="24" errors="0" failures="0" skipped="0" time="0.011610">
        <testcase name="getRunners with data set #0" class="Tests\DrawAnalyserTest" classname="Tests.DrawAnalyserTest" file="/opt/project/tests/bo/DrawAnalyserTest.php" line="52" assertions="8" time="0.004325"/>
        <testcase name="getRunners with data set #1" class="Tests\DrawAnalyserTest" classname="Tests.DrawAnalyserTest" file="/opt/project/tests/bo/DrawAnalyserTest.php" line="52" assertions="8" time="0.004167"/>
        <testcase name="getRunners with data set #2" class="Tests\DrawAnalyserTest" classname="Tests.DrawAnalyserTest" file="/opt/project/tests/bo/DrawAnalyserTest.php" line="52" assertions="8" time="0.003118"/>
      </testsuite>
    </testsuite>
    <testsuite name="Tests\Bo\GoingToSuit\GoingToSuitTest" file="/opt/project/tests/bo/GoingToSuit/GoingToSuitTest.php" tests="6" assertions="6" errors="0" failures="0" skipped="0" time="0.335969">
      <testsuite name="Tests\Bo\GoingToSuit\GoingToSuitTest::testGetGoingToSuitSuccess" tests="1" assertions="1" errors="0" failures="0" skipped="0" time="0.047730">
        <testcase name="testGetGoingToSuitSuccess with data set #0" class="Tests\Bo\GoingToSuit\GoingToSuitTest" classname="Tests.Bo.GoingToSuit.GoingToSuitTest" file="/opt/project/tests/bo/GoingToSuit/GoingToSuitTest.php" line="22" assertions="1" time="0.047730"/>
      </testsuite>
      <testsuite name="Tests\Bo\GoingToSuit\GoingToSuitTest::testGetGoingToSuitFailure" tests="1" assertions="1" errors="0" failures="0" skipped="0" time="0.001281">
        <testcase name="testGetGoingToSuitFailure with data set #0" class="Tests\Bo\GoingToSuit\GoingToSuitTest" classname="Tests.Bo.GoingToSuit.GoingToSuitTest" file="/opt/project/tests/bo/GoingToSuit/GoingToSuitTest.php" line="36" assertions="1" time="0.001281"/>
      </testsuite>
      <testsuite name="Tests\Bo\GoingToSuit\GoingToSuitTest::testGetHorsesUidSuccess" tests="1" assertions="1" errors="0" failures="0" skipped="0" time="0.001653">
        <testcase name="testGetHorsesUidSuccess with data set #0" class="Tests\Bo\GoingToSuit\GoingToSuitTest" classname="Tests.Bo.GoingToSuit.GoingToSuitTest" file="/opt/project/tests/bo/GoingToSuit/GoingToSuitTest.php" line="48" assertions="1" time="0.001653"/>
      </testsuite>
      <testsuite name="Tests\Bo\GoingToSuit\GoingToSuitTest::testGetHorsesUidFailure" tests="1" assertions="1" errors="0" failures="0" skipped="0" time="0.001752">
        <testcase name="testGetHorsesUidFailure with data set #0" class="Tests\Bo\GoingToSuit\GoingToSuitTest" classname="Tests.Bo.GoingToSuit.GoingToSuitTest" file="/opt/project/tests/bo/GoingToSuit/GoingToSuitTest.php" line="64" assertions="1" time="0.001752"/>
      </testsuite>
      <testsuite name="Tests\Bo\GoingToSuit\GoingToSuitTest::testCombineHorsesAndGoingFormSuccess" tests="1" assertions="1" errors="0" failures="0" skipped="0" time="0.282319">
        <testcase name="testCombineHorsesAndGoingFormSuccess with data set #0" class="Tests\Bo\GoingToSuit\GoingToSuitTest" classname="Tests.Bo.GoingToSuit.GoingToSuitTest" file="/opt/project/tests/bo/GoingToSuit/GoingToSuitTest.php" line="75" assertions="1" time="0.282319"/>
      </testsuite>
      <testsuite name="Tests\Bo\GoingToSuit\GoingToSuitTest::testCombineHorsesAndGoingFormFailure" tests="1" assertions="1" errors="0" failures="0" skipped="0" time="0.001234">
        <testcase name="testCombineHorsesAndGoingFormFailure with data set #0" class="Tests\Bo\GoingToSuit\GoingToSuitTest" classname="Tests.Bo.GoingToSuit.GoingToSuitTest" file="/opt/project/tests/bo/GoingToSuit/GoingToSuitTest.php" line="95" assertions="1" time="0.001234"/>
      </testsuite>
    </testsuite>
    <testsuite name="Tests\Bo\GoingToSuit\RaceFlagsTest" file="/opt/project/tests/bo/GoingToSuit/RaceFlagsTest.php" tests="3" assertions="4" errors="0" failures="0" skipped="0" time="0.065665">
      <testsuite name="Tests\Bo\GoingToSuit\RaceFlagsTest::testGetRaceFlagsSuccess" tests="1" assertions="1" errors="0" failures="0" skipped="0" time="0.035286">
        <testcase name="testGetRaceFlagsSuccess with data set #0" class="Tests\Bo\GoingToSuit\RaceFlagsTest" classname="Tests.Bo.GoingToSuit.RaceFlagsTest" file="/opt/project/tests/bo/GoingToSuit/RaceFlagsTest.php" line="22" assertions="1" time="0.035286"/>
      </testsuite>
      <testsuite name="Tests\Bo\GoingToSuit\RaceFlagsTest::testGetRaceFailure" tests="1" assertions="2" errors="0" failures="0" skipped="0" time="0.011817">
        <testcase name="testGetRaceFailure with data set #0" class="Tests\Bo\GoingToSuit\RaceFlagsTest" classname="Tests.Bo.GoingToSuit.RaceFlagsTest" file="/opt/project/tests/bo/GoingToSuit/RaceFlagsTest.php" line="202" assertions="2" time="0.011817"/>
      </testsuite>
      <testsuite name="Tests\Bo\GoingToSuit\RaceFlagsTest::testBuildRaceFlagsSuccess" tests="1" assertions="1" errors="0" failures="0" skipped="0" time="0.018562">
        <testcase name="testBuildRaceFlagsSuccess with data set #0" class="Tests\Bo\GoingToSuit\RaceFlagsTest" classname="Tests.Bo.GoingToSuit.RaceFlagsTest" file="/opt/project/tests/bo/GoingToSuit/RaceFlagsTest.php" line="232" assertions="1" time="0.018562"/>
      </testsuite>
    </testsuite>
    <testsuite name="Tests\Bo\GoingToSuit\RaceLevelTest" file="/opt/project/tests/bo/GoingToSuit/RaceLevelTest.php" tests="2" assertions="2" errors="0" failures="0" skipped="0" time="0.007775">
      <testsuite name="Tests\Bo\GoingToSuit\RaceLevelTest::testGetRaceLevelSuccess" tests="1" assertions="1" errors="0" failures="0" skipped="0" time="0.006923">
        <testcase name="testGetRaceLevelSuccess with data set #0" class="Tests\Bo\GoingToSuit\RaceLevelTest" classname="Tests.Bo.GoingToSuit.RaceLevelTest" file="/opt/project/tests/bo/GoingToSuit/RaceLevelTest.php" line="22" assertions="1" time="0.006923"/>
      </testsuite>
      <testsuite name="Tests\Bo\GoingToSuit\RaceLevelTest::testGetRaceLevelFailure" tests="1" assertions="1" errors="0" failures="0" skipped="0" time="0.000852">
        <testcase name="testGetRaceLevelFailure with data set #0" class="Tests\Bo\GoingToSuit\RaceLevelTest" classname="Tests.Bo.GoingToSuit.RaceLevelTest" file="/opt/project/tests/bo/GoingToSuit/RaceLevelTest.php" line="36" assertions="1" time="0.000852"/>
      </testsuite>
    </testsuite>
    <testsuite name="Tests\HorseProfileTest" file="/opt/project/tests/bo/HorseProfileTest.php" tests="19" assertions="40" errors="0" failures="0" skipped="0" time="0.307621">
      <testsuite name="Tests\HorseProfileTest::testWrongHorseId" tests="3" assertions="3" errors="0" failures="0" skipped="0" time="0.002805">
        <testcase name="testWrongHorseId with data set #0" class="Tests\HorseProfileTest" classname="Tests.HorseProfileTest" file="/opt/project/tests/bo/HorseProfileTest.php" line="17" assertions="1" time="0.001368"/>
        <testcase name="testWrongHorseId with data set #1" class="Tests\HorseProfileTest" classname="Tests.HorseProfileTest" file="/opt/project/tests/bo/HorseProfileTest.php" line="17" assertions="1" time="0.000733"/>
        <testcase name="testWrongHorseId with data set #2" class="Tests\HorseProfileTest" classname="Tests.HorseProfileTest" file="/opt/project/tests/bo/HorseProfileTest.php" line="17" assertions="1" time="0.000704"/>
      </testsuite>
      <testcase name="testGetProfileForIndexNotFound" class="Tests\HorseProfileTest" classname="Tests.HorseProfileTest" file="/opt/project/tests/bo/HorseProfileTest.php" line="39" assertions="1" time="0.001955"/>
      <testsuite name="Tests\HorseProfileTest::testGetProfileForIndex" tests="1" assertions="3" errors="0" failures="0" skipped="0" time="0.001032">
        <testcase name="testGetProfileForIndex with data set #0" class="Tests\HorseProfileTest" classname="Tests.HorseProfileTest" file="/opt/project/tests/bo/HorseProfileTest.php" line="52" assertions="3" time="0.001032"/>
      </testsuite>
      <testcase name="testGetPedigreeNotFound" class="Tests\HorseProfileTest" classname="Tests.HorseProfileTest" file="/opt/project/tests/bo/HorseProfileTest.php" line="92" assertions="1" time="0.001494"/>
      <testsuite name="Tests\HorseProfileTest::testGetPedigree" tests="1" assertions="3" errors="0" failures="0" skipped="0" time="0.002964">
        <testcase name="testGetPedigree with data set #0" class="Tests\HorseProfileTest" classname="Tests.HorseProfileTest" file="/opt/project/tests/bo/HorseProfileTest.php" line="107" assertions="3" time="0.002964"/>
      </testsuite>
      <testsuite name="Tests\HorseProfileTest::testGetForm" tests="1" assertions="3" errors="0" failures="0" skipped="0" time="0.005703">
        <testcase name="testGetForm with data set #0" class="Tests\HorseProfileTest" classname="Tests.HorseProfileTest" file="/opt/project/tests/bo/HorseProfileTest.php" line="200" assertions="3" time="0.005703"/>
      </testsuite>
      <testsuite name="Tests\HorseProfileTest::testGetWins" tests="1" assertions="3" errors="0" failures="0" skipped="0" time="0.003447">
        <testcase name="testGetWins with data set #0" class="Tests\HorseProfileTest" classname="Tests.HorseProfileTest" file="/opt/project/tests/bo/HorseProfileTest.php" line="355" assertions="3" time="0.003447"/>
      </testsuite>
      <testsuite name="Tests\HorseProfileTest::testGetMyRatings" tests="1" assertions="3" errors="0" failures="0" skipped="0" time="0.004334">
        <testcase name="testGetMyRatings with data set #0" class="Tests\HorseProfileTest" classname="Tests.HorseProfileTest" file="/opt/project/tests/bo/HorseProfileTest.php" line="498" assertions="3" time="0.004334"/>
      </testsuite>
      <testsuite name="Tests\HorseProfileTest::testGetStatistics" tests="1" assertions="3" errors="0" failures="0" skipped="0" time="0.004886">
        <testcase name="testGetStatistics with data set #0" class="Tests\HorseProfileTest" classname="Tests.HorseProfileTest" file="/opt/project/tests/bo/HorseProfileTest.php" line="640" assertions="3" time="0.004886"/>
      </testsuite>
      <testsuite name="Tests\HorseProfileTest::testGetRelatives" tests="2" assertions="2" errors="0" failures="0" skipped="0" time="0.042834">
        <testcase name="testGetRelatives with data set #0" class="Tests\HorseProfileTest" classname="Tests.HorseProfileTest" file="/opt/project/tests/bo/HorseProfileTest.php" line="899" assertions="1" time="0.041878"/>
        <testcase name="testGetRelatives with data set #1" class="Tests\HorseProfileTest" classname="Tests.HorseProfileTest" file="/opt/project/tests/bo/HorseProfileTest.php" line="899" assertions="1" time="0.000956"/>
      </testsuite>
      <testsuite name="Tests\HorseProfileTest::testGetSales" tests="1" assertions="3" errors="0" failures="0" skipped="0" time="0.001292">
        <testcase name="testGetSales with data set #0" class="Tests\HorseProfileTest" classname="Tests.HorseProfileTest" file="/opt/project/tests/bo/HorseProfileTest.php" line="1102" assertions="3" time="0.001292"/>
      </testsuite>
      <testsuite name="Tests\HorseProfileTest::testGetQuotes" tests="1" assertions="3" errors="0" failures="0" skipped="0" time="0.002308">
        <testcase name="testGetQuotes with data set #0" class="Tests\HorseProfileTest" classname="Tests.HorseProfileTest" file="/opt/project/tests/bo/HorseProfileTest.php" line="1180" assertions="3" time="0.002308"/>
      </testsuite>
      <testsuite name="Tests\HorseProfileTest::testGetGoingForm" tests="3" assertions="6" errors="0" failures="0" skipped="0" time="0.231537">
        <testcase name="testGetGoingForm with data set #0" class="Tests\HorseProfileTest" classname="Tests.HorseProfileTest" file="/opt/project/tests/bo/HorseProfileTest.php" line="1268" assertions="2" time="0.083679"/>
        <testcase name="testGetGoingForm with data set #1" class="Tests\HorseProfileTest" classname="Tests.HorseProfileTest" file="/opt/project/tests/bo/HorseProfileTest.php" line="1268" assertions="2" time="0.142790"/>
        <testcase name="testGetGoingForm with data set #2" class="Tests\HorseProfileTest" classname="Tests.HorseProfileTest" file="/opt/project/tests/bo/HorseProfileTest.php" line="1268" assertions="2" time="0.005068"/>
      </testsuite>
      <testsuite name="Tests\HorseProfileTest::testGetStableTourQuotes" tests="1" assertions="3" errors="0" failures="0" skipped="0" time="0.001030">
        <testcase name="testGetStableTourQuotes with data set #0" class="Tests\HorseProfileTest" classname="Tests.HorseProfileTest" file="/opt/project/tests/bo/HorseProfileTest.php" line="2357" assertions="3" time="0.001030"/>
      </testsuite>
    </testsuite>
    <testsuite name="Tests\Bo\HorseTrackerTest" file="/opt/project/tests/bo/HorseTrackerTest.php" tests="3" assertions="3" errors="0" failures="0" skipped="0" time="0.032416">
      <testsuite name="Tests\Bo\HorseTrackerTest::testGetEntries" tests="1" assertions="1" errors="0" failures="0" skipped="0" time="0.012684">
        <testcase name="testGetEntries with data set #0" class="Tests\Bo\HorseTrackerTest" classname="Tests.Bo.HorseTrackerTest" file="/opt/project/tests/bo/HorseTrackerTest.php" line="22" assertions="1" time="0.012684"/>
      </testsuite>
      <testsuite name="Tests\Bo\HorseTrackerTest::testGetHorseTracker" tests="2" assertions="2" errors="0" failures="0" skipped="0" time="0.019732">
        <testcase name="testGetHorseTracker with data set #0" class="Tests\Bo\HorseTrackerTest" classname="Tests.Bo.HorseTrackerTest" file="/opt/project/tests/bo/HorseTrackerTest.php" line="93" assertions="1" time="0.010768"/>
        <testcase name="testGetHorseTracker with data set #1" class="Tests\Bo\HorseTrackerTest" classname="Tests.Bo.HorseTrackerTest" file="/opt/project/tests/bo/HorseTrackerTest.php" line="93" assertions="1" time="0.008964"/>
      </testsuite>
    </testsuite>
    <testsuite name="Tests\Bo\JockeyProfileTest" file="/opt/project/tests/bo/JockeyProfileTest.php" tests="10" assertions="18" errors="0" failures="0" skipped="0" time="0.156736">
      <testsuite name="Tests\Bo\JockeyProfileTest::testGetBookedRides" tests="1" assertions="3" errors="0" failures="0" skipped="0" time="0.003643">
        <testcase name="testGetBookedRides with data set #0" class="Tests\Bo\JockeyProfileTest" classname="Tests.Bo.JockeyProfileTest" file="/opt/project/tests/bo/JockeyProfileTest.php" line="16" assertions="3" time="0.003643"/>
      </testsuite>
      <testsuite name="Tests\Bo\JockeyProfileTest::testGetBigRaceWins" tests="1" assertions="3" errors="0" failures="0" skipped="0" time="0.003176">
        <testcase name="testGetBigRaceWins with data set #0" class="Tests\Bo\JockeyProfileTest" classname="Tests.Bo.JockeyProfileTest" file="/opt/project/tests/bo/JockeyProfileTest.php" line="110" assertions="3" time="0.003176"/>
      </testsuite>
      <testsuite name="Tests\Bo\JockeyProfileTest::testGetSinceAWin" tests="1" assertions="3" errors="0" failures="0" skipped="0" time="0.001198">
        <testcase name="testGetSinceAWin with data set #0" class="Tests\Bo\JockeyProfileTest" classname="Tests.Bo.JockeyProfileTest" file="/opt/project/tests/bo/JockeyProfileTest.php" line="232" assertions="3" time="0.001198"/>
      </testsuite>
      <testsuite name="Tests\Bo\JockeyProfileTest::testGetLast14Days" tests="1" assertions="3" errors="0" failures="0" skipped="0" time="0.003920">
        <testcase name="testGetLast14Days with data set #0" class="Tests\Bo\JockeyProfileTest" classname="Tests.Bo.JockeyProfileTest" file="/opt/project/tests/bo/JockeyProfileTest.php" line="278" assertions="3" time="0.003920"/>
      </testsuite>
      <testsuite name="Tests\Bo\JockeyProfileTest::testGetStatistics" tests="5" assertions="5" errors="0" failures="0" skipped="0" time="0.133821">
        <testcase name="testGetStatistics with data set #0" class="Tests\Bo\JockeyProfileTest" classname="Tests.Bo.JockeyProfileTest" file="/opt/project/tests/bo/JockeyProfileTest.php" line="442" assertions="1" time="0.060867"/>
        <testcase name="testGetStatistics with data set #1" class="Tests\Bo\JockeyProfileTest" classname="Tests.Bo.JockeyProfileTest" file="/opt/project/tests/bo/JockeyProfileTest.php" line="442" assertions="1" time="0.038110"/>
        <testcase name="testGetStatistics with data set #2" class="Tests\Bo\JockeyProfileTest" classname="Tests.Bo.JockeyProfileTest" file="/opt/project/tests/bo/JockeyProfileTest.php" line="442" assertions="1" time="0.008279"/>
        <testcase name="testGetStatistics with data set #3" class="Tests\Bo\JockeyProfileTest" classname="Tests.Bo.JockeyProfileTest" file="/opt/project/tests/bo/JockeyProfileTest.php" line="442" assertions="1" time="0.010019"/>
        <testcase name="testGetStatistics with data set #4" class="Tests\Bo\JockeyProfileTest" classname="Tests.Bo.JockeyProfileTest" file="/opt/project/tests/bo/JockeyProfileTest.php" line="442" assertions="1" time="0.016546"/>
      </testsuite>
      <testsuite name="Tests\Bo\JockeyProfileTest::testGetJockey" tests="1" assertions="1" errors="0" failures="0" skipped="0" time="0.010978">
        <testcase name="testGetJockey with data set #0" class="Tests\Bo\JockeyProfileTest" classname="Tests.Bo.JockeyProfileTest" file="/opt/project/tests/bo/JockeyProfileTest.php" line="1087" assertions="1" time="0.010978"/>
      </testsuite>
    </testsuite>
    <testsuite name="Tests\Bo\LookupTable\RaceGroup" file="/opt/project/tests/bo/LookupTable/LookupTableTest.php" tests="1" assertions="1" errors="0" failures="0" skipped="0" time="0.004754">
      <testsuite name="Tests\Bo\LookupTable\RaceGroup::testGetData" tests="1" assertions="1" errors="0" failures="0" skipped="0" time="0.004754">
        <testcase name="testGetData with data set #0" class="Tests\Bo\LookupTable\RaceGroup" classname="Tests.Bo.LookupTable.RaceGroup" file="/opt/project/tests/bo/LookupTable/LookupTableTest.php" line="20" assertions="1" time="0.004754"/>
      </testsuite>
    </testsuite>
    <testsuite name="Tests\Bo\LookupTable\SalesVenues" file="/opt/project/tests/bo/LookupTable/SalesVenuesTest.php" tests="1" assertions="1" errors="0" failures="0" skipped="0" time="0.005683">
      <testsuite name="Tests\Bo\LookupTable\SalesVenues::testGetData" tests="1" assertions="1" errors="0" failures="0" skipped="0" time="0.005683">
        <testcase name="testGetData with data set #0" class="Tests\Bo\LookupTable\SalesVenues" classname="Tests.Bo.LookupTable.SalesVenues" file="/opt/project/tests/bo/LookupTable/SalesVenuesTest.php" line="20" assertions="1" time="0.005683"/>
      </testsuite>
    </testsuite>
    <testsuite name="Tests\Bo\LookupTableTest" file="/opt/project/tests/bo/LookupTableTest.php" tests="11" assertions="33" errors="0" failures="0" skipped="0" time="0.069975">
      <testsuite name="Tests\Bo\LookupTableTest::testGetGoingTypeTable" tests="1" assertions="3" errors="0" failures="0" skipped="0" time="0.005558">
        <testcase name="testGetGoingTypeTable with data set #0" class="Tests\Bo\LookupTableTest" classname="Tests.Bo.LookupTableTest" file="/opt/project/tests/bo/LookupTableTest.php" line="13" assertions="3" time="0.005558"/>
      </testsuite>
      <testsuite name="Tests\Bo\LookupTableTest::testGetRaceTypeTable" tests="1" assertions="3" errors="0" failures="0" skipped="0" time="0.002202">
        <testcase name="testGetRaceTypeTable with data set #0" class="Tests\Bo\LookupTableTest" classname="Tests.Bo.LookupTableTest" file="/opt/project/tests/bo/LookupTableTest.php" line="286" assertions="3" time="0.002202"/>
      </testsuite>
      <testsuite name="Tests\Bo\LookupTableTest::testGetCourseTypeTable" tests="1" assertions="3" errors="0" failures="0" skipped="0" time="0.002642">
        <testcase name="testGetCourseTypeTable with data set #0" class="Tests\Bo\LookupTableTest" classname="Tests.Bo.LookupTableTest" file="/opt/project/tests/bo/LookupTableTest.php" line="377" assertions="3" time="0.002642"/>
      </testsuite>
      <testsuite name="Tests\Bo\LookupTableTest::testGetCountryTable" tests="1" assertions="3" errors="0" failures="0" skipped="0" time="0.002535">
        <testcase name="testGetCountryTable with data set #0" class="Tests\Bo\LookupTableTest" classname="Tests.Bo.LookupTableTest" file="/opt/project/tests/bo/LookupTableTest.php" line="438" assertions="3" time="0.002535"/>
      </testsuite>
      <testsuite name="Tests\Bo\LookupTableTest::testGetRaceOutcomeTable" tests="1" assertions="3" errors="0" failures="0" skipped="0" time="0.035168">
        <testcase name="testGetRaceOutcomeTable with data set #0" class="Tests\Bo\LookupTableTest" classname="Tests.Bo.LookupTableTest" file="/opt/project/tests/bo/LookupTableTest.php" line="484" assertions="3" time="0.035168"/>
      </testsuite>
      <testsuite name="Tests\Bo\LookupTableTest::testGetHorseColourTable" tests="1" assertions="3" errors="0" failures="0" skipped="0" time="0.005354">
        <testcase name="testGetHorseColourTable with data set #0" class="Tests\Bo\LookupTableTest" classname="Tests.Bo.LookupTableTest" file="/opt/project/tests/bo/LookupTableTest.php" line="2023" assertions="3" time="0.005354"/>
      </testsuite>
      <testsuite name="Tests\Bo\LookupTableTest::testGetHorseSexTable" tests="1" assertions="3" errors="0" failures="0" skipped="0" time="0.002534">
        <testcase name="testGetHorseSexTable with data set #0" class="Tests\Bo\LookupTableTest" classname="Tests.Bo.LookupTableTest" file="/opt/project/tests/bo/LookupTableTest.php" line="2198" assertions="3" time="0.002534"/>
      </testsuite>
      <testsuite name="Tests\Bo\LookupTableTest::testGetMeetingColoursLookupTable" tests="1" assertions="3" errors="0" failures="0" skipped="0" time="0.002692">
        <testcase name="testGetMeetingColoursLookupTable with data set #0" class="Tests\Bo\LookupTableTest" classname="Tests.Bo.LookupTableTest" file="/opt/project/tests/bo/LookupTableTest.php" line="2250" assertions="3" time="0.002692"/>
      </testsuite>
      <testsuite name="Tests\Bo\LookupTableTest::testGetOddsTable" tests="1" assertions="3" errors="0" failures="0" skipped="0" time="0.003200">
        <testcase name="testGetOddsTable with data set #0" class="Tests\Bo\LookupTableTest" classname="Tests.Bo.LookupTableTest" file="/opt/project/tests/bo/LookupTableTest.php" line="2307" assertions="3" time="0.003200"/>
      </testsuite>
      <testsuite name="Tests\Bo\LookupTableTest::testGetAdditionalCourseInfoTable" tests="2" assertions="6" errors="0" failures="0" skipped="0" time="0.008090">
        <testcase name="testGetAdditionalCourseInfoTable with data set #0" class="Tests\Bo\LookupTableTest" classname="Tests.Bo.LookupTableTest" file="/opt/project/tests/bo/LookupTableTest.php" line="2359" assertions="3" time="0.005993"/>
        <testcase name="testGetAdditionalCourseInfoTable with data set #1" class="Tests\Bo\LookupTableTest" classname="Tests.Bo.LookupTableTest" file="/opt/project/tests/bo/LookupTableTest.php" line="2359" assertions="3" time="0.002097"/>
      </testsuite>
    </testsuite>
    <testsuite name="Tests\Bo\OwnerProfileTest" file="/opt/project/tests/bo/OwnerProfileTest.php" tests="12" assertions="24" errors="0" failures="0" skipped="0" time="0.207620">
      <testsuite name="Tests\Bo\OwnerProfileTest::testGetSinceAWin" tests="1" assertions="3" errors="0" failures="0" skipped="0" time="0.002300">
        <testcase name="testGetSinceAWin with data set #0" class="Tests\Bo\OwnerProfileTest" classname="Tests.Bo.OwnerProfileTest" file="/opt/project/tests/bo/OwnerProfileTest.php" line="21" assertions="3" time="0.002300"/>
      </testsuite>
      <testsuite name="Tests\Bo\OwnerProfileTest::testGetEntries" tests="1" assertions="3" errors="0" failures="0" skipped="0" time="0.001875">
        <testcase name="testGetEntries with data set #0" class="Tests\Bo\OwnerProfileTest" classname="Tests.Bo.OwnerProfileTest" file="/opt/project/tests/bo/OwnerProfileTest.php" line="68" assertions="3" time="0.001875"/>
      </testsuite>
      <testsuite name="Tests\Bo\OwnerProfileTest::testGetStatistics" tests="5" assertions="5" errors="0" failures="0" skipped="0" time="0.184700">
        <testcase name="testGetStatistics with data set #0" class="Tests\Bo\OwnerProfileTest" classname="Tests.Bo.OwnerProfileTest" file="/opt/project/tests/bo/OwnerProfileTest.php" line="157" assertions="1" time="0.027497"/>
        <testcase name="testGetStatistics with data set #1" class="Tests\Bo\OwnerProfileTest" classname="Tests.Bo.OwnerProfileTest" file="/opt/project/tests/bo/OwnerProfileTest.php" line="157" assertions="1" time="0.072977"/>
        <testcase name="testGetStatistics with data set #2" class="Tests\Bo\OwnerProfileTest" classname="Tests.Bo.OwnerProfileTest" file="/opt/project/tests/bo/OwnerProfileTest.php" line="157" assertions="1" time="0.038771"/>
        <testcase name="testGetStatistics with data set #3" class="Tests\Bo\OwnerProfileTest" classname="Tests.Bo.OwnerProfileTest" file="/opt/project/tests/bo/OwnerProfileTest.php" line="157" assertions="1" time="0.026435"/>
        <testcase name="testGetStatistics with data set #4" class="Tests\Bo\OwnerProfileTest" classname="Tests.Bo.OwnerProfileTest" file="/opt/project/tests/bo/OwnerProfileTest.php" line="157" assertions="1" time="0.019020"/>
      </testsuite>
      <testsuite name="Tests\Bo\OwnerProfileTest::testGetBigRaceWins" tests="1" assertions="3" errors="0" failures="0" skipped="0" time="0.002688">
        <testcase name="testGetBigRaceWins with data set #0" class="Tests\Bo\OwnerProfileTest" classname="Tests.Bo.OwnerProfileTest" file="/opt/project/tests/bo/OwnerProfileTest.php" line="980" assertions="3" time="0.002688"/>
      </testsuite>
      <testsuite name="Tests\Bo\OwnerProfileTest::testGetLast14Days" tests="1" assertions="3" errors="0" failures="0" skipped="0" time="0.003744">
        <testcase name="testGetLast14Days with data set #0" class="Tests\Bo\OwnerProfileTest" classname="Tests.Bo.OwnerProfileTest" file="/opt/project/tests/bo/OwnerProfileTest.php" line="1102" assertions="3" time="0.003744"/>
      </testsuite>
      <testsuite name="Tests\Bo\OwnerProfileTest::testGetOwner" tests="1" assertions="1" errors="0" failures="0" skipped="0" time="0.007886">
        <testcase name="testGetOwner with data set #0" class="Tests\Bo\OwnerProfileTest" classname="Tests.Bo.OwnerProfileTest" file="/opt/project/tests/bo/OwnerProfileTest.php" line="1264" assertions="1" time="0.007886"/>
      </testsuite>
      <testsuite name="Tests\Bo\OwnerProfileTest::testGetSeasonDefaultValues" tests="1" assertions="3" errors="0" failures="0" skipped="0" time="0.000887">
        <testcase name="testGetSeasonDefaultValues with data set #0" class="Tests\Bo\OwnerProfileTest" classname="Tests.Bo.OwnerProfileTest" file="/opt/project/tests/bo/OwnerProfileTest.php" line="1327" assertions="3" time="0.000887"/>
      </testsuite>
      <testsuite name="Tests\Bo\OwnerProfileTest::testGetResults" tests="1" assertions="3" errors="0" failures="0" skipped="0" time="0.003540">
        <testcase name="testGetResults with data set #0" class="Tests\Bo\OwnerProfileTest" classname="Tests.Bo.OwnerProfileTest" file="/opt/project/tests/bo/OwnerProfileTest.php" line="1367" assertions="3" time="0.003540"/>
      </testsuite>
    </testsuite>
    <testsuite name="Tests\Bo\Horse\MedicalTest" file="/opt/project/tests/bo/Profile/Horse/MedicalTest.php" tests="1" assertions="1" errors="0" failures="0" skipped="0" time="0.004903">
      <testsuite name="Tests\Bo\Horse\MedicalTest::testGetMedicalInfo" tests="1" assertions="1" errors="0" failures="0" skipped="0" time="0.004903">
        <testcase name="testGetMedicalInfo with data set #0" class="Tests\Bo\Horse\MedicalTest" classname="Tests.Bo.Horse.MedicalTest" file="/opt/project/tests/bo/Profile/Horse/MedicalTest.php" line="21" assertions="1" time="0.004903"/>
      </testsuite>
    </testsuite>
    <testsuite name="Tests\Bo\Jockey\SeasonsAvailableTest" file="/opt/project/tests/bo/Profile/Jockey/SeasonsAvailableTest.php" tests="1" assertions="3" errors="0" failures="0" skipped="0" time="0.002269">
      <testsuite name="Tests\Bo\Jockey\SeasonsAvailableTest::testGetSeasonsAvailable" tests="1" assertions="3" errors="0" failures="0" skipped="0" time="0.002269">
        <testcase name="testGetSeasonsAvailable with data set #0" class="Tests\Bo\Jockey\SeasonsAvailableTest" classname="Tests.Bo.Jockey.SeasonsAvailableTest" file="/opt/project/tests/bo/Profile/Jockey/SeasonsAvailableTest.php" line="18" assertions="3" time="0.002269"/>
      </testsuite>
    </testsuite>
    <testsuite name="Tests\Bo\Owner\SeasonsAvailableTest" file="/opt/project/tests/bo/Profile/Owner/SeasonsAvailableTest.php" tests="1" assertions="3" errors="0" failures="0" skipped="0" time="0.001983">
      <testsuite name="Tests\Bo\Owner\SeasonsAvailableTest::testGetSeasonsAvailable" tests="1" assertions="3" errors="0" failures="0" skipped="0" time="0.001983">
        <testcase name="testGetSeasonsAvailable with data set #0" class="Tests\Bo\Owner\SeasonsAvailableTest" classname="Tests.Bo.Owner.SeasonsAvailableTest" file="/opt/project/tests/bo/Profile/Owner/SeasonsAvailableTest.php" line="18" assertions="3" time="0.001983"/>
      </testsuite>
    </testsuite>
    <testsuite name="Tests\Bo\Trainer\SeasonsAvailableTest" file="/opt/project/tests/bo/Profile/Trainer/SeasonsAvailableTest.php" tests="1" assertions="3" errors="0" failures="0" skipped="0" time="0.002196">
      <testsuite name="Tests\Bo\Trainer\SeasonsAvailableTest::testGetSeasonsAvailable" tests="1" assertions="3" errors="0" failures="0" skipped="0" time="0.002196">
        <testcase name="testGetSeasonsAvailable with data set #0" class="Tests\Bo\Trainer\SeasonsAvailableTest" classname="Tests.Bo.Trainer.SeasonsAvailableTest" file="/opt/project/tests/bo/Profile/Trainer/SeasonsAvailableTest.php" line="18" assertions="3" time="0.002196"/>
      </testsuite>
    </testsuite>
    <testsuite name="Tests\Bo\ProfileTest" file="/opt/project/tests/bo/ProfileTest.php" tests="1" assertions="3" errors="0" failures="0" skipped="0" time="0.001463">
      <testsuite name="Tests\Bo\ProfileTest::testGetSeasonInfo" tests="1" assertions="3" errors="0" failures="0" skipped="0" time="0.001463">
        <testcase name="testGetSeasonInfo with data set #0" class="Tests\Bo\ProfileTest" classname="Tests.Bo.ProfileTest" file="/opt/project/tests/bo/ProfileTest.php" line="16" assertions="3" time="0.001463"/>
      </testsuite>
    </testsuite>
    <testsuite name="Tests\GodolphinReplayTest" file="/opt/project/tests/bo/RaceCards/GodolphinReplayTest.php" tests="3" assertions="6" errors="0" failures="0" skipped="0" time="0.015413">
      <testcase name="testFoundReplay" class="Tests\GodolphinReplayTest" classname="Tests.GodolphinReplayTest" file="/opt/project/tests/bo/RaceCards/GodolphinReplayTest.php" line="43" assertions="2" time="0.009085"/>
      <testcase name="testNotFoundReplay" class="Tests\GodolphinReplayTest" classname="Tests.GodolphinReplayTest" file="/opt/project/tests/bo/RaceCards/GodolphinReplayTest.php" line="58" assertions="2" time="0.003686"/>
      <testcase name="testConnectionProblem" class="Tests\GodolphinReplayTest" classname="Tests.GodolphinReplayTest" file="/opt/project/tests/bo/RaceCards/GodolphinReplayTest.php" line="78" assertions="2" time="0.002642"/>
    </testsuite>
    <testsuite name="Tests\RaceWFATest" file="/opt/project/tests/bo/RaceCards/RaceWFATest.php" tests="23" assertions="25" errors="0" failures="0" skipped="0" time="0.026723">
      <testsuite name="Tests\RaceWFATest::testWrongRaceId" tests="2" assertions="4" errors="0" failures="0" skipped="0" time="0.002836">
        <testcase name="testWrongRaceId with data set #0" class="Tests\RaceWFATest" classname="Tests.RaceWFATest" file="/opt/project/tests/bo/RaceCards/RaceWFATest.php" line="35" assertions="2" time="0.001618"/>
        <testcase name="testWrongRaceId with data set #1" class="Tests\RaceWFATest" classname="Tests.RaceWFATest" file="/opt/project/tests/bo/RaceCards/RaceWFATest.php" line="35" assertions="2" time="0.001218"/>
      </testsuite>
      <testsuite name="Tests\RaceWFATest::testGetRaceWFAEmpty" tests="4" assertions="4" errors="0" failures="0" skipped="0" time="0.007754">
        <testcase name="testGetRaceWFAEmpty with data set #0" class="Tests\RaceWFATest" classname="Tests.RaceWFATest" file="/opt/project/tests/bo/RaceCards/RaceWFATest.php" line="56" assertions="1" time="0.002447"/>
        <testcase name="testGetRaceWFAEmpty with data set #1" class="Tests\RaceWFATest" classname="Tests.RaceWFATest" file="/opt/project/tests/bo/RaceCards/RaceWFATest.php" line="56" assertions="1" time="0.002790"/>
        <testcase name="testGetRaceWFAEmpty with data set #2" class="Tests\RaceWFATest" classname="Tests.RaceWFATest" file="/opt/project/tests/bo/RaceCards/RaceWFATest.php" line="56" assertions="1" time="0.001654"/>
        <testcase name="testGetRaceWFAEmpty with data set #3" class="Tests\RaceWFATest" classname="Tests.RaceWFATest" file="/opt/project/tests/bo/RaceCards/RaceWFATest.php" line="56" assertions="1" time="0.000863"/>
      </testsuite>
      <testsuite name="Tests\RaceWFATest::testGetRaceWFANotEmpty" tests="2" assertions="2" errors="0" failures="0" skipped="0" time="0.005515">
        <testcase name="testGetRaceWFANotEmpty with data set #0" class="Tests\RaceWFATest" classname="Tests.RaceWFATest" file="/opt/project/tests/bo/RaceCards/RaceWFATest.php" line="83" assertions="1" time="0.002926"/>
        <testcase name="testGetRaceWFANotEmpty with data set #1" class="Tests\RaceWFATest" classname="Tests.RaceWFATest" file="/opt/project/tests/bo/RaceCards/RaceWFATest.php" line="83" assertions="1" time="0.002589"/>
      </testsuite>
      <testsuite name="Tests\RaceWFATest::testAdjustFurlong" tests="9" assertions="9" errors="0" failures="0" skipped="0" time="0.006171">
        <testcase name="testAdjustFurlong with data set #0" class="Tests\RaceWFATest" classname="Tests.RaceWFATest" file="/opt/project/tests/bo/RaceCards/RaceWFATest.php" line="118" assertions="1" time="0.000625"/>
        <testcase name="testAdjustFurlong with data set #1" class="Tests\RaceWFATest" classname="Tests.RaceWFATest" file="/opt/project/tests/bo/RaceCards/RaceWFATest.php" line="118" assertions="1" time="0.000596"/>
        <testcase name="testAdjustFurlong with data set #2" class="Tests\RaceWFATest" classname="Tests.RaceWFATest" file="/opt/project/tests/bo/RaceCards/RaceWFATest.php" line="118" assertions="1" time="0.000776"/>
        <testcase name="testAdjustFurlong with data set #3" class="Tests\RaceWFATest" classname="Tests.RaceWFATest" file="/opt/project/tests/bo/RaceCards/RaceWFATest.php" line="118" assertions="1" time="0.000688"/>
        <testcase name="testAdjustFurlong with data set #4" class="Tests\RaceWFATest" classname="Tests.RaceWFATest" file="/opt/project/tests/bo/RaceCards/RaceWFATest.php" line="118" assertions="1" time="0.000605"/>
        <testcase name="testAdjustFurlong with data set #5" class="Tests\RaceWFATest" classname="Tests.RaceWFATest" file="/opt/project/tests/bo/RaceCards/RaceWFATest.php" line="118" assertions="1" time="0.000635"/>
        <testcase name="testAdjustFurlong with data set #6" class="Tests\RaceWFATest" classname="Tests.RaceWFATest" file="/opt/project/tests/bo/RaceCards/RaceWFATest.php" line="118" assertions="1" time="0.000945"/>
        <testcase name="testAdjustFurlong with data set #7" class="Tests\RaceWFATest" classname="Tests.RaceWFATest" file="/opt/project/tests/bo/RaceCards/RaceWFATest.php" line="118" assertions="1" time="0.000636"/>
        <testcase name="testAdjustFurlong with data set #8" class="Tests\RaceWFATest" classname="Tests.RaceWFATest" file="/opt/project/tests/bo/RaceCards/RaceWFATest.php" line="118" assertions="1" time="0.000665"/>
      </testsuite>
      <testsuite name="Tests\RaceWFATest::testAdjustTopAge" tests="6" assertions="6" errors="0" failures="0" skipped="0" time="0.004447">
        <testcase name="testAdjustTopAge with data set #0" class="Tests\RaceWFATest" classname="Tests.RaceWFATest" file="/opt/project/tests/bo/RaceCards/RaceWFATest.php" line="152" assertions="1" time="0.000960"/>
        <testcase name="testAdjustTopAge with data set #1" class="Tests\RaceWFATest" classname="Tests.RaceWFATest" file="/opt/project/tests/bo/RaceCards/RaceWFATest.php" line="152" assertions="1" time="0.000740"/>
        <testcase name="testAdjustTopAge with data set #2" class="Tests\RaceWFATest" classname="Tests.RaceWFATest" file="/opt/project/tests/bo/RaceCards/RaceWFATest.php" line="152" assertions="1" time="0.000733"/>
        <testcase name="testAdjustTopAge with data set #3" class="Tests\RaceWFATest" classname="Tests.RaceWFATest" file="/opt/project/tests/bo/RaceCards/RaceWFATest.php" line="152" assertions="1" time="0.000679"/>
        <testcase name="testAdjustTopAge with data set #4" class="Tests\RaceWFATest" classname="Tests.RaceWFATest" file="/opt/project/tests/bo/RaceCards/RaceWFATest.php" line="152" assertions="1" time="0.000644"/>
        <testcase name="testAdjustTopAge with data set #5" class="Tests\RaceWFATest" classname="Tests.RaceWFATest" file="/opt/project/tests/bo/RaceCards/RaceWFATest.php" line="152" assertions="1" time="0.000691"/>
      </testsuite>
    </testsuite>
    <testsuite name="Tests\StarRatingTest" file="/opt/project/tests/bo/RaceCards/StarRatingTest.php" tests="1" assertions="1" errors="0" failures="0" skipped="0" time="0.021434">
      <testsuite name="Tests\StarRatingTest::testGetStartRating" tests="1" assertions="1" errors="0" failures="0" skipped="0" time="0.021434">
        <testcase name="testGetStartRating with data set #0" class="Tests\StarRatingTest" classname="Tests.StarRatingTest" file="/opt/project/tests/bo/RaceCards/StarRatingTest.php" line="21" assertions="1" time="0.021434"/>
      </testsuite>
    </testsuite>
    <testsuite name="Tests\TopDrawTest" file="/opt/project/tests/bo/RaceCards/TopDrawTest.php" tests="35" assertions="37" errors="0" failures="0" skipped="0" time="0.129134">
      <testsuite name="Tests\TopDrawTest::testWrongRaceId" tests="2" assertions="4" errors="0" failures="0" skipped="0" time="0.002355">
        <testcase name="testWrongRaceId with data set #0" class="Tests\TopDrawTest" classname="Tests.TopDrawTest" file="/opt/project/tests/bo/RaceCards/TopDrawTest.php" line="23" assertions="2" time="0.001367"/>
        <testcase name="testWrongRaceId with data set #1" class="Tests\TopDrawTest" classname="Tests.TopDrawTest" file="/opt/project/tests/bo/RaceCards/TopDrawTest.php" line="23" assertions="2" time="0.000988"/>
      </testsuite>
      <testsuite name="Tests\TopDrawTest::testGetTopDrawEmpty" tests="2" assertions="2" errors="0" failures="0" skipped="0" time="0.003710">
        <testcase name="testGetTopDrawEmpty with data set #0" class="Tests\TopDrawTest" classname="Tests.TopDrawTest" file="/opt/project/tests/bo/RaceCards/TopDrawTest.php" line="44" assertions="1" time="0.002911"/>
        <testcase name="testGetTopDrawEmpty with data set #1" class="Tests\TopDrawTest" classname="Tests.TopDrawTest" file="/opt/project/tests/bo/RaceCards/TopDrawTest.php" line="44" assertions="1" time="0.000799"/>
      </testsuite>
      <testsuite name="Tests\TopDrawTest::testGetTopDrawNotEmpty" tests="2" assertions="2" errors="0" failures="0" skipped="0" time="0.101210">
        <testcase name="testGetTopDrawNotEmpty with data set #0" class="Tests\TopDrawTest" classname="Tests.TopDrawTest" file="/opt/project/tests/bo/RaceCards/TopDrawTest.php" line="69" assertions="1" time="0.055529"/>
        <testcase name="testGetTopDrawNotEmpty with data set #1" class="Tests\TopDrawTest" classname="Tests.TopDrawTest" file="/opt/project/tests/bo/RaceCards/TopDrawTest.php" line="69" assertions="1" time="0.045681"/>
      </testsuite>
      <testsuite name="Tests\TopDrawTest::testGetLowMinimum" tests="16" assertions="16" errors="0" failures="0" skipped="0" time="0.012026">
        <testcase name="testGetLowMinimum with data set #0" class="Tests\TopDrawTest" classname="Tests.TopDrawTest" file="/opt/project/tests/bo/RaceCards/TopDrawTest.php" line="133" assertions="1" time="0.000592"/>
        <testcase name="testGetLowMinimum with data set #1" class="Tests\TopDrawTest" classname="Tests.TopDrawTest" file="/opt/project/tests/bo/RaceCards/TopDrawTest.php" line="133" assertions="1" time="0.001217"/>
        <testcase name="testGetLowMinimum with data set #2" class="Tests\TopDrawTest" classname="Tests.TopDrawTest" file="/opt/project/tests/bo/RaceCards/TopDrawTest.php" line="133" assertions="1" time="0.000804"/>
        <testcase name="testGetLowMinimum with data set #3" class="Tests\TopDrawTest" classname="Tests.TopDrawTest" file="/opt/project/tests/bo/RaceCards/TopDrawTest.php" line="133" assertions="1" time="0.000652"/>
        <testcase name="testGetLowMinimum with data set #4" class="Tests\TopDrawTest" classname="Tests.TopDrawTest" file="/opt/project/tests/bo/RaceCards/TopDrawTest.php" line="133" assertions="1" time="0.000788"/>
        <testcase name="testGetLowMinimum with data set #5" class="Tests\TopDrawTest" classname="Tests.TopDrawTest" file="/opt/project/tests/bo/RaceCards/TopDrawTest.php" line="133" assertions="1" time="0.000651"/>
        <testcase name="testGetLowMinimum with data set #6" class="Tests\TopDrawTest" classname="Tests.TopDrawTest" file="/opt/project/tests/bo/RaceCards/TopDrawTest.php" line="133" assertions="1" time="0.000636"/>
        <testcase name="testGetLowMinimum with data set #7" class="Tests\TopDrawTest" classname="Tests.TopDrawTest" file="/opt/project/tests/bo/RaceCards/TopDrawTest.php" line="133" assertions="1" time="0.000689"/>
        <testcase name="testGetLowMinimum with data set #8" class="Tests\TopDrawTest" classname="Tests.TopDrawTest" file="/opt/project/tests/bo/RaceCards/TopDrawTest.php" line="133" assertions="1" time="0.000868"/>
        <testcase name="testGetLowMinimum with data set #9" class="Tests\TopDrawTest" classname="Tests.TopDrawTest" file="/opt/project/tests/bo/RaceCards/TopDrawTest.php" line="133" assertions="1" time="0.000622"/>
        <testcase name="testGetLowMinimum with data set #10" class="Tests\TopDrawTest" classname="Tests.TopDrawTest" file="/opt/project/tests/bo/RaceCards/TopDrawTest.php" line="133" assertions="1" time="0.000609"/>
        <testcase name="testGetLowMinimum with data set #11" class="Tests\TopDrawTest" classname="Tests.TopDrawTest" file="/opt/project/tests/bo/RaceCards/TopDrawTest.php" line="133" assertions="1" time="0.001097"/>
        <testcase name="testGetLowMinimum with data set #12" class="Tests\TopDrawTest" classname="Tests.TopDrawTest" file="/opt/project/tests/bo/RaceCards/TopDrawTest.php" line="133" assertions="1" time="0.000601"/>
        <testcase name="testGetLowMinimum with data set #13" class="Tests\TopDrawTest" classname="Tests.TopDrawTest" file="/opt/project/tests/bo/RaceCards/TopDrawTest.php" line="133" assertions="1" time="0.000586"/>
        <testcase name="testGetLowMinimum with data set #14" class="Tests\TopDrawTest" classname="Tests.TopDrawTest" file="/opt/project/tests/bo/RaceCards/TopDrawTest.php" line="133" assertions="1" time="0.000674"/>
        <testcase name="testGetLowMinimum with data set #15" class="Tests\TopDrawTest" classname="Tests.TopDrawTest" file="/opt/project/tests/bo/RaceCards/TopDrawTest.php" line="133" assertions="1" time="0.000940"/>
      </testsuite>
      <testsuite name="Tests\TopDrawTest::testGetStalls" tests="13" assertions="13" errors="0" failures="0" skipped="0" time="0.009833">
        <testcase name="testGetStalls with data set #0" class="Tests\TopDrawTest" classname="Tests.TopDrawTest" file="/opt/project/tests/bo/RaceCards/TopDrawTest.php" line="175" assertions="1" time="0.000603"/>
        <testcase name="testGetStalls with data set #1" class="Tests\TopDrawTest" classname="Tests.TopDrawTest" file="/opt/project/tests/bo/RaceCards/TopDrawTest.php" line="175" assertions="1" time="0.000850"/>
        <testcase name="testGetStalls with data set #2" class="Tests\TopDrawTest" classname="Tests.TopDrawTest" file="/opt/project/tests/bo/RaceCards/TopDrawTest.php" line="175" assertions="1" time="0.001149"/>
        <testcase name="testGetStalls with data set #3" class="Tests\TopDrawTest" classname="Tests.TopDrawTest" file="/opt/project/tests/bo/RaceCards/TopDrawTest.php" line="175" assertions="1" time="0.000606"/>
        <testcase name="testGetStalls with data set #4" class="Tests\TopDrawTest" classname="Tests.TopDrawTest" file="/opt/project/tests/bo/RaceCards/TopDrawTest.php" line="175" assertions="1" time="0.000838"/>
        <testcase name="testGetStalls with data set #5" class="Tests\TopDrawTest" classname="Tests.TopDrawTest" file="/opt/project/tests/bo/RaceCards/TopDrawTest.php" line="175" assertions="1" time="0.000748"/>
        <testcase name="testGetStalls with data set #6" class="Tests\TopDrawTest" classname="Tests.TopDrawTest" file="/opt/project/tests/bo/RaceCards/TopDrawTest.php" line="175" assertions="1" time="0.000587"/>
        <testcase name="testGetStalls with data set #7" class="Tests\TopDrawTest" classname="Tests.TopDrawTest" file="/opt/project/tests/bo/RaceCards/TopDrawTest.php" line="175" assertions="1" time="0.000711"/>
        <testcase name="testGetStalls with data set #8" class="Tests\TopDrawTest" classname="Tests.TopDrawTest" file="/opt/project/tests/bo/RaceCards/TopDrawTest.php" line="175" assertions="1" time="0.000688"/>
        <testcase name="testGetStalls with data set #9" class="Tests\TopDrawTest" classname="Tests.TopDrawTest" file="/opt/project/tests/bo/RaceCards/TopDrawTest.php" line="175" assertions="1" time="0.001130"/>
        <testcase name="testGetStalls with data set #10" class="Tests\TopDrawTest" classname="Tests.TopDrawTest" file="/opt/project/tests/bo/RaceCards/TopDrawTest.php" line="175" assertions="1" time="0.000771"/>
        <testcase name="testGetStalls with data set #11" class="Tests\TopDrawTest" classname="Tests.TopDrawTest" file="/opt/project/tests/bo/RaceCards/TopDrawTest.php" line="175" assertions="1" time="0.000576"/>
        <testcase name="testGetStalls with data set #12" class="Tests\TopDrawTest" classname="Tests.TopDrawTest" file="/opt/project/tests/bo/RaceCards/TopDrawTest.php" line="175" assertions="1" time="0.000576"/>
      </testsuite>
    </testsuite>
    <testsuite name="Tests\RaceCardsTest" file="/opt/project/tests/bo/RaceCardsTest.php" tests="33" assertions="58" errors="0" failures="0" skipped="0" time="0.601462">
      <testsuite name="Tests\RaceCardsTest::testGetTodaysTrainers" tests="1" assertions="3" errors="0" failures="0" skipped="0" time="0.001824">
        <testcase name="testGetTodaysTrainers with data set #0" class="Tests\RaceCardsTest" classname="Tests.RaceCardsTest" file="/opt/project/tests/bo/RaceCardsTest.php" line="304" assertions="3" time="0.001824"/>
      </testsuite>
      <testsuite name="Tests\RaceCardsTest::testGetTodaysJockeys" tests="1" assertions="3" errors="0" failures="0" skipped="0" time="0.001755">
        <testcase name="testGetTodaysJockeys with data set #0" class="Tests\RaceCardsTest" classname="Tests.RaceCardsTest" file="/opt/project/tests/bo/RaceCardsTest.php" line="354" assertions="3" time="0.001755"/>
      </testsuite>
      <testsuite name="Tests\RaceCardsTest::testGetPressChallenge" tests="1" assertions="3" errors="0" failures="0" skipped="0" time="0.002382">
        <testcase name="testGetPressChallenge with data set #0" class="Tests\RaceCardsTest" classname="Tests.RaceCardsTest" file="/opt/project/tests/bo/RaceCardsTest.php" line="372" assertions="3" time="0.002382"/>
      </testsuite>
      <testsuite name="Tests\RaceCardsTest::testRetrieveVerdict" tests="1" assertions="1" errors="0" failures="0" skipped="0" time="0.007467">
        <testcase name="testRetrieveVerdict with data set #0" class="Tests\RaceCardsTest" classname="Tests.RaceCardsTest" file="/opt/project/tests/bo/RaceCardsTest.php" line="462" assertions="1" time="0.007467"/>
      </testsuite>
      <testsuite name="Tests\RaceCardsTest::testRetrievePostPointerVerdict" tests="1" assertions="1" errors="0" failures="0" skipped="0" time="0.006581">
        <testcase name="testRetrievePostPointerVerdict with data set #0" class="Tests\RaceCardsTest" classname="Tests.RaceCardsTest" file="/opt/project/tests/bo/RaceCardsTest.php" line="513" assertions="1" time="0.006581"/>
      </testsuite>
      <testsuite name="Tests\RaceCardsTest::testGetSpotlightVerdictSelection" tests="1" assertions="1" errors="0" failures="0" skipped="0" time="0.003938">
        <testcase name="testGetSpotlightVerdictSelection with data set #0" class="Tests\RaceCardsTest" classname="Tests.RaceCardsTest" file="/opt/project/tests/bo/RaceCardsTest.php" line="564" assertions="1" time="0.003938"/>
      </testsuite>
      <testsuite name="Tests\RaceCardsTest::testGetTopspeedSelection" tests="1" assertions="1" errors="0" failures="0" skipped="0" time="0.002616">
        <testcase name="testGetTopspeedSelection with data set #0" class="Tests\RaceCardsTest" classname="Tests.RaceCardsTest" file="/opt/project/tests/bo/RaceCardsTest.php" line="607" assertions="1" time="0.002616"/>
      </testsuite>
      <testsuite name="Tests\RaceCardsTest::testGetTipsterVerdicts" tests="1" assertions="1" errors="0" failures="0" skipped="0" time="0.007068">
        <testcase name="testGetTipsterVerdicts with data set #0" class="Tests\RaceCardsTest" classname="Tests.RaceCardsTest" file="/opt/project/tests/bo/RaceCardsTest.php" line="646" assertions="1" time="0.007068"/>
      </testsuite>
      <testsuite name="Tests\RaceCardsTest::testGetComments" tests="1" assertions="3" errors="0" failures="0" skipped="0" time="0.001202">
        <testcase name="testGetComments with data set #0" class="Tests\RaceCardsTest" classname="Tests.RaceCardsTest" file="/opt/project/tests/bo/RaceCardsTest.php" line="732" assertions="3" time="0.001202"/>
      </testsuite>
      <testsuite name="Tests\RaceCardsTest::testGetPostData" tests="2" assertions="2" errors="0" failures="0" skipped="0" time="0.067576">
        <testcase name="testGetPostData with data set #0" class="Tests\RaceCardsTest" classname="Tests.RaceCardsTest" file="/opt/project/tests/bo/RaceCardsTest.php" line="790" assertions="1" time="0.066741"/>
        <testcase name="testGetPostData with data set #1" class="Tests\RaceCardsTest" classname="Tests.RaceCardsTest" file="/opt/project/tests/bo/RaceCardsTest.php" line="790" assertions="1" time="0.000835"/>
      </testsuite>
      <testsuite name="Tests\RaceCardsTest::testGetSelections" tests="1" assertions="1" errors="0" failures="0" skipped="0" time="0.035018">
        <testcase name="testGetSelections with data set #0" class="Tests\RaceCardsTest" classname="Tests.RaceCardsTest" file="/opt/project/tests/bo/RaceCardsTest.php" line="1089" assertions="1" time="0.035018"/>
      </testsuite>
      <testsuite name="Tests\RaceCardsTest::testGetTopSelections" tests="1" assertions="1" errors="0" failures="0" skipped="0" time="0.007511">
        <testcase name="testGetTopSelections with data set #0" class="Tests\RaceCardsTest" classname="Tests.RaceCardsTest" file="/opt/project/tests/bo/RaceCardsTest.php" line="1248" assertions="1" time="0.007511"/>
      </testsuite>
      <testsuite name="Tests\RaceCardsTest::testExceptionRaceNotFound" tests="1" assertions="2" errors="0" failures="0" skipped="0" time="0.001167">
        <testcase name="testExceptionRaceNotFound with data set #0" class="Tests\RaceCardsTest" classname="Tests.RaceCardsTest" file="/opt/project/tests/bo/RaceCardsTest.php" line="1300" assertions="2" time="0.001167"/>
      </testsuite>
      <testsuite name="Tests\RaceCardsTest::testGetOfficialRating" tests="1" assertions="1" errors="0" failures="0" skipped="0" time="0.109730">
        <testcase name="testGetOfficialRating with data set #0" class="Tests\RaceCardsTest" classname="Tests.RaceCardsTest" file="/opt/project/tests/bo/RaceCardsTest.php" line="1336" assertions="1" time="0.109730"/>
      </testsuite>
      <testsuite name="Tests\RaceCardsTest::testGetStats" tests="2" assertions="6" errors="0" failures="0" skipped="0" time="0.012605">
        <testcase name="testGetStats with data set #0" class="Tests\RaceCardsTest" classname="Tests.RaceCardsTest" file="/opt/project/tests/bo/RaceCardsTest.php" line="1796" assertions="3" time="0.006622"/>
        <testcase name="testGetStats with data set #1" class="Tests\RaceCardsTest" classname="Tests.RaceCardsTest" file="/opt/project/tests/bo/RaceCardsTest.php" line="1796" assertions="3" time="0.005983"/>
      </testsuite>
      <testsuite name="Tests\RaceCardsTest::testGetUpcoming" tests="1" assertions="3" errors="0" failures="0" skipped="0" time="0.001160">
        <testcase name="testGetUpcoming with data set #0" class="Tests\RaceCardsTest" classname="Tests.RaceCardsTest" file="/opt/project/tests/bo/RaceCardsTest.php" line="2383" assertions="3" time="0.001160"/>
      </testsuite>
      <testsuite name="Tests\RaceCardsTest::testGetList" tests="4" assertions="4" errors="0" failures="0" skipped="0" time="0.202621">
        <testcase name="testGetList with data set #0" class="Tests\RaceCardsTest" classname="Tests.RaceCardsTest" file="/opt/project/tests/bo/RaceCardsTest.php" line="2438" assertions="1" time="0.096092"/>
        <testcase name="testGetList with data set #1" class="Tests\RaceCardsTest" classname="Tests.RaceCardsTest" file="/opt/project/tests/bo/RaceCardsTest.php" line="2438" assertions="1" time="0.034522"/>
        <testcase name="testGetList with data set #2" class="Tests\RaceCardsTest" classname="Tests.RaceCardsTest" file="/opt/project/tests/bo/RaceCardsTest.php" line="2438" assertions="1" time="0.036686"/>
        <testcase name="testGetList with data set #3" class="Tests\RaceCardsTest" classname="Tests.RaceCardsTest" file="/opt/project/tests/bo/RaceCardsTest.php" line="2438" assertions="1" time="0.035321"/>
      </testsuite>
      <testsuite name="Tests\RaceCardsTest::testGetRunnersIndex" tests="1" assertions="1" errors="0" failures="0" skipped="0" time="0.044409">
        <testcase name="testGetRunnersIndex with data set #0" class="Tests\RaceCardsTest" classname="Tests.RaceCardsTest" file="/opt/project/tests/bo/RaceCardsTest.php" line="3206" assertions="1" time="0.044409"/>
      </testsuite>
      <testsuite name="Tests\RaceCardsTest::testGetStableToursDatabase" tests="3" assertions="3" errors="0" failures="0" skipped="0" time="0.033242">
        <testcase name="testGetStableToursDatabase with data set #0" class="Tests\RaceCardsTest" classname="Tests.RaceCardsTest" file="/opt/project/tests/bo/RaceCardsTest.php" line="3438" assertions="1" time="0.011922"/>
        <testcase name="testGetStableToursDatabase with data set #1" class="Tests\RaceCardsTest" classname="Tests.RaceCardsTest" file="/opt/project/tests/bo/RaceCardsTest.php" line="3438" assertions="1" time="0.008988"/>
        <testcase name="testGetStableToursDatabase with data set #2" class="Tests\RaceCardsTest" classname="Tests.RaceCardsTest" file="/opt/project/tests/bo/RaceCardsTest.php" line="3438" assertions="1" time="0.012332"/>
      </testsuite>
      <testsuite name="Tests\RaceCardsTest::testGetForm" tests="1" assertions="3" errors="0" failures="0" skipped="0" time="0.003624">
        <testcase name="testGetForm with data set #0" class="Tests\RaceCardsTest" classname="Tests.RaceCardsTest" file="/opt/project/tests/bo/RaceCardsTest.php" line="3615" assertions="3" time="0.003624"/>
      </testsuite>
      <testsuite name="Tests\RaceCardsTest::testQuotes" tests="1" assertions="3" errors="0" failures="0" skipped="0" time="0.001380">
        <testcase name="testQuotes with data set #0" class="Tests\RaceCardsTest" classname="Tests.RaceCardsTest" file="/opt/project/tests/bo/RaceCardsTest.php" line="3733" assertions="3" time="0.001380"/>
      </testsuite>
      <testsuite name="Tests\RaceCardsTest::testBigRaces" tests="1" assertions="3" errors="0" failures="0" skipped="0" time="0.002156">
        <testcase name="testBigRaces with data set #0" class="Tests\RaceCardsTest" classname="Tests.RaceCardsTest" file="/opt/project/tests/bo/RaceCardsTest.php" line="3798" assertions="3" time="0.002156"/>
      </testsuite>
      <testsuite name="Tests\RaceCardsTest::testNextRace" tests="1" assertions="3" errors="0" failures="0" skipped="0" time="0.001219">
        <testcase name="testNextRace with data set #0" class="Tests\RaceCardsTest" classname="Tests.RaceCardsTest" file="/opt/project/tests/bo/RaceCardsTest.php" line="3892" assertions="3" time="0.001219"/>
      </testsuite>
      <testsuite name="Tests\RaceCardsTest::testGetBettingForecast" tests="1" assertions="3" errors="0" failures="0" skipped="0" time="0.003817">
        <testcase name="testGetBettingForecast with data set #0" class="Tests\RaceCardsTest" classname="Tests.RaceCardsTest" file="/opt/project/tests/bo/RaceCardsTest.php" line="3929" assertions="3" time="0.003817"/>
      </testsuite>
      <testsuite name="Tests\RaceCardsTest::testGetNapsTable" tests="1" assertions="1" errors="0" failures="0" skipped="0" time="0.029149">
        <testcase name="testGetNapsTable with data set #0" class="Tests\RaceCardsTest" classname="Tests.RaceCardsTest" file="/opt/project/tests/bo/RaceCardsTest.php" line="4114" assertions="1" time="0.029149"/>
      </testsuite>
      <testsuite name="Tests\RaceCardsTest::testGetTopNaps" tests="1" assertions="1" errors="0" failures="0" skipped="0" time="0.010245">
        <testcase name="testGetTopNaps with data set #0" class="Tests\RaceCardsTest" classname="Tests.RaceCardsTest" file="/opt/project/tests/bo/RaceCardsTest.php" line="4264" assertions="1" time="0.010245"/>
      </testsuite>
    </testsuite>
    <testsuite name="Tests\RaceMeetings" file="/opt/project/tests/bo/RaceMeetingsTest.php" tests="11" assertions="27" errors="0" failures="0" skipped="0" time="0.061898">
      <testsuite name="Tests\RaceMeetings::testGetMeetingInfo" tests="3" assertions="9" errors="0" failures="0" skipped="0" time="0.007907">
        <testcase name="testGetMeetingInfo with data set #0" class="Tests\RaceMeetings" classname="Tests.RaceMeetings" file="/opt/project/tests/bo/RaceMeetingsTest.php" line="15" assertions="3" time="0.004583"/>
        <testcase name="testGetMeetingInfo with data set #1" class="Tests\RaceMeetings" classname="Tests.RaceMeetings" file="/opt/project/tests/bo/RaceMeetingsTest.php" line="15" assertions="3" time="0.001579"/>
        <testcase name="testGetMeetingInfo with data set #2" class="Tests\RaceMeetings" classname="Tests.RaceMeetings" file="/opt/project/tests/bo/RaceMeetingsTest.php" line="15" assertions="3" time="0.001745"/>
      </testsuite>
      <testsuite name="Tests\RaceMeetings::testGetFavourites" tests="1" assertions="3" errors="0" failures="0" skipped="0" time="0.002444">
        <testcase name="testGetFavourites with data set #0" class="Tests\RaceMeetings" classname="Tests.RaceMeetings" file="/opt/project/tests/bo/RaceMeetingsTest.php" line="109" assertions="3" time="0.002444"/>
      </testsuite>
      <testsuite name="Tests\RaceMeetings::testGetRunnersIndex" tests="1" assertions="3" errors="0" failures="0" skipped="0" time="0.003910">
        <testcase name="testGetRunnersIndex with data set #0" class="Tests\RaceMeetings" classname="Tests.RaceMeetings" file="/opt/project/tests/bo/RaceMeetingsTest.php" line="245" assertions="3" time="0.003910"/>
      </testsuite>
      <testsuite name="Tests\RaceMeetings::testGetSignposts" tests="1" assertions="1" errors="0" failures="0" skipped="0" time="0.023627">
        <testcase name="testGetSignposts with data set #0" class="Tests\RaceMeetings" classname="Tests.RaceMeetings" file="/opt/project/tests/bo/RaceMeetingsTest.php" line="357" assertions="1" time="0.023627"/>
      </testsuite>
      <testsuite name="Tests\RaceMeetings::testGetStatistics" tests="1" assertions="3" errors="0" failures="0" skipped="0" time="0.008796">
        <testcase name="testGetStatistics with data set #0" class="Tests\RaceMeetings" classname="Tests.RaceMeetings" file="/opt/project/tests/bo/RaceMeetingsTest.php" line="463" assertions="3" time="0.008796"/>
      </testsuite>
      <testsuite name="Tests\RaceMeetings::testGetStandardTimes" tests="1" assertions="3" errors="0" failures="0" skipped="0" time="0.004468">
        <testcase name="testGetStandardTimes with data set #0" class="Tests\RaceMeetings" classname="Tests.RaceMeetings" file="/opt/project/tests/bo/RaceMeetingsTest.php" line="722" assertions="3" time="0.004468"/>
      </testsuite>
      <testsuite name="Tests\RaceMeetings::testGetNonRunners" tests="1" assertions="3" errors="0" failures="0" skipped="0" time="0.006359">
        <testcase name="testGetNonRunners with data set #0" class="Tests\RaceMeetings" classname="Tests.RaceMeetings" file="/opt/project/tests/bo/RaceMeetingsTest.php" line="814" assertions="3" time="0.006359"/>
      </testsuite>
      <testsuite name="Tests\RaceMeetings::testGetSilksGen" tests="2" assertions="2" errors="0" failures="0" skipped="0" time="0.004387">
        <testcase name="testGetSilksGen with data set #0" class="Tests\RaceMeetings" classname="Tests.RaceMeetings" file="/opt/project/tests/bo/RaceMeetingsTest.php" line="906" assertions="1" time="0.002200"/>
        <testcase name="testGetSilksGen with data set #1" class="Tests\RaceMeetings" classname="Tests.RaceMeetings" file="/opt/project/tests/bo/RaceMeetingsTest.php" line="906" assertions="1" time="0.002187"/>
      </testsuite>
    </testsuite>
    <testsuite name="Tests\Results" file="/opt/project/tests/bo/ResultsTest.php" tests="19" assertions="35" errors="0" failures="0" skipped="0" time="0.095367">
      <testsuite name="Tests\Results::testWrongRaceId" tests="3" assertions="3" errors="0" failures="0" skipped="0" time="0.003530">
        <testcase name="testWrongRaceId with data set #0" class="Tests\Results" classname="Tests.Results" file="/opt/project/tests/bo/ResultsTest.php" line="18" assertions="1" time="0.001458"/>
        <testcase name="testWrongRaceId with data set #1" class="Tests\Results" classname="Tests.Results" file="/opt/project/tests/bo/ResultsTest.php" line="18" assertions="1" time="0.001002"/>
        <testcase name="testWrongRaceId with data set #2" class="Tests\Results" classname="Tests.Results" file="/opt/project/tests/bo/ResultsTest.php" line="18" assertions="1" time="0.001070"/>
      </testsuite>
      <testsuite name="Tests\Results::testGetStatistic" tests="1" assertions="3" errors="0" failures="0" skipped="0" time="0.003444">
        <testcase name="testGetStatistic with data set #0" class="Tests\Results" classname="Tests.Results" file="/opt/project/tests/bo/ResultsTest.php" line="40" assertions="3" time="0.003444"/>
      </testsuite>
      <testsuite name="Tests\Results::testGetTote" tests="1" assertions="3" errors="0" failures="0" skipped="0" time="0.002228">
        <testcase name="testGetTote with data set #0" class="Tests\Results" classname="Tests.Results" file="/opt/project/tests/bo/ResultsTest.php" line="83" assertions="3" time="0.002228"/>
      </testsuite>
      <testsuite name="Tests\Results::testGetFastResult" tests="2" assertions="2" errors="0" failures="0" skipped="0" time="0.015850">
        <testcase name="testGetFastResult with data set #0" class="Tests\Results" classname="Tests.Results" file="/opt/project/tests/bo/ResultsTest.php" line="138" assertions="1" time="0.008420"/>
        <testcase name="testGetFastResult with data set #1" class="Tests\Results" classname="Tests.Results" file="/opt/project/tests/bo/ResultsTest.php" line="138" assertions="1" time="0.007430"/>
      </testsuite>
      <testsuite name="Tests\Results::testGetFastByRaceResult" tests="2" assertions="2" errors="0" failures="0" skipped="0" time="0.027355">
        <testcase name="testGetFastByRaceResult with data set #0" class="Tests\Results" classname="Tests.Results" file="/opt/project/tests/bo/ResultsTest.php" line="216" assertions="1" time="0.012159"/>
        <testcase name="testGetFastByRaceResult with data set #1" class="Tests\Results" classname="Tests.Results" file="/opt/project/tests/bo/ResultsTest.php" line="216" assertions="1" time="0.015196"/>
      </testsuite>
      <testsuite name="Tests\Results::testGetCourses" tests="1" assertions="1" errors="0" failures="0" skipped="0" time="0.009260">
        <testcase name="testGetCourses with data set #0" class="Tests\Results" classname="Tests.Results" file="/opt/project/tests/bo/ResultsTest.php" line="337" assertions="1" time="0.009260"/>
      </testsuite>
      <testsuite name="Tests\Results::testGetDividends" tests="2" assertions="2" errors="0" failures="0" skipped="0" time="0.011607">
        <testcase name="testGetDividends with data set #0" class="Tests\Results" classname="Tests.Results" file="/opt/project/tests/bo/ResultsTest.php" line="397" assertions="1" time="0.006293"/>
        <testcase name="testGetDividends with data set #1" class="Tests\Results" classname="Tests.Results" file="/opt/project/tests/bo/ResultsTest.php" line="397" assertions="1" time="0.005314"/>
      </testsuite>
      <testsuite name="Tests\Results::testSortRaces" tests="1" assertions="1" errors="0" failures="0" skipped="0" time="0.007216">
        <testcase name="testSortRaces with data set #0" class="Tests\Results" classname="Tests.Results" file="/opt/project/tests/bo/ResultsTest.php" line="455" assertions="1" time="0.007216"/>
      </testsuite>
      <testsuite name="Tests\Results::testGetSearchResult" tests="1" assertions="3" errors="0" failures="0" skipped="0" time="0.001459">
        <testcase name="testGetSearchResult with data set #0" class="Tests\Results" classname="Tests.Results" file="/opt/project/tests/bo/ResultsTest.php" line="500" assertions="3" time="0.001459"/>
      </testsuite>
      <testsuite name="Tests\Results::testGetWinningTimes" tests="1" assertions="3" errors="0" failures="0" skipped="0" time="0.003686">
        <testcase name="testGetWinningTimes with data set #0" class="Tests\Results" classname="Tests.Results" file="/opt/project/tests/bo/ResultsTest.php" line="588" assertions="3" time="0.003686"/>
      </testsuite>
      <testsuite name="Tests\Results::testAddFavorites" tests="4" assertions="12" errors="0" failures="0" skipped="0" time="0.009732">
        <testcase name="testAddFavorites with data set &quot;withOneRunner2ndFavourite&quot;" class="Tests\Results" classname="Tests.Results" file="/opt/project/tests/bo/ResultsTest.php" line="738" assertions="3" time="0.001747"/>
        <testcase name="testAddFavorites with data set &quot;withTwoRunners2ndFavourite&quot;" class="Tests\Results" classname="Tests.Results" file="/opt/project/tests/bo/ResultsTest.php" line="738" assertions="3" time="0.003151"/>
        <testcase name="testAddFavorites with data set &quot;withTwoOrMoreRunnersWithLowestOdds&quot;" class="Tests\Results" classname="Tests.Results" file="/opt/project/tests/bo/ResultsTest.php" line="738" assertions="3" time="0.002403"/>
        <testcase name="testAddFavorites with data set &quot;withThreeOrMoreRunners2ndFavourite&quot;" class="Tests\Results" classname="Tests.Results" file="/opt/project/tests/bo/ResultsTest.php" line="738" assertions="3" time="0.002431"/>
      </testsuite>
    </testsuite>
    <testsuite name="Tests\Bo\SignpostsTest" file="/opt/project/tests/bo/SignpostsTest.php" tests="14" assertions="14" errors="0" failures="0" skipped="0" time="0.257111">
      <testsuite name="Tests\Bo\SignpostsTest::testGetSweetspots" tests="1" assertions="1" errors="0" failures="0" skipped="0" time="0.016323">
        <testcase name="testGetSweetspots with data set #0" class="Tests\Bo\SignpostsTest" classname="Tests.Bo.SignpostsTest" file="/opt/project/tests/bo/SignpostsTest.php" line="16" assertions="1" time="0.016323"/>
      </testsuite>
      <testsuite name="Tests\Bo\SignpostsTest::testGetHotTrainers" tests="1" assertions="1" errors="0" failures="0" skipped="0" time="0.019061">
        <testcase name="testGetHotTrainers with data set #0" class="Tests\Bo\SignpostsTest" classname="Tests.Bo.SignpostsTest" file="/opt/project/tests/bo/SignpostsTest.php" line="104" assertions="1" time="0.019061"/>
      </testsuite>
      <testsuite name="Tests\Bo\SignpostsTest::testGetHotJockeys" tests="1" assertions="1" errors="0" failures="0" skipped="0" time="0.019349">
        <testcase name="testGetHotJockeys with data set #0" class="Tests\Bo\SignpostsTest" classname="Tests.Bo.SignpostsTest" file="/opt/project/tests/bo/SignpostsTest.php" line="217" assertions="1" time="0.019349"/>
      </testsuite>
      <testsuite name="Tests\Bo\SignpostsTest::testGetCourseJockeys" tests="1" assertions="1" errors="0" failures="0" skipped="0" time="0.021762">
        <testcase name="testGetCourseJockeys with data set #0" class="Tests\Bo\SignpostsTest" classname="Tests.Bo.SignpostsTest" file="/opt/project/tests/bo/SignpostsTest.php" line="320" assertions="1" time="0.021762"/>
      </testsuite>
      <testsuite name="Tests\Bo\SignpostsTest::testGetCourseTrainers" tests="1" assertions="1" errors="0" failures="0" skipped="0" time="0.018933">
        <testcase name="testGetCourseTrainers with data set #0" class="Tests\Bo\SignpostsTest" classname="Tests.Bo.SignpostsTest" file="/opt/project/tests/bo/SignpostsTest.php" line="442" assertions="1" time="0.018933"/>
      </testsuite>
      <testsuite name="Tests\Bo\SignpostsTest::testGetTrainersJockeys" tests="1" assertions="1" errors="0" failures="0" skipped="0" time="0.018614">
        <testcase name="testGetTrainersJockeys with data set #0" class="Tests\Bo\SignpostsTest" classname="Tests.Bo.SignpostsTest" file="/opt/project/tests/bo/SignpostsTest.php" line="564" assertions="1" time="0.018614"/>
      </testsuite>
      <testsuite name="Tests\Bo\SignpostsTest::testGetHorsesForCourses" tests="1" assertions="1" errors="0" failures="0" skipped="0" time="0.012059">
        <testcase name="testGetHorsesForCourses with data set #0" class="Tests\Bo\SignpostsTest" classname="Tests.Bo.SignpostsTest" file="/opt/project/tests/bo/SignpostsTest.php" line="670" assertions="1" time="0.012059"/>
      </testsuite>
      <testsuite name="Tests\Bo\SignpostsTest::testGetTopUpcomingRpr" tests="1" assertions="1" errors="0" failures="0" skipped="0" time="0.043923">
        <testcase name="testGetTopUpcomingRpr with data set #0" class="Tests\Bo\SignpostsTest" classname="Tests.Bo.SignpostsTest" file="/opt/project/tests/bo/SignpostsTest.php" line="738" assertions="1" time="0.043923"/>
      </testsuite>
      <testsuite name="Tests\Bo\SignpostsTest::testGetAheadOfHandicapper" tests="1" assertions="1" errors="0" failures="0" skipped="0" time="0.014555">
        <testcase name="testGetAheadOfHandicapper with data set #0" class="Tests\Bo\SignpostsTest" classname="Tests.Bo.SignpostsTest" file="/opt/project/tests/bo/SignpostsTest.php" line="893" assertions="1" time="0.014555"/>
      </testsuite>
      <testsuite name="Tests\Bo\SignpostsTest::testGetSevenDayWinners" tests="1" assertions="1" errors="0" failures="0" skipped="0" time="0.018118">
        <testcase name="testGetSevenDayWinners with data set #0" class="Tests\Bo\SignpostsTest" classname="Tests.Bo.SignpostsTest" file="/opt/project/tests/bo/SignpostsTest.php" line="983" assertions="1" time="0.018118"/>
      </testsuite>
      <testsuite name="Tests\Bo\SignpostsTest::testGetTravellersCheck" tests="1" assertions="1" errors="0" failures="0" skipped="0" time="0.033222">
        <testcase name="testGetTravellersCheck with data set #0" class="Tests\Bo\SignpostsTest" classname="Tests.Bo.SignpostsTest" file="/opt/project/tests/bo/SignpostsTest.php" line="1074" assertions="1" time="0.033222"/>
      </testsuite>
      <testsuite name="Tests\Bo\SignpostsTest::testGetFirstTimeBlinkers" tests="1" assertions="1" errors="0" failures="0" skipped="0" time="0.014012">
        <testcase name="testGetFirstTimeBlinkers with data set #0" class="Tests\Bo\SignpostsTest" classname="Tests.Bo.SignpostsTest" file="/opt/project/tests/bo/SignpostsTest.php" line="1219" assertions="1" time="0.014012"/>
      </testsuite>
      <testsuite name="Tests\Bo\SignpostsTest::testBuildListForMobile" tests="2" assertions="2" errors="0" failures="0" skipped="0" time="0.007180">
        <testcase name="testBuildListForMobile with data set #0" class="Tests\Bo\SignpostsTest" classname="Tests.Bo.SignpostsTest" file="/opt/project/tests/bo/SignpostsTest.php" line="1306" assertions="1" time="0.003572"/>
        <testcase name="testBuildListForMobile with data set #1" class="Tests\Bo\SignpostsTest" classname="Tests.Bo.SignpostsTest" file="/opt/project/tests/bo/SignpostsTest.php" line="1306" assertions="1" time="0.003608"/>
      </testsuite>
    </testsuite>
    <testsuite name="Tests\Bo\StakesData\HorseTest" file="/opt/project/tests/bo/StakesData/HorseTest.php" tests="2" assertions="2" errors="0" failures="0" skipped="0" time="0.012839">
      <testsuite name="Tests\Bo\StakesData\HorseTest::testGetData" tests="1" assertions="1" errors="0" failures="0" skipped="0" time="0.009888">
        <testcase name="testGetData with data set #0" class="Tests\Bo\StakesData\HorseTest" classname="Tests.Bo.StakesData.HorseTest" file="/opt/project/tests/bo/StakesData/HorseTest.php" line="23" assertions="1" time="0.009888"/>
      </testsuite>
      <testsuite name="Tests\Bo\StakesData\HorseTest::testGetCurrentSeason" tests="1" assertions="1" errors="0" failures="0" skipped="0" time="0.002951">
        <testcase name="testGetCurrentSeason with data set #0" class="Tests\Bo\StakesData\HorseTest" classname="Tests.Bo.StakesData.HorseTest" file="/opt/project/tests/bo/StakesData/HorseTest.php" line="94" assertions="1" time="0.002951"/>
      </testsuite>
    </testsuite>
    <testsuite name="Tests\Bo\StakesData\JockeyTest" file="/opt/project/tests/bo/StakesData/JockeyTest.php" tests="2" assertions="2" errors="0" failures="0" skipped="0" time="0.013468">
      <testsuite name="Tests\Bo\StakesData\JockeyTest::testGetData" tests="1" assertions="1" errors="0" failures="0" skipped="0" time="0.010411">
        <testcase name="testGetData with data set #0" class="Tests\Bo\StakesData\JockeyTest" classname="Tests.Bo.StakesData.JockeyTest" file="/opt/project/tests/bo/StakesData/JockeyTest.php" line="15" assertions="1" time="0.010411"/>
      </testsuite>
      <testsuite name="Tests\Bo\StakesData\JockeyTest::testGetCurrentSeason" tests="1" assertions="1" errors="0" failures="0" skipped="0" time="0.003057">
        <testcase name="testGetCurrentSeason with data set #0" class="Tests\Bo\StakesData\JockeyTest" classname="Tests.Bo.StakesData.JockeyTest" file="/opt/project/tests/bo/StakesData/JockeyTest.php" line="86" assertions="1" time="0.003057"/>
      </testsuite>
    </testsuite>
    <testsuite name="Tests\Bo\StakesData\TrainerTest" file="/opt/project/tests/bo/StakesData/TrainerTest.php" tests="2" assertions="2" errors="0" failures="0" skipped="0" time="0.012676">
      <testsuite name="Tests\Bo\StakesData\TrainerTest::testGetData" tests="1" assertions="1" errors="0" failures="0" skipped="0" time="0.009320">
        <testcase name="testGetData with data set #0" class="Tests\Bo\StakesData\TrainerTest" classname="Tests.Bo.StakesData.TrainerTest" file="/opt/project/tests/bo/StakesData/TrainerTest.php" line="15" assertions="1" time="0.009320"/>
      </testsuite>
      <testsuite name="Tests\Bo\StakesData\TrainerTest::testGetCurrentSeason" tests="1" assertions="1" errors="0" failures="0" skipped="0" time="0.003356">
        <testcase name="testGetCurrentSeason with data set #0" class="Tests\Bo\StakesData\TrainerTest" classname="Tests.Bo.StakesData.TrainerTest" file="/opt/project/tests/bo/StakesData/TrainerTest.php" line="86" assertions="1" time="0.003356"/>
      </testsuite>
    </testsuite>
    <testsuite name="Tests\Bo\TotePredictor\JackpotTest" file="/opt/project/tests/bo/TotePredictor/JackpotTest.php" tests="1" assertions="1" errors="0" failures="0" skipped="0" time="0.057898">
      <testsuite name="Tests\Bo\TotePredictor\JackpotTest::testGetData" tests="1" assertions="1" errors="0" failures="0" skipped="0" time="0.057898">
        <testcase name="testGetData with data set #0" class="Tests\Bo\TotePredictor\JackpotTest" classname="Tests.Bo.TotePredictor.JackpotTest" file="/opt/project/tests/bo/TotePredictor/JackpotTest.php" line="22" assertions="1" time="0.057898"/>
      </testsuite>
    </testsuite>
    <testsuite name="Tests\Bo\TotePredictor\MeetingTest" file="/opt/project/tests/bo/TotePredictor/MeetingTest.php" tests="1" assertions="1" errors="0" failures="0" skipped="0" time="0.053900">
      <testsuite name="Tests\Bo\TotePredictor\MeetingTest::testGetData" tests="1" assertions="1" errors="0" failures="0" skipped="0" time="0.053900">
        <testcase name="testGetData with data set #0" class="Tests\Bo\TotePredictor\MeetingTest" classname="Tests.Bo.TotePredictor.MeetingTest" file="/opt/project/tests/bo/TotePredictor/MeetingTest.php" line="23" assertions="1" time="0.053900"/>
      </testsuite>
    </testsuite>
    <testsuite name="Tests\Bo\TotePredictor\RaceTest" file="/opt/project/tests/bo/TotePredictor/RaceTest.php" tests="3" assertions="3" errors="0" failures="0" skipped="0" time="0.054017">
      <testsuite name="Tests\Bo\TotePredictor\RaceTest::testGetData" tests="3" assertions="3" errors="0" failures="0" skipped="0" time="0.054017">
        <testcase name="testGetData with data set #0" class="Tests\Bo\TotePredictor\RaceTest" classname="Tests.Bo.TotePredictor.RaceTest" file="/opt/project/tests/bo/TotePredictor/RaceTest.php" line="23" assertions="1" time="0.046970"/>
        <testcase name="testGetData with data set #1" class="Tests\Bo\TotePredictor\RaceTest" classname="Tests.Bo.TotePredictor.RaceTest" file="/opt/project/tests/bo/TotePredictor/RaceTest.php" line="23" assertions="1" time="0.004597"/>
        <testcase name="testGetData with data set #2" class="Tests\Bo\TotePredictor\RaceTest" classname="Tests.Bo.TotePredictor.RaceTest" file="/opt/project/tests/bo/TotePredictor/RaceTest.php" line="23" assertions="1" time="0.002450"/>
      </testsuite>
    </testsuite>
    <testsuite name="Tests\Bo\TotePredictor\Scoop6Test" file="/opt/project/tests/bo/TotePredictor/Scoop6Test.php" tests="1" assertions="1" errors="0" failures="0" skipped="0" time="0.054638">
      <testsuite name="Tests\Bo\TotePredictor\Scoop6Test::testGetData" tests="1" assertions="1" errors="0" failures="0" skipped="0" time="0.054638">
        <testcase name="testGetData with data set #0" class="Tests\Bo\TotePredictor\Scoop6Test" classname="Tests.Bo.TotePredictor.Scoop6Test" file="/opt/project/tests/bo/TotePredictor/Scoop6Test.php" line="23" assertions="1" time="0.054638"/>
      </testsuite>
    </testsuite>
    <testsuite name="Tests\Bo\TrainerProfileTest" file="/opt/project/tests/bo/TrainerProfileTest.php" tests="15" assertions="27" errors="0" failures="0" skipped="0" time="0.322595">
      <testsuite name="Tests\Bo\TrainerProfileTest::testGetSinceAWin" tests="1" assertions="3" errors="0" failures="0" skipped="0" time="0.002377">
        <testcase name="testGetSinceAWin with data set #0" class="Tests\Bo\TrainerProfileTest" classname="Tests.Bo.TrainerProfileTest" file="/opt/project/tests/bo/TrainerProfileTest.php" line="20" assertions="3" time="0.002377"/>
      </testsuite>
      <testsuite name="Tests\Bo\TrainerProfileTest::testGetRunningToForm" tests="1" assertions="1" errors="0" failures="0" skipped="0" time="0.002771">
        <testcase name="testGetRunningToForm with data set #0" class="Tests\Bo\TrainerProfileTest" classname="Tests.Bo.TrainerProfileTest" file="/opt/project/tests/bo/TrainerProfileTest.php" line="83" assertions="1" time="0.002771"/>
      </testsuite>
      <testsuite name="Tests\Bo\TrainerProfileTest::testGetBigRaceWins" tests="1" assertions="3" errors="0" failures="0" skipped="0" time="0.003228">
        <testcase name="testGetBigRaceWins with data set #0" class="Tests\Bo\TrainerProfileTest" classname="Tests.Bo.TrainerProfileTest" file="/opt/project/tests/bo/TrainerProfileTest.php" line="99" assertions="3" time="0.003228"/>
      </testsuite>
      <testsuite name="Tests\Bo\TrainerProfileTest::testGetLast14Days" tests="1" assertions="3" errors="0" failures="0" skipped="0" time="0.003960">
        <testcase name="testGetLast14Days with data set #0" class="Tests\Bo\TrainerProfileTest" classname="Tests.Bo.TrainerProfileTest" file="/opt/project/tests/bo/TrainerProfileTest.php" line="222" assertions="3" time="0.003960"/>
      </testsuite>
      <testsuite name="Tests\Bo\TrainerProfileTest::testGetEntries" tests="1" assertions="3" errors="0" failures="0" skipped="0" time="0.001902">
        <testcase name="testGetEntries with data set #0" class="Tests\Bo\TrainerProfileTest" classname="Tests.Bo.TrainerProfileTest" file="/opt/project/tests/bo/TrainerProfileTest.php" line="367" assertions="3" time="0.001902"/>
      </testsuite>
      <testsuite name="Tests\Bo\TrainerProfileTest::testGetStatisticalSummary" tests="2" assertions="2" errors="0" failures="0" skipped="0" time="0.027836">
        <testcase name="testGetStatisticalSummary with data set #0" class="Tests\Bo\TrainerProfileTest" classname="Tests.Bo.TrainerProfileTest" file="/opt/project/tests/bo/TrainerProfileTest.php" line="455" assertions="1" time="0.008751"/>
        <testcase name="testGetStatisticalSummary with data set #1" class="Tests\Bo\TrainerProfileTest" classname="Tests.Bo.TrainerProfileTest" file="/opt/project/tests/bo/TrainerProfileTest.php" line="455" assertions="1" time="0.019085"/>
      </testsuite>
      <testsuite name="Tests\Bo\TrainerProfileTest::testGetStatistics" tests="5" assertions="5" errors="0" failures="0" skipped="0" time="0.266257">
        <testcase name="testGetStatistics with data set #0" class="Tests\Bo\TrainerProfileTest" classname="Tests.Bo.TrainerProfileTest" file="/opt/project/tests/bo/TrainerProfileTest.php" line="629" assertions="1" time="0.044766"/>
        <testcase name="testGetStatistics with data set #1" class="Tests\Bo\TrainerProfileTest" classname="Tests.Bo.TrainerProfileTest" file="/opt/project/tests/bo/TrainerProfileTest.php" line="629" assertions="1" time="0.007774"/>
        <testcase name="testGetStatistics with data set #2" class="Tests\Bo\TrainerProfileTest" classname="Tests.Bo.TrainerProfileTest" file="/opt/project/tests/bo/TrainerProfileTest.php" line="629" assertions="1" time="0.028389"/>
        <testcase name="testGetStatistics with data set #3" class="Tests\Bo\TrainerProfileTest" classname="Tests.Bo.TrainerProfileTest" file="/opt/project/tests/bo/TrainerProfileTest.php" line="629" assertions="1" time="0.120116"/>
        <testcase name="testGetStatistics with data set #4" class="Tests\Bo\TrainerProfileTest" classname="Tests.Bo.TrainerProfileTest" file="/opt/project/tests/bo/TrainerProfileTest.php" line="629" assertions="1" time="0.065212"/>
      </testsuite>
      <testsuite name="Tests\Bo\TrainerProfileTest::testGetTrainer" tests="1" assertions="1" errors="0" failures="0" skipped="0" time="0.010257">
        <testcase name="testGetTrainer with data set #0" class="Tests\Bo\TrainerProfileTest" classname="Tests.Bo.TrainerProfileTest" file="/opt/project/tests/bo/TrainerProfileTest.php" line="1913" assertions="1" time="0.010257"/>
      </testsuite>
      <testsuite name="Tests\Bo\TrainerProfileTest::testGetSeasonDefaultValues" tests="1" assertions="3" errors="0" failures="0" skipped="0" time="0.000851">
        <testcase name="testGetSeasonDefaultValues with data set #0" class="Tests\Bo\TrainerProfileTest" classname="Tests.Bo.TrainerProfileTest" file="/opt/project/tests/bo/TrainerProfileTest.php" line="1983" assertions="3" time="0.000851"/>
      </testsuite>
      <testsuite name="Tests\Bo\TrainerProfileTest::testGetResults" tests="1" assertions="3" errors="0" failures="0" skipped="0" time="0.003156">
        <testcase name="testGetResults with data set #0" class="Tests\Bo\TrainerProfileTest" classname="Tests.Bo.TrainerProfileTest" file="/opt/project/tests/bo/TrainerProfileTest.php" line="2026" assertions="3" time="0.003156"/>
      </testsuite>
    </testsuite>
    <testsuite name="Tests\Bo\VideoProvidersTest" file="/opt/project/tests/bo/VideoProvidersTest.php" tests="1" assertions="1" errors="0" failures="0" skipped="0" time="0.010592">
      <testsuite name="Tests\Bo\VideoProvidersTest::testGetDetails" tests="1" assertions="1" errors="0" failures="0" skipped="0" time="0.010592">
        <testcase name="testGetDetails with data set #0" class="Tests\Bo\VideoProvidersTest" classname="Tests.Bo.VideoProvidersTest" file="/opt/project/tests/bo/VideoProvidersTest.php" line="15" assertions="1" time="0.010592"/>
      </testsuite>
    </testsuite>
    <testsuite name="Tests\Controllers\Horses\Ads\SuccessBoxes\Test" file="/opt/project/tests/controllers/Ads/SuccessBoxes/Test.php" tests="1" assertions="1" errors="0" failures="0" skipped="0" time="0.874885">
      <testcase name="testRoute" class="Tests\Controllers\Horses\Ads\SuccessBoxes\Test" classname="Tests.Controllers.Horses.Ads.SuccessBoxes.Test" file="/opt/project/tests/controllers/Ads/SuccessBoxes/Test.php" line="31" assertions="1" time="0.874885"/>
    </testsuite>
    <testsuite name="Tests\Controllers\Horses\AdPrompts\NextRace\Test" file="/opt/project/tests/controllers/Horses/AdPrompts/NextRace/Test.php" tests="1" assertions="1" errors="0" failures="0" skipped="0" time="2.964533">
      <testcase name="testRoute" class="Tests\Controllers\Horses\AdPrompts\NextRace\Test" classname="Tests.Controllers.Horses.AdPrompts.NextRace.Test" file="/opt/project/tests/controllers/Horses/AdPrompts/NextRace/Test.php" line="31" assertions="1" time="2.964533"/>
    </testsuite>
    <testsuite name="Tests\Controllers\Horses\Bloodstock\Dam\DamList\General\Test" file="/opt/project/tests/controllers/Horses/Bloodstock/Dam/DamList/General/Test.php" tests="1" assertions="1" errors="0" failures="0" skipped="0" time="0.121266">
      <testcase name="testRoute" class="Tests\Controllers\Horses\Bloodstock\Dam\DamList\General\Test" classname="Tests.Controllers.Horses.Bloodstock.Dam.DamList.General.Test" file="/opt/project/tests/controllers/Horses/Bloodstock/Dam/DamList/General/Test.php" line="31" assertions="1" time="0.121266"/>
    </testsuite>
    <testsuite name="Tests\Controllers\Horses\Bloodstock\Dam\DamList\WithParams\DamListDeseased\False\Test" file="/opt/project/tests/controllers/Horses/Bloodstock/Dam/DamList/WithParams/DamListDeceased/False/Test.php" tests="1" assertions="1" errors="0" failures="0" skipped="0" time="0.180402">
      <testcase name="testRoute" class="Tests\Controllers\Horses\Bloodstock\Dam\DamList\WithParams\DamListDeseased\False\Test" classname="Tests.Controllers.Horses.Bloodstock.Dam.DamList.WithParams.DamListDeseased.False.Test" file="/opt/project/tests/controllers/Horses/Bloodstock/Dam/DamList/WithParams/DamListDeceased/False/Test.php" line="31" assertions="1" time="0.180402"/>
    </testsuite>
    <testsuite name="Tests\Controllers\Horses\Bloodstock\Dam\DamList\WithParams\DamListDeseased\True\Test" file="/opt/project/tests/controllers/Horses/Bloodstock/Dam/DamList/WithParams/DamListDeceased/True/Test.php" tests="1" assertions="1" errors="0" failures="0" skipped="0" time="0.159952">
      <testcase name="testRoute" class="Tests\Controllers\Horses\Bloodstock\Dam\DamList\WithParams\DamListDeseased\True\Test" classname="Tests.Controllers.Horses.Bloodstock.Dam.DamList.WithParams.DamListDeseased.True.Test" file="/opt/project/tests/controllers/Horses/Bloodstock/Dam/DamList/WithParams/DamListDeceased/True/Test.php" line="31" assertions="1" time="0.159952"/>
    </testsuite>
    <testsuite name="Tests\Controllers\Horses\Bloodstock\Dam\DamList\WithParams\Test" file="/opt/project/tests/controllers/Horses/Bloodstock/Dam/DamList/WithParams/Test.php" tests="1" assertions="1" errors="0" failures="0" skipped="0" time="0.130731">
      <testcase name="testRoute" class="Tests\Controllers\Horses\Bloodstock\Dam\DamList\WithParams\Test" classname="Tests.Controllers.Horses.Bloodstock.Dam.DamList.WithParams.Test" file="/opt/project/tests/controllers/Horses/Bloodstock/Dam/DamList/WithParams/Test.php" line="31" assertions="1" time="0.130731"/>
    </testsuite>
    <testsuite name="Tests\Controllers\Horses\Bloodstock\Stallion\DamSireProgenyHorses\General\Test" file="/opt/project/tests/controllers/Horses/Bloodstock/Stallion/DamSireProgenyHorses/General/Test.php" tests="1" assertions="1" errors="0" failures="0" skipped="0" time="1.492480">
      <testcase name="testRoute" class="Tests\Controllers\Horses\Bloodstock\Stallion\DamSireProgenyHorses\General\Test" classname="Tests.Controllers.Horses.Bloodstock.Stallion.DamSireProgenyHorses.General.Test" file="/opt/project/tests/controllers/Horses/Bloodstock/Stallion/DamSireProgenyHorses/General/Test.php" line="31" assertions="1" time="1.492480"/>
    </testsuite>
    <testsuite name="Tests\Controllers\Horses\Bloodstock\Stallion\DamSireProgenyHorses\WithParams\Test" file="/opt/project/tests/controllers/Horses/Bloodstock/Stallion/DamSireProgenyHorses/WithParams/Test.php" tests="1" assertions="1" errors="0" failures="0" skipped="0" time="0.406381">
      <testcase name="testRoute" class="Tests\Controllers\Horses\Bloodstock\Stallion\DamSireProgenyHorses\WithParams\Test" classname="Tests.Controllers.Horses.Bloodstock.Stallion.DamSireProgenyHorses.WithParams.Test" file="/opt/project/tests/controllers/Horses/Bloodstock/Stallion/DamSireProgenyHorses/WithParams/Test.php" line="31" assertions="1" time="0.406381"/>
    </testsuite>
    <testsuite name="Tests\Controllers\Horses\Bloodstock\Stallion\DamSireSeasonsAvailable\Test" file="/opt/project/tests/controllers/Horses/Bloodstock/Stallion/DamSireSeasonsAvailable/Test.php" tests="1" assertions="1" errors="0" failures="0" skipped="0" time="0.281480">
      <testcase name="testRoute" class="Tests\Controllers\Horses\Bloodstock\Stallion\DamSireSeasonsAvailable\Test" classname="Tests.Controllers.Horses.Bloodstock.Stallion.DamSireSeasonsAvailable.Test" file="/opt/project/tests/controllers/Horses/Bloodstock/Stallion/DamSireSeasonsAvailable/Test.php" line="31" assertions="1" time="0.281480"/>
    </testsuite>
    <testsuite name="Tests\Controllers\Horses\Bloodstock\Stallion\Nick\Test" file="/opt/project/tests/controllers/Horses/Bloodstock/Stallion/Nick/Test.php" tests="1" assertions="1" errors="0" failures="0" skipped="0" time="0.320415">
      <testcase name="testRoute" class="Tests\Controllers\Horses\Bloodstock\Stallion\Nick\Test" classname="Tests.Controllers.Horses.Bloodstock.Stallion.Nick.Test" file="/opt/project/tests/controllers/Horses/Bloodstock/Stallion/Nick/Test.php" line="31" assertions="1" time="0.320415"/>
    </testsuite>
    <testsuite name="Tests\Controllers\Horses\Bloodstock\Stallion\ProgenyHorses\General\Test" file="/opt/project/tests/controllers/Horses/Bloodstock/Stallion/ProgenyHorses/General/Test.php" tests="1" assertions="1" errors="0" failures="0" skipped="0" time="0.481170">
      <testcase name="testRoute" class="Tests\Controllers\Horses\Bloodstock\Stallion\ProgenyHorses\General\Test" classname="Tests.Controllers.Horses.Bloodstock.Stallion.ProgenyHorses.General.Test" file="/opt/project/tests/controllers/Horses/Bloodstock/Stallion/ProgenyHorses/General/Test.php" line="31" assertions="1" time="0.481170"/>
    </testsuite>
    <testsuite name="Tests\Controllers\Horses\Bloodstock\Stallion\ProgenyHorses\WithParams\Test" file="/opt/project/tests/controllers/Horses/Bloodstock/Stallion/ProgenyHorses/WithParams/Test.php" tests="1" assertions="1" errors="0" failures="0" skipped="0" time="0.310892">
      <testcase name="testRoute" class="Tests\Controllers\Horses\Bloodstock\Stallion\ProgenyHorses\WithParams\Test" classname="Tests.Controllers.Horses.Bloodstock.Stallion.ProgenyHorses.WithParams.Test" file="/opt/project/tests/controllers/Horses/Bloodstock/Stallion/ProgenyHorses/WithParams/Test.php" line="31" assertions="1" time="0.310892"/>
    </testsuite>
    <testsuite name="Tests\Controllers\Horses\Bloodstock\Stallion\ProgenyResults\Main\Test" file="/opt/project/tests/controllers/Horses/Bloodstock/Stallion/ProgenyResults/Main/Test.php" tests="1" assertions="1" errors="0" failures="0" skipped="0" time="0.570094">
      <testcase name="testRoute" class="Tests\Controllers\Horses\Bloodstock\Stallion\ProgenyResults\Main\Test" classname="Tests.Controllers.Horses.Bloodstock.Stallion.ProgenyResults.Main.Test" file="/opt/project/tests/controllers/Horses/Bloodstock/Stallion/ProgenyResults/Main/Test.php" line="31" assertions="1" time="0.570094"/>
    </testsuite>
    <testsuite name="Tests\Controllers\Horses\Bloodstock\Stallion\ProgenyResults\WithParams\Test" file="/opt/project/tests/controllers/Horses/Bloodstock/Stallion/ProgenyResults/WithParams/Test.php" tests="1" assertions="1" errors="0" failures="0" skipped="0" time="0.643115">
      <testcase name="testRoute" class="Tests\Controllers\Horses\Bloodstock\Stallion\ProgenyResults\WithParams\Test" classname="Tests.Controllers.Horses.Bloodstock.Stallion.ProgenyResults.WithParams.Test" file="/opt/project/tests/controllers/Horses/Bloodstock/Stallion/ProgenyResults/WithParams/Test.php" line="31" assertions="1" time="0.643115"/>
    </testsuite>
    <testsuite name="Tests\Controllers\Horses\Bloodstock\Stallion\ProgenyStatistics\Test" file="/opt/project/tests/controllers/Horses/Bloodstock/Stallion/ProgenyStatistics/Test.php" tests="1" assertions="1" errors="0" failures="0" skipped="0" time="0.205948">
      <testcase name="testRoute" class="Tests\Controllers\Horses\Bloodstock\Stallion\ProgenyStatistics\Test" classname="Tests.Controllers.Horses.Bloodstock.Stallion.ProgenyStatistics.Test" file="/opt/project/tests/controllers/Horses/Bloodstock/Stallion/ProgenyStatistics/Test.php" line="31" assertions="1" time="0.205948"/>
    </testsuite>
    <testsuite name="Tests\Controllers\Horses\Bloodstock\Stallion\SeasonsAvailable\Test" file="/opt/project/tests/controllers/Horses/Bloodstock/Stallion/SeasonsAvailable/Test.php" tests="1" assertions="1" errors="0" failures="0" skipped="0" time="0.258456">
      <testcase name="testRoute" class="Tests\Controllers\Horses\Bloodstock\Stallion\SeasonsAvailable\Test" classname="Tests.Controllers.Horses.Bloodstock.Stallion.SeasonsAvailable.Test" file="/opt/project/tests/controllers/Horses/Bloodstock/Stallion/SeasonsAvailable/Test.php" line="31" assertions="1" time="0.258456"/>
    </testsuite>
    <testsuite name="Tests\Controllers\Horses\Form\PostRaceTest\Test" file="/opt/project/tests/controllers/Horses/Form/PostRaceTest/Test.php" tests="1" assertions="1" errors="0" failures="0" skipped="0" time="1.899130">
      <testcase name="testRoute" class="Tests\Controllers\Horses\Form\PostRaceTest\Test" classname="Tests.Controllers.Horses.Form.PostRaceTest.Test" file="/opt/project/tests/controllers/Horses/Form/PostRaceTest/Test.php" line="31" assertions="1" time="1.899130"/>
    </testsuite>
    <testsuite name="Tests\Controllers\Horses\Form\PreRaceTest\Test" file="/opt/project/tests/controllers/Horses/Form/PreRaceTest/Test.php" tests="1" assertions="1" errors="0" failures="0" skipped="0" time="1.809867">
      <testcase name="testRoute" class="Tests\Controllers\Horses\Form\PreRaceTest\Test" classname="Tests.Controllers.Horses.Form.PreRaceTest.Test" file="/opt/project/tests/controllers/Horses/Form/PreRaceTest/Test.php" line="31" assertions="1" time="1.809867"/>
    </testsuite>
    <testsuite name="Tests\Controllers\Horses\HeadToHead\Index\Test" file="/opt/project/tests/controllers/Horses/HeadToHead/Index/Test.php" tests="1" assertions="1" errors="0" failures="0" skipped="0" time="0.610051">
      <testcase name="testRoute" class="Tests\Controllers\Horses\HeadToHead\Index\Test" classname="Tests.Controllers.Horses.HeadToHead.Index.Test" file="/opt/project/tests/controllers/Horses/HeadToHead/Index/Test.php" line="31" assertions="1" time="0.610051"/>
    </testsuite>
    <testsuite name="Tests\Controllers\Horses\LookupTable\CourseList\Test" file="/opt/project/tests/controllers/Horses/LookupTable/CourseList/Test.php" tests="1" assertions="1" errors="0" failures="0" skipped="0" time="0.094089">
      <testcase name="testRoute" class="Tests\Controllers\Horses\LookupTable\CourseList\Test" classname="Tests.Controllers.Horses.LookupTable.CourseList.Test" file="/opt/project/tests/controllers/Horses/LookupTable/CourseList/Test.php" line="31" assertions="1" time="0.094089"/>
    </testsuite>
    <testsuite name="Tests\Controllers\Horses\LookupTable\HorseHeadGear\Test" file="/opt/project/tests/controllers/Horses/LookupTable/HorseHeadGear/Test.php" tests="1" assertions="1" errors="0" failures="0" skipped="0" time="0.111236">
      <testcase name="testRoute" class="Tests\Controllers\Horses\LookupTable\HorseHeadGear\Test" classname="Tests.Controllers.Horses.LookupTable.HorseHeadGear.Test" file="/opt/project/tests/controllers/Horses/LookupTable/HorseHeadGear/Test.php" line="31" assertions="1" time="0.111236"/>
    </testsuite>
    <testsuite name="Tests\Controllers\Horses\Meetings\MeetingsFieldMeetingType\Test" file="/opt/project/tests/controllers/Horses/Meetings/MeetingsFieldMeetingType/Test.php" tests="1" assertions="1" errors="0" failures="0" skipped="0" time="0.690906">
      <testcase name="testRoute" class="Tests\Controllers\Horses\Meetings\MeetingsFieldMeetingType\Test" classname="Tests.Controllers.Horses.Meetings.MeetingsFieldMeetingType.Test" file="/opt/project/tests/controllers/Horses/Meetings/MeetingsFieldMeetingType/Test.php" line="31" assertions="1" time="0.690906"/>
    </testsuite>
    <testsuite name="Tests\Controllers\Horses\Meetings\Test" file="/opt/project/tests/controllers/Horses/Meetings/Test.php" tests="1" assertions="1" errors="0" failures="0" skipped="0" time="0.826796">
      <testcase name="testRoute" class="Tests\Controllers\Horses\Meetings\Test" classname="Tests.Controllers.Horses.Meetings.Test" file="/opt/project/tests/controllers/Horses/Meetings/Test.php" line="31" assertions="1" time="0.826796"/>
    </testsuite>
    <testsuite name="Tests\Controllers\Horses\Meetings\WeatherConditions\WeatherConditionsTest" file="/opt/project/tests/controllers/Horses/Meetings/WeatherConditions/WeatherConditionsTest.php" tests="1" assertions="1" errors="0" failures="0" skipped="0" time="0.110372">
      <testcase name="testRoute" class="Tests\Controllers\Horses\Meetings\WeatherConditions\WeatherConditionsTest" classname="Tests.Controllers.Horses.Meetings.WeatherConditions.WeatherConditionsTest" file="/opt/project/tests/controllers/Horses/Meetings/WeatherConditions/WeatherConditionsTest.php" line="31" assertions="1" time="0.110372"/>
    </testsuite>
    <testsuite name="Tests\Controllers\Horses\NapsTableForm\RecentForm\Test" file="/opt/project/tests/controllers/Horses/NapsTableForm/RecentForm/Test.php" tests="1" assertions="1" errors="0" failures="0" skipped="0" time="0.101079">
      <testcase name="testRoute" class="Tests\Controllers\Horses\NapsTableForm\RecentForm\Test" classname="Tests.Controllers.Horses.NapsTableForm.RecentForm.Test" file="/opt/project/tests/controllers/Horses/NapsTableForm/RecentForm/Test.php" line="31" assertions="1" time="0.101079"/>
    </testsuite>
    <testsuite name="Tests\Controllers\Horses\Native\Cards\BetToView\Test" file="/opt/project/tests/controllers/Horses/Native/Cards/BetToView/Test.php" tests="1" assertions="1" errors="0" failures="0" skipped="0" time="0.086159">
      <testcase name="testRoute" class="Tests\Controllers\Horses\Native\Cards\BetToView\Test" classname="Tests.Controllers.Horses.Native.Cards.BetToView.Test" file="/opt/project/tests/controllers/Horses/Native/Cards/BetToView/Test.php" line="31" assertions="1" time="0.086159"/>
    </testsuite>
    <testsuite name="Tests\Controllers\Horses\Native\Cards\BigRaces\Test" file="/opt/project/tests/controllers/Horses/Native/Cards/BigRaces/Test.php" tests="1" assertions="1" errors="0" failures="0" skipped="0" time="0.185564">
      <testcase name="testRoute" class="Tests\Controllers\Horses\Native\Cards\BigRaces\Test" classname="Tests.Controllers.Horses.Native.Cards.BigRaces.Test" file="/opt/project/tests/controllers/Horses/Native/Cards/BigRaces/Test.php" line="31" assertions="1" time="0.185564"/>
    </testsuite>
    <testsuite name="Tests\Controllers\Horses\Native\Cards\CardsList\Test" file="/opt/project/tests/controllers/Horses/Native/Cards/CardsList/Test.php" tests="1" assertions="1" errors="0" failures="0" skipped="0" time="0.270536">
      <testcase name="testRoute" class="Tests\Controllers\Horses\Native\Cards\CardsList\Test" classname="Tests.Controllers.Horses.Native.Cards.CardsList.Test" file="/opt/project/tests/controllers/Horses/Native/Cards/CardsList/Test.php" line="31" assertions="1" time="0.270536"/>
    </testsuite>
    <testsuite name="Tests\Controllers\Horses\Native\Cards\DateMenu\Test" file="/opt/project/tests/controllers/Horses/Native/Cards/DateMenu/Test.php" tests="1" assertions="1" errors="0" failures="0" skipped="0" time="0.101945">
      <testcase name="testRoute" class="Tests\Controllers\Horses\Native\Cards\DateMenu\Test" classname="Tests.Controllers.Horses.Native.Cards.DateMenu.Test" file="/opt/project/tests/controllers/Horses/Native/Cards/DateMenu/Test.php" line="31" assertions="1" time="0.101945"/>
    </testsuite>
    <testsuite name="Tests\Controllers\Horses\Native\Cards\Form\Test" file="/opt/project/tests/controllers/Horses/Native/Cards/Form/Test.php" tests="1" assertions="1" errors="0" failures="0" skipped="0" time="3.356920">
      <testcase name="testRoute" class="Tests\Controllers\Horses\Native\Cards\Form\Test" classname="Tests.Controllers.Horses.Native.Cards.Form.Test" file="/opt/project/tests/controllers/Horses/Native/Cards/Form/Test.php" line="31" assertions="1" time="3.356920"/>
    </testsuite>
    <testsuite name="Tests\Controllers\Horses\Native\Cards\FullCard\Test" file="/opt/project/tests/controllers/Horses/Native/Cards/FullCard/Test.php" tests="1" assertions="1" errors="0" failures="0" skipped="0" time="1.540423">
      <testcase name="testRoute" class="Tests\Controllers\Horses\Native\Cards\FullCard\Test" classname="Tests.Controllers.Horses.Native.Cards.FullCard.Test" file="/opt/project/tests/controllers/Horses/Native/Cards/FullCard/Test.php" line="31" assertions="1" time="1.540423"/>
    </testsuite>
    <testsuite name="Tests\Controllers\Horses\Native\Cards\NextRace\Test" file="/opt/project/tests/controllers/Horses/Native/Cards/NextRace/Test.php" tests="1" assertions="1" errors="0" failures="0" skipped="0" time="0.081886">
      <testcase name="testRoute" class="Tests\Controllers\Horses\Native\Cards\NextRace\Test" classname="Tests.Controllers.Horses.Native.Cards.NextRace.Test" file="/opt/project/tests/controllers/Horses/Native/Cards/NextRace/Test.php" line="31" assertions="1" time="0.081886"/>
    </testsuite>
    <testsuite name="Tests\Controllers\Horses\Native\Cards\Predictor\Race\Test" file="/opt/project/tests/controllers/Horses/Native/Cards/Predictor/Race/Test.php" tests="1" assertions="1" errors="0" failures="0" skipped="0" time="0.381257">
      <testcase name="testRoute" class="Tests\Controllers\Horses\Native\Cards\Predictor\Race\Test" classname="Tests.Controllers.Horses.Native.Cards.Predictor.Race.Test" file="/opt/project/tests/controllers/Horses/Native/Cards/Predictor/Race/Test.php" line="31" assertions="1" time="0.381257"/>
    </testsuite>
    <testsuite name="Tests\Controllers\Horses\Native\Cards\Tips\Test" file="/opt/project/tests/controllers/Horses/Native/Cards/Tips/Test.php" tests="1" assertions="1" errors="0" failures="0" skipped="0" time="0.371624">
      <testcase name="testRoute" class="Tests\Controllers\Horses\Native\Cards\Tips\Test" classname="Tests.Controllers.Horses.Native.Cards.Tips.Test" file="/opt/project/tests/controllers/Horses/Native/Cards/Tips/Test.php" line="31" assertions="1" time="0.371624"/>
    </testsuite>
    <testsuite name="Tests\Controllers\Horses\Native\Competitor\Test" file="/opt/project/tests/controllers/Horses/Native/Competitor/Test.php" tests="1" assertions="1" errors="0" failures="0" skipped="0" time="2.183697">
      <testcase name="testRoute" class="Tests\Controllers\Horses\Native\Competitor\Test" classname="Tests.Controllers.Horses.Native.Competitor.Test" file="/opt/project/tests/controllers/Horses/Native/Competitor/Test.php" line="31" assertions="1" time="2.183697"/>
    </testsuite>
    <testsuite name="Tests\Controllers\Horses\Native\Meetings\MeetingList\Test" file="/opt/project/tests/controllers/Horses/Native/Meetings/MeetingList/Test.php" tests="1" assertions="1" errors="0" failures="0" skipped="0" time="0.086776">
      <testcase name="testRoute" class="Tests\Controllers\Horses\Native\Meetings\MeetingList\Test" classname="Tests.Controllers.Horses.Native.Meetings.MeetingList.Test" file="/opt/project/tests/controllers/Horses/Native/Meetings/MeetingList/Test.php" line="31" assertions="1" time="0.086776"/>
    </testsuite>
    <testsuite name="Tests\Controllers\Horses\Native\Profiles\Horses\Search\Test" file="/opt/project/tests/controllers/Horses/Native/Profiles/Horses/Search/Test.php" tests="1" assertions="1" errors="0" failures="0" skipped="0" time="0.117212">
      <testcase name="testRoute" class="Tests\Controllers\Horses\Native\Profiles\Horses\Search\Test" classname="Tests.Controllers.Horses.Native.Profiles.Horses.Search.Test" file="/opt/project/tests/controllers/Horses/Native/Profiles/Horses/Search/Test.php" line="31" assertions="1" time="0.117212"/>
    </testsuite>
    <testsuite name="Tests\Controllers\Horses\Native\Profiles\Horses\Test" file="/opt/project/tests/controllers/Horses/Native/Profiles/Horses/Test.php" tests="1" assertions="1" errors="0" failures="0" skipped="0" time="0.278762">
      <testcase name="testRoute" class="Tests\Controllers\Horses\Native\Profiles\Horses\Test" classname="Tests.Controllers.Horses.Native.Profiles.Horses.Test" file="/opt/project/tests/controllers/Horses/Native/Profiles/Horses/Test.php" line="31" assertions="1" time="0.278762"/>
    </testsuite>
    <testsuite name="Tests\Controllers\Horses\Native\Results\FullResult\Test" file="/opt/project/tests/controllers/Horses/Native/Results/FullResult/Test.php" tests="1" assertions="1" errors="0" failures="0" skipped="0" time="0.597952">
      <testcase name="testRoute" class="Tests\Controllers\Horses\Native\Results\FullResult\Test" classname="Tests.Controllers.Horses.Native.Results.FullResult.Test" file="/opt/project/tests/controllers/Horses/Native/Results/FullResult/Test.php" line="31" assertions="1" time="0.597952"/>
    </testsuite>
    <testsuite name="Tests\Controllers\Horses\Native\Results\MenuDate\Test" file="/opt/project/tests/controllers/Horses/Native/Results/MenuDate/Test.php" tests="1" assertions="1" errors="0" failures="0" skipped="0" time="0.173148">
      <testcase name="testRoute" class="Tests\Controllers\Horses\Native\Results\MenuDate\Test" classname="Tests.Controllers.Horses.Native.Results.MenuDate.Test" file="/opt/project/tests/controllers/Horses/Native/Results/MenuDate/Test.php" line="31" assertions="1" time="0.173148"/>
    </testsuite>
    <testsuite name="Tests\Controllers\Horses\Native\Results\ResultsList\Test" file="/opt/project/tests/controllers/Horses/Native/Results/ResultsList/Test.php" tests="1" assertions="1" errors="0" failures="0" skipped="0" time="0.146770">
      <testcase name="testRoute" class="Tests\Controllers\Horses\Native\Results\ResultsList\Test" classname="Tests.Controllers.Horses.Native.Results.ResultsList.Test" file="/opt/project/tests/controllers/Horses/Native/Results/ResultsList/Test.php" line="31" assertions="1" time="0.146770"/>
    </testsuite>
    <testsuite name="Tests\Controllers\Horses\Native\VideoList\Test" file="/opt/project/tests/controllers/Horses/Native/VideoList/Test.php" tests="1" assertions="1" errors="0" failures="0" skipped="0" time="0.170981">
      <testcase name="testRoute" class="Tests\Controllers\Horses\Native\VideoList\Test" classname="Tests.Controllers.Horses.Native.VideoList.Test" file="/opt/project/tests/controllers/Horses/Native/VideoList/Test.php" line="31" assertions="1" time="0.170981"/>
    </testsuite>
    <testsuite name="Tests\Controllers\Horses\OwnerGroups\CountryListTest" file="/opt/project/tests/controllers/Horses/OwnerGroups/CountryListTest.php" tests="2" assertions="2" errors="0" failures="0" skipped="0" time="0.195797">
      <testsuite name="Tests\Controllers\Horses\OwnerGroups\CountryListTest::testActionGetData" tests="2" assertions="2" errors="0" failures="0" skipped="0" time="0.195797">
        <testcase name="testActionGetData with data set #0" class="Tests\Controllers\Horses\OwnerGroups\CountryListTest" classname="Tests.Controllers.Horses.OwnerGroups.CountryListTest" file="/opt/project/tests/controllers/Horses/OwnerGroups/CountryListTest.php" line="27" assertions="1" time="0.106739"/>
        <testcase name="testActionGetData with data set #1" class="Tests\Controllers\Horses\OwnerGroups\CountryListTest" classname="Tests.Controllers.Horses.OwnerGroups.CountryListTest" file="/opt/project/tests/controllers/Horses/OwnerGroups/CountryListTest.php" line="27" assertions="1" time="0.089058"/>
      </testsuite>
    </testsuite>
    <testsuite name="Tests\Controllers\Horses\OwnerGroups\DailyStats\Test" file="/opt/project/tests/controllers/Horses/OwnerGroups/DailyStats/Test.php" tests="1" assertions="1" errors="0" failures="0" skipped="0" time="0.285022">
      <testcase name="testRoute" class="Tests\Controllers\Horses\OwnerGroups\DailyStats\Test" classname="Tests.Controllers.Horses.OwnerGroups.DailyStats.Test" file="/opt/project/tests/controllers/Horses/OwnerGroups/DailyStats/Test.php" line="31" assertions="1" time="0.285022"/>
    </testsuite>
    <testsuite name="Tests\Controllers\Horses\OwnerGroups\Entries\FirstSeasonSire\Test" file="/opt/project/tests/controllers/Horses/OwnerGroups/Entries/FirstSeasonSire/Test.php" tests="1" assertions="1" errors="0" failures="0" skipped="0" time="0.320233">
      <testcase name="testRoute" class="Tests\Controllers\Horses\OwnerGroups\Entries\FirstSeasonSire\Test" classname="Tests.Controllers.Horses.OwnerGroups.Entries.FirstSeasonSire.Test" file="/opt/project/tests/controllers/Horses/OwnerGroups/Entries/FirstSeasonSire/Test.php" line="31" assertions="1" time="0.320233"/>
    </testsuite>
    <testsuite name="Tests\Controllers\Horses\OwnerGroups\Entries\General\Test" file="/opt/project/tests/controllers/Horses/OwnerGroups/Entries/General/Test.php" tests="1" assertions="1" errors="0" failures="0" skipped="0" time="0.307110">
      <testcase name="testRoute" class="Tests\Controllers\Horses\OwnerGroups\Entries\General\Test" classname="Tests.Controllers.Horses.OwnerGroups.Entries.General.Test" file="/opt/project/tests/controllers/Horses/OwnerGroups/Entries/General/Test.php" line="31" assertions="1" time="0.307110"/>
    </testsuite>
    <testsuite name="Tests\Controllers\Horses\OwnerGroups\Entries\OwnerGroup999\Test" file="/opt/project/tests/controllers/Horses/OwnerGroups/Entries/OwnerGroup999/Test.php" tests="1" assertions="1" errors="0" failures="0" skipped="0" time="0.476014">
      <testcase name="testRoute" class="Tests\Controllers\Horses\OwnerGroups\Entries\OwnerGroup999\Test" classname="Tests.Controllers.Horses.OwnerGroups.Entries.OwnerGroup999.Test" file="/opt/project/tests/controllers/Horses/OwnerGroups/Entries/OwnerGroup999/Test.php" line="31" assertions="1" time="0.476014"/>
    </testsuite>
    <testsuite name="Tests\Controllers\Horses\OwnerGroups\Entries\OwnerGroupByDateRange\Test" file="/opt/project/tests/controllers/Horses/OwnerGroups/Entries/OwnerGroupByDateRange/Test.php" tests="1" assertions="1" errors="0" failures="0" skipped="0" time="0.260129">
      <testcase name="testRoute" class="Tests\Controllers\Horses\OwnerGroups\Entries\OwnerGroupByDateRange\Test" classname="Tests.Controllers.Horses.OwnerGroups.Entries.OwnerGroupByDateRange.Test" file="/opt/project/tests/controllers/Horses/OwnerGroups/Entries/OwnerGroupByDateRange/Test.php" line="31" assertions="1" time="0.260129"/>
    </testsuite>
    <testsuite name="Tests\Controllers\Horses\OwnerGroups\Entries\SecondSeasonSire\Test" file="/opt/project/tests/controllers/Horses/OwnerGroups/Entries/SecondSeasonSire/Test.php" tests="1" assertions="1" errors="0" failures="0" skipped="0" time="0.317339">
      <testcase name="testRoute" class="Tests\Controllers\Horses\OwnerGroups\Entries\SecondSeasonSire\Test" classname="Tests.Controllers.Horses.OwnerGroups.Entries.SecondSeasonSire.Test" file="/opt/project/tests/controllers/Horses/OwnerGroups/Entries/SecondSeasonSire/Test.php" line="31" assertions="1" time="0.317339"/>
    </testsuite>
    <testsuite name="Tests\Controllers\Horses\OwnerGroups\Entries\WithParams\Test" file="/opt/project/tests/controllers/Horses/OwnerGroups/Entries/WithParams/Test.php" tests="1" assertions="1" errors="0" failures="0" skipped="0" time="0.223286">
      <testcase name="testRoute" class="Tests\Controllers\Horses\OwnerGroups\Entries\WithParams\Test" classname="Tests.Controllers.Horses.OwnerGroups.Entries.WithParams.Test" file="/opt/project/tests/controllers/Horses/OwnerGroups/Entries/WithParams/Test.php" line="31" assertions="1" time="0.223286"/>
    </testsuite>
    <testsuite name="Tests\Controllers\Horses\OwnerGroups\HorseList\Test" file="/opt/project/tests/controllers/Horses/OwnerGroups/HorseList/Test.php" tests="1" assertions="1" errors="0" failures="0" skipped="0" time="0.385066">
      <testcase name="testRoute" class="Tests\Controllers\Horses\OwnerGroups\HorseList\Test" classname="Tests.Controllers.Horses.OwnerGroups.HorseList.Test" file="/opt/project/tests/controllers/Horses/OwnerGroups/HorseList/Test.php" line="31" assertions="1" time="0.385066"/>
    </testsuite>
    <testsuite name="Tests\Controllers\Horses\OwnerGroups\OwnerListTest" file="/opt/project/tests/controllers/Horses/OwnerGroups/OwnerListTest.php" tests="2" assertions="2" errors="0" failures="0" skipped="0" time="0.302772">
      <testsuite name="Tests\Controllers\Horses\OwnerGroups\OwnerListTest::testActionGetData" tests="2" assertions="2" errors="0" failures="0" skipped="0" time="0.302772">
        <testcase name="testActionGetData with data set #0" class="Tests\Controllers\Horses\OwnerGroups\OwnerListTest" classname="Tests.Controllers.Horses.OwnerGroups.OwnerListTest" file="/opt/project/tests/controllers/Horses/OwnerGroups/OwnerListTest.php" line="24" assertions="1" time="0.199190"/>
        <testcase name="testActionGetData with data set #1" class="Tests\Controllers\Horses\OwnerGroups\OwnerListTest" classname="Tests.Controllers.Horses.OwnerGroups.OwnerListTest" file="/opt/project/tests/controllers/Horses/OwnerGroups/OwnerListTest.php" line="24" assertions="1" time="0.103582"/>
      </testsuite>
    </testsuite>
    <testsuite name="Tests\Controllers\Horses\OwnerGroups\Results\FirstSeasonSire\Test" file="/opt/project/tests/controllers/Horses/OwnerGroups/Results/FirstSeasonSire/Test.php" tests="1" assertions="1" errors="0" failures="0" skipped="0" time="0.261745">
      <testcase name="testRoute" class="Tests\Controllers\Horses\OwnerGroups\Results\FirstSeasonSire\Test" classname="Tests.Controllers.Horses.OwnerGroups.Results.FirstSeasonSire.Test" file="/opt/project/tests/controllers/Horses/OwnerGroups/Results/FirstSeasonSire/Test.php" line="31" assertions="1" time="0.261745"/>
    </testsuite>
    <testsuite name="Tests\Controllers\Horses\OwnerGroups\Results\General\Test" file="/opt/project/tests/controllers/Horses/OwnerGroups/Results/General/Test.php" tests="1" assertions="1" errors="0" failures="0" skipped="0" time="0.234571">
      <testcase name="testRoute" class="Tests\Controllers\Horses\OwnerGroups\Results\General\Test" classname="Tests.Controllers.Horses.OwnerGroups.Results.General.Test" file="/opt/project/tests/controllers/Horses/OwnerGroups/Results/General/Test.php" line="31" assertions="1" time="0.234571"/>
    </testsuite>
    <testsuite name="Tests\Controllers\Horses\OwnerGroups\Results\OwnerGroup999\Test" file="/opt/project/tests/controllers/Horses/OwnerGroups/Results/OwnerGroup999/Test.php" tests="1" assertions="1" errors="0" failures="0" skipped="0" time="0.533798">
      <testcase name="testRoute" class="Tests\Controllers\Horses\OwnerGroups\Results\OwnerGroup999\Test" classname="Tests.Controllers.Horses.OwnerGroups.Results.OwnerGroup999.Test" file="/opt/project/tests/controllers/Horses/OwnerGroups/Results/OwnerGroup999/Test.php" line="31" assertions="1" time="0.533798"/>
    </testsuite>
    <testsuite name="Tests\Controllers\Horses\OwnerGroups\Results\SecondSeasonSire\Test" file="/opt/project/tests/controllers/Horses/OwnerGroups/Results/SecondSeasonSire/Test.php" tests="1" assertions="1" errors="0" failures="0" skipped="0" time="0.231411">
      <testcase name="testRoute" class="Tests\Controllers\Horses\OwnerGroups\Results\SecondSeasonSire\Test" classname="Tests.Controllers.Horses.OwnerGroups.Results.SecondSeasonSire.Test" file="/opt/project/tests/controllers/Horses/OwnerGroups/Results/SecondSeasonSire/Test.php" line="31" assertions="1" time="0.231411"/>
    </testsuite>
    <testsuite name="Tests\Controllers\Horses\OwnerGroups\Results\WithParams\Test" file="/opt/project/tests/controllers/Horses/OwnerGroups/Results/WithParams/Test.php" tests="1" assertions="1" errors="0" failures="0" skipped="0" time="0.220849">
      <testcase name="testRoute" class="Tests\Controllers\Horses\OwnerGroups\Results\WithParams\Test" classname="Tests.Controllers.Horses.OwnerGroups.Results.WithParams.Test" file="/opt/project/tests/controllers/Horses/OwnerGroups/Results/WithParams/Test.php" line="31" assertions="1" time="0.220849"/>
    </testsuite>
    <testsuite name="Tests\Controllers\Horses\OwnerGroups\Splash\General\Test" file="/opt/project/tests/controllers/Horses/OwnerGroups/Splash/General/Test.php" tests="1" assertions="1" errors="0" failures="0" skipped="0" time="0.533771">
      <testcase name="testRoute" class="Tests\Controllers\Horses\OwnerGroups\Splash\General\Test" classname="Tests.Controllers.Horses.OwnerGroups.Splash.General.Test" file="/opt/project/tests/controllers/Horses/OwnerGroups/Splash/General/Test.php" line="31" assertions="1" time="0.533771"/>
    </testsuite>
    <testsuite name="Tests\Controllers\Horses\OwnerGroups\Splash\WithParams\Test" file="/opt/project/tests/controllers/Horses/OwnerGroups/Splash/WithParams/Test.php" tests="1" assertions="1" errors="0" failures="0" skipped="0" time="0.088785">
      <testcase name="testRoute" class="Tests\Controllers\Horses\OwnerGroups\Splash\WithParams\Test" classname="Tests.Controllers.Horses.OwnerGroups.Splash.WithParams.Test" file="/opt/project/tests/controllers/Horses/OwnerGroups/Splash/WithParams/Test.php" line="31" assertions="1" time="0.088785"/>
    </testsuite>
    <testsuite name="Tests\Controllers\Horses\OwnerGroups\TrainerListTest" file="/opt/project/tests/controllers/Horses/OwnerGroups/TrainerListTest.php" tests="2" assertions="2" errors="0" failures="0" skipped="0" time="0.201251">
      <testsuite name="Tests\Controllers\Horses\OwnerGroups\TrainerListTest::testActionGetData" tests="2" assertions="2" errors="0" failures="0" skipped="0" time="0.201251">
        <testcase name="testActionGetData with data set #0" class="Tests\Controllers\Horses\OwnerGroups\TrainerListTest" classname="Tests.Controllers.Horses.OwnerGroups.TrainerListTest" file="/opt/project/tests/controllers/Horses/OwnerGroups/TrainerListTest.php" line="25" assertions="1" time="0.105071"/>
        <testcase name="testActionGetData with data set #1" class="Tests\Controllers\Horses\OwnerGroups\TrainerListTest" classname="Tests.Controllers.Horses.OwnerGroups.TrainerListTest" file="/opt/project/tests/controllers/Horses/OwnerGroups/TrainerListTest.php" line="25" assertions="1" time="0.096180"/>
      </testsuite>
    </testsuite>
    <testsuite name="Tests\Controllers\Horses\Predictor\NextRace\Test" file="/opt/project/tests/controllers/Horses/Predictor/NextRace/Test.php" tests="1" assertions="1" errors="0" failures="0" skipped="0" time="0.509621">
      <testcase name="testRoute" class="Tests\Controllers\Horses\Predictor\NextRace\Test" classname="Tests.Controllers.Horses.Predictor.NextRace.Test" file="/opt/project/tests/controllers/Horses/Predictor/NextRace/Test.php" line="31" assertions="1" time="0.509621"/>
    </testsuite>
    <testsuite name="Tests\Controllers\Horses\Predictor\Race\Test" file="/opt/project/tests/controllers/Horses/Predictor/Race/Test.php" tests="1" assertions="1" errors="0" failures="0" skipped="0" time="0.399380">
      <testcase name="testRoute" class="Tests\Controllers\Horses\Predictor\Race\Test" classname="Tests.Controllers.Horses.Predictor.Race.Test" file="/opt/project/tests/controllers/Horses/Predictor/Race/Test.php" line="31" assertions="1" time="0.399380"/>
    </testsuite>
    <testsuite name="tests\controllers\Horses\Profile\Course\PrincipleRaceResults\Test" file="/opt/project/tests/controllers/Horses/Profile/Course/PrincipleRaceResults/Test.php" tests="1" assertions="1" errors="0" failures="0" skipped="0" time="0.922936">
      <testcase name="testRoute" class="tests\controllers\Horses\Profile\Course\PrincipleRaceResults\Test" classname="tests.controllers.Horses.Profile.Course.PrincipleRaceResults.Test" file="/opt/project/tests/controllers/Horses/Profile/Course/PrincipleRaceResults/Test.php" line="31" assertions="1" time="0.922936"/>
    </testsuite>
    <testsuite name="Tests\Controllers\Horses\Profile\Horse\AllEntriesTest" file="/opt/project/tests/controllers/Horses/Profile/Horse/AllEntriesTest.php" tests="1" assertions="1" errors="0" failures="0" skipped="0" time="0.095230">
      <testsuite name="Tests\Controllers\Horses\Profile\Horse\AllEntriesTest::testActionGetAllEntries" tests="1" assertions="1" errors="0" failures="0" skipped="0" time="0.095230">
        <testcase name="testActionGetAllEntries with data set #0" class="Tests\Controllers\Horses\Profile\Horse\AllEntriesTest" classname="Tests.Controllers.Horses.Profile.Horse.AllEntriesTest" file="/opt/project/tests/controllers/Horses/Profile/Horse/AllEntriesTest.php" line="23" assertions="1" time="0.095230"/>
      </testsuite>
    </testsuite>
    <testsuite name="Tests\Controllers\Horses\Profile\Horse\EntriesTest" file="/opt/project/tests/controllers/Horses/Profile/Horse/EntriesTest.php" tests="1" assertions="1" errors="0" failures="0" skipped="0" time="0.268120">
      <testsuite name="Tests\Controllers\Horses\Profile\Horse\EntriesTest::testActionGetEntries" tests="1" assertions="1" errors="0" failures="0" skipped="0" time="0.268120">
        <testcase name="testActionGetEntries with data set #0" class="Tests\Controllers\Horses\Profile\Horse\EntriesTest" classname="Tests.Controllers.Horses.Profile.Horse.EntriesTest" file="/opt/project/tests/controllers/Horses/Profile/Horse/EntriesTest.php" line="23" assertions="1" time="0.268120"/>
      </testsuite>
    </testsuite>
    <testsuite name="Tests\Controllers\Horses\Profile\Notes\Test" file="/opt/project/tests/controllers/Horses/Profile/Horse/Notes/Test.php" tests="1" assertions="1" errors="0" failures="0" skipped="0" time="0.270551">
      <testcase name="testRoute" class="Tests\Controllers\Horses\Profile\Notes\Test" classname="Tests.Controllers.Horses.Profile.Notes.Test" file="/opt/project/tests/controllers/Horses/Profile/Horse/Notes/Test.php" line="31" assertions="1" time="0.270551"/>
    </testsuite>
    <testsuite name="Tests\Controllers\Horses\Profile\Overview\Test" file="/opt/project/tests/controllers/Horses/Profile/Horse/Overview/Test.php" tests="1" assertions="1" errors="0" failures="0" skipped="0" time="0.960925">
      <testcase name="testRoute" class="Tests\Controllers\Horses\Profile\Overview\Test" classname="Tests.Controllers.Horses.Profile.Overview.Test" file="/opt/project/tests/controllers/Horses/Profile/Horse/Overview/Test.php" line="31" assertions="1" time="0.960925"/>
    </testsuite>
    <testsuite name="Tests\Controllers\Horses\Profile\Horse\Profile\Test" file="/opt/project/tests/controllers/Horses/Profile/Horse/Profile/Test.php" tests="1" assertions="1" errors="0" failures="0" skipped="0" time="0.288115">
      <testcase name="testRoute" class="Tests\Controllers\Horses\Profile\Horse\Profile\Test" classname="Tests.Controllers.Horses.Profile.Horse.Profile.Test" file="/opt/project/tests/controllers/Horses/Profile/Horse/Profile/Test.php" line="31" assertions="1" time="0.288115"/>
    </testsuite>
    <testsuite name="Tests\Controllers\Horses\Profile\Horse\RecordTest" file="/opt/project/tests/controllers/Horses/Profile/Horse/RecordTest.php" tests="1" assertions="1" errors="0" failures="0" skipped="0" time="0.807866">
      <testsuite name="Tests\Controllers\Horses\Profile\Horse\RecordTest::testActionGetRecord" tests="1" assertions="1" errors="0" failures="0" skipped="0" time="0.807866">
        <testcase name="testActionGetRecord with data set #0" class="Tests\Controllers\Horses\Profile\Horse\RecordTest" classname="Tests.Controllers.Horses.Profile.Horse.RecordTest" file="/opt/project/tests/controllers/Horses/Profile/Horse/RecordTest.php" line="25" assertions="1" time="0.807866"/>
      </testsuite>
    </testsuite>
    <testsuite name="Tests\Controllers\Horses\Profile\Jockey\Horses\Test" file="/opt/project/tests/controllers/Horses/Profile/Jockey/Horses/Test.php" tests="1" assertions="1" errors="0" failures="0" skipped="0" time="0.799890">
      <testcase name="testRoute" class="Tests\Controllers\Horses\Profile\Jockey\Horses\Test" classname="Tests.Controllers.Horses.Profile.Jockey.Horses.Test" file="/opt/project/tests/controllers/Horses/Profile/Jockey/Horses/Test.php" line="31" assertions="1" time="0.799890"/>
    </testsuite>
    <testsuite name="Tests\Controllers\Horses\Profile\Jockey\RecordByRaceType\Test" file="/opt/project/tests/controllers/Horses/Profile/Jockey/RecordByRaceType/Test.php" tests="1" assertions="1" errors="0" failures="0" skipped="0" time="0.508952">
      <testcase name="testRoute" class="Tests\Controllers\Horses\Profile\Jockey\RecordByRaceType\Test" classname="Tests.Controllers.Horses.Profile.Jockey.RecordByRaceType.Test" file="/opt/project/tests/controllers/Horses/Profile/Jockey/RecordByRaceType/Test.php" line="31" assertions="1" time="0.508952"/>
    </testsuite>
    <testsuite name="Tests\Controllers\Horses\Profile\Jockey\StatisticalSummary\Test" file="/opt/project/tests/controllers/Horses/Profile/Jockey/StatisticalSummary/Test.php" tests="1" assertions="1" errors="0" failures="0" skipped="0" time="0.220155">
      <testcase name="testRoute" class="Tests\Controllers\Horses\Profile\Jockey\StatisticalSummary\Test" classname="Tests.Controllers.Horses.Profile.Jockey.StatisticalSummary.Test" file="/opt/project/tests/controllers/Horses/Profile/Jockey/StatisticalSummary/Test.php" line="31" assertions="1" time="0.220155"/>
    </testsuite>
    <testsuite name="Tests\Controllers\Horses\Profile\Owner\Horses\Test" file="/opt/project/tests/controllers/Horses/Profile/Owner/Horses/Test.php" tests="1" assertions="1" errors="0" failures="0" skipped="0" time="0.194653">
      <testcase name="testRoute" class="Tests\Controllers\Horses\Profile\Owner\Horses\Test" classname="Tests.Controllers.Horses.Profile.Owner.Horses.Test" file="/opt/project/tests/controllers/Horses/Profile/Owner/Horses/Test.php" line="31" assertions="1" time="0.194653"/>
    </testsuite>
    <testsuite name="Tests\Controllers\Horses\Profile\Owner\Test" file="/opt/project/tests/controllers/Horses/Profile/Owner/Last14DaysForm/Test.php" tests="1" assertions="1" errors="0" failures="0" skipped="0" time="0.171281">
      <testcase name="testRoute" class="Tests\Controllers\Horses\Profile\Owner\Test" classname="Tests.Controllers.Horses.Profile.Owner.Test" file="/opt/project/tests/controllers/Horses/Profile/Owner/Last14DaysForm/Test.php" line="31" assertions="1" time="0.171281"/>
    </testsuite>
    <testsuite name="Tests\Controllers\Horses\Profile\Owner\RecordByRaceType\Test" file="/opt/project/tests/controllers/Horses/Profile/Owner/RecordByRaceType/Test.php" tests="1" assertions="1" errors="0" failures="0" skipped="0" time="0.513848">
      <testcase name="testRoute" class="Tests\Controllers\Horses\Profile\Owner\RecordByRaceType\Test" classname="Tests.Controllers.Horses.Profile.Owner.RecordByRaceType.Test" file="/opt/project/tests/controllers/Horses/Profile/Owner/RecordByRaceType/Test.php" line="31" assertions="1" time="0.513848"/>
    </testsuite>
    <testsuite name="Tests\Controllers\Horses\Owner\StatisticalSummary\Test" file="/opt/project/tests/controllers/Horses/Profile/Owner/StatisticalSummary/Test.php" tests="1" assertions="1" errors="0" failures="0" skipped="0" time="0.774517">
      <testcase name="testRoute" class="Tests\Controllers\Horses\Owner\StatisticalSummary\Test" classname="Tests.Controllers.Horses.Owner.StatisticalSummary.Test" file="/opt/project/tests/controllers/Horses/Profile/Owner/StatisticalSummary/Test.php" line="31" assertions="1" time="0.774517"/>
    </testsuite>
    <testsuite name="Tests\Controllers\Horses\Profile\Trainer\Horses\Test" file="/opt/project/tests/controllers/Horses/Profile/Trainer/Horses/Test.php" tests="1" assertions="1" errors="0" failures="0" skipped="0" time="0.140294">
      <testcase name="testRoute" class="Tests\Controllers\Horses\Profile\Trainer\Horses\Test" classname="Tests.Controllers.Horses.Profile.Trainer.Horses.Test" file="/opt/project/tests/controllers/Horses/Profile/Trainer/Horses/Test.php" line="31" assertions="1" time="0.140294"/>
    </testsuite>
    <testsuite name="Tests\Controllers\Horses\Profile\Trainer\Test" file="/opt/project/tests/controllers/Horses/Profile/Trainer/Last14DaysForm/Test.php" tests="1" assertions="1" errors="0" failures="0" skipped="0" time="0.163847">
      <testcase name="testRoute" class="Tests\Controllers\Horses\Profile\Trainer\Test" classname="Tests.Controllers.Horses.Profile.Trainer.Test" file="/opt/project/tests/controllers/Horses/Profile/Trainer/Last14DaysForm/Test.php" line="31" assertions="1" time="0.163847"/>
    </testsuite>
    <testsuite name="Tests\Controllers\Horses\Profile\Trainer\RecordByRaceType\Test" file="/opt/project/tests/controllers/Horses/Profile/Trainer/RecordByRaceType/Test.php" tests="1" assertions="1" errors="0" failures="0" skipped="0" time="0.499845">
      <testcase name="testRoute" class="Tests\Controllers\Horses\Profile\Trainer\RecordByRaceType\Test" classname="Tests.Controllers.Horses.Profile.Trainer.RecordByRaceType.Test" file="/opt/project/tests/controllers/Horses/Profile/Trainer/RecordByRaceType/Test.php" line="31" assertions="1" time="0.499845"/>
    </testsuite>
    <testsuite name="Tests\Controllers\Horses\Profile\Trainer\StatisticalSummary\Test" file="/opt/project/tests/controllers/Horses/Profile/Trainer/StatisticalSummary/Test.php" tests="1" assertions="1" errors="0" failures="0" skipped="0" time="0.113605">
      <testcase name="testRoute" class="Tests\Controllers\Horses\Profile\Trainer\StatisticalSummary\Test" classname="Tests.Controllers.Horses.Profile.Trainer.StatisticalSummary.Test" file="/opt/project/tests/controllers/Horses/Profile/Trainer/StatisticalSummary/Test.php" line="31" assertions="1" time="0.113605"/>
    </testsuite>
    <testsuite name="Tests\Controllers\Horses\RaceCards\Date\AllMeetings\Test" file="/opt/project/tests/controllers/Horses/RaceCards/Date/AllMeetings/Test.php" tests="1" assertions="1" errors="0" failures="0" skipped="0" time="0.105393">
      <testcase name="testRoute" class="Tests\Controllers\Horses\RaceCards\Date\AllMeetings\Test" classname="Tests.Controllers.Horses.RaceCards.Date.AllMeetings.Test" file="/opt/project/tests/controllers/Horses/RaceCards/Date/AllMeetings/Test.php" line="31" assertions="1" time="0.105393"/>
    </testsuite>
    <testsuite name="Tests\Controllers\Horses\RaceCards\Form\FormByReturnP2P\Test" file="/opt/project/tests/controllers/Horses/RaceCards/Form/FormByReturnP2P/Test.php" tests="1" assertions="1" errors="0" failures="0" skipped="0" time="2.709526">
      <testcase name="testRoute" class="Tests\Controllers\Horses\RaceCards\Form\FormByReturnP2P\Test" classname="Tests.Controllers.Horses.RaceCards.Form.FormByReturnP2P.Test" file="/opt/project/tests/controllers/Horses/RaceCards/Form/FormByReturnP2P/Test.php" line="31" assertions="1" time="2.709526"/>
    </testsuite>
    <testsuite name="Tests\Controllers\Horses\RaceCards\Form\Test" file="/opt/project/tests/controllers/Horses/RaceCards/Form/Test.php" tests="1" assertions="1" errors="0" failures="0" skipped="0" time="1.842226">
      <testcase name="testRoute" class="Tests\Controllers\Horses\RaceCards\Form\Test" classname="Tests.Controllers.Horses.RaceCards.Form.Test" file="/opt/project/tests/controllers/Horses/RaceCards/Form/Test.php" line="31" assertions="1" time="1.842226"/>
    </testsuite>
    <testsuite name="Tests\Controllers\Horses\RaceCards\GlobalComments\Test" file="/opt/project/tests/controllers/Horses/RaceCards/GlobalComments/Test.php" tests="1" assertions="1" errors="0" failures="0" skipped="0" time="0.088761">
      <testcase name="testRoute" class="Tests\Controllers\Horses\RaceCards\GlobalComments\Test" classname="Tests.Controllers.Horses.RaceCards.GlobalComments.Test" file="/opt/project/tests/controllers/Horses/RaceCards/GlobalComments/Test.php" line="31" assertions="1" time="0.088761"/>
    </testsuite>
    <testsuite name="Tests\Controllers\Horses\RaceCards\HeadToHead\Test" file="/opt/project/tests/controllers/Horses/RaceCards/HeadToHead/Test.php" tests="1" assertions="1" errors="0" failures="0" skipped="0" time="0.305743">
      <testcase name="testRoute" class="Tests\Controllers\Horses\RaceCards\HeadToHead\Test" classname="Tests.Controllers.Horses.RaceCards.HeadToHead.Test" file="/opt/project/tests/controllers/Horses/RaceCards/HeadToHead/Test.php" line="31" assertions="1" time="0.305743"/>
    </testsuite>
    <testsuite name="Tests\Controllers\Horses\RaceCards\PastWinnersTest" file="/opt/project/tests/controllers/Horses/RaceCards/PastWinnersTest.php" tests="1" assertions="1" errors="0" failures="0" skipped="0" time="0.252688">
      <testsuite name="Tests\Controllers\Horses\RaceCards\PastWinnersTest::testActionGetPastWinners" tests="1" assertions="1" errors="0" failures="0" skipped="0" time="0.252688">
        <testcase name="testActionGetPastWinners with data set #0" class="Tests\Controllers\Horses\RaceCards\PastWinnersTest" classname="Tests.Controllers.Horses.RaceCards.PastWinnersTest" file="/opt/project/tests/controllers/Horses/RaceCards/PastWinnersTest.php" line="23" assertions="1" time="0.252688"/>
      </testsuite>
    </testsuite>
    <testsuite name="Tests\Controllers\Horses\RaceCards\PostPicks\Test" file="/opt/project/tests/controllers/Horses/RaceCards/PostPicks/Test.php" tests="1" assertions="1" errors="0" failures="0" skipped="0" time="0.460379">
      <testcase name="testRoute" class="Tests\Controllers\Horses\RaceCards\PostPicks\Test" classname="Tests.Controllers.Horses.RaceCards.PostPicks.Test" file="/opt/project/tests/controllers/Horses/RaceCards/PostPicks/Test.php" line="31" assertions="1" time="0.460379"/>
    </testsuite>
    <testsuite name="Tests\Controllers\Horses\RaceCards\PressChallenge\Test" file="/opt/project/tests/controllers/Horses/RaceCards/PressChallenge/Test.php" tests="1" assertions="1" errors="0" failures="0" skipped="0" time="0.215819">
      <testcase name="testRoute" class="Tests\Controllers\Horses\RaceCards\PressChallenge\Test" classname="Tests.Controllers.Horses.RaceCards.PressChallenge.Test" file="/opt/project/tests/controllers/Horses/RaceCards/PressChallenge/Test.php" line="31" assertions="1" time="0.215819"/>
    </testsuite>
    <testsuite name="Tests\Controllers\Horses\RaceCards\RaceCard\RaceCardIRE\Test" file="/opt/project/tests/controllers/Horses/RaceCards/RaceCard/RaceCardIRE/Test.php" tests="1" assertions="1" errors="0" failures="0" skipped="0" time="0.760852">
      <testcase name="testRoute" class="Tests\Controllers\Horses\RaceCards\RaceCard\RaceCardIRE\Test" classname="Tests.Controllers.Horses.RaceCards.RaceCard.RaceCardIRE.Test" file="/opt/project/tests/controllers/Horses/RaceCards/RaceCard/RaceCardIRE/Test.php" line="31" assertions="1" time="0.760852"/>
    </testsuite>
    <testsuite name="Tests\Controllers\Horses\RaceCards\RaceCard\Test" file="/opt/project/tests/controllers/Horses/RaceCards/RaceCard/Test.php" tests="1" assertions="1" errors="0" failures="0" skipped="0" time="0.896742">
      <testcase name="testRoute" class="Tests\Controllers\Horses\RaceCards\RaceCard\Test" classname="Tests.Controllers.Horses.RaceCards.RaceCard.Test" file="/opt/project/tests/controllers/Horses/RaceCards/RaceCard/Test.php" line="31" assertions="1" time="0.896742"/>
    </testsuite>
    <testsuite name="Tests\Controllers\Horses\RaceCards\RaceDateTest" file="/opt/project/tests/controllers/Horses/RaceCards/RaceDateTest.php" tests="1" assertions="1" errors="0" failures="0" skipped="0" time="1.058182">
      <testsuite name="Tests\Controllers\Horses\RaceCards\RaceDateTest::testActionGetDate" tests="1" assertions="1" errors="0" failures="0" skipped="0" time="1.058182">
        <testcase name="testActionGetDate with data set #0" class="Tests\Controllers\Horses\RaceCards\RaceDateTest" classname="Tests.Controllers.Horses.RaceCards.RaceDateTest" file="/opt/project/tests/controllers/Horses/RaceCards/RaceDateTest.php" line="22" assertions="1" time="1.058182"/>
      </testsuite>
    </testsuite>
    <testsuite name="Tests\Controllers\Horses\RaceCards\Rpr\Test" file="/opt/project/tests/controllers/Horses/RaceCards/Rpr/Test.php" tests="1" assertions="1" errors="0" failures="0" skipped="0" time="2.516806">
      <testcase name="testRoute" class="Tests\Controllers\Horses\RaceCards\Rpr\Test" classname="Tests.Controllers.Horses.RaceCards.Rpr.Test" file="/opt/project/tests/controllers/Horses/RaceCards/Rpr/Test.php" line="31" assertions="1" time="2.516806"/>
    </testsuite>
    <testsuite name="Tests\Controllers\Horses\RaceCards\Runners\RunnersByReturnP2P\Test" file="/opt/project/tests/controllers/Horses/RaceCards/Runners/RunnersByReturnP2P/Test.php" tests="1" assertions="1" errors="0" failures="0" skipped="0" time="2.619278">
      <testcase name="testRoute" class="Tests\Controllers\Horses\RaceCards\Runners\RunnersByReturnP2P\Test" classname="Tests.Controllers.Horses.RaceCards.Runners.RunnersByReturnP2P.Test" file="/opt/project/tests/controllers/Horses/RaceCards/Runners/RunnersByReturnP2P/Test.php" line="31" assertions="1" time="2.619278"/>
    </testsuite>
    <testsuite name="Tests\Controllers\Horses\RaceCards\Runners\Test" file="/opt/project/tests/controllers/Horses/RaceCards/Runners/Test.php" tests="1" assertions="1" errors="0" failures="0" skipped="0" time="2.784291">
      <testcase name="testRoute" class="Tests\Controllers\Horses\RaceCards\Runners\Test" classname="Tests.Controllers.Horses.RaceCards.Runners.Test" file="/opt/project/tests/controllers/Horses/RaceCards/Runners/Test.php" line="31" assertions="1" time="2.784291"/>
    </testsuite>
    <testsuite name="Tests\Controllers\Horses\RaceCards\SalesData\Test" file="/opt/project/tests/controllers/Horses/RaceCards/SalesData/Test.php" tests="1" assertions="1" errors="0" failures="0" skipped="0" time="0.411654">
      <testcase name="testRoute" class="Tests\Controllers\Horses\RaceCards\SalesData\Test" classname="Tests.Controllers.Horses.RaceCards.SalesData.Test" file="/opt/project/tests/controllers/Horses/RaceCards/SalesData/Test.php" line="31" assertions="1" time="0.411654"/>
    </testsuite>
    <testsuite name="Tests\Controllers\Horses\RaceCards\Selections\Test" file="/opt/project/tests/controllers/Horses/RaceCards/Selections/Test.php" tests="1" assertions="1" errors="0" failures="0" skipped="0" time="0.273411">
      <testcase name="testRoute" class="Tests\Controllers\Horses\RaceCards\Selections\Test" classname="Tests.Controllers.Horses.RaceCards.Selections.Test" file="/opt/project/tests/controllers/Horses/RaceCards/Selections/Test.php" line="31" assertions="1" time="0.273411"/>
    </testsuite>
    <testsuite name="Tests\Controllers\Horses\RaceCards\StandardForm\StandardFormByReturnP2P\Test" file="/opt/project/tests/controllers/Horses/RaceCards/StandardForm/StandardFormByReturnP2P/Test.php" tests="1" assertions="1" errors="0" failures="0" skipped="0" time="2.647657">
      <testcase name="testRoute" class="Tests\Controllers\Horses\RaceCards\StandardForm\StandardFormByReturnP2P\Test" classname="Tests.Controllers.Horses.RaceCards.StandardForm.StandardFormByReturnP2P.Test" file="/opt/project/tests/controllers/Horses/RaceCards/StandardForm/StandardFormByReturnP2P/Test.php" line="31" assertions="1" time="2.647657"/>
    </testsuite>
    <testsuite name="Tests\Controllers\Horses\RaceCards\StandardForm\Test" file="/opt/project/tests/controllers/Horses/RaceCards/StandardForm/Test.php" tests="1" assertions="1" errors="0" failures="0" skipped="0" time="1.819475">
      <testcase name="testRoute" class="Tests\Controllers\Horses\RaceCards\StandardForm\Test" classname="Tests.Controllers.Horses.RaceCards.StandardForm.Test" file="/opt/project/tests/controllers/Horses/RaceCards/StandardForm/Test.php" line="31" assertions="1" time="1.819475"/>
    </testsuite>
    <testsuite name="Tests\Controllers\Horses\RaceCards\StandardRunners\StandardRunnersByReturnP2P\Test" file="/opt/project/tests/controllers/Horses/RaceCards/StandardRunners/StandardRunnersByReturnP2P/Test.php" tests="1" assertions="1" errors="0" failures="0" skipped="0" time="2.536897">
      <testcase name="testRoute" class="Tests\Controllers\Horses\RaceCards\StandardRunners\StandardRunnersByReturnP2P\Test" classname="Tests.Controllers.Horses.RaceCards.StandardRunners.StandardRunnersByReturnP2P.Test" file="/opt/project/tests/controllers/Horses/RaceCards/StandardRunners/StandardRunnersByReturnP2P/Test.php" line="31" assertions="1" time="2.536897"/>
    </testsuite>
    <testsuite name="Tests\Controllers\Horses\RaceCards\StandardRunners\StandardRunnersByReturnP2P\True\Test" file="/opt/project/tests/controllers/Horses/RaceCards/StandardRunners/StandardRunnersByReturnP2P/True/Test.php" tests="1" assertions="1" errors="0" failures="0" skipped="0" time="2.514885">
      <testcase name="testRoute" class="Tests\Controllers\Horses\RaceCards\StandardRunners\StandardRunnersByReturnP2P\True\Test" classname="Tests.Controllers.Horses.RaceCards.StandardRunners.StandardRunnersByReturnP2P.True.Test" file="/opt/project/tests/controllers/Horses/RaceCards/StandardRunners/StandardRunnersByReturnP2P/True/Test.php" line="31" assertions="1" time="2.514885"/>
    </testsuite>
    <testsuite name="Tests\Controllers\Horses\RaceCards\StandardRunners\Test" file="/opt/project/tests/controllers/Horses/RaceCards/StandardRunners/Test.php" tests="1" assertions="1" errors="0" failures="0" skipped="0" time="2.637239">
      <testcase name="testRoute" class="Tests\Controllers\Horses\RaceCards\StandardRunners\Test" classname="Tests.Controllers.Horses.RaceCards.StandardRunners.Test" file="/opt/project/tests/controllers/Horses/RaceCards/StandardRunners/Test.php" line="31" assertions="1" time="2.637239"/>
    </testsuite>
    <testsuite name="Tests\Controllers\Horses\RaceCards\TenYearTrends\General\Test" file="/opt/project/tests/controllers/Horses/RaceCards/TenYearTrends/General/Test.php" tests="1" assertions="1" errors="0" failures="0" skipped="0" time="2.171150">
      <testcase name="testRoute" class="Tests\Controllers\Horses\RaceCards\TenYearTrends\General\Test" classname="Tests.Controllers.Horses.RaceCards.TenYearTrends.General.Test" file="/opt/project/tests/controllers/Horses/RaceCards/TenYearTrends/General/Test.php" line="31" assertions="1" time="2.171150"/>
    </testsuite>
    <testsuite name="Tests\Controllers\Horses\RaceCards\Topspeed\Test" file="/opt/project/tests/controllers/Horses/RaceCards/Topspeed/Test.php" tests="1" assertions="1" errors="0" failures="0" skipped="0" time="0.879965">
      <testcase name="testRoute" class="Tests\Controllers\Horses\RaceCards\Topspeed\Test" classname="Tests.Controllers.Horses.RaceCards.Topspeed.Test" file="/opt/project/tests/controllers/Horses/RaceCards/Topspeed/Test.php" line="31" assertions="1" time="0.879965"/>
    </testsuite>
    <testsuite name="Tests\Controllers\Horses\RaceCards\Trainerspot\CourseSpecialists\Test" file="/opt/project/tests/controllers/Horses/RaceCards/Trainerspot/CourseSpecialists/Test.php" tests="1" assertions="1" errors="0" failures="0" skipped="0" time="1.004664">
      <testcase name="testRoute" class="Tests\Controllers\Horses\RaceCards\Trainerspot\CourseSpecialists\Test" classname="Tests.Controllers.Horses.RaceCards.Trainerspot.CourseSpecialists.Test" file="/opt/project/tests/controllers/Horses/RaceCards/Trainerspot/CourseSpecialists/Test.php" line="31" assertions="1" time="1.004664"/>
    </testsuite>
    <testsuite name="Tests\Controllers\Horses\RaceCards\Trainerspot\InForm\Test" file="/opt/project/tests/controllers/Horses/RaceCards/Trainerspot/InForm/Test.php" tests="1" assertions="1" errors="0" failures="0" skipped="0" time="1.741326">
      <testcase name="testRoute" class="Tests\Controllers\Horses\RaceCards\Trainerspot\InForm\Test" classname="Tests.Controllers.Horses.RaceCards.Trainerspot.InForm.Test" file="/opt/project/tests/controllers/Horses/RaceCards/Trainerspot/InForm/Test.php" line="31" assertions="1" time="1.741326"/>
    </testsuite>
    <testsuite name="Tests\Controllers\Horses\RaceCards\Trainerspot\JockeyBookings\Test" file="/opt/project/tests/controllers/Horses/RaceCards/Trainerspot/JockeyBookings/Test.php" tests="1" assertions="1" errors="0" failures="0" skipped="0" time="1.705662">
      <testcase name="testRoute" class="Tests\Controllers\Horses\RaceCards\Trainerspot\JockeyBookings\Test" classname="Tests.Controllers.Horses.RaceCards.Trainerspot.JockeyBookings.Test" file="/opt/project/tests/controllers/Horses/RaceCards/Trainerspot/JockeyBookings/Test.php" line="31" assertions="1" time="1.705662"/>
    </testsuite>
    <testsuite name="Tests\Controllers\Horses\RaceCards\Trainerspot\OutOfForm\Test" file="/opt/project/tests/controllers/Horses/RaceCards/Trainerspot/OutOfForm/Test.php" tests="1" assertions="1" errors="0" failures="0" skipped="0" time="2.088113">
      <testcase name="testRoute" class="Tests\Controllers\Horses\RaceCards\Trainerspot\OutOfForm\Test" classname="Tests.Controllers.Horses.RaceCards.Trainerspot.OutOfForm.Test" file="/opt/project/tests/controllers/Horses/RaceCards/Trainerspot/OutOfForm/Test.php" line="31" assertions="1" time="2.088113"/>
    </testsuite>
    <testsuite name="Tests\Controllers\Horses\RaceCards\Trainerspot\RaceTrace\General\Test" file="/opt/project/tests/controllers/Horses/RaceCards/Trainerspot/RaceTrace/General/Test.php" tests="1" assertions="1" errors="0" failures="0" skipped="0" time="0.789234">
      <testcase name="testRoute" class="Tests\Controllers\Horses\RaceCards\Trainerspot\RaceTrace\General\Test" classname="Tests.Controllers.Horses.RaceCards.Trainerspot.RaceTrace.General.Test" file="/opt/project/tests/controllers/Horses/RaceCards/Trainerspot/RaceTrace/General/Test.php" line="31" assertions="1" time="0.789234"/>
    </testsuite>
    <testsuite name="Tests\Controllers\Horses\RaceCards\Trainerspot\RaceTrace\WithParams\Test" file="/opt/project/tests/controllers/Horses/RaceCards/Trainerspot/RaceTrace/WithParams/Test.php" tests="1" assertions="1" errors="0" failures="0" skipped="0" time="0.738485">
      <testcase name="testRoute" class="Tests\Controllers\Horses\RaceCards\Trainerspot\RaceTrace\WithParams\Test" classname="Tests.Controllers.Horses.RaceCards.Trainerspot.RaceTrace.WithParams.Test" file="/opt/project/tests/controllers/Horses/RaceCards/Trainerspot/RaceTrace/WithParams/Test.php" line="31" assertions="1" time="0.738485"/>
    </testsuite>
    <testsuite name="Tests\Controllers\Horses\RaceCards\WindSurgeries\Test" file="/opt/project/tests/controllers/Horses/RaceCards/WindSurgeries/Test.php" tests="1" assertions="1" errors="0" failures="0" skipped="0" time="0.140352">
      <testcase name="testRoute" class="Tests\Controllers\Horses\RaceCards\WindSurgeries\Test" classname="Tests.Controllers.Horses.RaceCards.WindSurgeries.Test" file="/opt/project/tests/controllers/Horses/RaceCards/WindSurgeries/Test.php" line="31" assertions="1" time="0.140352"/>
    </testsuite>
    <testsuite name="Controllers\Horses\RaceMeetings\DailyRaceMeetingsTest" file="/opt/project/tests/controllers/Horses/RaceMeetings/DailyRaceMeetingsTest.php" tests="1" assertions="1" errors="0" failures="0" skipped="0" time="3.444060">
      <testcase name="testRoute" class="Controllers\Horses\RaceMeetings\DailyRaceMeetingsTest" classname="Controllers.Horses.RaceMeetings.DailyRaceMeetingsTest" file="/opt/project/tests/controllers/Horses/RaceMeetings/DailyRaceMeetingsTest.php" line="31" assertions="1" time="3.444060"/>
    </testsuite>
    <testsuite name="Controllers\Horses\RaceMeetings\GoingChangesTest" file="/opt/project/tests/controllers/Horses/RaceMeetings/GoingChanges/GoingChangesTest.php" tests="1" assertions="1" errors="0" failures="0" skipped="0" time="0.101132">
      <testcase name="testRoute" class="Controllers\Horses\RaceMeetings\GoingChangesTest" classname="Controllers.Horses.RaceMeetings.GoingChangesTest" file="/opt/project/tests/controllers/Horses/RaceMeetings/GoingChanges/GoingChangesTest.php" line="31" assertions="1" time="0.101132"/>
    </testsuite>
    <testsuite name="Controllers\Horses\RaceMeetings\JockeyChangesTest" file="/opt/project/tests/controllers/Horses/RaceMeetings/JockeyChanges/JockeyChangesTest.php" tests="1" assertions="1" errors="0" failures="0" skipped="0" time="0.102101">
      <testcase name="testRoute" class="Controllers\Horses\RaceMeetings\JockeyChangesTest" classname="Controllers.Horses.RaceMeetings.JockeyChangesTest" file="/opt/project/tests/controllers/Horses/RaceMeetings/JockeyChanges/JockeyChangesTest.php" line="31" assertions="1" time="0.102101"/>
    </testsuite>
    <testsuite name="Tests\Controllers\Horses\RacecardsResults\PostRaceTest\Test" file="/opt/project/tests/controllers/Horses/RacecardsResults/PostRaceTest/Test.php" tests="1" assertions="1" errors="0" failures="0" skipped="0" time="2.190679">
      <testcase name="testRoute" class="Tests\Controllers\Horses\RacecardsResults\PostRaceTest\Test" classname="Tests.Controllers.Horses.RacecardsResults.PostRaceTest.Test" file="/opt/project/tests/controllers/Horses/RacecardsResults/PostRaceTest/Test.php" line="31" assertions="1" time="2.190679"/>
    </testsuite>
    <testsuite name="Tests\Controllers\Horses\RacecardsResults\PreRaceTest\Test" file="/opt/project/tests/controllers/Horses/RacecardsResults/PreRaceTest/Test.php" tests="1" assertions="1" errors="0" failures="0" skipped="0" time="3.459456">
      <testcase name="testRoute" class="Tests\Controllers\Horses\RacecardsResults\PreRaceTest\Test" classname="Tests.Controllers.Horses.RacecardsResults.PreRaceTest.Test" file="/opt/project/tests/controllers/Horses/RacecardsResults/PreRaceTest/Test.php" line="31" assertions="1" time="3.459456"/>
    </testsuite>
    <testsuite name="Tests\Controllers\Horses\Races\Favourites\Test" file="/opt/project/tests/controllers/Horses/Races/Favourites/Test.php" tests="1" assertions="1" errors="0" failures="0" skipped="0" time="0.362572">
      <testcase name="testRoute" class="Tests\Controllers\Horses\Races\Favourites\Test" classname="Tests.Controllers.Horses.Races.Favourites.Test" file="/opt/project/tests/controllers/Horses/Races/Favourites/Test.php" line="31" assertions="1" time="0.362572"/>
    </testsuite>
    <testsuite name="Tests\Controllers\Horses\Races\OneTwoThree\Test" file="/opt/project/tests/controllers/Horses/Races/OneTwoThree/Test.php" tests="1" assertions="1" errors="0" failures="0" skipped="0" time="0.219263">
      <testcase name="testRoute" class="Tests\Controllers\Horses\Races\OneTwoThree\Test" classname="Tests.Controllers.Horses.Races.OneTwoThree.Test" file="/opt/project/tests/controllers/Horses/Races/OneTwoThree/Test.php" line="31" assertions="1" time="0.219263"/>
    </testsuite>
    <testsuite name="Tests\Controllers\Horses\Races\OneTwoThreeById\Test" file="/opt/project/tests/controllers/Horses/Races/OneTwoThreeById/Test.php" tests="1" assertions="1" errors="0" failures="0" skipped="0" time="0.181890">
      <testcase name="testRoute" class="Tests\Controllers\Horses\Races\OneTwoThreeById\Test" classname="Tests.Controllers.Horses.Races.OneTwoThreeById.Test" file="/opt/project/tests/controllers/Horses/Races/OneTwoThreeById/Test.php" line="31" assertions="1" time="0.181890"/>
    </testsuite>
    <testsuite name="Tests\Controllers\Horses\Races\RunnersIndex\Test" file="/opt/project/tests/controllers/Horses/Races/RunnersIndex/Test.php" tests="1" assertions="1" errors="0" failures="0" skipped="0" time="0.341059">
      <testcase name="testRoute" class="Tests\Controllers\Horses\Races\RunnersIndex\Test" classname="Tests.Controllers.Horses.Races.RunnersIndex.Test" file="/opt/project/tests/controllers/Horses/Races/RunnersIndex/Test.php" line="31" assertions="1" time="0.341059"/>
    </testsuite>
    <testsuite name="Tests\Controllers\Horses\Results\Date\AllRaces\Test" file="/opt/project/tests/controllers/Horses/Results/Date/AllRaces/Test.php" tests="1" assertions="1" errors="0" failures="0" skipped="0" time="1.311788">
      <testcase name="testRoute" class="Tests\Controllers\Horses\Results\Date\AllRaces\Test" classname="Tests.Controllers.Horses.Results.Date.AllRaces.Test" file="/opt/project/tests/controllers/Horses/Results/Date/AllRaces/Test.php" line="31" assertions="1" time="1.311788"/>
    </testsuite>
    <testsuite name="Tests\Controllers\Horses\Results\Date\Limited\Test" file="/opt/project/tests/controllers/Horses/Results/Date/Limited/Test.php" tests="1" assertions="1" errors="0" failures="0" skipped="0" time="1.391862">
      <testcase name="testRoute" class="Tests\Controllers\Horses\Results\Date\Limited\Test" classname="Tests.Controllers.Horses.Results.Date.Limited.Test" file="/opt/project/tests/controllers/Horses/Results/Date/Limited/Test.php" line="31" assertions="1" time="1.391862"/>
    </testsuite>
    <testsuite name="Tests\Controllers\Horses\Results\Date\Test" file="/opt/project/tests/controllers/Horses/Results/Date/Test.php" tests="1" assertions="1" errors="0" failures="0" skipped="0" time="1.375908">
      <testcase name="testRoute" class="Tests\Controllers\Horses\Results\Date\Test" classname="Tests.Controllers.Horses.Results.Date.Test" file="/opt/project/tests/controllers/Horses/Results/Date/Test.php" line="31" assertions="1" time="1.375908"/>
    </testsuite>
    <testsuite name="Tests\Controllers\Horses\Results\FastRace\Test" file="/opt/project/tests/controllers/Horses/Results/FastRace/Test.php" tests="1" assertions="1" errors="0" failures="0" skipped="0" time="0.092814">
      <testcase name="testRoute" class="Tests\Controllers\Horses\Results\FastRace\Test" classname="Tests.Controllers.Horses.Results.FastRace.Test" file="/opt/project/tests/controllers/Horses/Results/FastRace/Test.php" line="31" assertions="1" time="0.092814"/>
    </testsuite>
    <testsuite name="Tests\Controllers\Horses\Results\Index\Test" file="/opt/project/tests/controllers/Horses/Results/Index/Test.php" tests="1" assertions="1" errors="0" failures="0" skipped="0" time="3.332982">
      <testcase name="testRoute" class="Tests\Controllers\Horses\Results\Index\Test" classname="Tests.Controllers.Horses.Results.Index.Test" file="/opt/project/tests/controllers/Horses/Results/Index/Test.php" line="31" assertions="1" time="3.332982"/>
    </testsuite>
    <testsuite name="Tests\Controllers\Horses\Results\PastWinnersTest" file="/opt/project/tests/controllers/Horses/Results/PastWinnersTest.php" tests="1" assertions="1" errors="0" failures="0" skipped="0" time="0.235481">
      <testsuite name="Tests\Controllers\Horses\Results\PastWinnersTest::testActionGetPastWinners" tests="1" assertions="1" errors="0" failures="0" skipped="0" time="0.235481">
        <testcase name="testActionGetPastWinners with data set #0" class="Tests\Controllers\Horses\Results\PastWinnersTest" classname="Tests.Controllers.Horses.Results.PastWinnersTest" file="/opt/project/tests/controllers/Horses/Results/PastWinnersTest.php" line="23" assertions="1" time="0.235481"/>
      </testsuite>
    </testsuite>
    <testsuite name="Tests\Controllers\Horses\Results\RaceInfo\Test" file="/opt/project/tests/controllers/Horses/Results/RaceInfo/Test.php" tests="1" assertions="1" errors="0" failures="0" skipped="0" time="0.919877">
      <testcase name="testRoute" class="Tests\Controllers\Horses\Results\RaceInfo\Test" classname="Tests.Controllers.Horses.Results.RaceInfo.Test" file="/opt/project/tests/controllers/Horses/Results/RaceInfo/Test.php" line="31" assertions="1" time="0.919877"/>
    </testsuite>
    <testsuite name="Tests\Controllers\Horses\Results\SalesData\Test" file="/opt/project/tests/controllers/Horses/Results/SalesData/Test.php" tests="1" assertions="1" errors="0" failures="0" skipped="0" time="0.370242">
      <testcase name="testRoute" class="Tests\Controllers\Horses\Results\SalesData\Test" classname="Tests.Controllers.Horses.Results.SalesData.Test" file="/opt/project/tests/controllers/Horses/Results/SalesData/Test.php" line="31" assertions="1" time="0.370242"/>
    </testsuite>
    <testsuite name="Test\Controllers\Horses\SeasonalStatistics\Broodmare\Test" file="/opt/project/tests/controllers/Horses/SeasonalStatistics/BroodmareSire/Test.php" tests="1" assertions="1" errors="0" failures="0" skipped="0" time="0.684344">
      <testcase name="testRoute" class="Test\Controllers\Horses\SeasonalStatistics\Broodmare\Test" classname="Test.Controllers.Horses.SeasonalStatistics.Broodmare.Test" file="/opt/project/tests/controllers/Horses/SeasonalStatistics/BroodmareSire/Test.php" line="31" assertions="1" time="0.684344"/>
    </testsuite>
    <testsuite name="Test\Controllers\Horses\SeasonalStatistics\Championships\Test" file="/opt/project/tests/controllers/Horses/SeasonalStatistics/Championships/Test.php" tests="1" assertions="1" errors="0" failures="0" skipped="0" time="0.644888">
      <testcase name="testRoute" class="Test\Controllers\Horses\SeasonalStatistics\Championships\Test" classname="Test.Controllers.Horses.SeasonalStatistics.Championships.Test" file="/opt/project/tests/controllers/Horses/SeasonalStatistics/Championships/Test.php" line="31" assertions="1" time="0.644888"/>
    </testsuite>
    <testsuite name="Test\Controllers\Horses\SeasonalStatistics\FirstCrop\Test" file="/opt/project/tests/controllers/Horses/SeasonalStatistics/FirstCrop/Test.php" tests="1" assertions="1" errors="0" failures="0" skipped="0" time="0.858848">
      <testcase name="testRoute" class="Test\Controllers\Horses\SeasonalStatistics\FirstCrop\Test" classname="Test.Controllers.Horses.SeasonalStatistics.FirstCrop.Test" file="/opt/project/tests/controllers/Horses/SeasonalStatistics/FirstCrop/Test.php" line="31" assertions="1" time="0.858848"/>
    </testsuite>
    <testsuite name="Tests\Controllers\Horses\SeasonalStatistics\Horse\Test" file="/opt/project/tests/controllers/Horses/SeasonalStatistics/Horse/Test.php" tests="1" assertions="1" errors="0" failures="0" skipped="0" time="0.506283">
      <testcase name="testRoute" class="Tests\Controllers\Horses\SeasonalStatistics\Horse\Test" classname="Tests.Controllers.Horses.SeasonalStatistics.Horse.Test" file="/opt/project/tests/controllers/Horses/SeasonalStatistics/Horse/Test.php" line="31" assertions="1" time="0.506283"/>
    </testsuite>
    <testsuite name="Test\Controllers\Horses\SeasonalStatistics\Jockey\Test" file="/opt/project/tests/controllers/Horses/SeasonalStatistics/Jockey/Test.php" tests="1" assertions="1" errors="0" failures="0" skipped="0" time="0.494356">
      <testcase name="testRoute" class="Test\Controllers\Horses\SeasonalStatistics\Jockey\Test" classname="Test.Controllers.Horses.SeasonalStatistics.Jockey.Test" file="/opt/project/tests/controllers/Horses/SeasonalStatistics/Jockey/Test.php" line="31" assertions="1" time="0.494356"/>
    </testsuite>
    <testsuite name="Test\Controllers\Horses\SeasonalStatistics\Owner\Test" file="/opt/project/tests/controllers/Horses/SeasonalStatistics/Owner/Test.php" tests="1" assertions="1" errors="0" failures="0" skipped="0" time="0.933782">
      <testcase name="testRoute" class="Test\Controllers\Horses\SeasonalStatistics\Owner\Test" classname="Test.Controllers.Horses.SeasonalStatistics.Owner.Test" file="/opt/project/tests/controllers/Horses/SeasonalStatistics/Owner/Test.php" line="31" assertions="1" time="0.933782"/>
    </testsuite>
    <testsuite name="Test\Controllers\Horses\SeasonalStatistics\Seasons\Test" file="/opt/project/tests/controllers/Horses/SeasonalStatistics/Seasons/Test.php" tests="1" assertions="1" errors="0" failures="0" skipped="0" time="0.164264">
      <testcase name="testRoute" class="Test\Controllers\Horses\SeasonalStatistics\Seasons\Test" classname="Test.Controllers.Horses.SeasonalStatistics.Seasons.Test" file="/opt/project/tests/controllers/Horses/SeasonalStatistics/Seasons/Test.php" line="31" assertions="1" time="0.164264"/>
    </testsuite>
    <testsuite name="Tests\Controllers\Horses\SeasonalStatistics\Sire\Test" file="/opt/project/tests/controllers/Horses/SeasonalStatistics/Sire/Test.php" tests="1" assertions="1" errors="0" failures="0" skipped="0" time="0.709145">
      <testcase name="testRoute" class="Tests\Controllers\Horses\SeasonalStatistics\Sire\Test" classname="Tests.Controllers.Horses.SeasonalStatistics.Sire.Test" file="/opt/project/tests/controllers/Horses/SeasonalStatistics/Sire/Test.php" line="31" assertions="1" time="0.709145"/>
    </testsuite>
    <testsuite name="Test\Controllers\Horses\SeasonalStatistics\Trainer\Test" file="/opt/project/tests/controllers/Horses/SeasonalStatistics/Trainer/Test.php" tests="1" assertions="1" errors="0" failures="0" skipped="0" time="0.788230">
      <testcase name="testRoute" class="Test\Controllers\Horses\SeasonalStatistics\Trainer\Test" classname="Test.Controllers.Horses.SeasonalStatistics.Trainer.Test" file="/opt/project/tests/controllers/Horses/SeasonalStatistics/Trainer/Test.php" line="31" assertions="1" time="0.788230"/>
    </testsuite>
    <testsuite name="Tests\Controllers\Horses\Tipping\Multiples\Test" file="/opt/project/tests/controllers/Horses/Tipping/Multiples/Test.php" tests="1" assertions="1" errors="0" failures="0" skipped="0" time="0.220118">
      <testcase name="testRoute" class="Tests\Controllers\Horses\Tipping\Multiples\Test" classname="Tests.Controllers.Horses.Tipping.Multiples.Test" file="/opt/project/tests/controllers/Horses/Tipping/Multiples/Test.php" line="31" assertions="1" time="0.220118"/>
    </testsuite>
    <testsuite name="Tests\Controllers\Horses\Tipping\Singles\Test" file="/opt/project/tests/controllers/Horses/Tipping/Singles/Test.php" tests="1" assertions="1" errors="0" failures="0" skipped="0" time="0.144537">
      <testcase name="testRoute" class="Tests\Controllers\Horses\Tipping\Singles\Test" classname="Tests.Controllers.Horses.Tipping.Singles.Test" file="/opt/project/tests/controllers/Horses/Tipping/Singles/Test.php" line="31" assertions="1" time="0.144537"/>
    </testsuite>
    <testsuite name="Tests\Controllers\Horses\Tipping\Success\Test" file="/opt/project/tests/controllers/Horses/Tipping/Success/Test.php" tests="1" assertions="1" errors="0" failures="0" skipped="0" time="0.577423">
      <testcase name="testRoute" class="Tests\Controllers\Horses\Tipping\Success\Test" classname="Tests.Controllers.Horses.Tipping.Success.Test" file="/opt/project/tests/controllers/Horses/Tipping/Success/Test.php" line="31" assertions="1" time="0.577423"/>
    </testsuite>
    <testsuite name="Tests\Lib\Bo\Traits\AddVideoDetailsTest" file="/opt/project/tests/lib/Api/Bo/Traits/AddVideoDetailsTest.php" tests="3" assertions="3" errors="0" failures="0" skipped="0" time="0.024075">
      <testsuite name="Tests\Lib\Bo\Traits\AddVideoDetailsTest::testAddVideoDetails" tests="3" assertions="3" errors="0" failures="0" skipped="0" time="0.024075">
        <testcase name="testAddVideoDetails with data set #0" class="Tests\Lib\Bo\Traits\AddVideoDetailsTest" classname="Tests.Lib.Bo.Traits.AddVideoDetailsTest" file="/opt/project/tests/lib/Api/Bo/Traits/AddVideoDetailsTest.php" line="15" assertions="1" time="0.006952"/>
        <testcase name="testAddVideoDetails with data set #1" class="Tests\Lib\Bo\Traits\AddVideoDetailsTest" classname="Tests.Lib.Bo.Traits.AddVideoDetailsTest" file="/opt/project/tests/lib/Api/Bo/Traits/AddVideoDetailsTest.php" line="15" assertions="1" time="0.014165"/>
        <testcase name="testAddVideoDetails with data set #2" class="Tests\Lib\Bo\Traits\AddVideoDetailsTest" classname="Tests.Lib.Bo.Traits.AddVideoDetailsTest" file="/opt/project/tests/lib/Api/Bo/Traits/AddVideoDetailsTest.php" line="15" assertions="1" time="0.002958"/>
      </testsuite>
    </testsuite>
    <testsuite name="Tests\Lib\Bo\Traits\EveningMeetingCheckTest" file="/opt/project/tests/lib/Api/Bo/Traits/EveningMeetingCheckTest.php" tests="6" assertions="6" errors="0" failures="0" skipped="0" time="0.004460">
      <testsuite name="Tests\Lib\Bo\Traits\EveningMeetingCheckTest::testIsEveningMeeting" tests="3" assertions="3" errors="0" failures="0" skipped="0" time="0.002178">
        <testcase name="testIsEveningMeeting with data set #0" class="Tests\Lib\Bo\Traits\EveningMeetingCheckTest" classname="Tests.Lib.Bo.Traits.EveningMeetingCheckTest" file="/opt/project/tests/lib/Api/Bo/Traits/EveningMeetingCheckTest.php" line="18" assertions="1" time="0.000720"/>
        <testcase name="testIsEveningMeeting with data set #1" class="Tests\Lib\Bo\Traits\EveningMeetingCheckTest" classname="Tests.Lib.Bo.Traits.EveningMeetingCheckTest" file="/opt/project/tests/lib/Api/Bo/Traits/EveningMeetingCheckTest.php" line="18" assertions="1" time="0.000753"/>
        <testcase name="testIsEveningMeeting with data set #2" class="Tests\Lib\Bo\Traits\EveningMeetingCheckTest" classname="Tests.Lib.Bo.Traits.EveningMeetingCheckTest" file="/opt/project/tests/lib/Api/Bo/Traits/EveningMeetingCheckTest.php" line="18" assertions="1" time="0.000705"/>
      </testsuite>
      <testsuite name="Tests\Lib\Bo\Traits\EveningMeetingCheckTest::testGetEveningMeetingFlag" tests="3" assertions="3" errors="0" failures="0" skipped="0" time="0.002282">
        <testcase name="testGetEveningMeetingFlag with data set #0" class="Tests\Lib\Bo\Traits\EveningMeetingCheckTest" classname="Tests.Lib.Bo.Traits.EveningMeetingCheckTest" file="/opt/project/tests/lib/Api/Bo/Traits/EveningMeetingCheckTest.php" line="49" assertions="1" time="0.000688"/>
        <testcase name="testGetEveningMeetingFlag with data set #1" class="Tests\Lib\Bo\Traits\EveningMeetingCheckTest" classname="Tests.Lib.Bo.Traits.EveningMeetingCheckTest" file="/opt/project/tests/lib/Api/Bo/Traits/EveningMeetingCheckTest.php" line="49" assertions="1" time="0.000829"/>
        <testcase name="testGetEveningMeetingFlag with data set #2" class="Tests\Lib\Bo\Traits\EveningMeetingCheckTest" classname="Tests.Lib.Bo.Traits.EveningMeetingCheckTest" file="/opt/project/tests/lib/Api/Bo/Traits/EveningMeetingCheckTest.php" line="49" assertions="1" time="0.000765"/>
      </testsuite>
    </testsuite>
    <testsuite name="Tests\ProfileTest" file="/opt/project/tests/lib/Api/Input/Request/Horses/ProfileTest.php" tests="1" assertions="1" errors="0" failures="0" skipped="0" time="0.005730">
      <testcase name="testGetId" class="Tests\ProfileTest" classname="Tests.ProfileTest" file="/opt/project/tests/lib/Api/Input/Request/Horses/ProfileTest.php" line="15" assertions="1" time="0.005730"/>
    </testsuite>
    <testsuite name="Tests\SeasonalStatisticsTest" file="/opt/project/tests/lib/Api/Input/Request/Horses/SeasonalStatisticsTest.php" tests="7" assertions="12" errors="0" failures="0" skipped="0" time="0.197889">
      <testsuite name="Tests\SeasonalStatisticsTest::testGetSeasonDataNotEmptyRequestSuccess" tests="4" assertions="8" errors="0" failures="0" skipped="0" time="0.128789">
        <testcase name="testGetSeasonDataNotEmptyRequestSuccess with data set #0" class="Tests\SeasonalStatisticsTest" classname="Tests.SeasonalStatisticsTest" file="/opt/project/tests/lib/Api/Input/Request/Horses/SeasonalStatisticsTest.php" line="67" assertions="2" time="0.033890"/>
        <testcase name="testGetSeasonDataNotEmptyRequestSuccess with data set #1" class="Tests\SeasonalStatisticsTest" classname="Tests.SeasonalStatisticsTest" file="/opt/project/tests/lib/Api/Input/Request/Horses/SeasonalStatisticsTest.php" line="67" assertions="2" time="0.029902"/>
        <testcase name="testGetSeasonDataNotEmptyRequestSuccess with data set #2" class="Tests\SeasonalStatisticsTest" classname="Tests.SeasonalStatisticsTest" file="/opt/project/tests/lib/Api/Input/Request/Horses/SeasonalStatisticsTest.php" line="67" assertions="2" time="0.033103"/>
        <testcase name="testGetSeasonDataNotEmptyRequestSuccess with data set #3" class="Tests\SeasonalStatisticsTest" classname="Tests.SeasonalStatisticsTest" file="/opt/project/tests/lib/Api/Input/Request/Horses/SeasonalStatisticsTest.php" line="67" assertions="2" time="0.031894"/>
      </testsuite>
      <testsuite name="Tests\SeasonalStatisticsTest::testGetSeasonDataEmptyRequestSuccess" tests="1" assertions="2" errors="0" failures="0" skipped="0" time="0.024856">
        <testcase name="testGetSeasonDataEmptyRequestSuccess with data set #0" class="Tests\SeasonalStatisticsTest" classname="Tests.SeasonalStatisticsTest" file="/opt/project/tests/lib/Api/Input/Request/Horses/SeasonalStatisticsTest.php" line="224" assertions="2" time="0.024856"/>
      </testsuite>
      <testsuite name="Tests\SeasonalStatisticsTest::testGetSeasonDataFailure" tests="2" assertions="2" errors="0" failures="0" skipped="0" time="0.044244">
        <testcase name="testGetSeasonDataFailure with data set #0" class="Tests\SeasonalStatisticsTest" classname="Tests.SeasonalStatisticsTest" file="/opt/project/tests/lib/Api/Input/Request/Horses/SeasonalStatisticsTest.php" line="278" assertions="1" time="0.025324"/>
        <testcase name="testGetSeasonDataFailure with data set #1" class="Tests\SeasonalStatisticsTest" classname="Tests.SeasonalStatisticsTest" file="/opt/project/tests/lib/Api/Input/Request/Horses/SeasonalStatisticsTest.php" line="278" assertions="1" time="0.018920"/>
      </testsuite>
    </testsuite>
    <testsuite name="tests\lib\Api\Input\Request\Method\GetChampionshipTest" file="/opt/project/tests/lib/Api/Input/Request/Method/GetChampionshipTest.php" tests="2" assertions="2" errors="0" failures="0" skipped="0" time="0.002026">
      <testsuite name="tests\lib\Api\Input\Request\Method\GetChampionshipTest::testGetChampionship" tests="2" assertions="2" errors="0" failures="0" skipped="0" time="0.002026">
        <testcase name="testGetChampionship with data set #0" class="tests\lib\Api\Input\Request\Method\GetChampionshipTest" classname="tests.lib.Api.Input.Request.Method.GetChampionshipTest" file="/opt/project/tests/lib/Api/Input/Request/Method/GetChampionshipTest.php" line="20" assertions="1" time="0.001073"/>
        <testcase name="testGetChampionship with data set #1" class="tests\lib\Api\Input\Request\Method\GetChampionshipTest" classname="tests.lib.Api.Input.Request.Method.GetChampionshipTest" file="/opt/project/tests/lib/Api/Input/Request/Method/GetChampionshipTest.php" line="20" assertions="1" time="0.000953"/>
      </testsuite>
    </testsuite>
    <testsuite name="tests\lib\Api\Input\Request\Method\GetRaceTypeCodesTest" file="/opt/project/tests/lib/Api/Input/Request/Method/GetRaceTypeCodesTest.php" tests="1" assertions="1" errors="0" failures="0" skipped="0" time="0.000996">
      <testsuite name="tests\lib\Api\Input\Request\Method\GetRaceTypeCodesTest::testGetRaceTypeCodes" tests="1" assertions="1" errors="0" failures="0" skipped="0" time="0.000996">
        <testcase name="testGetRaceTypeCodes with data set #0" class="tests\lib\Api\Input\Request\Method\GetRaceTypeCodesTest" classname="tests.lib.Api.Input.Request.Method.GetRaceTypeCodesTest" file="/opt/project/tests/lib/Api/Input/Request/Method/GetRaceTypeCodesTest.php" line="20" assertions="1" time="0.000996"/>
      </testsuite>
    </testsuite>
    <testsuite name="tests\lib\Api\Input\Request\Method\GetSearchDefaultStartDateTest" file="/opt/project/tests/lib/Api/Input/Request/Method/GetSearchDefaultStartDateTest.php" tests="2" assertions="2" errors="0" failures="0" skipped="0" time="0.002248">
      <testsuite name="tests\lib\Api\Input\Request\Method\GetSearchDefaultStartDateTest::testGetSearchDefaultStartDate" tests="2" assertions="2" errors="0" failures="0" skipped="0" time="0.002248">
        <testcase name="testGetSearchDefaultStartDate with data set #0" class="tests\lib\Api\Input\Request\Method\GetSearchDefaultStartDateTest" classname="tests.lib.Api.Input.Request.Method.GetSearchDefaultStartDateTest" file="/opt/project/tests/lib/Api/Input/Request/Method/GetSearchDefaultStartDateTest.php" line="19" assertions="1" time="0.001124"/>
        <testcase name="testGetSearchDefaultStartDate with data set #1" class="tests\lib\Api\Input\Request\Method\GetSearchDefaultStartDateTest" classname="tests.lib.Api.Input.Request.Method.GetSearchDefaultStartDateTest" file="/opt/project/tests/lib/Api/Input/Request/Method/GetSearchDefaultStartDateTest.php" line="19" assertions="1" time="0.001124"/>
      </testsuite>
    </testsuite>
    <testsuite name="Tests\Api\Input\Request\Parameter\Calculate\ChampionshipTest" file="/opt/project/tests/lib/Api/Input/Request/Parameter/Calculate/ChampionshipTest.php" tests="3" assertions="3" errors="0" failures="0" skipped="0" time="0.017533">
      <testsuite name="Tests\Api\Input\Request\Parameter\Calculate\ChampionshipTest::testGetChampionships" tests="3" assertions="3" errors="0" failures="0" skipped="0" time="0.017533">
        <testcase name="testGetChampionships with data set #0" class="Tests\Api\Input\Request\Parameter\Calculate\ChampionshipTest" classname="Tests.Api.Input.Request.Parameter.Calculate.ChampionshipTest" file="/opt/project/tests/lib/Api/Input/Request/Parameter/Calculate/ChampionshipTest.php" line="23" assertions="1" time="0.007036"/>
        <testcase name="testGetChampionships with data set #1" class="Tests\Api\Input\Request\Parameter\Calculate\ChampionshipTest" classname="Tests.Api.Input.Request.Parameter.Calculate.ChampionshipTest" file="/opt/project/tests/lib/Api/Input/Request/Parameter/Calculate/ChampionshipTest.php" line="23" assertions="1" time="0.006954"/>
        <testcase name="testGetChampionships with data set #2" class="Tests\Api\Input\Request\Parameter\Calculate\ChampionshipTest" classname="Tests.Api.Input.Request.Parameter.Calculate.ChampionshipTest" file="/opt/project/tests/lib/Api/Input/Request/Parameter/Calculate/ChampionshipTest.php" line="23" assertions="1" time="0.003543"/>
      </testsuite>
    </testsuite>
    <testsuite name="Tests\Api\Input\Request\Parameter\Calculate\CountryCode\Bloodstock\Stallion\ProgenyResultsTest" file="/opt/project/tests/lib/Api/Input/Request/Parameter/Calculate/CountryCode/Bloodstock/Stallion/ProgenyResultsTest.php" tests="2" assertions="2" errors="0" failures="0" skipped="0" time="0.005447">
      <testsuite name="Tests\Api\Input\Request\Parameter\Calculate\CountryCode\Bloodstock\Stallion\ProgenyResultsTest::testGetRaceTypeProgenyEntries" tests="2" assertions="2" errors="0" failures="0" skipped="0" time="0.005447">
        <testcase name="testGetRaceTypeProgenyEntries with data set #0" class="Tests\Api\Input\Request\Parameter\Calculate\CountryCode\Bloodstock\Stallion\ProgenyResultsTest" classname="Tests.Api.Input.Request.Parameter.Calculate.CountryCode.Bloodstock.Stallion.ProgenyResultsTest" file="/opt/project/tests/lib/Api/Input/Request/Parameter/Calculate/CountryCode/Bloodstock/Stallion/ProgenyResultsTest.php" line="22" assertions="1" time="0.003348"/>
        <testcase name="testGetRaceTypeProgenyEntries with data set #1" class="Tests\Api\Input\Request\Parameter\Calculate\CountryCode\Bloodstock\Stallion\ProgenyResultsTest" classname="Tests.Api.Input.Request.Parameter.Calculate.CountryCode.Bloodstock.Stallion.ProgenyResultsTest" file="/opt/project/tests/lib/Api/Input/Request/Parameter/Calculate/CountryCode/Bloodstock/Stallion/ProgenyResultsTest.php" line="22" assertions="1" time="0.002099"/>
      </testsuite>
    </testsuite>
    <testsuite name="Tests\Api\Input\Request\Parameter\Calculate\CountryCodeTest" file="/opt/project/tests/lib/Api/Input/Request/Parameter/Calculate/CountryCodeTest.php" tests="4" assertions="4" errors="0" failures="0" skipped="0" time="0.037696">
      <testsuite name="Tests\Api\Input\Request\Parameter\Calculate\CountryCodeTest::testGetCountryCodeSuccess" tests="3" assertions="3" errors="0" failures="0" skipped="0" time="0.031087">
        <testcase name="testGetCountryCodeSuccess with data set #0" class="Tests\Api\Input\Request\Parameter\Calculate\CountryCodeTest" classname="Tests.Api.Input.Request.Parameter.Calculate.CountryCodeTest" file="/opt/project/tests/lib/Api/Input/Request/Parameter/Calculate/CountryCodeTest.php" line="22" assertions="1" time="0.015928"/>
        <testcase name="testGetCountryCodeSuccess with data set #1" class="Tests\Api\Input\Request\Parameter\Calculate\CountryCodeTest" classname="Tests.Api.Input.Request.Parameter.Calculate.CountryCodeTest" file="/opt/project/tests/lib/Api/Input/Request/Parameter/Calculate/CountryCodeTest.php" line="22" assertions="1" time="0.008482"/>
        <testcase name="testGetCountryCodeSuccess with data set #2" class="Tests\Api\Input\Request\Parameter\Calculate\CountryCodeTest" classname="Tests.Api.Input.Request.Parameter.Calculate.CountryCodeTest" file="/opt/project/tests/lib/Api/Input/Request/Parameter/Calculate/CountryCodeTest.php" line="22" assertions="1" time="0.006677"/>
      </testsuite>
      <testsuite name="Tests\Api\Input\Request\Parameter\Calculate\CountryCodeTest::testGetCountryCodeFailure" tests="1" assertions="1" errors="0" failures="0" skipped="0" time="0.006609">
        <testcase name="testGetCountryCodeFailure with data set #0" class="Tests\Api\Input\Request\Parameter\Calculate\CountryCodeTest" classname="Tests.Api.Input.Request.Parameter.Calculate.CountryCodeTest" file="/opt/project/tests/lib/Api/Input/Request/Parameter/Calculate/CountryCodeTest.php" line="78" assertions="1" time="0.006609"/>
      </testsuite>
    </testsuite>
    <testsuite name="Tests\Api\Input\Request\Parameter\Calculate\RaceStatusTypeTest" file="/opt/project/tests/lib/Api/Input/Request/Parameter/Calculate/RaceStatusTypeTest.php" tests="3" assertions="3" errors="0" failures="0" skipped="0" time="0.037776">
      <testsuite name="Tests\Api\Input\Request\Parameter\Calculate\RaceStatusTypeTest::testGetRaceStatusTypeSuccess" tests="2" assertions="2" errors="0" failures="0" skipped="0" time="0.034343">
        <testcase name="testGetRaceStatusTypeSuccess with data set #0" class="Tests\Api\Input\Request\Parameter\Calculate\RaceStatusTypeTest" classname="Tests.Api.Input.Request.Parameter.Calculate.RaceStatusTypeTest" file="/opt/project/tests/lib/Api/Input/Request/Parameter/Calculate/RaceStatusTypeTest.php" line="22" assertions="1" time="0.019110"/>
        <testcase name="testGetRaceStatusTypeSuccess with data set #1" class="Tests\Api\Input\Request\Parameter\Calculate\RaceStatusTypeTest" classname="Tests.Api.Input.Request.Parameter.Calculate.RaceStatusTypeTest" file="/opt/project/tests/lib/Api/Input/Request/Parameter/Calculate/RaceStatusTypeTest.php" line="22" assertions="1" time="0.015233"/>
      </testsuite>
      <testsuite name="Tests\Api\Input\Request\Parameter\Calculate\RaceStatusTypeTest::testGetRaceStatusTypeNull" tests="1" assertions="1" errors="0" failures="0" skipped="0" time="0.003433">
        <testcase name="testGetRaceStatusTypeNull with data set #0" class="Tests\Api\Input\Request\Parameter\Calculate\RaceStatusTypeTest" classname="Tests.Api.Input.Request.Parameter.Calculate.RaceStatusTypeTest" file="/opt/project/tests/lib/Api/Input/Request/Parameter/Calculate/RaceStatusTypeTest.php" line="70" assertions="1" time="0.003433"/>
      </testsuite>
    </testsuite>
    <testsuite name="Tests\Api\Input\Request\Parameter\Calculate\RaceType\CourseTest" file="/opt/project/tests/lib/Api/Input/Request/Parameter/Calculate/RaceType/CourseTest.php" tests="3" assertions="3" errors="0" failures="0" skipped="0" time="0.022776">
      <testsuite name="Tests\Api\Input\Request\Parameter\Calculate\RaceType\CourseTest::testGetRaceTypeSuccess" tests="2" assertions="2" errors="0" failures="0" skipped="0" time="0.020265">
        <testcase name="testGetRaceTypeSuccess with data set #0" class="Tests\Api\Input\Request\Parameter\Calculate\RaceType\CourseTest" classname="Tests.Api.Input.Request.Parameter.Calculate.RaceType.CourseTest" file="/opt/project/tests/lib/Api/Input/Request/Parameter/Calculate/RaceType/CourseTest.php" line="22" assertions="1" time="0.012449"/>
        <testcase name="testGetRaceTypeSuccess with data set #1" class="Tests\Api\Input\Request\Parameter\Calculate\RaceType\CourseTest" classname="Tests.Api.Input.Request.Parameter.Calculate.RaceType.CourseTest" file="/opt/project/tests/lib/Api/Input/Request/Parameter/Calculate/RaceType/CourseTest.php" line="22" assertions="1" time="0.007816"/>
      </testsuite>
      <testsuite name="Tests\Api\Input\Request\Parameter\Calculate\RaceType\CourseTest::testGetRaceTypeNull" tests="1" assertions="1" errors="0" failures="0" skipped="0" time="0.002511">
        <testcase name="testGetRaceTypeNull with data set #0" class="Tests\Api\Input\Request\Parameter\Calculate\RaceType\CourseTest" classname="Tests.Api.Input.Request.Parameter.Calculate.RaceType.CourseTest" file="/opt/project/tests/lib/Api/Input/Request/Parameter/Calculate/RaceType/CourseTest.php" line="64" assertions="1" time="0.002511"/>
      </testsuite>
    </testsuite>
    <testsuite name="Tests\Api\Input\Request\Parameter\Calculate\RaceType\SeasonalStatisticsTest" file="/opt/project/tests/lib/Api/Input/Request/Parameter/Calculate/RaceType/SeasonalStatisticsTest.php" tests="3" assertions="3" errors="0" failures="0" skipped="0" time="0.025412">
      <testsuite name="Tests\Api\Input\Request\Parameter\Calculate\RaceType\SeasonalStatisticsTest::testGetRaceTypeSuccess" tests="2" assertions="2" errors="0" failures="0" skipped="0" time="0.023092">
        <testcase name="testGetRaceTypeSuccess with data set #0" class="Tests\Api\Input\Request\Parameter\Calculate\RaceType\SeasonalStatisticsTest" classname="Tests.Api.Input.Request.Parameter.Calculate.RaceType.SeasonalStatisticsTest" file="/opt/project/tests/lib/Api/Input/Request/Parameter/Calculate/RaceType/SeasonalStatisticsTest.php" line="22" assertions="1" time="0.011504"/>
        <testcase name="testGetRaceTypeSuccess with data set #1" class="Tests\Api\Input\Request\Parameter\Calculate\RaceType\SeasonalStatisticsTest" classname="Tests.Api.Input.Request.Parameter.Calculate.RaceType.SeasonalStatisticsTest" file="/opt/project/tests/lib/Api/Input/Request/Parameter/Calculate/RaceType/SeasonalStatisticsTest.php" line="22" assertions="1" time="0.011588"/>
      </testsuite>
      <testsuite name="Tests\Api\Input\Request\Parameter\Calculate\RaceType\SeasonalStatisticsTest::testGetRaceTypeNull" tests="1" assertions="1" errors="0" failures="0" skipped="0" time="0.002320">
        <testcase name="testGetRaceTypeNull with data set #0" class="Tests\Api\Input\Request\Parameter\Calculate\RaceType\SeasonalStatisticsTest" classname="Tests.Api.Input.Request.Parameter.Calculate.RaceType.SeasonalStatisticsTest" file="/opt/project/tests/lib/Api/Input/Request/Parameter/Calculate/RaceType/SeasonalStatisticsTest.php" line="68" assertions="1" time="0.002320"/>
      </testsuite>
    </testsuite>
    <testsuite name="Tests\Api\Input\Request\Parameter\Calculate\RaceType\Stallion\ProgenyTest" file="/opt/project/tests/lib/Api/Input/Request/Parameter/Calculate/RaceType/Stallion/ProgenyTest.php" tests="7" assertions="7" errors="0" failures="0" skipped="0" time="0.036979">
      <testsuite name="Tests\Api\Input\Request\Parameter\Calculate\RaceType\Stallion\ProgenyTest::testGetRaceTypeProgenyEntries" tests="2" assertions="2" errors="0" failures="0" skipped="0" time="0.009711">
        <testcase name="testGetRaceTypeProgenyEntries with data set #0" class="Tests\Api\Input\Request\Parameter\Calculate\RaceType\Stallion\ProgenyTest" classname="Tests.Api.Input.Request.Parameter.Calculate.RaceType.Stallion.ProgenyTest" file="/opt/project/tests/lib/Api/Input/Request/Parameter/Calculate/RaceType/Stallion/ProgenyTest.php" line="22" assertions="1" time="0.007186"/>
        <testcase name="testGetRaceTypeProgenyEntries with data set #1" class="Tests\Api\Input\Request\Parameter\Calculate\RaceType\Stallion\ProgenyTest" classname="Tests.Api.Input.Request.Parameter.Calculate.RaceType.Stallion.ProgenyTest" file="/opt/project/tests/lib/Api/Input/Request/Parameter/Calculate/RaceType/Stallion/ProgenyTest.php" line="22" assertions="1" time="0.002525"/>
      </testsuite>
      <testsuite name="Tests\Api\Input\Request\Parameter\Calculate\RaceType\Stallion\ProgenyTest::testGetRaceTypeProgenyHorses" tests="3" assertions="3" errors="0" failures="0" skipped="0" time="0.022274">
        <testcase name="testGetRaceTypeProgenyHorses with data set #0" class="Tests\Api\Input\Request\Parameter\Calculate\RaceType\Stallion\ProgenyTest" classname="Tests.Api.Input.Request.Parameter.Calculate.RaceType.Stallion.ProgenyTest" file="/opt/project/tests/lib/Api/Input/Request/Parameter/Calculate/RaceType/Stallion/ProgenyTest.php" line="56" assertions="1" time="0.011152"/>
        <testcase name="testGetRaceTypeProgenyHorses with data set #1" class="Tests\Api\Input\Request\Parameter\Calculate\RaceType\Stallion\ProgenyTest" classname="Tests.Api.Input.Request.Parameter.Calculate.RaceType.Stallion.ProgenyTest" file="/opt/project/tests/lib/Api/Input/Request/Parameter/Calculate/RaceType/Stallion/ProgenyTest.php" line="56" assertions="1" time="0.007596"/>
        <testcase name="testGetRaceTypeProgenyHorses with data set #2" class="Tests\Api\Input\Request\Parameter\Calculate\RaceType\Stallion\ProgenyTest" classname="Tests.Api.Input.Request.Parameter.Calculate.RaceType.Stallion.ProgenyTest" file="/opt/project/tests/lib/Api/Input/Request/Parameter/Calculate/RaceType/Stallion/ProgenyTest.php" line="56" assertions="1" time="0.003526"/>
      </testsuite>
      <testsuite name="Tests\Api\Input\Request\Parameter\Calculate\RaceType\Stallion\ProgenyTest::testGetRaceTypeProgenyResults" tests="2" assertions="2" errors="0" failures="0" skipped="0" time="0.004994">
        <testcase name="testGetRaceTypeProgenyResults with data set #0" class="Tests\Api\Input\Request\Parameter\Calculate\RaceType\Stallion\ProgenyTest" classname="Tests.Api.Input.Request.Parameter.Calculate.RaceType.Stallion.ProgenyTest" file="/opt/project/tests/lib/Api/Input/Request/Parameter/Calculate/RaceType/Stallion/ProgenyTest.php" line="105" assertions="1" time="0.002640"/>
        <testcase name="testGetRaceTypeProgenyResults with data set #1" class="Tests\Api\Input\Request\Parameter\Calculate\RaceType\Stallion\ProgenyTest" classname="Tests.Api.Input.Request.Parameter.Calculate.RaceType.Stallion.ProgenyTest" file="/opt/project/tests/lib/Api/Input/Request/Parameter/Calculate/RaceType/Stallion/ProgenyTest.php" line="105" assertions="1" time="0.002354"/>
      </testsuite>
    </testsuite>
    <testsuite name="Tests\Api\Input\Request\Parameter\Calculate\RaceTypeTest" file="/opt/project/tests/lib/Api/Input/Request/Parameter/Calculate/RaceTypeTest.php" tests="5" assertions="5" errors="0" failures="0" skipped="0" time="0.049384">
      <testsuite name="Tests\Api\Input\Request\Parameter\Calculate\RaceTypeTest::testGetRaceTypeSuccess" tests="3" assertions="3" errors="0" failures="0" skipped="0" time="0.038058">
        <testcase name="testGetRaceTypeSuccess with data set #0" class="Tests\Api\Input\Request\Parameter\Calculate\RaceTypeTest" classname="Tests.Api.Input.Request.Parameter.Calculate.RaceTypeTest" file="/opt/project/tests/lib/Api/Input/Request/Parameter/Calculate/RaceTypeTest.php" line="22" assertions="1" time="0.016076"/>
        <testcase name="testGetRaceTypeSuccess with data set #1" class="Tests\Api\Input\Request\Parameter\Calculate\RaceTypeTest" classname="Tests.Api.Input.Request.Parameter.Calculate.RaceTypeTest" file="/opt/project/tests/lib/Api/Input/Request/Parameter/Calculate/RaceTypeTest.php" line="22" assertions="1" time="0.012087"/>
        <testcase name="testGetRaceTypeSuccess with data set #2" class="Tests\Api\Input\Request\Parameter\Calculate\RaceTypeTest" classname="Tests.Api.Input.Request.Parameter.Calculate.RaceTypeTest" file="/opt/project/tests/lib/Api/Input/Request/Parameter/Calculate/RaceTypeTest.php" line="22" assertions="1" time="0.009895"/>
      </testsuite>
      <testsuite name="Tests\Api\Input\Request\Parameter\Calculate\RaceTypeTest::testGetRaceTypeFailure" tests="1" assertions="1" errors="0" failures="0" skipped="0" time="0.007586">
        <testcase name="testGetRaceTypeFailure with data set #0" class="Tests\Api\Input\Request\Parameter\Calculate\RaceTypeTest" classname="Tests.Api.Input.Request.Parameter.Calculate.RaceTypeTest" file="/opt/project/tests/lib/Api/Input/Request/Parameter/Calculate/RaceTypeTest.php" line="80" assertions="1" time="0.007586"/>
      </testsuite>
      <testsuite name="Tests\Api\Input\Request\Parameter\Calculate\RaceTypeTest::testGetRaceTypeNull" tests="1" assertions="1" errors="0" failures="0" skipped="0" time="0.003740">
        <testcase name="testGetRaceTypeNull with data set #0" class="Tests\Api\Input\Request\Parameter\Calculate\RaceTypeTest" classname="Tests.Api.Input.Request.Parameter.Calculate.RaceTypeTest" file="/opt/project/tests/lib/Api/Input/Request/Parameter/Calculate/RaceTypeTest.php" line="109" assertions="1" time="0.003740"/>
      </testsuite>
    </testsuite>
    <testsuite name="Tests\Api\Input\Request\Parameter\Calculate\SeasonYearsTest" file="/opt/project/tests/lib/Api/Input/Request/Parameter/Calculate/SeasonYearsTest.php" tests="4" assertions="4" errors="0" failures="0" skipped="0" time="0.015593">
      <testcase name="testGetSeasonYearBeginSuccess" class="Tests\Api\Input\Request\Parameter\Calculate\SeasonYearsTest" classname="Tests.Api.Input.Request.Parameter.Calculate.SeasonYearsTest" file="/opt/project/tests/lib/Api/Input/Request/Parameter/Calculate/SeasonYearsTest.php" line="15" assertions="1" time="0.005339"/>
      <testcase name="testGetSeasonYearBeginFailure" class="Tests\Api\Input\Request\Parameter\Calculate\SeasonYearsTest" classname="Tests.Api.Input.Request.Parameter.Calculate.SeasonYearsTest" file="/opt/project/tests/lib/Api/Input/Request/Parameter/Calculate/SeasonYearsTest.php" line="31" assertions="1" time="0.002385"/>
      <testcase name="testGetSeasonYearEndSuccess" class="Tests\Api\Input\Request\Parameter\Calculate\SeasonYearsTest" classname="Tests.Api.Input.Request.Parameter.Calculate.SeasonYearsTest" file="/opt/project/tests/lib/Api/Input/Request/Parameter/Calculate/SeasonYearsTest.php" line="46" assertions="1" time="0.005456"/>
      <testcase name="testGetSeasonYearEndFailure" class="Tests\Api\Input\Request\Parameter\Calculate\SeasonYearsTest" classname="Tests.Api.Input.Request.Parameter.Calculate.SeasonYearsTest" file="/opt/project/tests/lib/Api/Input/Request/Parameter/Calculate/SeasonYearsTest.php" line="62" assertions="1" time="0.002413"/>
    </testsuite>
    <testsuite name="Tests\ChampionshipFlagTest" file="/opt/project/tests/lib/Api/Input/Request/Parameter/Validator/ChampionshipFlagTest.php" tests="2" assertions="2" errors="0" failures="0" skipped="0" time="0.002229">
      <testcase name="testValidateSuccess" class="Tests\ChampionshipFlagTest" classname="Tests.ChampionshipFlagTest" file="/opt/project/tests/lib/Api/Input/Request/Parameter/Validator/ChampionshipFlagTest.php" line="15" assertions="1" time="0.000815"/>
      <testcase name="testValidateFailure" class="Tests\ChampionshipFlagTest" classname="Tests.ChampionshipFlagTest" file="/opt/project/tests/lib/Api/Input/Request/Parameter/Validator/ChampionshipFlagTest.php" line="21" assertions="1" time="0.001414"/>
    </testsuite>
    <testsuite name="Tests\ChampionshipTest" file="/opt/project/tests/lib/Api/Input/Request/Parameter/Validator/ChampionshipTest.php" tests="8" assertions="8" errors="0" failures="0" skipped="0" time="0.006449">
      <testsuite name="Tests\ChampionshipTest::testWrong" tests="5" assertions="5" errors="0" failures="0" skipped="0" time="0.003994">
        <testcase name="testWrong with data set #0" class="Tests\ChampionshipTest" classname="Tests.ChampionshipTest" file="/opt/project/tests/lib/Api/Input/Request/Parameter/Validator/ChampionshipTest.php" line="16" assertions="1" time="0.000861"/>
        <testcase name="testWrong with data set #1" class="Tests\ChampionshipTest" classname="Tests.ChampionshipTest" file="/opt/project/tests/lib/Api/Input/Request/Parameter/Validator/ChampionshipTest.php" line="16" assertions="1" time="0.000768"/>
        <testcase name="testWrong with data set #2" class="Tests\ChampionshipTest" classname="Tests.ChampionshipTest" file="/opt/project/tests/lib/Api/Input/Request/Parameter/Validator/ChampionshipTest.php" line="16" assertions="1" time="0.000767"/>
        <testcase name="testWrong with data set #3" class="Tests\ChampionshipTest" classname="Tests.ChampionshipTest" file="/opt/project/tests/lib/Api/Input/Request/Parameter/Validator/ChampionshipTest.php" line="16" assertions="1" time="0.000828"/>
        <testcase name="testWrong with data set #4" class="Tests\ChampionshipTest" classname="Tests.ChampionshipTest" file="/opt/project/tests/lib/Api/Input/Request/Parameter/Validator/ChampionshipTest.php" line="16" assertions="1" time="0.000770"/>
      </testsuite>
      <testsuite name="Tests\ChampionshipTest::testSuccess" tests="3" assertions="3" errors="0" failures="0" skipped="0" time="0.002455">
        <testcase name="testSuccess with data set #0" class="Tests\ChampionshipTest" classname="Tests.ChampionshipTest" file="/opt/project/tests/lib/Api/Input/Request/Parameter/Validator/ChampionshipTest.php" line="43" assertions="1" time="0.000782"/>
        <testcase name="testSuccess with data set #1" class="Tests\ChampionshipTest" classname="Tests.ChampionshipTest" file="/opt/project/tests/lib/Api/Input/Request/Parameter/Validator/ChampionshipTest.php" line="43" assertions="1" time="0.000864"/>
        <testcase name="testSuccess with data set #2" class="Tests\ChampionshipTest" classname="Tests.ChampionshipTest" file="/opt/project/tests/lib/Api/Input/Request/Parameter/Validator/ChampionshipTest.php" line="43" assertions="1" time="0.000809"/>
      </testsuite>
    </testsuite>
    <testsuite name="Tests\CountryCodeFullScopeTest" file="/opt/project/tests/lib/Api/Input/Request/Parameter/Validator/CountryCodeFullScopeTest.php" tests="10" assertions="10" errors="0" failures="0" skipped="0" time="0.008453">
      <testsuite name="Tests\CountryCodeFullScopeTest::testWrong" tests="4" assertions="4" errors="0" failures="0" skipped="0" time="0.003340">
        <testcase name="testWrong with data set #0" class="Tests\CountryCodeFullScopeTest" classname="Tests.CountryCodeFullScopeTest" file="/opt/project/tests/lib/Api/Input/Request/Parameter/Validator/CountryCodeFullScopeTest.php" line="16" assertions="1" time="0.000815"/>
        <testcase name="testWrong with data set #1" class="Tests\CountryCodeFullScopeTest" classname="Tests.CountryCodeFullScopeTest" file="/opt/project/tests/lib/Api/Input/Request/Parameter/Validator/CountryCodeFullScopeTest.php" line="16" assertions="1" time="0.000785"/>
        <testcase name="testWrong with data set #2" class="Tests\CountryCodeFullScopeTest" classname="Tests.CountryCodeFullScopeTest" file="/opt/project/tests/lib/Api/Input/Request/Parameter/Validator/CountryCodeFullScopeTest.php" line="16" assertions="1" time="0.000824"/>
        <testcase name="testWrong with data set #3" class="Tests\CountryCodeFullScopeTest" classname="Tests.CountryCodeFullScopeTest" file="/opt/project/tests/lib/Api/Input/Request/Parameter/Validator/CountryCodeFullScopeTest.php" line="16" assertions="1" time="0.000916"/>
      </testsuite>
      <testsuite name="Tests\CountryCodeFullScopeTest::testSuccess" tests="6" assertions="6" errors="0" failures="0" skipped="0" time="0.005113">
        <testcase name="testSuccess with data set #0" class="Tests\CountryCodeFullScopeTest" classname="Tests.CountryCodeFullScopeTest" file="/opt/project/tests/lib/Api/Input/Request/Parameter/Validator/CountryCodeFullScopeTest.php" line="44" assertions="1" time="0.000812"/>
        <testcase name="testSuccess with data set #1" class="Tests\CountryCodeFullScopeTest" classname="Tests.CountryCodeFullScopeTest" file="/opt/project/tests/lib/Api/Input/Request/Parameter/Validator/CountryCodeFullScopeTest.php" line="44" assertions="1" time="0.000817"/>
        <testcase name="testSuccess with data set #2" class="Tests\CountryCodeFullScopeTest" classname="Tests.CountryCodeFullScopeTest" file="/opt/project/tests/lib/Api/Input/Request/Parameter/Validator/CountryCodeFullScopeTest.php" line="44" assertions="1" time="0.000797"/>
        <testcase name="testSuccess with data set #3" class="Tests\CountryCodeFullScopeTest" classname="Tests.CountryCodeFullScopeTest" file="/opt/project/tests/lib/Api/Input/Request/Parameter/Validator/CountryCodeFullScopeTest.php" line="44" assertions="1" time="0.000897"/>
        <testcase name="testSuccess with data set #4" class="Tests\CountryCodeFullScopeTest" classname="Tests.CountryCodeFullScopeTest" file="/opt/project/tests/lib/Api/Input/Request/Parameter/Validator/CountryCodeFullScopeTest.php" line="44" assertions="1" time="0.000875"/>
        <testcase name="testSuccess with data set #5" class="Tests\CountryCodeFullScopeTest" classname="Tests.CountryCodeFullScopeTest" file="/opt/project/tests/lib/Api/Input/Request/Parameter/Validator/CountryCodeFullScopeTest.php" line="44" assertions="1" time="0.000915"/>
      </testsuite>
    </testsuite>
    <testsuite name="Tests\CountryCodeTest" file="/opt/project/tests/lib/Api/Input/Request/Parameter/Validator/CountryCodeTest.php" tests="8" assertions="8" errors="0" failures="0" skipped="0" time="0.006911">
      <testsuite name="Tests\CountryCodeTest::testWrong" tests="4" assertions="4" errors="0" failures="0" skipped="0" time="0.003450">
        <testcase name="testWrong with data set #0" class="Tests\CountryCodeTest" classname="Tests.CountryCodeTest" file="/opt/project/tests/lib/Api/Input/Request/Parameter/Validator/CountryCodeTest.php" line="16" assertions="1" time="0.000877"/>
        <testcase name="testWrong with data set #1" class="Tests\CountryCodeTest" classname="Tests.CountryCodeTest" file="/opt/project/tests/lib/Api/Input/Request/Parameter/Validator/CountryCodeTest.php" line="16" assertions="1" time="0.000809"/>
        <testcase name="testWrong with data set #2" class="Tests\CountryCodeTest" classname="Tests.CountryCodeTest" file="/opt/project/tests/lib/Api/Input/Request/Parameter/Validator/CountryCodeTest.php" line="16" assertions="1" time="0.000908"/>
        <testcase name="testWrong with data set #3" class="Tests\CountryCodeTest" classname="Tests.CountryCodeTest" file="/opt/project/tests/lib/Api/Input/Request/Parameter/Validator/CountryCodeTest.php" line="16" assertions="1" time="0.000856"/>
      </testsuite>
      <testsuite name="Tests\CountryCodeTest::testSuccess" tests="4" assertions="4" errors="0" failures="0" skipped="0" time="0.003461">
        <testcase name="testSuccess with data set #0" class="Tests\CountryCodeTest" classname="Tests.CountryCodeTest" file="/opt/project/tests/lib/Api/Input/Request/Parameter/Validator/CountryCodeTest.php" line="42" assertions="1" time="0.000863"/>
        <testcase name="testSuccess with data set #1" class="Tests\CountryCodeTest" classname="Tests.CountryCodeTest" file="/opt/project/tests/lib/Api/Input/Request/Parameter/Validator/CountryCodeTest.php" line="42" assertions="1" time="0.000917"/>
        <testcase name="testSuccess with data set #2" class="Tests\CountryCodeTest" classname="Tests.CountryCodeTest" file="/opt/project/tests/lib/Api/Input/Request/Parameter/Validator/CountryCodeTest.php" line="42" assertions="1" time="0.000827"/>
        <testcase name="testSuccess with data set #3" class="Tests\CountryCodeTest" classname="Tests.CountryCodeTest" file="/opt/project/tests/lib/Api/Input/Request/Parameter/Validator/CountryCodeTest.php" line="42" assertions="1" time="0.000854"/>
      </testsuite>
    </testsuite>
    <testsuite name="Tests\GoingTypeTest" file="/opt/project/tests/lib/Api/Input/Request/Parameter/Validator/GoingTypeTest.php" tests="35" assertions="35" errors="0" failures="0" skipped="0" time="0.031967">
      <testsuite name="Tests\GoingTypeTest::testWrong" tests="11" assertions="11" errors="0" failures="0" skipped="0" time="0.010513">
        <testcase name="testWrong with data set #0" class="Tests\GoingTypeTest" classname="Tests.GoingTypeTest" file="/opt/project/tests/lib/Api/Input/Request/Parameter/Validator/GoingTypeTest.php" line="21" assertions="1" time="0.001790"/>
        <testcase name="testWrong with data set #1" class="Tests\GoingTypeTest" classname="Tests.GoingTypeTest" file="/opt/project/tests/lib/Api/Input/Request/Parameter/Validator/GoingTypeTest.php" line="21" assertions="1" time="0.000849"/>
        <testcase name="testWrong with data set #2" class="Tests\GoingTypeTest" classname="Tests.GoingTypeTest" file="/opt/project/tests/lib/Api/Input/Request/Parameter/Validator/GoingTypeTest.php" line="21" assertions="1" time="0.000949"/>
        <testcase name="testWrong with data set #3" class="Tests\GoingTypeTest" classname="Tests.GoingTypeTest" file="/opt/project/tests/lib/Api/Input/Request/Parameter/Validator/GoingTypeTest.php" line="21" assertions="1" time="0.000863"/>
        <testcase name="testWrong with data set #4" class="Tests\GoingTypeTest" classname="Tests.GoingTypeTest" file="/opt/project/tests/lib/Api/Input/Request/Parameter/Validator/GoingTypeTest.php" line="21" assertions="1" time="0.000815"/>
        <testcase name="testWrong with data set #5" class="Tests\GoingTypeTest" classname="Tests.GoingTypeTest" file="/opt/project/tests/lib/Api/Input/Request/Parameter/Validator/GoingTypeTest.php" line="21" assertions="1" time="0.000909"/>
        <testcase name="testWrong with data set #6" class="Tests\GoingTypeTest" classname="Tests.GoingTypeTest" file="/opt/project/tests/lib/Api/Input/Request/Parameter/Validator/GoingTypeTest.php" line="21" assertions="1" time="0.000883"/>
        <testcase name="testWrong with data set #7" class="Tests\GoingTypeTest" classname="Tests.GoingTypeTest" file="/opt/project/tests/lib/Api/Input/Request/Parameter/Validator/GoingTypeTest.php" line="21" assertions="1" time="0.000890"/>
        <testcase name="testWrong with data set #8" class="Tests\GoingTypeTest" classname="Tests.GoingTypeTest" file="/opt/project/tests/lib/Api/Input/Request/Parameter/Validator/GoingTypeTest.php" line="21" assertions="1" time="0.000850"/>
        <testcase name="testWrong with data set #9" class="Tests\GoingTypeTest" classname="Tests.GoingTypeTest" file="/opt/project/tests/lib/Api/Input/Request/Parameter/Validator/GoingTypeTest.php" line="21" assertions="1" time="0.000855"/>
        <testcase name="testWrong with data set #10" class="Tests\GoingTypeTest" classname="Tests.GoingTypeTest" file="/opt/project/tests/lib/Api/Input/Request/Parameter/Validator/GoingTypeTest.php" line="21" assertions="1" time="0.000860"/>
      </testsuite>
      <testsuite name="Tests\GoingTypeTest::testSuccess" tests="24" assertions="24" errors="0" failures="0" skipped="0" time="0.021454">
        <testcase name="testSuccess with data set #0" class="Tests\GoingTypeTest" classname="Tests.GoingTypeTest" file="/opt/project/tests/lib/Api/Input/Request/Parameter/Validator/GoingTypeTest.php" line="57" assertions="1" time="0.000892"/>
        <testcase name="testSuccess with data set #1" class="Tests\GoingTypeTest" classname="Tests.GoingTypeTest" file="/opt/project/tests/lib/Api/Input/Request/Parameter/Validator/GoingTypeTest.php" line="57" assertions="1" time="0.000883"/>
        <testcase name="testSuccess with data set #2" class="Tests\GoingTypeTest" classname="Tests.GoingTypeTest" file="/opt/project/tests/lib/Api/Input/Request/Parameter/Validator/GoingTypeTest.php" line="57" assertions="1" time="0.000871"/>
        <testcase name="testSuccess with data set #3" class="Tests\GoingTypeTest" classname="Tests.GoingTypeTest" file="/opt/project/tests/lib/Api/Input/Request/Parameter/Validator/GoingTypeTest.php" line="57" assertions="1" time="0.000900"/>
        <testcase name="testSuccess with data set #4" class="Tests\GoingTypeTest" classname="Tests.GoingTypeTest" file="/opt/project/tests/lib/Api/Input/Request/Parameter/Validator/GoingTypeTest.php" line="57" assertions="1" time="0.000914"/>
        <testcase name="testSuccess with data set #5" class="Tests\GoingTypeTest" classname="Tests.GoingTypeTest" file="/opt/project/tests/lib/Api/Input/Request/Parameter/Validator/GoingTypeTest.php" line="57" assertions="1" time="0.000892"/>
        <testcase name="testSuccess with data set #6" class="Tests\GoingTypeTest" classname="Tests.GoingTypeTest" file="/opt/project/tests/lib/Api/Input/Request/Parameter/Validator/GoingTypeTest.php" line="57" assertions="1" time="0.000876"/>
        <testcase name="testSuccess with data set #7" class="Tests\GoingTypeTest" classname="Tests.GoingTypeTest" file="/opt/project/tests/lib/Api/Input/Request/Parameter/Validator/GoingTypeTest.php" line="57" assertions="1" time="0.000888"/>
        <testcase name="testSuccess with data set #8" class="Tests\GoingTypeTest" classname="Tests.GoingTypeTest" file="/opt/project/tests/lib/Api/Input/Request/Parameter/Validator/GoingTypeTest.php" line="57" assertions="1" time="0.000896"/>
        <testcase name="testSuccess with data set #9" class="Tests\GoingTypeTest" classname="Tests.GoingTypeTest" file="/opt/project/tests/lib/Api/Input/Request/Parameter/Validator/GoingTypeTest.php" line="57" assertions="1" time="0.000848"/>
        <testcase name="testSuccess with data set #10" class="Tests\GoingTypeTest" classname="Tests.GoingTypeTest" file="/opt/project/tests/lib/Api/Input/Request/Parameter/Validator/GoingTypeTest.php" line="57" assertions="1" time="0.001012"/>
        <testcase name="testSuccess with data set #11" class="Tests\GoingTypeTest" classname="Tests.GoingTypeTest" file="/opt/project/tests/lib/Api/Input/Request/Parameter/Validator/GoingTypeTest.php" line="57" assertions="1" time="0.000971"/>
        <testcase name="testSuccess with data set #12" class="Tests\GoingTypeTest" classname="Tests.GoingTypeTest" file="/opt/project/tests/lib/Api/Input/Request/Parameter/Validator/GoingTypeTest.php" line="57" assertions="1" time="0.000866"/>
        <testcase name="testSuccess with data set #13" class="Tests\GoingTypeTest" classname="Tests.GoingTypeTest" file="/opt/project/tests/lib/Api/Input/Request/Parameter/Validator/GoingTypeTest.php" line="57" assertions="1" time="0.000850"/>
        <testcase name="testSuccess with data set #14" class="Tests\GoingTypeTest" classname="Tests.GoingTypeTest" file="/opt/project/tests/lib/Api/Input/Request/Parameter/Validator/GoingTypeTest.php" line="57" assertions="1" time="0.000861"/>
        <testcase name="testSuccess with data set #15" class="Tests\GoingTypeTest" classname="Tests.GoingTypeTest" file="/opt/project/tests/lib/Api/Input/Request/Parameter/Validator/GoingTypeTest.php" line="57" assertions="1" time="0.000877"/>
        <testcase name="testSuccess with data set #16" class="Tests\GoingTypeTest" classname="Tests.GoingTypeTest" file="/opt/project/tests/lib/Api/Input/Request/Parameter/Validator/GoingTypeTest.php" line="57" assertions="1" time="0.000841"/>
        <testcase name="testSuccess with data set #17" class="Tests\GoingTypeTest" classname="Tests.GoingTypeTest" file="/opt/project/tests/lib/Api/Input/Request/Parameter/Validator/GoingTypeTest.php" line="57" assertions="1" time="0.000979"/>
        <testcase name="testSuccess with data set #18" class="Tests\GoingTypeTest" classname="Tests.GoingTypeTest" file="/opt/project/tests/lib/Api/Input/Request/Parameter/Validator/GoingTypeTest.php" line="57" assertions="1" time="0.000891"/>
        <testcase name="testSuccess with data set #19" class="Tests\GoingTypeTest" classname="Tests.GoingTypeTest" file="/opt/project/tests/lib/Api/Input/Request/Parameter/Validator/GoingTypeTest.php" line="57" assertions="1" time="0.000854"/>
        <testcase name="testSuccess with data set #20" class="Tests\GoingTypeTest" classname="Tests.GoingTypeTest" file="/opt/project/tests/lib/Api/Input/Request/Parameter/Validator/GoingTypeTest.php" line="57" assertions="1" time="0.000865"/>
        <testcase name="testSuccess with data set #21" class="Tests\GoingTypeTest" classname="Tests.GoingTypeTest" file="/opt/project/tests/lib/Api/Input/Request/Parameter/Validator/GoingTypeTest.php" line="57" assertions="1" time="0.000907"/>
        <testcase name="testSuccess with data set #22" class="Tests\GoingTypeTest" classname="Tests.GoingTypeTest" file="/opt/project/tests/lib/Api/Input/Request/Parameter/Validator/GoingTypeTest.php" line="57" assertions="1" time="0.000940"/>
        <testcase name="testSuccess with data set #23" class="Tests\GoingTypeTest" classname="Tests.GoingTypeTest" file="/opt/project/tests/lib/Api/Input/Request/Parameter/Validator/GoingTypeTest.php" line="57" assertions="1" time="0.000880"/>
      </testsuite>
    </testsuite>
    <testsuite name="Tests\HexTest" file="/opt/project/tests/lib/Api/Input/Request/Parameter/Validator/HexTest.php" tests="11" assertions="11" errors="0" failures="0" skipped="0" time="0.010370">
      <testsuite name="Tests\HexTest::testWrong" tests="9" assertions="9" errors="0" failures="0" skipped="0" time="0.008673">
        <testcase name="testWrong with data set #0" class="Tests\HexTest" classname="Tests.HexTest" file="/opt/project/tests/lib/Api/Input/Request/Parameter/Validator/HexTest.php" line="15" assertions="1" time="0.001517"/>
        <testcase name="testWrong with data set #1" class="Tests\HexTest" classname="Tests.HexTest" file="/opt/project/tests/lib/Api/Input/Request/Parameter/Validator/HexTest.php" line="15" assertions="1" time="0.000861"/>
        <testcase name="testWrong with data set #2" class="Tests\HexTest" classname="Tests.HexTest" file="/opt/project/tests/lib/Api/Input/Request/Parameter/Validator/HexTest.php" line="15" assertions="1" time="0.000896"/>
        <testcase name="testWrong with data set #3" class="Tests\HexTest" classname="Tests.HexTest" file="/opt/project/tests/lib/Api/Input/Request/Parameter/Validator/HexTest.php" line="15" assertions="1" time="0.000921"/>
        <testcase name="testWrong with data set #4" class="Tests\HexTest" classname="Tests.HexTest" file="/opt/project/tests/lib/Api/Input/Request/Parameter/Validator/HexTest.php" line="15" assertions="1" time="0.000894"/>
        <testcase name="testWrong with data set #5" class="Tests\HexTest" classname="Tests.HexTest" file="/opt/project/tests/lib/Api/Input/Request/Parameter/Validator/HexTest.php" line="15" assertions="1" time="0.000872"/>
        <testcase name="testWrong with data set #6" class="Tests\HexTest" classname="Tests.HexTest" file="/opt/project/tests/lib/Api/Input/Request/Parameter/Validator/HexTest.php" line="15" assertions="1" time="0.000846"/>
        <testcase name="testWrong with data set #7" class="Tests\HexTest" classname="Tests.HexTest" file="/opt/project/tests/lib/Api/Input/Request/Parameter/Validator/HexTest.php" line="15" assertions="1" time="0.000895"/>
        <testcase name="testWrong with data set #8" class="Tests\HexTest" classname="Tests.HexTest" file="/opt/project/tests/lib/Api/Input/Request/Parameter/Validator/HexTest.php" line="15" assertions="1" time="0.000972"/>
      </testsuite>
      <testsuite name="Tests\HexTest::testSuccess" tests="2" assertions="2" errors="0" failures="0" skipped="0" time="0.001697">
        <testcase name="testSuccess with data set #0" class="Tests\HexTest" classname="Tests.HexTest" file="/opt/project/tests/lib/Api/Input/Request/Parameter/Validator/HexTest.php" line="47" assertions="1" time="0.000878"/>
        <testcase name="testSuccess with data set #1" class="Tests\HexTest" classname="Tests.HexTest" file="/opt/project/tests/lib/Api/Input/Request/Parameter/Validator/HexTest.php" line="47" assertions="1" time="0.000819"/>
      </testsuite>
    </testsuite>
    <testsuite name="Tests\HorseAgeTest" file="/opt/project/tests/lib/Api/Input/Request/Parameter/Validator/HorseAgeTest.php" tests="10" assertions="10" errors="0" failures="0" skipped="0" time="0.010957">
      <testsuite name="Tests\HorseAgeTest::testWrong" tests="4" assertions="4" errors="0" failures="0" skipped="0" time="0.003656">
        <testcase name="testWrong with data set #0" class="Tests\HorseAgeTest" classname="Tests.HorseAgeTest" file="/opt/project/tests/lib/Api/Input/Request/Parameter/Validator/HorseAgeTest.php" line="22" assertions="1" time="0.000916"/>
        <testcase name="testWrong with data set #1" class="Tests\HorseAgeTest" classname="Tests.HorseAgeTest" file="/opt/project/tests/lib/Api/Input/Request/Parameter/Validator/HorseAgeTest.php" line="22" assertions="1" time="0.000906"/>
        <testcase name="testWrong with data set #2" class="Tests\HorseAgeTest" classname="Tests.HorseAgeTest" file="/opt/project/tests/lib/Api/Input/Request/Parameter/Validator/HorseAgeTest.php" line="22" assertions="1" time="0.000870"/>
        <testcase name="testWrong with data set #3" class="Tests\HorseAgeTest" classname="Tests.HorseAgeTest" file="/opt/project/tests/lib/Api/Input/Request/Parameter/Validator/HorseAgeTest.php" line="22" assertions="1" time="0.000964"/>
      </testsuite>
      <testsuite name="Tests\HorseAgeTest::testSuccess" tests="4" assertions="4" errors="0" failures="0" skipped="0" time="0.005225">
        <testcase name="testSuccess with data set #0" class="Tests\HorseAgeTest" classname="Tests.HorseAgeTest" file="/opt/project/tests/lib/Api/Input/Request/Parameter/Validator/HorseAgeTest.php" line="50" assertions="1" time="0.002167"/>
        <testcase name="testSuccess with data set #1" class="Tests\HorseAgeTest" classname="Tests.HorseAgeTest" file="/opt/project/tests/lib/Api/Input/Request/Parameter/Validator/HorseAgeTest.php" line="50" assertions="1" time="0.001139"/>
        <testcase name="testSuccess with data set #2" class="Tests\HorseAgeTest" classname="Tests.HorseAgeTest" file="/opt/project/tests/lib/Api/Input/Request/Parameter/Validator/HorseAgeTest.php" line="50" assertions="1" time="0.000907"/>
        <testcase name="testSuccess with data set #3" class="Tests\HorseAgeTest" classname="Tests.HorseAgeTest" file="/opt/project/tests/lib/Api/Input/Request/Parameter/Validator/HorseAgeTest.php" line="50" assertions="1" time="0.001012"/>
      </testsuite>
      <testsuite name="Tests\HorseAgeTest::testGetValidatorTitle" tests="2" assertions="2" errors="0" failures="0" skipped="0" time="0.002076">
        <testcase name="testGetValidatorTitle with data set #0" class="Tests\HorseAgeTest" classname="Tests.HorseAgeTest" file="/opt/project/tests/lib/Api/Input/Request/Parameter/Validator/HorseAgeTest.php" line="78" assertions="1" time="0.001074"/>
        <testcase name="testGetValidatorTitle with data set #1" class="Tests\HorseAgeTest" classname="Tests.HorseAgeTest" file="/opt/project/tests/lib/Api/Input/Request/Parameter/Validator/HorseAgeTest.php" line="78" assertions="1" time="0.001002"/>
      </testsuite>
    </testsuite>
    <testsuite name="Tests\JumpsCodeTest" file="/opt/project/tests/lib/Api/Input/Request/Parameter/Validator/JumpsCodeTest.php" tests="8" assertions="8" errors="0" failures="0" skipped="0" time="0.008432">
      <testsuite name="Tests\JumpsCodeTest::testWrong" tests="5" assertions="5" errors="0" failures="0" skipped="0" time="0.005189">
        <testcase name="testWrong with data set #0" class="Tests\JumpsCodeTest" classname="Tests.JumpsCodeTest" file="/opt/project/tests/lib/Api/Input/Request/Parameter/Validator/JumpsCodeTest.php" line="21" assertions="1" time="0.001068"/>
        <testcase name="testWrong with data set #1" class="Tests\JumpsCodeTest" classname="Tests.JumpsCodeTest" file="/opt/project/tests/lib/Api/Input/Request/Parameter/Validator/JumpsCodeTest.php" line="21" assertions="1" time="0.000954"/>
        <testcase name="testWrong with data set #2" class="Tests\JumpsCodeTest" classname="Tests.JumpsCodeTest" file="/opt/project/tests/lib/Api/Input/Request/Parameter/Validator/JumpsCodeTest.php" line="21" assertions="1" time="0.001028"/>
        <testcase name="testWrong with data set #3" class="Tests\JumpsCodeTest" classname="Tests.JumpsCodeTest" file="/opt/project/tests/lib/Api/Input/Request/Parameter/Validator/JumpsCodeTest.php" line="21" assertions="1" time="0.001087"/>
        <testcase name="testWrong with data set #4" class="Tests\JumpsCodeTest" classname="Tests.JumpsCodeTest" file="/opt/project/tests/lib/Api/Input/Request/Parameter/Validator/JumpsCodeTest.php" line="21" assertions="1" time="0.001052"/>
      </testsuite>
      <testsuite name="Tests\JumpsCodeTest::testSuccess" tests="3" assertions="3" errors="0" failures="0" skipped="0" time="0.003243">
        <testcase name="testSuccess with data set #0" class="Tests\JumpsCodeTest" classname="Tests.JumpsCodeTest" file="/opt/project/tests/lib/Api/Input/Request/Parameter/Validator/JumpsCodeTest.php" line="51" assertions="1" time="0.001154"/>
        <testcase name="testSuccess with data set #1" class="Tests\JumpsCodeTest" classname="Tests.JumpsCodeTest" file="/opt/project/tests/lib/Api/Input/Request/Parameter/Validator/JumpsCodeTest.php" line="51" assertions="1" time="0.001032"/>
        <testcase name="testSuccess with data set #2" class="Tests\JumpsCodeTest" classname="Tests.JumpsCodeTest" file="/opt/project/tests/lib/Api/Input/Request/Parameter/Validator/JumpsCodeTest.php" line="51" assertions="1" time="0.001057"/>
      </testsuite>
    </testsuite>
    <testsuite name="Tests\RaceStatusTypeTest" file="/opt/project/tests/lib/Api/Input/Request/Parameter/Validator/RaceStatusTypeTest.php" tests="2" assertions="3" errors="0" failures="0" skipped="0" time="0.002268">
      <testcase name="testValidateSuccess" class="Tests\RaceStatusTypeTest" classname="Tests.RaceStatusTypeTest" file="/opt/project/tests/lib/Api/Input/Request/Parameter/Validator/RaceStatusTypeTest.php" line="15" assertions="2" time="0.001190"/>
      <testcase name="testValidateFailure" class="Tests\RaceStatusTypeTest" classname="Tests.RaceStatusTypeTest" file="/opt/project/tests/lib/Api/Input/Request/Parameter/Validator/RaceStatusTypeTest.php" line="22" assertions="1" time="0.001078"/>
    </testsuite>
    <testsuite name="Tests\RaceTypeTest" file="/opt/project/tests/lib/Api/Input/Request/Parameter/Validator/RaceTypeTest.php" tests="9" assertions="9" errors="0" failures="0" skipped="0" time="0.008512">
      <testsuite name="Tests\RaceTypeTest::testWrong" tests="7" assertions="7" errors="0" failures="0" skipped="0" time="0.006662">
        <testcase name="testWrong with data set #0" class="Tests\RaceTypeTest" classname="Tests.RaceTypeTest" file="/opt/project/tests/lib/Api/Input/Request/Parameter/Validator/RaceTypeTest.php" line="15" assertions="1" time="0.000991"/>
        <testcase name="testWrong with data set #1" class="Tests\RaceTypeTest" classname="Tests.RaceTypeTest" file="/opt/project/tests/lib/Api/Input/Request/Parameter/Validator/RaceTypeTest.php" line="15" assertions="1" time="0.000973"/>
        <testcase name="testWrong with data set #2" class="Tests\RaceTypeTest" classname="Tests.RaceTypeTest" file="/opt/project/tests/lib/Api/Input/Request/Parameter/Validator/RaceTypeTest.php" line="15" assertions="1" time="0.000988"/>
        <testcase name="testWrong with data set #3" class="Tests\RaceTypeTest" classname="Tests.RaceTypeTest" file="/opt/project/tests/lib/Api/Input/Request/Parameter/Validator/RaceTypeTest.php" line="15" assertions="1" time="0.000903"/>
        <testcase name="testWrong with data set #4" class="Tests\RaceTypeTest" classname="Tests.RaceTypeTest" file="/opt/project/tests/lib/Api/Input/Request/Parameter/Validator/RaceTypeTest.php" line="15" assertions="1" time="0.001006"/>
        <testcase name="testWrong with data set #5" class="Tests\RaceTypeTest" classname="Tests.RaceTypeTest" file="/opt/project/tests/lib/Api/Input/Request/Parameter/Validator/RaceTypeTest.php" line="15" assertions="1" time="0.000884"/>
        <testcase name="testWrong with data set #6" class="Tests\RaceTypeTest" classname="Tests.RaceTypeTest" file="/opt/project/tests/lib/Api/Input/Request/Parameter/Validator/RaceTypeTest.php" line="15" assertions="1" time="0.000917"/>
      </testsuite>
      <testsuite name="Tests\RaceTypeTest::testSuccess" tests="2" assertions="2" errors="0" failures="0" skipped="0" time="0.001850">
        <testcase name="testSuccess with data set #0" class="Tests\RaceTypeTest" classname="Tests.RaceTypeTest" file="/opt/project/tests/lib/Api/Input/Request/Parameter/Validator/RaceTypeTest.php" line="47" assertions="1" time="0.000963"/>
        <testcase name="testSuccess with data set #1" class="Tests\RaceTypeTest" classname="Tests.RaceTypeTest" file="/opt/project/tests/lib/Api/Input/Request/Parameter/Validator/RaceTypeTest.php" line="47" assertions="1" time="0.000887"/>
      </testsuite>
    </testsuite>
    <testsuite name="Tests\SearchCourseIdTest" file="/opt/project/tests/lib/Api/Input/Request/Parameter/Validator/SearchCourseIdTest.php" tests="5" assertions="5" errors="0" failures="0" skipped="0" time="0.005312">
      <testsuite name="Tests\SearchCourseIdTest::testWrong" tests="2" assertions="2" errors="0" failures="0" skipped="0" time="0.002175">
        <testcase name="testWrong with data set #0" class="Tests\SearchCourseIdTest" classname="Tests.SearchCourseIdTest" file="/opt/project/tests/lib/Api/Input/Request/Parameter/Validator/SearchCourseIdTest.php" line="16" assertions="1" time="0.001029"/>
        <testcase name="testWrong with data set #1" class="Tests\SearchCourseIdTest" classname="Tests.SearchCourseIdTest" file="/opt/project/tests/lib/Api/Input/Request/Parameter/Validator/SearchCourseIdTest.php" line="16" assertions="1" time="0.001146"/>
      </testsuite>
      <testsuite name="Tests\SearchCourseIdTest::testSuccess" tests="3" assertions="3" errors="0" failures="0" skipped="0" time="0.003137">
        <testcase name="testSuccess with data set #0" class="Tests\SearchCourseIdTest" classname="Tests.SearchCourseIdTest" file="/opt/project/tests/lib/Api/Input/Request/Parameter/Validator/SearchCourseIdTest.php" line="41" assertions="1" time="0.001038"/>
        <testcase name="testSuccess with data set #1" class="Tests\SearchCourseIdTest" classname="Tests.SearchCourseIdTest" file="/opt/project/tests/lib/Api/Input/Request/Parameter/Validator/SearchCourseIdTest.php" line="41" assertions="1" time="0.001077"/>
        <testcase name="testSuccess with data set #2" class="Tests\SearchCourseIdTest" classname="Tests.SearchCourseIdTest" file="/opt/project/tests/lib/Api/Input/Request/Parameter/Validator/SearchCourseIdTest.php" line="41" assertions="1" time="0.001022"/>
      </testsuite>
    </testsuite>
    <testsuite name="Tests\SearchDateTest" file="/opt/project/tests/lib/Api/Input/Request/Parameter/Validator/SearchDateTest.php" tests="5" assertions="5" errors="0" failures="0" skipped="0" time="0.005707">
      <testsuite name="Tests\SearchDateTest::testWrong" tests="2" assertions="2" errors="0" failures="0" skipped="0" time="0.002319">
        <testcase name="testWrong with data set #0" class="Tests\SearchDateTest" classname="Tests.SearchDateTest" file="/opt/project/tests/lib/Api/Input/Request/Parameter/Validator/SearchDateTest.php" line="16" assertions="1" time="0.001114"/>
        <testcase name="testWrong with data set #1" class="Tests\SearchDateTest" classname="Tests.SearchDateTest" file="/opt/project/tests/lib/Api/Input/Request/Parameter/Validator/SearchDateTest.php" line="16" assertions="1" time="0.001205"/>
      </testsuite>
      <testsuite name="Tests\SearchDateTest::testSuccess" tests="3" assertions="3" errors="0" failures="0" skipped="0" time="0.003388">
        <testcase name="testSuccess with data set #0" class="Tests\SearchDateTest" classname="Tests.SearchDateTest" file="/opt/project/tests/lib/Api/Input/Request/Parameter/Validator/SearchDateTest.php" line="40" assertions="1" time="0.001063"/>
        <testcase name="testSuccess with data set #1" class="Tests\SearchDateTest" classname="Tests.SearchDateTest" file="/opt/project/tests/lib/Api/Input/Request/Parameter/Validator/SearchDateTest.php" line="40" assertions="1" time="0.001180"/>
        <testcase name="testSuccess with data set #2" class="Tests\SearchDateTest" classname="Tests.SearchDateTest" file="/opt/project/tests/lib/Api/Input/Request/Parameter/Validator/SearchDateTest.php" line="40" assertions="1" time="0.001145"/>
      </testsuite>
    </testsuite>
    <testsuite name="Tests\SearchRaceTitleTest" file="/opt/project/tests/lib/Api/Input/Request/Parameter/Validator/SearchRaceTitleTest.php" tests="5" assertions="5" errors="0" failures="0" skipped="0" time="0.004937">
      <testsuite name="Tests\SearchRaceTitleTest::testWrong" tests="3" assertions="3" errors="0" failures="0" skipped="0" time="0.003029">
        <testcase name="testWrong with data set #0" class="Tests\SearchRaceTitleTest" classname="Tests.SearchRaceTitleTest" file="/opt/project/tests/lib/Api/Input/Request/Parameter/Validator/SearchRaceTitleTest.php" line="15" assertions="1" time="0.000946"/>
        <testcase name="testWrong with data set #1" class="Tests\SearchRaceTitleTest" classname="Tests.SearchRaceTitleTest" file="/opt/project/tests/lib/Api/Input/Request/Parameter/Validator/SearchRaceTitleTest.php" line="15" assertions="1" time="0.000998"/>
        <testcase name="testWrong with data set #2" class="Tests\SearchRaceTitleTest" classname="Tests.SearchRaceTitleTest" file="/opt/project/tests/lib/Api/Input/Request/Parameter/Validator/SearchRaceTitleTest.php" line="15" assertions="1" time="0.001085"/>
      </testsuite>
      <testsuite name="Tests\SearchRaceTitleTest::testSuccess" tests="2" assertions="2" errors="0" failures="0" skipped="0" time="0.001908">
        <testcase name="testSuccess with data set #0" class="Tests\SearchRaceTitleTest" classname="Tests.SearchRaceTitleTest" file="/opt/project/tests/lib/Api/Input/Request/Parameter/Validator/SearchRaceTitleTest.php" line="41" assertions="1" time="0.000965"/>
        <testcase name="testSuccess with data set #1" class="Tests\SearchRaceTitleTest" classname="Tests.SearchRaceTitleTest" file="/opt/project/tests/lib/Api/Input/Request/Parameter/Validator/SearchRaceTitleTest.php" line="41" assertions="1" time="0.000943"/>
      </testsuite>
    </testsuite>
    <testsuite name="Tests\SeasonYearTest" file="/opt/project/tests/lib/Api/Input/Request/Parameter/Validator/SeasonYearTest.php" tests="12" assertions="12" errors="0" failures="0" skipped="0" time="0.012238">
      <testsuite name="Tests\SeasonYearTest::testWrong" tests="8" assertions="8" errors="0" failures="0" skipped="0" time="0.008327">
        <testcase name="testWrong with data set #0" class="Tests\SeasonYearTest" classname="Tests.SeasonYearTest" file="/opt/project/tests/lib/Api/Input/Request/Parameter/Validator/SeasonYearTest.php" line="14" assertions="1" time="0.000955"/>
        <testcase name="testWrong with data set #1" class="Tests\SeasonYearTest" classname="Tests.SeasonYearTest" file="/opt/project/tests/lib/Api/Input/Request/Parameter/Validator/SeasonYearTest.php" line="14" assertions="1" time="0.001068"/>
        <testcase name="testWrong with data set #2" class="Tests\SeasonYearTest" classname="Tests.SeasonYearTest" file="/opt/project/tests/lib/Api/Input/Request/Parameter/Validator/SeasonYearTest.php" line="14" assertions="1" time="0.000892"/>
        <testcase name="testWrong with data set #3" class="Tests\SeasonYearTest" classname="Tests.SeasonYearTest" file="/opt/project/tests/lib/Api/Input/Request/Parameter/Validator/SeasonYearTest.php" line="14" assertions="1" time="0.000951"/>
        <testcase name="testWrong with data set #4" class="Tests\SeasonYearTest" classname="Tests.SeasonYearTest" file="/opt/project/tests/lib/Api/Input/Request/Parameter/Validator/SeasonYearTest.php" line="14" assertions="1" time="0.001361"/>
        <testcase name="testWrong with data set #5" class="Tests\SeasonYearTest" classname="Tests.SeasonYearTest" file="/opt/project/tests/lib/Api/Input/Request/Parameter/Validator/SeasonYearTest.php" line="14" assertions="1" time="0.001040"/>
        <testcase name="testWrong with data set #6" class="Tests\SeasonYearTest" classname="Tests.SeasonYearTest" file="/opt/project/tests/lib/Api/Input/Request/Parameter/Validator/SeasonYearTest.php" line="14" assertions="1" time="0.000973"/>
        <testcase name="testWrong with data set #7" class="Tests\SeasonYearTest" classname="Tests.SeasonYearTest" file="/opt/project/tests/lib/Api/Input/Request/Parameter/Validator/SeasonYearTest.php" line="14" assertions="1" time="0.001087"/>
      </testsuite>
      <testsuite name="Tests\SeasonYearTest::testSuccess" tests="4" assertions="4" errors="0" failures="0" skipped="0" time="0.003911">
        <testcase name="testSuccess with data set #0" class="Tests\SeasonYearTest" classname="Tests.SeasonYearTest" file="/opt/project/tests/lib/Api/Input/Request/Parameter/Validator/SeasonYearTest.php" line="43" assertions="1" time="0.000929"/>
        <testcase name="testSuccess with data set #1" class="Tests\SeasonYearTest" classname="Tests.SeasonYearTest" file="/opt/project/tests/lib/Api/Input/Request/Parameter/Validator/SeasonYearTest.php" line="43" assertions="1" time="0.001003"/>
        <testcase name="testSuccess with data set #2" class="Tests\SeasonYearTest" classname="Tests.SeasonYearTest" file="/opt/project/tests/lib/Api/Input/Request/Parameter/Validator/SeasonYearTest.php" line="43" assertions="1" time="0.000969"/>
        <testcase name="testSuccess with data set #3" class="Tests\SeasonYearTest" classname="Tests.SeasonYearTest" file="/opt/project/tests/lib/Api/Input/Request/Parameter/Validator/SeasonYearTest.php" line="43" assertions="1" time="0.001010"/>
      </testsuite>
    </testsuite>
    <testsuite name="Tests\SurfaceTest" file="/opt/project/tests/lib/Api/Input/Request/Parameter/Validator/SurfaceTest.php" tests="9" assertions="9" errors="0" failures="0" skipped="0" time="0.009010">
      <testsuite name="Tests\SurfaceTest::testWrong" tests="7" assertions="7" errors="0" failures="0" skipped="0" time="0.007063">
        <testcase name="testWrong with data set #0" class="Tests\SurfaceTest" classname="Tests.SurfaceTest" file="/opt/project/tests/lib/Api/Input/Request/Parameter/Validator/SurfaceTest.php" line="15" assertions="1" time="0.001075"/>
        <testcase name="testWrong with data set #1" class="Tests\SurfaceTest" classname="Tests.SurfaceTest" file="/opt/project/tests/lib/Api/Input/Request/Parameter/Validator/SurfaceTest.php" line="15" assertions="1" time="0.000938"/>
        <testcase name="testWrong with data set #2" class="Tests\SurfaceTest" classname="Tests.SurfaceTest" file="/opt/project/tests/lib/Api/Input/Request/Parameter/Validator/SurfaceTest.php" line="15" assertions="1" time="0.001158"/>
        <testcase name="testWrong with data set #3" class="Tests\SurfaceTest" classname="Tests.SurfaceTest" file="/opt/project/tests/lib/Api/Input/Request/Parameter/Validator/SurfaceTest.php" line="15" assertions="1" time="0.000928"/>
        <testcase name="testWrong with data set #4" class="Tests\SurfaceTest" classname="Tests.SurfaceTest" file="/opt/project/tests/lib/Api/Input/Request/Parameter/Validator/SurfaceTest.php" line="15" assertions="1" time="0.001039"/>
        <testcase name="testWrong with data set #5" class="Tests\SurfaceTest" classname="Tests.SurfaceTest" file="/opt/project/tests/lib/Api/Input/Request/Parameter/Validator/SurfaceTest.php" line="15" assertions="1" time="0.000932"/>
        <testcase name="testWrong with data set #6" class="Tests\SurfaceTest" classname="Tests.SurfaceTest" file="/opt/project/tests/lib/Api/Input/Request/Parameter/Validator/SurfaceTest.php" line="15" assertions="1" time="0.000993"/>
      </testsuite>
      <testsuite name="Tests\SurfaceTest::testSuccess" tests="2" assertions="2" errors="0" failures="0" skipped="0" time="0.001947">
        <testcase name="testSuccess with data set #0" class="Tests\SurfaceTest" classname="Tests.SurfaceTest" file="/opt/project/tests/lib/Api/Input/Request/Parameter/Validator/SurfaceTest.php" line="47" assertions="1" time="0.000951"/>
        <testcase name="testSuccess with data set #1" class="Tests\SurfaceTest" classname="Tests.SurfaceTest" file="/opt/project/tests/lib/Api/Input/Request/Parameter/Validator/SurfaceTest.php" line="47" assertions="1" time="0.000996"/>
      </testsuite>
    </testsuite>
    <testsuite name="Tests\TrainerChampionshipTest" file="/opt/project/tests/lib/Api/Input/Request/Parameter/Validator/TrainerChampionshipTest.php" tests="5" assertions="5" errors="0" failures="0" skipped="0" time="0.004596">
      <testsuite name="Tests\TrainerChampionshipTest::testWrong" tests="4" assertions="4" errors="0" failures="0" skipped="0" time="0.003670">
        <testcase name="testWrong with data set #0" class="Tests\TrainerChampionshipTest" classname="Tests.TrainerChampionshipTest" file="/opt/project/tests/lib/Api/Input/Request/Parameter/Validator/TrainerChampionshipTest.php" line="16" assertions="1" time="0.000932"/>
        <testcase name="testWrong with data set #1" class="Tests\TrainerChampionshipTest" classname="Tests.TrainerChampionshipTest" file="/opt/project/tests/lib/Api/Input/Request/Parameter/Validator/TrainerChampionshipTest.php" line="16" assertions="1" time="0.000974"/>
        <testcase name="testWrong with data set #2" class="Tests\TrainerChampionshipTest" classname="Tests.TrainerChampionshipTest" file="/opt/project/tests/lib/Api/Input/Request/Parameter/Validator/TrainerChampionshipTest.php" line="16" assertions="1" time="0.000886"/>
        <testcase name="testWrong with data set #3" class="Tests\TrainerChampionshipTest" classname="Tests.TrainerChampionshipTest" file="/opt/project/tests/lib/Api/Input/Request/Parameter/Validator/TrainerChampionshipTest.php" line="16" assertions="1" time="0.000878"/>
      </testsuite>
      <testsuite name="Tests\TrainerChampionshipTest::testSuccess" tests="1" assertions="1" errors="0" failures="0" skipped="0" time="0.000926">
        <testcase name="testSuccess with data set #0" class="Tests\TrainerChampionshipTest" classname="Tests.TrainerChampionshipTest" file="/opt/project/tests/lib/Api/Input/Request/Parameter/Validator/TrainerChampionshipTest.php" line="43" assertions="1" time="0.000926"/>
      </testsuite>
    </testsuite>
    <testsuite name="Tests\BloodstockSalesSalesResultsOneMonthTest" file="/opt/project/tests/lib/Api/Input/Request/Validator/BloodstockSalesSalesResultsOneMonthTest.php" tests="3" assertions="4" errors="0" failures="0" skipped="0" time="0.040096">
      <testsuite name="Tests\BloodstockSalesSalesResultsOneMonthTest::testSuccess" tests="1" assertions="0" errors="0" failures="0" skipped="0" time="0.011693">
        <testcase name="testSuccess with data set #0" class="Tests\BloodstockSalesSalesResultsOneMonthTest" classname="Tests.BloodstockSalesSalesResultsOneMonthTest" file="/opt/project/tests/lib/Api/Input/Request/Validator/BloodstockSalesSalesResultsOneMonthTest.php" line="55" assertions="0" time="0.011693"/>
      </testsuite>
      <testsuite name="Tests\BloodstockSalesSalesResultsOneMonthTest::testException" tests="2" assertions="4" errors="0" failures="0" skipped="0" time="0.028403">
        <testcase name="testException with data set #0" class="Tests\BloodstockSalesSalesResultsOneMonthTest" classname="Tests.BloodstockSalesSalesResultsOneMonthTest" file="/opt/project/tests/lib/Api/Input/Request/Validator/BloodstockSalesSalesResultsOneMonthTest.php" line="95" assertions="2" time="0.014384"/>
        <testcase name="testException with data set #1" class="Tests\BloodstockSalesSalesResultsOneMonthTest" classname="Tests.BloodstockSalesSalesResultsOneMonthTest" file="/opt/project/tests/lib/Api/Input/Request/Validator/BloodstockSalesSalesResultsOneMonthTest.php" line="95" assertions="2" time="0.014019"/>
      </testsuite>
    </testsuite>
    <testsuite name="Tests\BloodstockStatisticsParamsCombinationsTest" file="/opt/project/tests/lib/Api/Input/Request/Validator/BloodstockStatisticsParamsCombinationsTest.php" tests="12" assertions="12" errors="0" failures="0" skipped="0" time="0.199829">
      <testsuite name="Tests\BloodstockStatisticsParamsCombinationsTest::testValidateSuccess" tests="7" assertions="7" errors="0" failures="0" skipped="0" time="0.137352">
        <testcase name="testValidateSuccess with data set #0" class="Tests\BloodstockStatisticsParamsCombinationsTest" classname="Tests.BloodstockStatisticsParamsCombinationsTest" file="/opt/project/tests/lib/Api/Input/Request/Validator/BloodstockStatisticsParamsCombinationsTest.php" line="60" assertions="1" time="0.026170"/>
        <testcase name="testValidateSuccess with data set #1" class="Tests\BloodstockStatisticsParamsCombinationsTest" classname="Tests.BloodstockStatisticsParamsCombinationsTest" file="/opt/project/tests/lib/Api/Input/Request/Validator/BloodstockStatisticsParamsCombinationsTest.php" line="60" assertions="1" time="0.022748"/>
        <testcase name="testValidateSuccess with data set #2" class="Tests\BloodstockStatisticsParamsCombinationsTest" classname="Tests.BloodstockStatisticsParamsCombinationsTest" file="/opt/project/tests/lib/Api/Input/Request/Validator/BloodstockStatisticsParamsCombinationsTest.php" line="60" assertions="1" time="0.021547"/>
        <testcase name="testValidateSuccess with data set #3" class="Tests\BloodstockStatisticsParamsCombinationsTest" classname="Tests.BloodstockStatisticsParamsCombinationsTest" file="/opt/project/tests/lib/Api/Input/Request/Validator/BloodstockStatisticsParamsCombinationsTest.php" line="60" assertions="1" time="0.016783"/>
        <testcase name="testValidateSuccess with data set #4" class="Tests\BloodstockStatisticsParamsCombinationsTest" classname="Tests.BloodstockStatisticsParamsCombinationsTest" file="/opt/project/tests/lib/Api/Input/Request/Validator/BloodstockStatisticsParamsCombinationsTest.php" line="60" assertions="1" time="0.016815"/>
        <testcase name="testValidateSuccess with data set #5" class="Tests\BloodstockStatisticsParamsCombinationsTest" classname="Tests.BloodstockStatisticsParamsCombinationsTest" file="/opt/project/tests/lib/Api/Input/Request/Validator/BloodstockStatisticsParamsCombinationsTest.php" line="60" assertions="1" time="0.016554"/>
        <testcase name="testValidateSuccess with data set #6" class="Tests\BloodstockStatisticsParamsCombinationsTest" classname="Tests.BloodstockStatisticsParamsCombinationsTest" file="/opt/project/tests/lib/Api/Input/Request/Validator/BloodstockStatisticsParamsCombinationsTest.php" line="60" assertions="1" time="0.016735"/>
      </testsuite>
      <testsuite name="Tests\BloodstockStatisticsParamsCombinationsTest::testValidateFailure" tests="5" assertions="5" errors="0" failures="0" skipped="0" time="0.062476">
        <testcase name="testValidateFailure with data set #0" class="Tests\BloodstockStatisticsParamsCombinationsTest" classname="Tests.BloodstockStatisticsParamsCombinationsTest" file="/opt/project/tests/lib/Api/Input/Request/Validator/BloodstockStatisticsParamsCombinationsTest.php" line="76" assertions="1" time="0.014889"/>
        <testcase name="testValidateFailure with data set #1" class="Tests\BloodstockStatisticsParamsCombinationsTest" classname="Tests.BloodstockStatisticsParamsCombinationsTest" file="/opt/project/tests/lib/Api/Input/Request/Validator/BloodstockStatisticsParamsCombinationsTest.php" line="76" assertions="1" time="0.009883"/>
        <testcase name="testValidateFailure with data set #2" class="Tests\BloodstockStatisticsParamsCombinationsTest" classname="Tests.BloodstockStatisticsParamsCombinationsTest" file="/opt/project/tests/lib/Api/Input/Request/Validator/BloodstockStatisticsParamsCombinationsTest.php" line="76" assertions="1" time="0.009776"/>
        <testcase name="testValidateFailure with data set #3" class="Tests\BloodstockStatisticsParamsCombinationsTest" classname="Tests.BloodstockStatisticsParamsCombinationsTest" file="/opt/project/tests/lib/Api/Input/Request/Validator/BloodstockStatisticsParamsCombinationsTest.php" line="76" assertions="1" time="0.013848"/>
        <testcase name="testValidateFailure with data set #4" class="Tests\BloodstockStatisticsParamsCombinationsTest" classname="Tests.BloodstockStatisticsParamsCombinationsTest" file="/opt/project/tests/lib/Api/Input/Request/Validator/BloodstockStatisticsParamsCombinationsTest.php" line="76" assertions="1" time="0.014080"/>
      </testsuite>
    </testsuite>
    <testsuite name="Tests\BloodstockStatisticsRequiredTest" file="/opt/project/tests/lib/Api/Input/Request/Validator/BloodstockStatisticsRequiredTest.php" tests="8" assertions="5" errors="0" failures="0" skipped="0" time="0.069821">
      <testsuite name="Tests\BloodstockStatisticsRequiredTest::testException" tests="5" assertions="5" errors="0" failures="0" skipped="0" time="0.045139">
        <testcase name="testException with data set #0" class="Tests\BloodstockStatisticsRequiredTest" classname="Tests.BloodstockStatisticsRequiredTest" file="/opt/project/tests/lib/Api/Input/Request/Validator/BloodstockStatisticsRequiredTest.php" line="36" assertions="1" time="0.011538"/>
        <testcase name="testException with data set #1" class="Tests\BloodstockStatisticsRequiredTest" classname="Tests.BloodstockStatisticsRequiredTest" file="/opt/project/tests/lib/Api/Input/Request/Validator/BloodstockStatisticsRequiredTest.php" line="36" assertions="1" time="0.008091"/>
        <testcase name="testException with data set #2" class="Tests\BloodstockStatisticsRequiredTest" classname="Tests.BloodstockStatisticsRequiredTest" file="/opt/project/tests/lib/Api/Input/Request/Validator/BloodstockStatisticsRequiredTest.php" line="36" assertions="1" time="0.008160"/>
        <testcase name="testException with data set #3" class="Tests\BloodstockStatisticsRequiredTest" classname="Tests.BloodstockStatisticsRequiredTest" file="/opt/project/tests/lib/Api/Input/Request/Validator/BloodstockStatisticsRequiredTest.php" line="36" assertions="1" time="0.008383"/>
        <testcase name="testException with data set #4" class="Tests\BloodstockStatisticsRequiredTest" classname="Tests.BloodstockStatisticsRequiredTest" file="/opt/project/tests/lib/Api/Input/Request/Validator/BloodstockStatisticsRequiredTest.php" line="36" assertions="1" time="0.008967"/>
      </testsuite>
      <testsuite name="Tests\BloodstockStatisticsRequiredTest::testSuccess" tests="3" assertions="0" errors="0" failures="0" skipped="0" time="0.024682">
        <testcase name="testSuccess with data set #0" class="Tests\BloodstockStatisticsRequiredTest" classname="Tests.BloodstockStatisticsRequiredTest" file="/opt/project/tests/lib/Api/Input/Request/Validator/BloodstockStatisticsRequiredTest.php" line="69" assertions="0" time="0.007903"/>
        <testcase name="testSuccess with data set #1" class="Tests\BloodstockStatisticsRequiredTest" classname="Tests.BloodstockStatisticsRequiredTest" file="/opt/project/tests/lib/Api/Input/Request/Validator/BloodstockStatisticsRequiredTest.php" line="69" assertions="0" time="0.008359"/>
        <testcase name="testSuccess with data set #2" class="Tests\BloodstockStatisticsRequiredTest" classname="Tests.BloodstockStatisticsRequiredTest" file="/opt/project/tests/lib/Api/Input/Request/Validator/BloodstockStatisticsRequiredTest.php" line="69" assertions="0" time="0.008420"/>
      </testsuite>
    </testsuite>
    <testsuite name="Tests\CountryRaceTypeSurfaceTest" file="/opt/project/tests/lib/Api/Input/Request/Validator/CountryRaceTypeSurfaceTest.php" tests="8" assertions="2" errors="0" failures="0" skipped="0" time="0.057439">
      <testsuite name="Tests\CountryRaceTypeSurfaceTest::testException" tests="2" assertions="2" errors="0" failures="0" skipped="0" time="0.012417">
        <testcase name="testException with data set #0" class="Tests\CountryRaceTypeSurfaceTest" classname="Tests.CountryRaceTypeSurfaceTest" file="/opt/project/tests/lib/Api/Input/Request/Validator/CountryRaceTypeSurfaceTest.php" line="36" assertions="1" time="0.007016"/>
        <testcase name="testException with data set #1" class="Tests\CountryRaceTypeSurfaceTest" classname="Tests.CountryRaceTypeSurfaceTest" file="/opt/project/tests/lib/Api/Input/Request/Validator/CountryRaceTypeSurfaceTest.php" line="36" assertions="1" time="0.005401"/>
      </testsuite>
      <testsuite name="Tests\CountryRaceTypeSurfaceTest::testSuccess" tests="6" assertions="0" errors="0" failures="0" skipped="0" time="0.045022">
        <testcase name="testSuccess with data set #0" class="Tests\CountryRaceTypeSurfaceTest" classname="Tests.CountryRaceTypeSurfaceTest" file="/opt/project/tests/lib/Api/Input/Request/Validator/CountryRaceTypeSurfaceTest.php" line="66" assertions="0" time="0.007447"/>
        <testcase name="testSuccess with data set #1" class="Tests\CountryRaceTypeSurfaceTest" classname="Tests.CountryRaceTypeSurfaceTest" file="/opt/project/tests/lib/Api/Input/Request/Validator/CountryRaceTypeSurfaceTest.php" line="66" assertions="0" time="0.007349"/>
        <testcase name="testSuccess with data set #2" class="Tests\CountryRaceTypeSurfaceTest" classname="Tests.CountryRaceTypeSurfaceTest" file="/opt/project/tests/lib/Api/Input/Request/Validator/CountryRaceTypeSurfaceTest.php" line="66" assertions="0" time="0.007457"/>
        <testcase name="testSuccess with data set #3" class="Tests\CountryRaceTypeSurfaceTest" classname="Tests.CountryRaceTypeSurfaceTest" file="/opt/project/tests/lib/Api/Input/Request/Validator/CountryRaceTypeSurfaceTest.php" line="66" assertions="0" time="0.007467"/>
        <testcase name="testSuccess with data set #4" class="Tests\CountryRaceTypeSurfaceTest" classname="Tests.CountryRaceTypeSurfaceTest" file="/opt/project/tests/lib/Api/Input/Request/Validator/CountryRaceTypeSurfaceTest.php" line="66" assertions="0" time="0.007701"/>
        <testcase name="testSuccess with data set #5" class="Tests\CountryRaceTypeSurfaceTest" classname="Tests.CountryRaceTypeSurfaceTest" file="/opt/project/tests/lib/Api/Input/Request/Validator/CountryRaceTypeSurfaceTest.php" line="66" assertions="0" time="0.007601"/>
      </testsuite>
    </testsuite>
    <testsuite name="Tests\DateFromToTest" file="/opt/project/tests/lib/Api/Input/Request/Validator/DateFromToTest.php" tests="12" assertions="5" errors="0" failures="0" skipped="0" time="0.062030">
      <testsuite name="Tests\DateFromToTest::testException" tests="5" assertions="5" errors="0" failures="0" skipped="0" time="0.027331">
        <testcase name="testException with data set #0" class="Tests\DateFromToTest" classname="Tests.DateFromToTest" file="/opt/project/tests/lib/Api/Input/Request/Validator/DateFromToTest.php" line="78" assertions="1" time="0.008350"/>
        <testcase name="testException with data set #1" class="Tests\DateFromToTest" classname="Tests.DateFromToTest" file="/opt/project/tests/lib/Api/Input/Request/Validator/DateFromToTest.php" line="78" assertions="1" time="0.005075"/>
        <testcase name="testException with data set #2" class="Tests\DateFromToTest" classname="Tests.DateFromToTest" file="/opt/project/tests/lib/Api/Input/Request/Validator/DateFromToTest.php" line="78" assertions="1" time="0.005523"/>
        <testcase name="testException with data set #3" class="Tests\DateFromToTest" classname="Tests.DateFromToTest" file="/opt/project/tests/lib/Api/Input/Request/Validator/DateFromToTest.php" line="78" assertions="1" time="0.005446"/>
        <testcase name="testException with data set #4" class="Tests\DateFromToTest" classname="Tests.DateFromToTest" file="/opt/project/tests/lib/Api/Input/Request/Validator/DateFromToTest.php" line="78" assertions="1" time="0.002937"/>
      </testsuite>
      <testsuite name="Tests\DateFromToTest::testSuccess" tests="7" assertions="0" errors="0" failures="0" skipped="0" time="0.034698">
        <testcase name="testSuccess with data set #0" class="Tests\DateFromToTest" classname="Tests.DateFromToTest" file="/opt/project/tests/lib/Api/Input/Request/Validator/DateFromToTest.php" line="113" assertions="0" time="0.005020"/>
        <testcase name="testSuccess with data set #1" class="Tests\DateFromToTest" classname="Tests.DateFromToTest" file="/opt/project/tests/lib/Api/Input/Request/Validator/DateFromToTest.php" line="113" assertions="0" time="0.004959"/>
        <testcase name="testSuccess with data set #2" class="Tests\DateFromToTest" classname="Tests.DateFromToTest" file="/opt/project/tests/lib/Api/Input/Request/Validator/DateFromToTest.php" line="113" assertions="0" time="0.004922"/>
        <testcase name="testSuccess with data set #3" class="Tests\DateFromToTest" classname="Tests.DateFromToTest" file="/opt/project/tests/lib/Api/Input/Request/Validator/DateFromToTest.php" line="113" assertions="0" time="0.004914"/>
        <testcase name="testSuccess with data set #4" class="Tests\DateFromToTest" classname="Tests.DateFromToTest" file="/opt/project/tests/lib/Api/Input/Request/Validator/DateFromToTest.php" line="113" assertions="0" time="0.004901"/>
        <testcase name="testSuccess with data set #5" class="Tests\DateFromToTest" classname="Tests.DateFromToTest" file="/opt/project/tests/lib/Api/Input/Request/Validator/DateFromToTest.php" line="113" assertions="0" time="0.004933"/>
        <testcase name="testSuccess with data set #6" class="Tests\DateFromToTest" classname="Tests.DateFromToTest" file="/opt/project/tests/lib/Api/Input/Request/Validator/DateFromToTest.php" line="113" assertions="0" time="0.005049"/>
      </testsuite>
    </testsuite>
    <testsuite name="Tests\DependentLotParametersTest" file="/opt/project/tests/lib/Api/Input/Request/Validator/DependentLotParametersTest.php" tests="2" assertions="1" errors="0" failures="0" skipped="0" time="0.007231">
      <testsuite name="Tests\DependentLotParametersTest::testException" tests="1" assertions="1" errors="0" failures="0" skipped="0" time="0.004390">
        <testcase name="testException with data set #0" class="Tests\DependentLotParametersTest" classname="Tests.DependentLotParametersTest" file="/opt/project/tests/lib/Api/Input/Request/Validator/DependentLotParametersTest.php" line="18" assertions="1" time="0.004390"/>
      </testsuite>
      <testsuite name="Tests\DependentLotParametersTest::testSuccess" tests="1" assertions="0" errors="0" failures="0" skipped="0" time="0.002841">
        <testcase name="testSuccess with data set #0" class="Tests\DependentLotParametersTest" classname="Tests.DependentLotParametersTest" file="/opt/project/tests/lib/Api/Input/Request/Validator/DependentLotParametersTest.php" line="43" assertions="0" time="0.002841"/>
      </testsuite>
    </testsuite>
    <testsuite name="lib\Api\Input\Request\Validator\MinMaxPriceDependantTest" file="/opt/project/tests/lib/Api/Input/Request/Validator/MinMaxPriceDependantTest.php" tests="7" assertions="2" errors="0" failures="0" skipped="0" time="0.046298">
      <testsuite name="lib\Api\Input\Request\Validator\MinMaxPriceDependantTest::testException" tests="2" assertions="2" errors="0" failures="0" skipped="0" time="0.016023">
        <testcase name="testException with data set #0" class="lib\Api\Input\Request\Validator\MinMaxPriceDependantTest" classname="lib.Api.Input.Request.Validator.MinMaxPriceDependantTest" file="/opt/project/tests/lib/Api/Input/Request/Validator/MinMaxPriceDependantTest.php" line="38" assertions="1" time="0.009080"/>
        <testcase name="testException with data set #1" class="lib\Api\Input\Request\Validator\MinMaxPriceDependantTest" classname="lib.Api.Input.Request.Validator.MinMaxPriceDependantTest" file="/opt/project/tests/lib/Api/Input/Request/Validator/MinMaxPriceDependantTest.php" line="38" assertions="1" time="0.006943"/>
      </testsuite>
      <testsuite name="lib\Api\Input\Request\Validator\MinMaxPriceDependantTest::testSuccess" tests="5" assertions="0" errors="0" failures="0" skipped="0" time="0.030275">
        <testcase name="testSuccess with data set #0" class="lib\Api\Input\Request\Validator\MinMaxPriceDependantTest" classname="lib.Api.Input.Request.Validator.MinMaxPriceDependantTest" file="/opt/project/tests/lib/Api/Input/Request/Validator/MinMaxPriceDependantTest.php" line="66" assertions="0" time="0.006650"/>
        <testcase name="testSuccess with data set #1" class="lib\Api\Input\Request\Validator\MinMaxPriceDependantTest" classname="lib.Api.Input.Request.Validator.MinMaxPriceDependantTest" file="/opt/project/tests/lib/Api/Input/Request/Validator/MinMaxPriceDependantTest.php" line="66" assertions="0" time="0.006522"/>
        <testcase name="testSuccess with data set #2" class="lib\Api\Input\Request\Validator\MinMaxPriceDependantTest" classname="lib.Api.Input.Request.Validator.MinMaxPriceDependantTest" file="/opt/project/tests/lib/Api/Input/Request/Validator/MinMaxPriceDependantTest.php" line="66" assertions="0" time="0.006863"/>
        <testcase name="testSuccess with data set #3" class="lib\Api\Input\Request\Validator\MinMaxPriceDependantTest" classname="lib.Api.Input.Request.Validator.MinMaxPriceDependantTest" file="/opt/project/tests/lib/Api/Input/Request/Validator/MinMaxPriceDependantTest.php" line="66" assertions="0" time="0.005276"/>
        <testcase name="testSuccess with data set #4" class="lib\Api\Input\Request\Validator\MinMaxPriceDependantTest" classname="lib.Api.Input.Request.Validator.MinMaxPriceDependantTest" file="/opt/project/tests/lib/Api/Input/Request/Validator/MinMaxPriceDependantTest.php" line="66" assertions="0" time="0.004964"/>
      </testsuite>
    </testsuite>
    <testsuite name="Tests\OneSeasonBeginEndYearsTest" file="/opt/project/tests/lib/Api/Input/Request/Validator/OneSeasonBeginEndYearsTest.php" tests="10" assertions="5" errors="0" failures="0" skipped="0" time="0.041816">
      <testsuite name="Tests\OneSeasonBeginEndYearsTest::testException" tests="5" assertions="5" errors="0" failures="0" skipped="0" time="0.022932">
        <testcase name="testException with data set #0" class="Tests\OneSeasonBeginEndYearsTest" classname="Tests.OneSeasonBeginEndYearsTest" file="/opt/project/tests/lib/Api/Input/Request/Validator/OneSeasonBeginEndYearsTest.php" line="36" assertions="1" time="0.006235"/>
        <testcase name="testException with data set #1" class="Tests\OneSeasonBeginEndYearsTest" classname="Tests.OneSeasonBeginEndYearsTest" file="/opt/project/tests/lib/Api/Input/Request/Validator/OneSeasonBeginEndYearsTest.php" line="36" assertions="1" time="0.004299"/>
        <testcase name="testException with data set #2" class="Tests\OneSeasonBeginEndYearsTest" classname="Tests.OneSeasonBeginEndYearsTest" file="/opt/project/tests/lib/Api/Input/Request/Validator/OneSeasonBeginEndYearsTest.php" line="36" assertions="1" time="0.004230"/>
        <testcase name="testException with data set #3" class="Tests\OneSeasonBeginEndYearsTest" classname="Tests.OneSeasonBeginEndYearsTest" file="/opt/project/tests/lib/Api/Input/Request/Validator/OneSeasonBeginEndYearsTest.php" line="36" assertions="1" time="0.004081"/>
        <testcase name="testException with data set #4" class="Tests\OneSeasonBeginEndYearsTest" classname="Tests.OneSeasonBeginEndYearsTest" file="/opt/project/tests/lib/Api/Input/Request/Validator/OneSeasonBeginEndYearsTest.php" line="36" assertions="1" time="0.004087"/>
      </testsuite>
      <testsuite name="Tests\OneSeasonBeginEndYearsTest::testSuccess" tests="5" assertions="0" errors="0" failures="0" skipped="0" time="0.018884">
        <testcase name="testSuccess with data set #0" class="Tests\OneSeasonBeginEndYearsTest" classname="Tests.OneSeasonBeginEndYearsTest" file="/opt/project/tests/lib/Api/Input/Request/Validator/OneSeasonBeginEndYearsTest.php" line="69" assertions="0" time="0.003770"/>
        <testcase name="testSuccess with data set #1" class="Tests\OneSeasonBeginEndYearsTest" classname="Tests.OneSeasonBeginEndYearsTest" file="/opt/project/tests/lib/Api/Input/Request/Validator/OneSeasonBeginEndYearsTest.php" line="69" assertions="0" time="0.003844"/>
        <testcase name="testSuccess with data set #2" class="Tests\OneSeasonBeginEndYearsTest" classname="Tests.OneSeasonBeginEndYearsTest" file="/opt/project/tests/lib/Api/Input/Request/Validator/OneSeasonBeginEndYearsTest.php" line="69" assertions="0" time="0.003735"/>
        <testcase name="testSuccess with data set #3" class="Tests\OneSeasonBeginEndYearsTest" classname="Tests.OneSeasonBeginEndYearsTest" file="/opt/project/tests/lib/Api/Input/Request/Validator/OneSeasonBeginEndYearsTest.php" line="69" assertions="0" time="0.003745"/>
        <testcase name="testSuccess with data set #4" class="Tests\OneSeasonBeginEndYearsTest" classname="Tests.OneSeasonBeginEndYearsTest" file="/opt/project/tests/lib/Api/Input/Request/Validator/OneSeasonBeginEndYearsTest.php" line="69" assertions="0" time="0.003790"/>
      </testsuite>
    </testsuite>
    <testsuite name="Tests\RaceDistancesTest" file="/opt/project/tests/lib/Api/Input/Request/Validator/RaceDistancesTest.php" tests="22" assertions="31" errors="0" failures="0" skipped="0" time="0.185653">
      <testsuite name="Tests\RaceDistancesTest::testValidateSuccess" tests="6" assertions="6" errors="0" failures="0" skipped="0" time="0.044287">
        <testcase name="testValidateSuccess with data set #0" class="Tests\RaceDistancesTest" classname="Tests.RaceDistancesTest" file="/opt/project/tests/lib/Api/Input/Request/Validator/RaceDistancesTest.php" line="56" assertions="1" time="0.009640"/>
        <testcase name="testValidateSuccess with data set #1" class="Tests\RaceDistancesTest" classname="Tests.RaceDistancesTest" file="/opt/project/tests/lib/Api/Input/Request/Validator/RaceDistancesTest.php" line="56" assertions="1" time="0.007037"/>
        <testcase name="testValidateSuccess with data set #2" class="Tests\RaceDistancesTest" classname="Tests.RaceDistancesTest" file="/opt/project/tests/lib/Api/Input/Request/Validator/RaceDistancesTest.php" line="56" assertions="1" time="0.007404"/>
        <testcase name="testValidateSuccess with data set #3" class="Tests\RaceDistancesTest" classname="Tests.RaceDistancesTest" file="/opt/project/tests/lib/Api/Input/Request/Validator/RaceDistancesTest.php" line="56" assertions="1" time="0.006693"/>
        <testcase name="testValidateSuccess with data set #4" class="Tests\RaceDistancesTest" classname="Tests.RaceDistancesTest" file="/opt/project/tests/lib/Api/Input/Request/Validator/RaceDistancesTest.php" line="56" assertions="1" time="0.006797"/>
        <testcase name="testValidateSuccess with data set #5" class="Tests\RaceDistancesTest" classname="Tests.RaceDistancesTest" file="/opt/project/tests/lib/Api/Input/Request/Validator/RaceDistancesTest.php" line="56" assertions="1" time="0.006716"/>
      </testsuite>
      <testsuite name="Tests\RaceDistancesTest::testValidateFailure" tests="7" assertions="7" errors="0" failures="0" skipped="0" time="0.058184">
        <testcase name="testValidateFailure with data set #0" class="Tests\RaceDistancesTest" classname="Tests.RaceDistancesTest" file="/opt/project/tests/lib/Api/Input/Request/Validator/RaceDistancesTest.php" line="77" assertions="1" time="0.007906"/>
        <testcase name="testValidateFailure with data set #1" class="Tests\RaceDistancesTest" classname="Tests.RaceDistancesTest" file="/opt/project/tests/lib/Api/Input/Request/Validator/RaceDistancesTest.php" line="77" assertions="1" time="0.007804"/>
        <testcase name="testValidateFailure with data set #2" class="Tests\RaceDistancesTest" classname="Tests.RaceDistancesTest" file="/opt/project/tests/lib/Api/Input/Request/Validator/RaceDistancesTest.php" line="77" assertions="1" time="0.009837"/>
        <testcase name="testValidateFailure with data set #3" class="Tests\RaceDistancesTest" classname="Tests.RaceDistancesTest" file="/opt/project/tests/lib/Api/Input/Request/Validator/RaceDistancesTest.php" line="77" assertions="1" time="0.009101"/>
        <testcase name="testValidateFailure with data set #4" class="Tests\RaceDistancesTest" classname="Tests.RaceDistancesTest" file="/opt/project/tests/lib/Api/Input/Request/Validator/RaceDistancesTest.php" line="77" assertions="1" time="0.008031"/>
        <testcase name="testValidateFailure with data set #5" class="Tests\RaceDistancesTest" classname="Tests.RaceDistancesTest" file="/opt/project/tests/lib/Api/Input/Request/Validator/RaceDistancesTest.php" line="77" assertions="1" time="0.007993"/>
        <testcase name="testValidateFailure with data set #6" class="Tests\RaceDistancesTest" classname="Tests.RaceDistancesTest" file="/opt/project/tests/lib/Api/Input/Request/Validator/RaceDistancesTest.php" line="77" assertions="1" time="0.007512"/>
      </testsuite>
      <testsuite name="Tests\RaceDistancesTest::testDefaultException" tests="7" assertions="14" errors="0" failures="0" skipped="0" time="0.064153">
        <testcase name="testDefaultException with data set #0" class="Tests\RaceDistancesTest" classname="Tests.RaceDistancesTest" file="/opt/project/tests/lib/Api/Input/Request/Validator/RaceDistancesTest.php" line="159" assertions="2" time="0.009186"/>
        <testcase name="testDefaultException with data set #1" class="Tests\RaceDistancesTest" classname="Tests.RaceDistancesTest" file="/opt/project/tests/lib/Api/Input/Request/Validator/RaceDistancesTest.php" line="159" assertions="2" time="0.009174"/>
        <testcase name="testDefaultException with data set #2" class="Tests\RaceDistancesTest" classname="Tests.RaceDistancesTest" file="/opt/project/tests/lib/Api/Input/Request/Validator/RaceDistancesTest.php" line="159" assertions="2" time="0.008876"/>
        <testcase name="testDefaultException with data set #3" class="Tests\RaceDistancesTest" classname="Tests.RaceDistancesTest" file="/opt/project/tests/lib/Api/Input/Request/Validator/RaceDistancesTest.php" line="159" assertions="2" time="0.009053"/>
        <testcase name="testDefaultException with data set #4" class="Tests\RaceDistancesTest" classname="Tests.RaceDistancesTest" file="/opt/project/tests/lib/Api/Input/Request/Validator/RaceDistancesTest.php" line="159" assertions="2" time="0.009078"/>
        <testcase name="testDefaultException with data set #5" class="Tests\RaceDistancesTest" classname="Tests.RaceDistancesTest" file="/opt/project/tests/lib/Api/Input/Request/Validator/RaceDistancesTest.php" line="159" assertions="2" time="0.009559"/>
        <testcase name="testDefaultException with data set #6" class="Tests\RaceDistancesTest" classname="Tests.RaceDistancesTest" file="/opt/project/tests/lib/Api/Input/Request/Validator/RaceDistancesTest.php" line="159" assertions="2" time="0.009227"/>
      </testsuite>
      <testsuite name="Tests\RaceDistancesTest::testException" tests="2" assertions="4" errors="0" failures="0" skipped="0" time="0.019028">
        <testcase name="testException with data set #0" class="Tests\RaceDistancesTest" classname="Tests.RaceDistancesTest" file="/opt/project/tests/lib/Api/Input/Request/Validator/RaceDistancesTest.php" line="185" assertions="2" time="0.008834"/>
        <testcase name="testException with data set #1" class="Tests\RaceDistancesTest" classname="Tests.RaceDistancesTest" file="/opt/project/tests/lib/Api/Input/Request/Validator/RaceDistancesTest.php" line="185" assertions="2" time="0.010194"/>
      </testsuite>
    </testsuite>
    <testsuite name="Tests\RaceTypeSurfaceTest" file="/opt/project/tests/lib/Api/Input/Request/Validator/RaceTypeSurfaceTest.php" tests="6" assertions="2" errors="0" failures="0" skipped="0" time="0.025658">
      <testsuite name="Tests\RaceTypeSurfaceTest::testException" tests="2" assertions="2" errors="0" failures="0" skipped="0" time="0.010249">
        <testcase name="testException with data set #0" class="Tests\RaceTypeSurfaceTest" classname="Tests.RaceTypeSurfaceTest" file="/opt/project/tests/lib/Api/Input/Request/Validator/RaceTypeSurfaceTest.php" line="37" assertions="1" time="0.006055"/>
        <testcase name="testException with data set #1" class="Tests\RaceTypeSurfaceTest" classname="Tests.RaceTypeSurfaceTest" file="/opt/project/tests/lib/Api/Input/Request/Validator/RaceTypeSurfaceTest.php" line="37" assertions="1" time="0.004194"/>
      </testsuite>
      <testsuite name="Tests\RaceTypeSurfaceTest::testSuccess" tests="4" assertions="0" errors="0" failures="0" skipped="0" time="0.015409">
        <testcase name="testSuccess with data set #0" class="Tests\RaceTypeSurfaceTest" classname="Tests.RaceTypeSurfaceTest" file="/opt/project/tests/lib/Api/Input/Request/Validator/RaceTypeSurfaceTest.php" line="67" assertions="0" time="0.004251"/>
        <testcase name="testSuccess with data set #1" class="Tests\RaceTypeSurfaceTest" classname="Tests.RaceTypeSurfaceTest" file="/opt/project/tests/lib/Api/Input/Request/Validator/RaceTypeSurfaceTest.php" line="67" assertions="0" time="0.003668"/>
        <testcase name="testSuccess with data set #2" class="Tests\RaceTypeSurfaceTest" classname="Tests.RaceTypeSurfaceTest" file="/opt/project/tests/lib/Api/Input/Request/Validator/RaceTypeSurfaceTest.php" line="67" assertions="0" time="0.003695"/>
        <testcase name="testSuccess with data set #3" class="Tests\RaceTypeSurfaceTest" classname="Tests.RaceTypeSurfaceTest" file="/opt/project/tests/lib/Api/Input/Request/Validator/RaceTypeSurfaceTest.php" line="67" assertions="0" time="0.003795"/>
      </testsuite>
    </testsuite>
    <testsuite name="Tests\RegDateFromToTest" file="/opt/project/tests/lib/Api/Input/Request/Validator/RegDateFromToTest.php" tests="4" assertions="2" errors="0" failures="0" skipped="0" time="0.011597">
      <testsuite name="Tests\RegDateFromToTest::testException" tests="2" assertions="2" errors="0" failures="0" skipped="0" time="0.006358">
        <testcase name="testException with data set #0" class="Tests\RegDateFromToTest" classname="Tests.RegDateFromToTest" file="/opt/project/tests/lib/Api/Input/Request/Validator/RegDateFromToTest.php" line="18" assertions="1" time="0.003318"/>
        <testcase name="testException with data set #1" class="Tests\RegDateFromToTest" classname="Tests.RegDateFromToTest" file="/opt/project/tests/lib/Api/Input/Request/Validator/RegDateFromToTest.php" line="18" assertions="1" time="0.003040"/>
      </testsuite>
      <testsuite name="Tests\RegDateFromToTest::testSuccess" tests="2" assertions="0" errors="0" failures="0" skipped="0" time="0.005239">
        <testcase name="testSuccess with data set #0" class="Tests\RegDateFromToTest" classname="Tests.RegDateFromToTest" file="/opt/project/tests/lib/Api/Input/Request/Validator/RegDateFromToTest.php" line="44" assertions="0" time="0.002572"/>
        <testcase name="testSuccess with data set #1" class="Tests\RegDateFromToTest" classname="Tests.RegDateFromToTest" file="/opt/project/tests/lib/Api/Input/Request/Validator/RegDateFromToTest.php" line="44" assertions="0" time="0.002667"/>
      </testsuite>
    </testsuite>
    <testsuite name="Tests\Api\Input\Request\Validator\ResultsRaceIdLimitedDateTest" file="/opt/project/tests/lib/Api/Input/Request/Validator/ResultsRaceIdLimitedDateTest.php" tests="6" assertions="3" errors="0" failures="0" skipped="0" time="0.022839">
      <testsuite name="Tests\Api\Input\Request\Validator\ResultsRaceIdLimitedDateTest::testException" tests="3" assertions="3" errors="0" failures="0" skipped="0" time="0.013586">
        <testcase name="testException with data set #0" class="Tests\Api\Input\Request\Validator\ResultsRaceIdLimitedDateTest" classname="Tests.Api.Input.Request.Validator.ResultsRaceIdLimitedDateTest" file="/opt/project/tests/lib/Api/Input/Request/Validator/ResultsRaceIdLimitedDateTest.php" line="48" assertions="1" time="0.006864"/>
        <testcase name="testException with data set #1" class="Tests\Api\Input\Request\Validator\ResultsRaceIdLimitedDateTest" classname="Tests.Api.Input.Request.Validator.ResultsRaceIdLimitedDateTest" file="/opt/project/tests/lib/Api/Input/Request/Validator/ResultsRaceIdLimitedDateTest.php" line="48" assertions="1" time="0.003483"/>
        <testcase name="testException with data set #2" class="Tests\Api\Input\Request\Validator\ResultsRaceIdLimitedDateTest" classname="Tests.Api.Input.Request.Validator.ResultsRaceIdLimitedDateTest" file="/opt/project/tests/lib/Api/Input/Request/Validator/ResultsRaceIdLimitedDateTest.php" line="48" assertions="1" time="0.003239"/>
      </testsuite>
      <testsuite name="Tests\Api\Input\Request\Validator\ResultsRaceIdLimitedDateTest::testSuccess" tests="3" assertions="0" errors="0" failures="0" skipped="0" time="0.009253">
        <testcase name="testSuccess with data set #0" class="Tests\Api\Input\Request\Validator\ResultsRaceIdLimitedDateTest" classname="Tests.Api.Input.Request.Validator.ResultsRaceIdLimitedDateTest" file="/opt/project/tests/lib/Api/Input/Request/Validator/ResultsRaceIdLimitedDateTest.php" line="79" assertions="0" time="0.002777"/>
        <testcase name="testSuccess with data set #1" class="Tests\Api\Input\Request\Validator\ResultsRaceIdLimitedDateTest" classname="Tests.Api.Input.Request.Validator.ResultsRaceIdLimitedDateTest" file="/opt/project/tests/lib/Api/Input/Request/Validator/ResultsRaceIdLimitedDateTest.php" line="79" assertions="0" time="0.002944"/>
        <testcase name="testSuccess with data set #2" class="Tests\Api\Input\Request\Validator\ResultsRaceIdLimitedDateTest" classname="Tests.Api.Input.Request.Validator.ResultsRaceIdLimitedDateTest" file="/opt/project/tests/lib/Api/Input/Request/Validator/ResultsRaceIdLimitedDateTest.php" line="79" assertions="0" time="0.003532"/>
      </testsuite>
    </testsuite>
    <testsuite name="Tests\SearchDateRangeTest" file="/opt/project/tests/lib/Api/Input/Request/Validator/SearchDateRangeTest.php" tests="7" assertions="3" errors="0" failures="0" skipped="0" time="0.061404">
      <testsuite name="Tests\SearchDateRangeTest::testException" tests="3" assertions="3" errors="0" failures="0" skipped="0" time="0.033375">
        <testcase name="testException with data set #0" class="Tests\SearchDateRangeTest" classname="Tests.SearchDateRangeTest" file="/opt/project/tests/lib/Api/Input/Request/Validator/SearchDateRangeTest.php" line="35" assertions="1" time="0.012144"/>
        <testcase name="testException with data set #1" class="Tests\SearchDateRangeTest" classname="Tests.SearchDateRangeTest" file="/opt/project/tests/lib/Api/Input/Request/Validator/SearchDateRangeTest.php" line="35" assertions="1" time="0.011092"/>
        <testcase name="testException with data set #2" class="Tests\SearchDateRangeTest" classname="Tests.SearchDateRangeTest" file="/opt/project/tests/lib/Api/Input/Request/Validator/SearchDateRangeTest.php" line="35" assertions="1" time="0.010139"/>
      </testsuite>
      <testsuite name="Tests\SearchDateRangeTest::testSuccess" tests="4" assertions="0" errors="0" failures="0" skipped="0" time="0.028029">
        <testcase name="testSuccess with data set #0" class="Tests\SearchDateRangeTest" classname="Tests.SearchDateRangeTest" file="/opt/project/tests/lib/Api/Input/Request/Validator/SearchDateRangeTest.php" line="65" assertions="0" time="0.009852"/>
        <testcase name="testSuccess with data set #1" class="Tests\SearchDateRangeTest" classname="Tests.SearchDateRangeTest" file="/opt/project/tests/lib/Api/Input/Request/Validator/SearchDateRangeTest.php" line="65" assertions="0" time="0.009314"/>
        <testcase name="testSuccess with data set #2" class="Tests\SearchDateRangeTest" classname="Tests.SearchDateRangeTest" file="/opt/project/tests/lib/Api/Input/Request/Validator/SearchDateRangeTest.php" line="65" assertions="0" time="0.004459"/>
        <testcase name="testSuccess with data set #3" class="Tests\SearchDateRangeTest" classname="Tests.SearchDateRangeTest" file="/opt/project/tests/lib/Api/Input/Request/Validator/SearchDateRangeTest.php" line="65" assertions="0" time="0.004404"/>
      </testsuite>
    </testsuite>
    <testsuite name="Tests\SeasonBeginEndDatesTest" file="/opt/project/tests/lib/Api/Input/Request/Validator/SeasonBeginEndDatesTest.php" tests="3" assertions="1" errors="0" failures="0" skipped="0" time="0.014393">
      <testsuite name="Tests\SeasonBeginEndDatesTest::testException" tests="1" assertions="1" errors="0" failures="0" skipped="0" time="0.006766">
        <testcase name="testException with data set #0" class="Tests\SeasonBeginEndDatesTest" classname="Tests.SeasonBeginEndDatesTest" file="/opt/project/tests/lib/Api/Input/Request/Validator/SeasonBeginEndDatesTest.php" line="40" assertions="1" time="0.006766"/>
      </testsuite>
      <testsuite name="Tests\SeasonBeginEndDatesTest::testSuccess" tests="2" assertions="0" errors="0" failures="0" skipped="0" time="0.007627">
        <testcase name="testSuccess with data set #0" class="Tests\SeasonBeginEndDatesTest" classname="Tests.SeasonBeginEndDatesTest" file="/opt/project/tests/lib/Api/Input/Request/Validator/SeasonBeginEndDatesTest.php" line="69" assertions="0" time="0.003825"/>
        <testcase name="testSuccess with data set #1" class="Tests\SeasonBeginEndDatesTest" classname="Tests.SeasonBeginEndDatesTest" file="/opt/project/tests/lib/Api/Input/Request/Validator/SeasonBeginEndDatesTest.php" line="69" assertions="0" time="0.003802"/>
      </testsuite>
    </testsuite>
    <testsuite name="Tests\SeasonStartEndYearsTest" file="/opt/project/tests/lib/Api/Input/Request/Validator/SeasonStartEndYearsTest.php" tests="9" assertions="4" errors="0" failures="0" skipped="0" time="0.036778">
      <testsuite name="Tests\SeasonStartEndYearsTest::testException" tests="4" assertions="4" errors="0" failures="0" skipped="0" time="0.016389">
        <testcase name="testException with data set #0" class="Tests\SeasonStartEndYearsTest" classname="Tests.SeasonStartEndYearsTest" file="/opt/project/tests/lib/Api/Input/Request/Validator/SeasonStartEndYearsTest.php" line="34" assertions="1" time="0.004097"/>
        <testcase name="testException with data set #1" class="Tests\SeasonStartEndYearsTest" classname="Tests.SeasonStartEndYearsTest" file="/opt/project/tests/lib/Api/Input/Request/Validator/SeasonStartEndYearsTest.php" line="34" assertions="1" time="0.004029"/>
        <testcase name="testException with data set #2" class="Tests\SeasonStartEndYearsTest" classname="Tests.SeasonStartEndYearsTest" file="/opt/project/tests/lib/Api/Input/Request/Validator/SeasonStartEndYearsTest.php" line="34" assertions="1" time="0.004015"/>
        <testcase name="testException with data set #3" class="Tests\SeasonStartEndYearsTest" classname="Tests.SeasonStartEndYearsTest" file="/opt/project/tests/lib/Api/Input/Request/Validator/SeasonStartEndYearsTest.php" line="34" assertions="1" time="0.004248"/>
      </testsuite>
      <testsuite name="Tests\SeasonStartEndYearsTest::testSuccess" tests="5" assertions="0" errors="0" failures="0" skipped="0" time="0.020389">
        <testcase name="testSuccess with data set #0" class="Tests\SeasonStartEndYearsTest" classname="Tests.SeasonStartEndYearsTest" file="/opt/project/tests/lib/Api/Input/Request/Validator/SeasonStartEndYearsTest.php" line="66" assertions="0" time="0.003659"/>
        <testcase name="testSuccess with data set #1" class="Tests\SeasonStartEndYearsTest" classname="Tests.SeasonStartEndYearsTest" file="/opt/project/tests/lib/Api/Input/Request/Validator/SeasonStartEndYearsTest.php" line="66" assertions="0" time="0.003717"/>
        <testcase name="testSuccess with data set #2" class="Tests\SeasonStartEndYearsTest" classname="Tests.SeasonStartEndYearsTest" file="/opt/project/tests/lib/Api/Input/Request/Validator/SeasonStartEndYearsTest.php" line="66" assertions="0" time="0.003773"/>
        <testcase name="testSuccess with data set #3" class="Tests\SeasonStartEndYearsTest" classname="Tests.SeasonStartEndYearsTest" file="/opt/project/tests/lib/Api/Input/Request/Validator/SeasonStartEndYearsTest.php" line="66" assertions="0" time="0.005332"/>
        <testcase name="testSuccess with data set #4" class="Tests\SeasonStartEndYearsTest" classname="Tests.SeasonStartEndYearsTest" file="/opt/project/tests/lib/Api/Input/Request/Validator/SeasonStartEndYearsTest.php" line="66" assertions="0" time="0.003908"/>
      </testsuite>
    </testsuite>
    <testsuite name="Tests\SeasonStatisticsRequiredTest" file="/opt/project/tests/lib/Api/Input/Request/Validator/SeasonStatisticsRequiredTest.php" tests="7" assertions="4" errors="0" failures="0" skipped="0" time="0.062453">
      <testsuite name="Tests\SeasonStatisticsRequiredTest::testException" tests="4" assertions="4" errors="0" failures="0" skipped="0" time="0.036866">
        <testcase name="testException with data set #0" class="Tests\SeasonStatisticsRequiredTest" classname="Tests.SeasonStatisticsRequiredTest" file="/opt/project/tests/lib/Api/Input/Request/Validator/SeasonStatisticsRequiredTest.php" line="38" assertions="1" time="0.010954"/>
        <testcase name="testException with data set #1" class="Tests\SeasonStatisticsRequiredTest" classname="Tests.SeasonStatisticsRequiredTest" file="/opt/project/tests/lib/Api/Input/Request/Validator/SeasonStatisticsRequiredTest.php" line="38" assertions="1" time="0.008761"/>
        <testcase name="testException with data set #2" class="Tests\SeasonStatisticsRequiredTest" classname="Tests.SeasonStatisticsRequiredTest" file="/opt/project/tests/lib/Api/Input/Request/Validator/SeasonStatisticsRequiredTest.php" line="38" assertions="1" time="0.008602"/>
        <testcase name="testException with data set #3" class="Tests\SeasonStatisticsRequiredTest" classname="Tests.SeasonStatisticsRequiredTest" file="/opt/project/tests/lib/Api/Input/Request/Validator/SeasonStatisticsRequiredTest.php" line="38" assertions="1" time="0.008549"/>
      </testsuite>
      <testsuite name="Tests\SeasonStatisticsRequiredTest::testSuccess" tests="3" assertions="0" errors="0" failures="0" skipped="0" time="0.025587">
        <testcase name="testSuccess with data set #0" class="Tests\SeasonStatisticsRequiredTest" classname="Tests.SeasonStatisticsRequiredTest" file="/opt/project/tests/lib/Api/Input/Request/Validator/SeasonStatisticsRequiredTest.php" line="70" assertions="0" time="0.008394"/>
        <testcase name="testSuccess with data set #1" class="Tests\SeasonStatisticsRequiredTest" classname="Tests.SeasonStatisticsRequiredTest" file="/opt/project/tests/lib/Api/Input/Request/Validator/SeasonStatisticsRequiredTest.php" line="70" assertions="0" time="0.008825"/>
        <testcase name="testSuccess with data set #2" class="Tests\SeasonStatisticsRequiredTest" classname="Tests.SeasonStatisticsRequiredTest" file="/opt/project/tests/lib/Api/Input/Request/Validator/SeasonStatisticsRequiredTest.php" line="70" assertions="0" time="0.008368"/>
      </testsuite>
    </testsuite>
    <testsuite name="Tests\SeasonalStatisticsParamsCombinationsTest" file="/opt/project/tests/lib/Api/Input/Request/Validator/SeasonalStatisticsParamsCombinationsTest.php" tests="55" assertions="55" errors="0" failures="0" skipped="0" time="0.884268">
      <testsuite name="Tests\SeasonalStatisticsParamsCombinationsTest::testValidateSuccess" tests="31" assertions="31" errors="0" failures="0" skipped="0" time="0.534680">
        <testcase name="testValidateSuccess with data set #0" class="Tests\SeasonalStatisticsParamsCombinationsTest" classname="Tests.SeasonalStatisticsParamsCombinationsTest" file="/opt/project/tests/lib/Api/Input/Request/Validator/SeasonalStatisticsParamsCombinationsTest.php" line="70" assertions="1" time="0.020591"/>
        <testcase name="testValidateSuccess with data set #1" class="Tests\SeasonalStatisticsParamsCombinationsTest" classname="Tests.SeasonalStatisticsParamsCombinationsTest" file="/opt/project/tests/lib/Api/Input/Request/Validator/SeasonalStatisticsParamsCombinationsTest.php" line="70" assertions="1" time="0.015930"/>
        <testcase name="testValidateSuccess with data set #2" class="Tests\SeasonalStatisticsParamsCombinationsTest" classname="Tests.SeasonalStatisticsParamsCombinationsTest" file="/opt/project/tests/lib/Api/Input/Request/Validator/SeasonalStatisticsParamsCombinationsTest.php" line="70" assertions="1" time="0.023768"/>
        <testcase name="testValidateSuccess with data set #3" class="Tests\SeasonalStatisticsParamsCombinationsTest" classname="Tests.SeasonalStatisticsParamsCombinationsTest" file="/opt/project/tests/lib/Api/Input/Request/Validator/SeasonalStatisticsParamsCombinationsTest.php" line="70" assertions="1" time="0.020905"/>
        <testcase name="testValidateSuccess with data set #4" class="Tests\SeasonalStatisticsParamsCombinationsTest" classname="Tests.SeasonalStatisticsParamsCombinationsTest" file="/opt/project/tests/lib/Api/Input/Request/Validator/SeasonalStatisticsParamsCombinationsTest.php" line="70" assertions="1" time="0.020919"/>
        <testcase name="testValidateSuccess with data set #5" class="Tests\SeasonalStatisticsParamsCombinationsTest" classname="Tests.SeasonalStatisticsParamsCombinationsTest" file="/opt/project/tests/lib/Api/Input/Request/Validator/SeasonalStatisticsParamsCombinationsTest.php" line="70" assertions="1" time="0.015596"/>
        <testcase name="testValidateSuccess with data set #6" class="Tests\SeasonalStatisticsParamsCombinationsTest" classname="Tests.SeasonalStatisticsParamsCombinationsTest" file="/opt/project/tests/lib/Api/Input/Request/Validator/SeasonalStatisticsParamsCombinationsTest.php" line="70" assertions="1" time="0.015453"/>
        <testcase name="testValidateSuccess with data set #7" class="Tests\SeasonalStatisticsParamsCombinationsTest" classname="Tests.SeasonalStatisticsParamsCombinationsTest" file="/opt/project/tests/lib/Api/Input/Request/Validator/SeasonalStatisticsParamsCombinationsTest.php" line="70" assertions="1" time="0.019771"/>
        <testcase name="testValidateSuccess with data set #8" class="Tests\SeasonalStatisticsParamsCombinationsTest" classname="Tests.SeasonalStatisticsParamsCombinationsTest" file="/opt/project/tests/lib/Api/Input/Request/Validator/SeasonalStatisticsParamsCombinationsTest.php" line="70" assertions="1" time="0.019389"/>
        <testcase name="testValidateSuccess with data set #9" class="Tests\SeasonalStatisticsParamsCombinationsTest" classname="Tests.SeasonalStatisticsParamsCombinationsTest" file="/opt/project/tests/lib/Api/Input/Request/Validator/SeasonalStatisticsParamsCombinationsTest.php" line="70" assertions="1" time="0.018917"/>
        <testcase name="testValidateSuccess with data set #10" class="Tests\SeasonalStatisticsParamsCombinationsTest" classname="Tests.SeasonalStatisticsParamsCombinationsTest" file="/opt/project/tests/lib/Api/Input/Request/Validator/SeasonalStatisticsParamsCombinationsTest.php" line="70" assertions="1" time="0.018693"/>
        <testcase name="testValidateSuccess with data set #11" class="Tests\SeasonalStatisticsParamsCombinationsTest" classname="Tests.SeasonalStatisticsParamsCombinationsTest" file="/opt/project/tests/lib/Api/Input/Request/Validator/SeasonalStatisticsParamsCombinationsTest.php" line="70" assertions="1" time="0.018747"/>
        <testcase name="testValidateSuccess with data set #12" class="Tests\SeasonalStatisticsParamsCombinationsTest" classname="Tests.SeasonalStatisticsParamsCombinationsTest" file="/opt/project/tests/lib/Api/Input/Request/Validator/SeasonalStatisticsParamsCombinationsTest.php" line="70" assertions="1" time="0.014387"/>
        <testcase name="testValidateSuccess with data set #13" class="Tests\SeasonalStatisticsParamsCombinationsTest" classname="Tests.SeasonalStatisticsParamsCombinationsTest" file="/opt/project/tests/lib/Api/Input/Request/Validator/SeasonalStatisticsParamsCombinationsTest.php" line="70" assertions="1" time="0.013922"/>
        <testcase name="testValidateSuccess with data set #14" class="Tests\SeasonalStatisticsParamsCombinationsTest" classname="Tests.SeasonalStatisticsParamsCombinationsTest" file="/opt/project/tests/lib/Api/Input/Request/Validator/SeasonalStatisticsParamsCombinationsTest.php" line="70" assertions="1" time="0.018432"/>
        <testcase name="testValidateSuccess with data set #15" class="Tests\SeasonalStatisticsParamsCombinationsTest" classname="Tests.SeasonalStatisticsParamsCombinationsTest" file="/opt/project/tests/lib/Api/Input/Request/Validator/SeasonalStatisticsParamsCombinationsTest.php" line="70" assertions="1" time="0.018475"/>
        <testcase name="testValidateSuccess with data set #16" class="Tests\SeasonalStatisticsParamsCombinationsTest" classname="Tests.SeasonalStatisticsParamsCombinationsTest" file="/opt/project/tests/lib/Api/Input/Request/Validator/SeasonalStatisticsParamsCombinationsTest.php" line="70" assertions="1" time="0.017957"/>
        <testcase name="testValidateSuccess with data set #17" class="Tests\SeasonalStatisticsParamsCombinationsTest" classname="Tests.SeasonalStatisticsParamsCombinationsTest" file="/opt/project/tests/lib/Api/Input/Request/Validator/SeasonalStatisticsParamsCombinationsTest.php" line="70" assertions="1" time="0.014013"/>
        <testcase name="testValidateSuccess with data set #18" class="Tests\SeasonalStatisticsParamsCombinationsTest" classname="Tests.SeasonalStatisticsParamsCombinationsTest" file="/opt/project/tests/lib/Api/Input/Request/Validator/SeasonalStatisticsParamsCombinationsTest.php" line="70" assertions="1" time="0.014002"/>
        <testcase name="testValidateSuccess with data set #19" class="Tests\SeasonalStatisticsParamsCombinationsTest" classname="Tests.SeasonalStatisticsParamsCombinationsTest" file="/opt/project/tests/lib/Api/Input/Request/Validator/SeasonalStatisticsParamsCombinationsTest.php" line="70" assertions="1" time="0.017732"/>
        <testcase name="testValidateSuccess with data set #20" class="Tests\SeasonalStatisticsParamsCombinationsTest" classname="Tests.SeasonalStatisticsParamsCombinationsTest" file="/opt/project/tests/lib/Api/Input/Request/Validator/SeasonalStatisticsParamsCombinationsTest.php" line="70" assertions="1" time="0.017304"/>
        <testcase name="testValidateSuccess with data set #21" class="Tests\SeasonalStatisticsParamsCombinationsTest" classname="Tests.SeasonalStatisticsParamsCombinationsTest" file="/opt/project/tests/lib/Api/Input/Request/Validator/SeasonalStatisticsParamsCombinationsTest.php" line="70" assertions="1" time="0.017334"/>
        <testcase name="testValidateSuccess with data set #22" class="Tests\SeasonalStatisticsParamsCombinationsTest" classname="Tests.SeasonalStatisticsParamsCombinationsTest" file="/opt/project/tests/lib/Api/Input/Request/Validator/SeasonalStatisticsParamsCombinationsTest.php" line="70" assertions="1" time="0.022492"/>
        <testcase name="testValidateSuccess with data set #23" class="Tests\SeasonalStatisticsParamsCombinationsTest" classname="Tests.SeasonalStatisticsParamsCombinationsTest" file="/opt/project/tests/lib/Api/Input/Request/Validator/SeasonalStatisticsParamsCombinationsTest.php" line="70" assertions="1" time="0.013200"/>
        <testcase name="testValidateSuccess with data set #24" class="Tests\SeasonalStatisticsParamsCombinationsTest" classname="Tests.SeasonalStatisticsParamsCombinationsTest" file="/opt/project/tests/lib/Api/Input/Request/Validator/SeasonalStatisticsParamsCombinationsTest.php" line="70" assertions="1" time="0.013453"/>
        <testcase name="testValidateSuccess with data set #25" class="Tests\SeasonalStatisticsParamsCombinationsTest" classname="Tests.SeasonalStatisticsParamsCombinationsTest" file="/opt/project/tests/lib/Api/Input/Request/Validator/SeasonalStatisticsParamsCombinationsTest.php" line="70" assertions="1" time="0.013331"/>
        <testcase name="testValidateSuccess with data set #26" class="Tests\SeasonalStatisticsParamsCombinationsTest" classname="Tests.SeasonalStatisticsParamsCombinationsTest" file="/opt/project/tests/lib/Api/Input/Request/Validator/SeasonalStatisticsParamsCombinationsTest.php" line="70" assertions="1" time="0.012784"/>
        <testcase name="testValidateSuccess with data set #27" class="Tests\SeasonalStatisticsParamsCombinationsTest" classname="Tests.SeasonalStatisticsParamsCombinationsTest" file="/opt/project/tests/lib/Api/Input/Request/Validator/SeasonalStatisticsParamsCombinationsTest.php" line="70" assertions="1" time="0.016715"/>
        <testcase name="testValidateSuccess with data set #28" class="Tests\SeasonalStatisticsParamsCombinationsTest" classname="Tests.SeasonalStatisticsParamsCombinationsTest" file="/opt/project/tests/lib/Api/Input/Request/Validator/SeasonalStatisticsParamsCombinationsTest.php" line="70" assertions="1" time="0.016815"/>
        <testcase name="testValidateSuccess with data set #29" class="Tests\SeasonalStatisticsParamsCombinationsTest" classname="Tests.SeasonalStatisticsParamsCombinationsTest" file="/opt/project/tests/lib/Api/Input/Request/Validator/SeasonalStatisticsParamsCombinationsTest.php" line="70" assertions="1" time="0.016727"/>
        <testcase name="testValidateSuccess with data set #30" class="Tests\SeasonalStatisticsParamsCombinationsTest" classname="Tests.SeasonalStatisticsParamsCombinationsTest" file="/opt/project/tests/lib/Api/Input/Request/Validator/SeasonalStatisticsParamsCombinationsTest.php" line="70" assertions="1" time="0.016927"/>
      </testsuite>
      <testsuite name="Tests\SeasonalStatisticsParamsCombinationsTest::testValidateFailure" tests="24" assertions="24" errors="0" failures="0" skipped="0" time="0.349587">
        <testcase name="testValidateFailure with data set #0" class="Tests\SeasonalStatisticsParamsCombinationsTest" classname="Tests.SeasonalStatisticsParamsCombinationsTest" file="/opt/project/tests/lib/Api/Input/Request/Validator/SeasonalStatisticsParamsCombinationsTest.php" line="86" assertions="1" time="0.013202"/>
        <testcase name="testValidateFailure with data set #1" class="Tests\SeasonalStatisticsParamsCombinationsTest" classname="Tests.SeasonalStatisticsParamsCombinationsTest" file="/opt/project/tests/lib/Api/Input/Request/Validator/SeasonalStatisticsParamsCombinationsTest.php" line="86" assertions="1" time="0.012948"/>
        <testcase name="testValidateFailure with data set #2" class="Tests\SeasonalStatisticsParamsCombinationsTest" classname="Tests.SeasonalStatisticsParamsCombinationsTest" file="/opt/project/tests/lib/Api/Input/Request/Validator/SeasonalStatisticsParamsCombinationsTest.php" line="86" assertions="1" time="0.016478"/>
        <testcase name="testValidateFailure with data set #3" class="Tests\SeasonalStatisticsParamsCombinationsTest" classname="Tests.SeasonalStatisticsParamsCombinationsTest" file="/opt/project/tests/lib/Api/Input/Request/Validator/SeasonalStatisticsParamsCombinationsTest.php" line="86" assertions="1" time="0.016668"/>
        <testcase name="testValidateFailure with data set #4" class="Tests\SeasonalStatisticsParamsCombinationsTest" classname="Tests.SeasonalStatisticsParamsCombinationsTest" file="/opt/project/tests/lib/Api/Input/Request/Validator/SeasonalStatisticsParamsCombinationsTest.php" line="86" assertions="1" time="0.012938"/>
        <testcase name="testValidateFailure with data set #5" class="Tests\SeasonalStatisticsParamsCombinationsTest" classname="Tests.SeasonalStatisticsParamsCombinationsTest" file="/opt/project/tests/lib/Api/Input/Request/Validator/SeasonalStatisticsParamsCombinationsTest.php" line="86" assertions="1" time="0.013396"/>
        <testcase name="testValidateFailure with data set #6" class="Tests\SeasonalStatisticsParamsCombinationsTest" classname="Tests.SeasonalStatisticsParamsCombinationsTest" file="/opt/project/tests/lib/Api/Input/Request/Validator/SeasonalStatisticsParamsCombinationsTest.php" line="86" assertions="1" time="0.016760"/>
        <testcase name="testValidateFailure with data set #7" class="Tests\SeasonalStatisticsParamsCombinationsTest" classname="Tests.SeasonalStatisticsParamsCombinationsTest" file="/opt/project/tests/lib/Api/Input/Request/Validator/SeasonalStatisticsParamsCombinationsTest.php" line="86" assertions="1" time="0.017044"/>
        <testcase name="testValidateFailure with data set #8" class="Tests\SeasonalStatisticsParamsCombinationsTest" classname="Tests.SeasonalStatisticsParamsCombinationsTest" file="/opt/project/tests/lib/Api/Input/Request/Validator/SeasonalStatisticsParamsCombinationsTest.php" line="86" assertions="1" time="0.012759"/>
        <testcase name="testValidateFailure with data set #9" class="Tests\SeasonalStatisticsParamsCombinationsTest" classname="Tests.SeasonalStatisticsParamsCombinationsTest" file="/opt/project/tests/lib/Api/Input/Request/Validator/SeasonalStatisticsParamsCombinationsTest.php" line="86" assertions="1" time="0.012751"/>
        <testcase name="testValidateFailure with data set #10" class="Tests\SeasonalStatisticsParamsCombinationsTest" classname="Tests.SeasonalStatisticsParamsCombinationsTest" file="/opt/project/tests/lib/Api/Input/Request/Validator/SeasonalStatisticsParamsCombinationsTest.php" line="86" assertions="1" time="0.016109"/>
        <testcase name="testValidateFailure with data set #11" class="Tests\SeasonalStatisticsParamsCombinationsTest" classname="Tests.SeasonalStatisticsParamsCombinationsTest" file="/opt/project/tests/lib/Api/Input/Request/Validator/SeasonalStatisticsParamsCombinationsTest.php" line="86" assertions="1" time="0.016057"/>
        <testcase name="testValidateFailure with data set #12" class="Tests\SeasonalStatisticsParamsCombinationsTest" classname="Tests.SeasonalStatisticsParamsCombinationsTest" file="/opt/project/tests/lib/Api/Input/Request/Validator/SeasonalStatisticsParamsCombinationsTest.php" line="86" assertions="1" time="0.016208"/>
        <testcase name="testValidateFailure with data set #13" class="Tests\SeasonalStatisticsParamsCombinationsTest" classname="Tests.SeasonalStatisticsParamsCombinationsTest" file="/opt/project/tests/lib/Api/Input/Request/Validator/SeasonalStatisticsParamsCombinationsTest.php" line="86" assertions="1" time="0.012567"/>
        <testcase name="testValidateFailure with data set #14" class="Tests\SeasonalStatisticsParamsCombinationsTest" classname="Tests.SeasonalStatisticsParamsCombinationsTest" file="/opt/project/tests/lib/Api/Input/Request/Validator/SeasonalStatisticsParamsCombinationsTest.php" line="86" assertions="1" time="0.012685"/>
        <testcase name="testValidateFailure with data set #15" class="Tests\SeasonalStatisticsParamsCombinationsTest" classname="Tests.SeasonalStatisticsParamsCombinationsTest" file="/opt/project/tests/lib/Api/Input/Request/Validator/SeasonalStatisticsParamsCombinationsTest.php" line="86" assertions="1" time="0.016042"/>
        <testcase name="testValidateFailure with data set #16" class="Tests\SeasonalStatisticsParamsCombinationsTest" classname="Tests.SeasonalStatisticsParamsCombinationsTest" file="/opt/project/tests/lib/Api/Input/Request/Validator/SeasonalStatisticsParamsCombinationsTest.php" line="86" assertions="1" time="0.016502"/>
        <testcase name="testValidateFailure with data set #17" class="Tests\SeasonalStatisticsParamsCombinationsTest" classname="Tests.SeasonalStatisticsParamsCombinationsTest" file="/opt/project/tests/lib/Api/Input/Request/Validator/SeasonalStatisticsParamsCombinationsTest.php" line="86" assertions="1" time="0.016157"/>
        <testcase name="testValidateFailure with data set #18" class="Tests\SeasonalStatisticsParamsCombinationsTest" classname="Tests.SeasonalStatisticsParamsCombinationsTest" file="/opt/project/tests/lib/Api/Input/Request/Validator/SeasonalStatisticsParamsCombinationsTest.php" line="86" assertions="1" time="0.012433"/>
        <testcase name="testValidateFailure with data set #19" class="Tests\SeasonalStatisticsParamsCombinationsTest" classname="Tests.SeasonalStatisticsParamsCombinationsTest" file="/opt/project/tests/lib/Api/Input/Request/Validator/SeasonalStatisticsParamsCombinationsTest.php" line="86" assertions="1" time="0.012544"/>
        <testcase name="testValidateFailure with data set #20" class="Tests\SeasonalStatisticsParamsCombinationsTest" classname="Tests.SeasonalStatisticsParamsCombinationsTest" file="/opt/project/tests/lib/Api/Input/Request/Validator/SeasonalStatisticsParamsCombinationsTest.php" line="86" assertions="1" time="0.012543"/>
        <testcase name="testValidateFailure with data set #21" class="Tests\SeasonalStatisticsParamsCombinationsTest" classname="Tests.SeasonalStatisticsParamsCombinationsTest" file="/opt/project/tests/lib/Api/Input/Request/Validator/SeasonalStatisticsParamsCombinationsTest.php" line="86" assertions="1" time="0.012490"/>
        <testcase name="testValidateFailure with data set #22" class="Tests\SeasonalStatisticsParamsCombinationsTest" classname="Tests.SeasonalStatisticsParamsCombinationsTest" file="/opt/project/tests/lib/Api/Input/Request/Validator/SeasonalStatisticsParamsCombinationsTest.php" line="86" assertions="1" time="0.016102"/>
        <testcase name="testValidateFailure with data set #23" class="Tests\SeasonalStatisticsParamsCombinationsTest" classname="Tests.SeasonalStatisticsParamsCombinationsTest" file="/opt/project/tests/lib/Api/Input/Request/Validator/SeasonalStatisticsParamsCombinationsTest.php" line="86" assertions="1" time="0.016204"/>
      </testsuite>
    </testsuite>
    <testsuite name="Tests\SeasonalStatisticsYearRangeTest" file="/opt/project/tests/lib/Api/Input/Request/Validator/SeasonalStatisticsYearRangeTest.php" tests="3" assertions="1" errors="0" failures="0" skipped="0" time="0.020201">
      <testsuite name="Tests\SeasonalStatisticsYearRangeTest::testException" tests="1" assertions="1" errors="0" failures="0" skipped="0" time="0.014326">
        <testcase name="testException with data set #0" class="Tests\SeasonalStatisticsYearRangeTest" classname="Tests.SeasonalStatisticsYearRangeTest" file="/opt/project/tests/lib/Api/Input/Request/Validator/SeasonalStatisticsYearRangeTest.php" line="36" assertions="1" time="0.014326"/>
      </testsuite>
      <testsuite name="Tests\SeasonalStatisticsYearRangeTest::testSuccess" tests="2" assertions="0" errors="0" failures="0" skipped="0" time="0.005875">
        <testcase name="testSuccess with data set #0" class="Tests\SeasonalStatisticsYearRangeTest" classname="Tests.SeasonalStatisticsYearRangeTest" file="/opt/project/tests/lib/Api/Input/Request/Validator/SeasonalStatisticsYearRangeTest.php" line="65" assertions="0" time="0.003082"/>
        <testcase name="testSuccess with data set #1" class="Tests\SeasonalStatisticsYearRangeTest" classname="Tests.SeasonalStatisticsYearRangeTest" file="/opt/project/tests/lib/Api/Input/Request/Validator/SeasonalStatisticsYearRangeTest.php" line="65" assertions="0" time="0.002793"/>
      </testsuite>
    </testsuite>
    <testsuite name="Tests\StallionProgenyResultsRequiredTest" file="/opt/project/tests/lib/Api/Input/Request/Validator/StallionProgenyResultsRequiredTest.php" tests="6" assertions="4" errors="0" failures="0" skipped="0" time="0.053770">
      <testsuite name="Tests\StallionProgenyResultsRequiredTest::testException" tests="4" assertions="4" errors="0" failures="0" skipped="0" time="0.039931">
        <testcase name="testException with data set #0" class="Tests\StallionProgenyResultsRequiredTest" classname="Tests.StallionProgenyResultsRequiredTest" file="/opt/project/tests/lib/Api/Input/Request/Validator/StallionProgenyResultsRequiredTest.php" line="47" assertions="1" time="0.011197"/>
        <testcase name="testException with data set #1" class="Tests\StallionProgenyResultsRequiredTest" classname="Tests.StallionProgenyResultsRequiredTest" file="/opt/project/tests/lib/Api/Input/Request/Validator/StallionProgenyResultsRequiredTest.php" line="47" assertions="1" time="0.009548"/>
        <testcase name="testException with data set #2" class="Tests\StallionProgenyResultsRequiredTest" classname="Tests.StallionProgenyResultsRequiredTest" file="/opt/project/tests/lib/Api/Input/Request/Validator/StallionProgenyResultsRequiredTest.php" line="47" assertions="1" time="0.009677"/>
        <testcase name="testException with data set #3" class="Tests\StallionProgenyResultsRequiredTest" classname="Tests.StallionProgenyResultsRequiredTest" file="/opt/project/tests/lib/Api/Input/Request/Validator/StallionProgenyResultsRequiredTest.php" line="47" assertions="1" time="0.009509"/>
      </testsuite>
      <testsuite name="Tests\StallionProgenyResultsRequiredTest::testSuccess" tests="2" assertions="0" errors="0" failures="0" skipped="0" time="0.013839">
        <testcase name="testSuccess with data set #0" class="Tests\StallionProgenyResultsRequiredTest" classname="Tests.StallionProgenyResultsRequiredTest" file="/opt/project/tests/lib/Api/Input/Request/Validator/StallionProgenyResultsRequiredTest.php" line="79" assertions="0" time="0.009638"/>
        <testcase name="testSuccess with data set #1" class="Tests\StallionProgenyResultsRequiredTest" classname="Tests.StallionProgenyResultsRequiredTest" file="/opt/project/tests/lib/Api/Input/Request/Validator/StallionProgenyResultsRequiredTest.php" line="79" assertions="0" time="0.004201"/>
      </testsuite>
    </testsuite>
    <testsuite name="Tests\StartEndDateTest" file="/opt/project/tests/lib/Api/Input/Request/Validator/StartEndDateTest.php" tests="3" assertions="1" errors="0" failures="0" skipped="0" time="0.011136">
      <testsuite name="Tests\StartEndDateTest::testException" tests="1" assertions="1" errors="0" failures="0" skipped="0" time="0.004788">
        <testcase name="testException with data set #0" class="Tests\StartEndDateTest" classname="Tests.StartEndDateTest" file="/opt/project/tests/lib/Api/Input/Request/Validator/StartEndDateTest.php" line="36" assertions="1" time="0.004788"/>
      </testsuite>
      <testsuite name="Tests\StartEndDateTest::testSuccess" tests="2" assertions="0" errors="0" failures="0" skipped="0" time="0.006348">
        <testcase name="testSuccess with data set #0" class="Tests\StartEndDateTest" classname="Tests.StartEndDateTest" file="/opt/project/tests/lib/Api/Input/Request/Validator/StartEndDateTest.php" line="64" assertions="0" time="0.003263"/>
        <testcase name="testSuccess with data set #1" class="Tests\StartEndDateTest" classname="Tests.StartEndDateTest" file="/opt/project/tests/lib/Api/Input/Request/Validator/StartEndDateTest.php" line="64" assertions="0" time="0.003085"/>
      </testsuite>
    </testsuite>
    <testsuite name="Tests\StartEndYearTest" file="/opt/project/tests/lib/Api/Input/Request/Validator/StartEndYearTest.php" tests="3" assertions="1" errors="0" failures="0" skipped="0" time="0.012457">
      <testsuite name="Tests\StartEndYearTest::testException" tests="1" assertions="1" errors="0" failures="0" skipped="0" time="0.005026">
        <testcase name="testException with data set #0" class="Tests\StartEndYearTest" classname="Tests.StartEndYearTest" file="/opt/project/tests/lib/Api/Input/Request/Validator/StartEndYearTest.php" line="36" assertions="1" time="0.005026"/>
      </testsuite>
      <testsuite name="Tests\StartEndYearTest::testSuccess" tests="2" assertions="0" errors="0" failures="0" skipped="0" time="0.007431">
        <testcase name="testSuccess with data set #0" class="Tests\StartEndYearTest" classname="Tests.StartEndYearTest" file="/opt/project/tests/lib/Api/Input/Request/Validator/StartEndYearTest.php" line="63" assertions="0" time="0.003686"/>
        <testcase name="testSuccess with data set #1" class="Tests\StartEndYearTest" classname="Tests.StartEndYearTest" file="/opt/project/tests/lib/Api/Input/Request/Validator/StartEndYearTest.php" line="63" assertions="0" time="0.003745"/>
      </testsuite>
    </testsuite>
    <testsuite name="Tests\StatsRaceTypeDependentTest" file="/opt/project/tests/lib/Api/Input/Request/Validator/StatsRaceTypeDependentTest.php" tests="4" assertions="2" errors="0" failures="0" skipped="0" time="0.021287">
      <testsuite name="Tests\StatsRaceTypeDependentTest::testException" tests="2" assertions="2" errors="0" failures="0" skipped="0" time="0.009703">
        <testcase name="testException with data set #0" class="Tests\StatsRaceTypeDependentTest" classname="Tests.StatsRaceTypeDependentTest" file="/opt/project/tests/lib/Api/Input/Request/Validator/StatsRaceTypeDependentTest.php" line="36" assertions="1" time="0.005330"/>
        <testcase name="testException with data set #1" class="Tests\StatsRaceTypeDependentTest" classname="Tests.StatsRaceTypeDependentTest" file="/opt/project/tests/lib/Api/Input/Request/Validator/StatsRaceTypeDependentTest.php" line="36" assertions="1" time="0.004373"/>
      </testsuite>
      <testsuite name="Tests\StatsRaceTypeDependentTest::testSuccess" tests="2" assertions="0" errors="0" failures="0" skipped="0" time="0.011584">
        <testcase name="testSuccess with data set #0" class="Tests\StatsRaceTypeDependentTest" classname="Tests.StatsRaceTypeDependentTest" file="/opt/project/tests/lib/Api/Input/Request/Validator/StatsRaceTypeDependentTest.php" line="66" assertions="0" time="0.007179"/>
        <testcase name="testSuccess with data set #1" class="Tests\StatsRaceTypeDependentTest" classname="Tests.StatsRaceTypeDependentTest" file="/opt/project/tests/lib/Api/Input/Request/Validator/StatsRaceTypeDependentTest.php" line="66" assertions="0" time="0.004405"/>
      </testsuite>
    </testsuite>
    <testsuite name="Tests\Api\Methods\GetIntFromYNFlagTest" file="/opt/project/tests/lib/Api/Methods/GetIntFromYNFlagTest.php" tests="5" assertions="5" errors="0" failures="0" skipped="0" time="0.004677">
      <testsuite name="Tests\Api\Methods\GetIntFromYNFlagTest::testGetIntFromYNFlag" tests="5" assertions="5" errors="0" failures="0" skipped="0" time="0.004677">
        <testcase name="testGetIntFromYNFlag with data set #0" class="Tests\Api\Methods\GetIntFromYNFlagTest" classname="Tests.Api.Methods.GetIntFromYNFlagTest" file="/opt/project/tests/lib/Api/Methods/GetIntFromYNFlagTest.php" line="17" assertions="1" time="0.000909"/>
        <testcase name="testGetIntFromYNFlag with data set #1" class="Tests\Api\Methods\GetIntFromYNFlagTest" classname="Tests.Api.Methods.GetIntFromYNFlagTest" file="/opt/project/tests/lib/Api/Methods/GetIntFromYNFlagTest.php" line="17" assertions="1" time="0.000849"/>
        <testcase name="testGetIntFromYNFlag with data set #2" class="Tests\Api\Methods\GetIntFromYNFlagTest" classname="Tests.Api.Methods.GetIntFromYNFlagTest" file="/opt/project/tests/lib/Api/Methods/GetIntFromYNFlagTest.php" line="17" assertions="1" time="0.001104"/>
        <testcase name="testGetIntFromYNFlag with data set #3" class="Tests\Api\Methods\GetIntFromYNFlagTest" classname="Tests.Api.Methods.GetIntFromYNFlagTest" file="/opt/project/tests/lib/Api/Methods/GetIntFromYNFlagTest.php" line="17" assertions="1" time="0.000833"/>
        <testcase name="testGetIntFromYNFlag with data set #4" class="Tests\Api\Methods\GetIntFromYNFlagTest" classname="Tests.Api.Methods.GetIntFromYNFlagTest" file="/opt/project/tests/lib/Api/Methods/GetIntFromYNFlagTest.php" line="17" assertions="1" time="0.000982"/>
      </testsuite>
    </testsuite>
    <testsuite name="Tests\GetSeasonDateBeginTest" file="/opt/project/tests/lib/Api/Methods/GetSeasonDateBeginTest.php" tests="1" assertions="6" errors="0" failures="0" skipped="0" time="0.037413">
      <testsuite name="Tests\GetSeasonDateBeginTest::testGetSeasonDateBegin" tests="1" assertions="6" errors="0" failures="0" skipped="0" time="0.037413">
        <testcase name="testGetSeasonDateBegin with data set #0" class="Tests\GetSeasonDateBeginTest" classname="Tests.GetSeasonDateBeginTest" file="/opt/project/tests/lib/Api/Methods/GetSeasonDateBeginTest.php" line="38" assertions="6" time="0.037413"/>
      </testsuite>
    </testsuite>
    <testsuite name="Tests\Api\Methods\NullifyEmptyValueTest" file="/opt/project/tests/lib/Api/Methods/NullifyEmptyValueTest.php" tests="11" assertions="11" errors="0" failures="0" skipped="0" time="0.010701">
      <testsuite name="Tests\Api\Methods\NullifyEmptyValueTest::testNullifyEmptyValue" tests="11" assertions="11" errors="0" failures="0" skipped="0" time="0.010701">
        <testcase name="testNullifyEmptyValue with data set #0" class="Tests\Api\Methods\NullifyEmptyValueTest" classname="Tests.Api.Methods.NullifyEmptyValueTest" file="/opt/project/tests/lib/Api/Methods/NullifyEmptyValueTest.php" line="17" assertions="1" time="0.001221"/>
        <testcase name="testNullifyEmptyValue with data set #1" class="Tests\Api\Methods\NullifyEmptyValueTest" classname="Tests.Api.Methods.NullifyEmptyValueTest" file="/opt/project/tests/lib/Api/Methods/NullifyEmptyValueTest.php" line="17" assertions="1" time="0.000951"/>
        <testcase name="testNullifyEmptyValue with data set #2" class="Tests\Api\Methods\NullifyEmptyValueTest" classname="Tests.Api.Methods.NullifyEmptyValueTest" file="/opt/project/tests/lib/Api/Methods/NullifyEmptyValueTest.php" line="17" assertions="1" time="0.001005"/>
        <testcase name="testNullifyEmptyValue with data set #3" class="Tests\Api\Methods\NullifyEmptyValueTest" classname="Tests.Api.Methods.NullifyEmptyValueTest" file="/opt/project/tests/lib/Api/Methods/NullifyEmptyValueTest.php" line="17" assertions="1" time="0.000885"/>
        <testcase name="testNullifyEmptyValue with data set #4" class="Tests\Api\Methods\NullifyEmptyValueTest" classname="Tests.Api.Methods.NullifyEmptyValueTest" file="/opt/project/tests/lib/Api/Methods/NullifyEmptyValueTest.php" line="17" assertions="1" time="0.001023"/>
        <testcase name="testNullifyEmptyValue with data set #5" class="Tests\Api\Methods\NullifyEmptyValueTest" classname="Tests.Api.Methods.NullifyEmptyValueTest" file="/opt/project/tests/lib/Api/Methods/NullifyEmptyValueTest.php" line="17" assertions="1" time="0.000854"/>
        <testcase name="testNullifyEmptyValue with data set #6" class="Tests\Api\Methods\NullifyEmptyValueTest" classname="Tests.Api.Methods.NullifyEmptyValueTest" file="/opt/project/tests/lib/Api/Methods/NullifyEmptyValueTest.php" line="17" assertions="1" time="0.000917"/>
        <testcase name="testNullifyEmptyValue with data set #7" class="Tests\Api\Methods\NullifyEmptyValueTest" classname="Tests.Api.Methods.NullifyEmptyValueTest" file="/opt/project/tests/lib/Api/Methods/NullifyEmptyValueTest.php" line="17" assertions="1" time="0.000904"/>
        <testcase name="testNullifyEmptyValue with data set #8" class="Tests\Api\Methods\NullifyEmptyValueTest" classname="Tests.Api.Methods.NullifyEmptyValueTest" file="/opt/project/tests/lib/Api/Methods/NullifyEmptyValueTest.php" line="17" assertions="1" time="0.000961"/>
        <testcase name="testNullifyEmptyValue with data set #9" class="Tests\Api\Methods\NullifyEmptyValueTest" classname="Tests.Api.Methods.NullifyEmptyValueTest" file="/opt/project/tests/lib/Api/Methods/NullifyEmptyValueTest.php" line="17" assertions="1" time="0.000947"/>
        <testcase name="testNullifyEmptyValue with data set #10" class="Tests\Api\Methods\NullifyEmptyValueTest" classname="Tests.Api.Methods.NullifyEmptyValueTest" file="/opt/project/tests/lib/Api/Methods/NullifyEmptyValueTest.php" line="17" assertions="1" time="0.001033"/>
      </testsuite>
    </testsuite>
    <testsuite name="Tests\OnlyLettersAndSpacesTest" file="/opt/project/tests/lib/Api/Methods/OnlyLettersAndSpacesTest.php" tests="6" assertions="6" errors="0" failures="0" skipped="0" time="0.006062">
      <testsuite name="Tests\OnlyLettersAndSpacesTest::testOnlyLettersAndSpaces" tests="6" assertions="6" errors="0" failures="0" skipped="0" time="0.006062">
        <testcase name="testOnlyLettersAndSpaces with data set #0" class="Tests\OnlyLettersAndSpacesTest" classname="Tests.OnlyLettersAndSpacesTest" file="/opt/project/tests/lib/Api/Methods/OnlyLettersAndSpacesTest.php" line="17" assertions="1" time="0.001059"/>
        <testcase name="testOnlyLettersAndSpaces with data set #1" class="Tests\OnlyLettersAndSpacesTest" classname="Tests.OnlyLettersAndSpacesTest" file="/opt/project/tests/lib/Api/Methods/OnlyLettersAndSpacesTest.php" line="17" assertions="1" time="0.000891"/>
        <testcase name="testOnlyLettersAndSpaces with data set #2" class="Tests\OnlyLettersAndSpacesTest" classname="Tests.OnlyLettersAndSpacesTest" file="/opt/project/tests/lib/Api/Methods/OnlyLettersAndSpacesTest.php" line="17" assertions="1" time="0.001110"/>
        <testcase name="testOnlyLettersAndSpaces with data set #3" class="Tests\OnlyLettersAndSpacesTest" classname="Tests.OnlyLettersAndSpacesTest" file="/opt/project/tests/lib/Api/Methods/OnlyLettersAndSpacesTest.php" line="17" assertions="1" time="0.000921"/>
        <testcase name="testOnlyLettersAndSpaces with data set #4" class="Tests\OnlyLettersAndSpacesTest" classname="Tests.OnlyLettersAndSpacesTest" file="/opt/project/tests/lib/Api/Methods/OnlyLettersAndSpacesTest.php" line="17" assertions="1" time="0.001053"/>
        <testcase name="testOnlyLettersAndSpaces with data set #5" class="Tests\OnlyLettersAndSpacesTest" classname="Tests.OnlyLettersAndSpacesTest" file="/opt/project/tests/lib/Api/Methods/OnlyLettersAndSpacesTest.php" line="17" assertions="1" time="0.001028"/>
      </testsuite>
    </testsuite>
    <testsuite name="Tests\RemoveDotFromAwCourseTest" file="/opt/project/tests/lib/Api/Methods/RemoveDotFromAwCourseTest.php" tests="6" assertions="6" errors="0" failures="0" skipped="0" time="0.006713">
      <testsuite name="Tests\RemoveDotFromAwCourseTest::testRemoveDotFromAwCourse" tests="6" assertions="6" errors="0" failures="0" skipped="0" time="0.006713">
        <testcase name="testRemoveDotFromAwCourse with data set #0" class="Tests\RemoveDotFromAwCourseTest" classname="Tests.RemoveDotFromAwCourseTest" file="/opt/project/tests/lib/Api/Methods/RemoveDotFromAwCourseTest.php" line="17" assertions="1" time="0.000926"/>
        <testcase name="testRemoveDotFromAwCourse with data set #1" class="Tests\RemoveDotFromAwCourseTest" classname="Tests.RemoveDotFromAwCourseTest" file="/opt/project/tests/lib/Api/Methods/RemoveDotFromAwCourseTest.php" line="17" assertions="1" time="0.000995"/>
        <testcase name="testRemoveDotFromAwCourse with data set #2" class="Tests\RemoveDotFromAwCourseTest" classname="Tests.RemoveDotFromAwCourseTest" file="/opt/project/tests/lib/Api/Methods/RemoveDotFromAwCourseTest.php" line="17" assertions="1" time="0.000925"/>
        <testcase name="testRemoveDotFromAwCourse with data set #3" class="Tests\RemoveDotFromAwCourseTest" classname="Tests.RemoveDotFromAwCourseTest" file="/opt/project/tests/lib/Api/Methods/RemoveDotFromAwCourseTest.php" line="17" assertions="1" time="0.001004"/>
        <testcase name="testRemoveDotFromAwCourse with data set #4" class="Tests\RemoveDotFromAwCourseTest" classname="Tests.RemoveDotFromAwCourseTest" file="/opt/project/tests/lib/Api/Methods/RemoveDotFromAwCourseTest.php" line="17" assertions="1" time="0.001156"/>
        <testcase name="testRemoveDotFromAwCourse with data set #5" class="Tests\RemoveDotFromAwCourseTest" classname="Tests.RemoveDotFromAwCourseTest" file="/opt/project/tests/lib/Api/Methods/RemoveDotFromAwCourseTest.php" line="17" assertions="1" time="0.001707"/>
      </testsuite>
    </testsuite>
    <testsuite name="Tests\MapperTest" file="/opt/project/tests/lib/Api/Output/MapperTest.php" tests="43" assertions="43" errors="0" failures="0" skipped="0" time="0.089797">
      <testsuite name="Tests\MapperTest::testPrepareToPdf" tests="21" assertions="21" errors="0" failures="0" skipped="0" time="0.046898">
        <testcase name="testPrepareToPdf with data set #0" class="Tests\MapperTest" classname="Tests.MapperTest" file="/opt/project/tests/lib/Api/Output/MapperTest.php" line="34" assertions="1" time="0.003675"/>
        <testcase name="testPrepareToPdf with data set #1" class="Tests\MapperTest" classname="Tests.MapperTest" file="/opt/project/tests/lib/Api/Output/MapperTest.php" line="34" assertions="1" time="0.002182"/>
        <testcase name="testPrepareToPdf with data set #2" class="Tests\MapperTest" classname="Tests.MapperTest" file="/opt/project/tests/lib/Api/Output/MapperTest.php" line="34" assertions="1" time="0.002016"/>
        <testcase name="testPrepareToPdf with data set #3" class="Tests\MapperTest" classname="Tests.MapperTest" file="/opt/project/tests/lib/Api/Output/MapperTest.php" line="34" assertions="1" time="0.002032"/>
        <testcase name="testPrepareToPdf with data set #4" class="Tests\MapperTest" classname="Tests.MapperTest" file="/opt/project/tests/lib/Api/Output/MapperTest.php" line="34" assertions="1" time="0.002279"/>
        <testcase name="testPrepareToPdf with data set #5" class="Tests\MapperTest" classname="Tests.MapperTest" file="/opt/project/tests/lib/Api/Output/MapperTest.php" line="34" assertions="1" time="0.002232"/>
        <testcase name="testPrepareToPdf with data set #6" class="Tests\MapperTest" classname="Tests.MapperTest" file="/opt/project/tests/lib/Api/Output/MapperTest.php" line="34" assertions="1" time="0.002268"/>
        <testcase name="testPrepareToPdf with data set #7" class="Tests\MapperTest" classname="Tests.MapperTest" file="/opt/project/tests/lib/Api/Output/MapperTest.php" line="34" assertions="1" time="0.002031"/>
        <testcase name="testPrepareToPdf with data set #8" class="Tests\MapperTest" classname="Tests.MapperTest" file="/opt/project/tests/lib/Api/Output/MapperTest.php" line="34" assertions="1" time="0.002253"/>
        <testcase name="testPrepareToPdf with data set #9" class="Tests\MapperTest" classname="Tests.MapperTest" file="/opt/project/tests/lib/Api/Output/MapperTest.php" line="34" assertions="1" time="0.002028"/>
        <testcase name="testPrepareToPdf with data set #10" class="Tests\MapperTest" classname="Tests.MapperTest" file="/opt/project/tests/lib/Api/Output/MapperTest.php" line="34" assertions="1" time="0.002318"/>
        <testcase name="testPrepareToPdf with data set #11" class="Tests\MapperTest" classname="Tests.MapperTest" file="/opt/project/tests/lib/Api/Output/MapperTest.php" line="34" assertions="1" time="0.002206"/>
        <testcase name="testPrepareToPdf with data set #12" class="Tests\MapperTest" classname="Tests.MapperTest" file="/opt/project/tests/lib/Api/Output/MapperTest.php" line="34" assertions="1" time="0.002214"/>
        <testcase name="testPrepareToPdf with data set #13" class="Tests\MapperTest" classname="Tests.MapperTest" file="/opt/project/tests/lib/Api/Output/MapperTest.php" line="34" assertions="1" time="0.002465"/>
        <testcase name="testPrepareToPdf with data set #14" class="Tests\MapperTest" classname="Tests.MapperTest" file="/opt/project/tests/lib/Api/Output/MapperTest.php" line="34" assertions="1" time="0.002218"/>
        <testcase name="testPrepareToPdf with data set #15" class="Tests\MapperTest" classname="Tests.MapperTest" file="/opt/project/tests/lib/Api/Output/MapperTest.php" line="34" assertions="1" time="0.002089"/>
        <testcase name="testPrepareToPdf with data set #16" class="Tests\MapperTest" classname="Tests.MapperTest" file="/opt/project/tests/lib/Api/Output/MapperTest.php" line="34" assertions="1" time="0.001945"/>
        <testcase name="testPrepareToPdf with data set #17" class="Tests\MapperTest" classname="Tests.MapperTest" file="/opt/project/tests/lib/Api/Output/MapperTest.php" line="34" assertions="1" time="0.001967"/>
        <testcase name="testPrepareToPdf with data set #18" class="Tests\MapperTest" classname="Tests.MapperTest" file="/opt/project/tests/lib/Api/Output/MapperTest.php" line="34" assertions="1" time="0.001944"/>
        <testcase name="testPrepareToPdf with data set #19" class="Tests\MapperTest" classname="Tests.MapperTest" file="/opt/project/tests/lib/Api/Output/MapperTest.php" line="34" assertions="1" time="0.002362"/>
        <testcase name="testPrepareToPdf with data set #20" class="Tests\MapperTest" classname="Tests.MapperTest" file="/opt/project/tests/lib/Api/Output/MapperTest.php" line="34" assertions="1" time="0.002175"/>
      </testsuite>
      <testsuite name="Tests\MapperTest::testAddHexPrefix" tests="8" assertions="8" errors="0" failures="0" skipped="0" time="0.016815">
        <testcase name="testAddHexPrefix with data set #0" class="Tests\MapperTest" classname="Tests.MapperTest" file="/opt/project/tests/lib/Api/Output/MapperTest.php" line="81" assertions="1" time="0.002150"/>
        <testcase name="testAddHexPrefix with data set #1" class="Tests\MapperTest" classname="Tests.MapperTest" file="/opt/project/tests/lib/Api/Output/MapperTest.php" line="81" assertions="1" time="0.002108"/>
        <testcase name="testAddHexPrefix with data set #2" class="Tests\MapperTest" classname="Tests.MapperTest" file="/opt/project/tests/lib/Api/Output/MapperTest.php" line="81" assertions="1" time="0.001897"/>
        <testcase name="testAddHexPrefix with data set #3" class="Tests\MapperTest" classname="Tests.MapperTest" file="/opt/project/tests/lib/Api/Output/MapperTest.php" line="81" assertions="1" time="0.002295"/>
        <testcase name="testAddHexPrefix with data set #4" class="Tests\MapperTest" classname="Tests.MapperTest" file="/opt/project/tests/lib/Api/Output/MapperTest.php" line="81" assertions="1" time="0.002023"/>
        <testcase name="testAddHexPrefix with data set #5" class="Tests\MapperTest" classname="Tests.MapperTest" file="/opt/project/tests/lib/Api/Output/MapperTest.php" line="81" assertions="1" time="0.002116"/>
        <testcase name="testAddHexPrefix with data set #6" class="Tests\MapperTest" classname="Tests.MapperTest" file="/opt/project/tests/lib/Api/Output/MapperTest.php" line="81" assertions="1" time="0.002371"/>
        <testcase name="testAddHexPrefix with data set #7" class="Tests\MapperTest" classname="Tests.MapperTest" file="/opt/project/tests/lib/Api/Output/MapperTest.php" line="81" assertions="1" time="0.001855"/>
      </testsuite>
      <testsuite name="Tests\MapperTest::testReturnInValidType" tests="14" assertions="14" errors="0" failures="0" skipped="0" time="0.026083">
        <testcase name="testReturnInValidType with data set #0" class="Tests\MapperTest" classname="Tests.MapperTest" file="/opt/project/tests/lib/Api/Output/MapperTest.php" line="114" assertions="1" time="0.001997"/>
        <testcase name="testReturnInValidType with data set #1" class="Tests\MapperTest" classname="Tests.MapperTest" file="/opt/project/tests/lib/Api/Output/MapperTest.php" line="114" assertions="1" time="0.001799"/>
        <testcase name="testReturnInValidType with data set #2" class="Tests\MapperTest" classname="Tests.MapperTest" file="/opt/project/tests/lib/Api/Output/MapperTest.php" line="114" assertions="1" time="0.001925"/>
        <testcase name="testReturnInValidType with data set #3" class="Tests\MapperTest" classname="Tests.MapperTest" file="/opt/project/tests/lib/Api/Output/MapperTest.php" line="114" assertions="1" time="0.002085"/>
        <testcase name="testReturnInValidType with data set #4" class="Tests\MapperTest" classname="Tests.MapperTest" file="/opt/project/tests/lib/Api/Output/MapperTest.php" line="114" assertions="1" time="0.001842"/>
        <testcase name="testReturnInValidType with data set #5" class="Tests\MapperTest" classname="Tests.MapperTest" file="/opt/project/tests/lib/Api/Output/MapperTest.php" line="114" assertions="1" time="0.001863"/>
        <testcase name="testReturnInValidType with data set #6" class="Tests\MapperTest" classname="Tests.MapperTest" file="/opt/project/tests/lib/Api/Output/MapperTest.php" line="114" assertions="1" time="0.001788"/>
        <testcase name="testReturnInValidType with data set #7" class="Tests\MapperTest" classname="Tests.MapperTest" file="/opt/project/tests/lib/Api/Output/MapperTest.php" line="114" assertions="1" time="0.001900"/>
        <testcase name="testReturnInValidType with data set #8" class="Tests\MapperTest" classname="Tests.MapperTest" file="/opt/project/tests/lib/Api/Output/MapperTest.php" line="114" assertions="1" time="0.001865"/>
        <testcase name="testReturnInValidType with data set #9" class="Tests\MapperTest" classname="Tests.MapperTest" file="/opt/project/tests/lib/Api/Output/MapperTest.php" line="114" assertions="1" time="0.001735"/>
        <testcase name="testReturnInValidType with data set #10" class="Tests\MapperTest" classname="Tests.MapperTest" file="/opt/project/tests/lib/Api/Output/MapperTest.php" line="114" assertions="1" time="0.001868"/>
        <testcase name="testReturnInValidType with data set #11" class="Tests\MapperTest" classname="Tests.MapperTest" file="/opt/project/tests/lib/Api/Output/MapperTest.php" line="114" assertions="1" time="0.001754"/>
        <testcase name="testReturnInValidType with data set #12" class="Tests\MapperTest" classname="Tests.MapperTest" file="/opt/project/tests/lib/Api/Output/MapperTest.php" line="114" assertions="1" time="0.001778"/>
        <testcase name="testReturnInValidType with data set #13" class="Tests\MapperTest" classname="Tests.MapperTest" file="/opt/project/tests/lib/Api/Output/MapperTest.php" line="114" assertions="1" time="0.001884"/>
      </testsuite>
    </testsuite>
    <testsuite name="Tests\Result" file="/opt/project/tests/lib/Api/ResultTest.php" tests="10" assertions="8" errors="0" failures="0" skipped="0" time="0.020609">
      <testsuite name="Tests\Result::testSetDataNotEmptyResult" tests="6" assertions="0" errors="0" failures="0" skipped="0" time="0.011889">
        <testcase name="testSetDataNotEmptyResult with data set #0" class="Tests\Result" classname="Tests.Result" file="/opt/project/tests/lib/Api/ResultTest.php" line="15" assertions="0" time="0.003780"/>
        <testcase name="testSetDataNotEmptyResult with data set #1" class="Tests\Result" classname="Tests.Result" file="/opt/project/tests/lib/Api/ResultTest.php" line="15" assertions="0" time="0.001632"/>
        <testcase name="testSetDataNotEmptyResult with data set #2" class="Tests\Result" classname="Tests.Result" file="/opt/project/tests/lib/Api/ResultTest.php" line="15" assertions="0" time="0.001470"/>
        <testcase name="testSetDataNotEmptyResult with data set #3" class="Tests\Result" classname="Tests.Result" file="/opt/project/tests/lib/Api/ResultTest.php" line="15" assertions="0" time="0.001705"/>
        <testcase name="testSetDataNotEmptyResult with data set #4" class="Tests\Result" classname="Tests.Result" file="/opt/project/tests/lib/Api/ResultTest.php" line="15" assertions="0" time="0.001583"/>
        <testcase name="testSetDataNotEmptyResult with data set #5" class="Tests\Result" classname="Tests.Result" file="/opt/project/tests/lib/Api/ResultTest.php" line="15" assertions="0" time="0.001719"/>
      </testsuite>
      <testsuite name="Tests\Result::testSetDataEmptyResultException" tests="3" assertions="6" errors="0" failures="0" skipped="0" time="0.006549">
        <testcase name="testSetDataEmptyResultException with data set #0" class="Tests\Result" classname="Tests.Result" file="/opt/project/tests/lib/Api/ResultTest.php" line="62" assertions="2" time="0.002061"/>
        <testcase name="testSetDataEmptyResultException with data set #1" class="Tests\Result" classname="Tests.Result" file="/opt/project/tests/lib/Api/ResultTest.php" line="62" assertions="2" time="0.002272"/>
        <testcase name="testSetDataEmptyResultException with data set #2" class="Tests\Result" classname="Tests.Result" file="/opt/project/tests/lib/Api/ResultTest.php" line="62" assertions="2" time="0.002216"/>
      </testsuite>
      <testcase name="testSetEmptyResultException" class="Tests\Result" classname="Tests.Result" file="/opt/project/tests/lib/Api/ResultTest.php" line="103" assertions="2" time="0.002171"/>
    </testsuite>
    <testsuite name="Tests\GetActualRaceClassNameTest" file="/opt/project/tests/lib/Api/Row/Methods/GetActualRaceClassNameTest.php" tests="4" assertions="4" errors="0" failures="0" skipped="0" time="0.003878">
      <testsuite name="Tests\GetActualRaceClassNameTest::testGetActualRaceClassName" tests="4" assertions="4" errors="0" failures="0" skipped="0" time="0.003878">
        <testcase name="testGetActualRaceClassName with data set #0" class="Tests\GetActualRaceClassNameTest" classname="Tests.GetActualRaceClassNameTest" file="/opt/project/tests/lib/Api/Row/Methods/GetActualRaceClassNameTest.php" line="15" assertions="1" time="0.000970"/>
        <testcase name="testGetActualRaceClassName with data set #1" class="Tests\GetActualRaceClassNameTest" classname="Tests.GetActualRaceClassNameTest" file="/opt/project/tests/lib/Api/Row/Methods/GetActualRaceClassNameTest.php" line="15" assertions="1" time="0.001080"/>
        <testcase name="testGetActualRaceClassName with data set #2" class="Tests\GetActualRaceClassNameTest" classname="Tests.GetActualRaceClassNameTest" file="/opt/project/tests/lib/Api/Row/Methods/GetActualRaceClassNameTest.php" line="15" assertions="1" time="0.000905"/>
        <testcase name="testGetActualRaceClassName with data set #3" class="Tests\GetActualRaceClassNameTest" classname="Tests.GetActualRaceClassNameTest" file="/opt/project/tests/lib/Api/Row/Methods/GetActualRaceClassNameTest.php" line="15" assertions="1" time="0.000923"/>
      </testsuite>
    </testsuite>
    <testsuite name="Tests\GetAdjustmentDistanceTest" file="/opt/project/tests/lib/Api/Row/Methods/GetAdjustmentDistanceTest.php" tests="8" assertions="8" errors="0" failures="0" skipped="0" time="0.008096">
      <testcase name="testGetAdjustmentDistanceTestWrongRaceType" class="Tests\GetAdjustmentDistanceTest" classname="Tests.GetAdjustmentDistanceTest" file="/opt/project/tests/lib/Api/Row/Methods/GetAdjustmentDistanceTest.php" line="10" assertions="1" time="0.001178"/>
      <testsuite name="Tests\GetAdjustmentDistanceTest::testGetAdjustmentDistanceTest" tests="7" assertions="7" errors="0" failures="0" skipped="0" time="0.006918">
        <testcase name="testGetAdjustmentDistanceTest with data set #0" class="Tests\GetAdjustmentDistanceTest" classname="Tests.GetAdjustmentDistanceTest" file="/opt/project/tests/lib/Api/Row/Methods/GetAdjustmentDistanceTest.php" line="29" assertions="1" time="0.000966"/>
        <testcase name="testGetAdjustmentDistanceTest with data set #1" class="Tests\GetAdjustmentDistanceTest" classname="Tests.GetAdjustmentDistanceTest" file="/opt/project/tests/lib/Api/Row/Methods/GetAdjustmentDistanceTest.php" line="29" assertions="1" time="0.000985"/>
        <testcase name="testGetAdjustmentDistanceTest with data set #2" class="Tests\GetAdjustmentDistanceTest" classname="Tests.GetAdjustmentDistanceTest" file="/opt/project/tests/lib/Api/Row/Methods/GetAdjustmentDistanceTest.php" line="29" assertions="1" time="0.000950"/>
        <testcase name="testGetAdjustmentDistanceTest with data set #3" class="Tests\GetAdjustmentDistanceTest" classname="Tests.GetAdjustmentDistanceTest" file="/opt/project/tests/lib/Api/Row/Methods/GetAdjustmentDistanceTest.php" line="29" assertions="1" time="0.000952"/>
        <testcase name="testGetAdjustmentDistanceTest with data set #4" class="Tests\GetAdjustmentDistanceTest" classname="Tests.GetAdjustmentDistanceTest" file="/opt/project/tests/lib/Api/Row/Methods/GetAdjustmentDistanceTest.php" line="29" assertions="1" time="0.001021"/>
        <testcase name="testGetAdjustmentDistanceTest with data set #5" class="Tests\GetAdjustmentDistanceTest" classname="Tests.GetAdjustmentDistanceTest" file="/opt/project/tests/lib/Api/Row/Methods/GetAdjustmentDistanceTest.php" line="29" assertions="1" time="0.000938"/>
        <testcase name="testGetAdjustmentDistanceTest with data set #6" class="Tests\GetAdjustmentDistanceTest" classname="Tests.GetAdjustmentDistanceTest" file="/opt/project/tests/lib/Api/Row/Methods/GetAdjustmentDistanceTest.php" line="29" assertions="1" time="0.001106"/>
      </testsuite>
    </testsuite>
    <testsuite name="Tests\GetCleanQuoteNotesTest" file="/opt/project/tests/lib/Api/Row/Methods/GetCleanQuoteNotesTest.php" tests="2" assertions="2" errors="0" failures="0" skipped="0" time="0.002146">
      <testsuite name="Tests\GetCleanQuoteNotesTest::testGetCleanQuoteNotes" tests="2" assertions="2" errors="0" failures="0" skipped="0" time="0.002146">
        <testcase name="testGetCleanQuoteNotes with data set #0" class="Tests\GetCleanQuoteNotesTest" classname="Tests.GetCleanQuoteNotesTest" file="/opt/project/tests/lib/Api/Row/Methods/GetCleanQuoteNotesTest.php" line="15" assertions="1" time="0.001163"/>
        <testcase name="testGetCleanQuoteNotes with data set #1" class="Tests\GetCleanQuoteNotesTest" classname="Tests.GetCleanQuoteNotesTest" file="/opt/project/tests/lib/Api/Row/Methods/GetCleanQuoteNotesTest.php" line="15" assertions="1" time="0.000983"/>
      </testsuite>
    </testsuite>
    <testsuite name="Tests\GetDistanceInFurlongTest" file="/opt/project/tests/lib/Api/Row/Methods/GetDistanceInFurlongTest.php" tests="9" assertions="9" errors="0" failures="0" skipped="0" time="0.010811">
      <testsuite name="Tests\GetDistanceInFurlongTest::testGetDistanceInFurlong" tests="9" assertions="9" errors="0" failures="0" skipped="0" time="0.010811">
        <testcase name="testGetDistanceInFurlong with data set #0" class="Tests\GetDistanceInFurlongTest" classname="Tests.GetDistanceInFurlongTest" file="/opt/project/tests/lib/Api/Row/Methods/GetDistanceInFurlongTest.php" line="15" assertions="1" time="0.001384"/>
        <testcase name="testGetDistanceInFurlong with data set #1" class="Tests\GetDistanceInFurlongTest" classname="Tests.GetDistanceInFurlongTest" file="/opt/project/tests/lib/Api/Row/Methods/GetDistanceInFurlongTest.php" line="15" assertions="1" time="0.001468"/>
        <testcase name="testGetDistanceInFurlong with data set #2" class="Tests\GetDistanceInFurlongTest" classname="Tests.GetDistanceInFurlongTest" file="/opt/project/tests/lib/Api/Row/Methods/GetDistanceInFurlongTest.php" line="15" assertions="1" time="0.001292"/>
        <testcase name="testGetDistanceInFurlong with data set #3" class="Tests\GetDistanceInFurlongTest" classname="Tests.GetDistanceInFurlongTest" file="/opt/project/tests/lib/Api/Row/Methods/GetDistanceInFurlongTest.php" line="15" assertions="1" time="0.000943"/>
        <testcase name="testGetDistanceInFurlong with data set #4" class="Tests\GetDistanceInFurlongTest" classname="Tests.GetDistanceInFurlongTest" file="/opt/project/tests/lib/Api/Row/Methods/GetDistanceInFurlongTest.php" line="15" assertions="1" time="0.001121"/>
        <testcase name="testGetDistanceInFurlong with data set #5" class="Tests\GetDistanceInFurlongTest" classname="Tests.GetDistanceInFurlongTest" file="/opt/project/tests/lib/Api/Row/Methods/GetDistanceInFurlongTest.php" line="15" assertions="1" time="0.000885"/>
        <testcase name="testGetDistanceInFurlong with data set #6" class="Tests\GetDistanceInFurlongTest" classname="Tests.GetDistanceInFurlongTest" file="/opt/project/tests/lib/Api/Row/Methods/GetDistanceInFurlongTest.php" line="15" assertions="1" time="0.001407"/>
        <testcase name="testGetDistanceInFurlong with data set #7" class="Tests\GetDistanceInFurlongTest" classname="Tests.GetDistanceInFurlongTest" file="/opt/project/tests/lib/Api/Row/Methods/GetDistanceInFurlongTest.php" line="15" assertions="1" time="0.000966"/>
        <testcase name="testGetDistanceInFurlong with data set #8" class="Tests\GetDistanceInFurlongTest" classname="Tests.GetDistanceInFurlongTest" file="/opt/project/tests/lib/Api/Row/Methods/GetDistanceInFurlongTest.php" line="15" assertions="1" time="0.001345"/>
      </testsuite>
    </testsuite>
    <testsuite name="Tests\GetDistanceToWinnerTest" file="/opt/project/tests/lib/Api/Row/Methods/GetDistanceToWinnerTest.php" tests="30" assertions="30" errors="0" failures="0" skipped="0" time="0.029434">
      <testsuite name="Tests\GetDistanceToWinnerTest::testGetDistanceToWinnerForm" tests="11" assertions="11" errors="0" failures="0" skipped="0" time="0.010913">
        <testcase name="testGetDistanceToWinnerForm with data set #0" class="Tests\GetDistanceToWinnerTest" classname="Tests.GetDistanceToWinnerTest" file="/opt/project/tests/lib/Api/Row/Methods/GetDistanceToWinnerTest.php" line="18" assertions="1" time="0.001097"/>
        <testcase name="testGetDistanceToWinnerForm with data set #1" class="Tests\GetDistanceToWinnerTest" classname="Tests.GetDistanceToWinnerTest" file="/opt/project/tests/lib/Api/Row/Methods/GetDistanceToWinnerTest.php" line="18" assertions="1" time="0.000965"/>
        <testcase name="testGetDistanceToWinnerForm with data set #2" class="Tests\GetDistanceToWinnerTest" classname="Tests.GetDistanceToWinnerTest" file="/opt/project/tests/lib/Api/Row/Methods/GetDistanceToWinnerTest.php" line="18" assertions="1" time="0.000981"/>
        <testcase name="testGetDistanceToWinnerForm with data set #3" class="Tests\GetDistanceToWinnerTest" classname="Tests.GetDistanceToWinnerTest" file="/opt/project/tests/lib/Api/Row/Methods/GetDistanceToWinnerTest.php" line="18" assertions="1" time="0.000962"/>
        <testcase name="testGetDistanceToWinnerForm with data set #4" class="Tests\GetDistanceToWinnerTest" classname="Tests.GetDistanceToWinnerTest" file="/opt/project/tests/lib/Api/Row/Methods/GetDistanceToWinnerTest.php" line="18" assertions="1" time="0.000943"/>
        <testcase name="testGetDistanceToWinnerForm with data set #5" class="Tests\GetDistanceToWinnerTest" classname="Tests.GetDistanceToWinnerTest" file="/opt/project/tests/lib/Api/Row/Methods/GetDistanceToWinnerTest.php" line="18" assertions="1" time="0.000911"/>
        <testcase name="testGetDistanceToWinnerForm with data set #6" class="Tests\GetDistanceToWinnerTest" classname="Tests.GetDistanceToWinnerTest" file="/opt/project/tests/lib/Api/Row/Methods/GetDistanceToWinnerTest.php" line="18" assertions="1" time="0.000960"/>
        <testcase name="testGetDistanceToWinnerForm with data set #7" class="Tests\GetDistanceToWinnerTest" classname="Tests.GetDistanceToWinnerTest" file="/opt/project/tests/lib/Api/Row/Methods/GetDistanceToWinnerTest.php" line="18" assertions="1" time="0.000984"/>
        <testcase name="testGetDistanceToWinnerForm with data set #8" class="Tests\GetDistanceToWinnerTest" classname="Tests.GetDistanceToWinnerTest" file="/opt/project/tests/lib/Api/Row/Methods/GetDistanceToWinnerTest.php" line="18" assertions="1" time="0.000949"/>
        <testcase name="testGetDistanceToWinnerForm with data set #9" class="Tests\GetDistanceToWinnerTest" classname="Tests.GetDistanceToWinnerTest" file="/opt/project/tests/lib/Api/Row/Methods/GetDistanceToWinnerTest.php" line="18" assertions="1" time="0.000956"/>
        <testcase name="testGetDistanceToWinnerForm with data set #10" class="Tests\GetDistanceToWinnerTest" classname="Tests.GetDistanceToWinnerTest" file="/opt/project/tests/lib/Api/Row/Methods/GetDistanceToWinnerTest.php" line="18" assertions="1" time="0.001205"/>
      </testsuite>
      <testsuite name="Tests\GetDistanceToWinnerTest::testGetDistanceRunnerHorseToWinnerForm" tests="5" assertions="5" errors="0" failures="0" skipped="0" time="0.005048">
        <testcase name="testGetDistanceRunnerHorseToWinnerForm with data set #0" class="Tests\GetDistanceToWinnerTest" classname="Tests.GetDistanceToWinnerTest" file="/opt/project/tests/lib/Api/Row/Methods/GetDistanceToWinnerTest.php" line="51" assertions="1" time="0.000997"/>
        <testcase name="testGetDistanceRunnerHorseToWinnerForm with data set #1" class="Tests\GetDistanceToWinnerTest" classname="Tests.GetDistanceToWinnerTest" file="/opt/project/tests/lib/Api/Row/Methods/GetDistanceToWinnerTest.php" line="51" assertions="1" time="0.000970"/>
        <testcase name="testGetDistanceRunnerHorseToWinnerForm with data set #2" class="Tests\GetDistanceToWinnerTest" classname="Tests.GetDistanceToWinnerTest" file="/opt/project/tests/lib/Api/Row/Methods/GetDistanceToWinnerTest.php" line="51" assertions="1" time="0.001065"/>
        <testcase name="testGetDistanceRunnerHorseToWinnerForm with data set #3" class="Tests\GetDistanceToWinnerTest" classname="Tests.GetDistanceToWinnerTest" file="/opt/project/tests/lib/Api/Row/Methods/GetDistanceToWinnerTest.php" line="51" assertions="1" time="0.000984"/>
        <testcase name="testGetDistanceRunnerHorseToWinnerForm with data set #4" class="Tests\GetDistanceToWinnerTest" classname="Tests.GetDistanceToWinnerTest" file="/opt/project/tests/lib/Api/Row/Methods/GetDistanceToWinnerTest.php" line="51" assertions="1" time="0.001032"/>
      </testsuite>
      <testsuite name="Tests\GetDistanceToWinnerTest::testGetDistanceToWinner" tests="7" assertions="7" errors="0" failures="0" skipped="0" time="0.006508">
        <testcase name="testGetDistanceToWinner with data set #0" class="Tests\GetDistanceToWinnerTest" classname="Tests.GetDistanceToWinnerTest" file="/opt/project/tests/lib/Api/Row/Methods/GetDistanceToWinnerTest.php" line="85" assertions="1" time="0.001003"/>
        <testcase name="testGetDistanceToWinner with data set #1" class="Tests\GetDistanceToWinnerTest" classname="Tests.GetDistanceToWinnerTest" file="/opt/project/tests/lib/Api/Row/Methods/GetDistanceToWinnerTest.php" line="85" assertions="1" time="0.000877"/>
        <testcase name="testGetDistanceToWinner with data set #2" class="Tests\GetDistanceToWinnerTest" classname="Tests.GetDistanceToWinnerTest" file="/opt/project/tests/lib/Api/Row/Methods/GetDistanceToWinnerTest.php" line="85" assertions="1" time="0.000977"/>
        <testcase name="testGetDistanceToWinner with data set #3" class="Tests\GetDistanceToWinnerTest" classname="Tests.GetDistanceToWinnerTest" file="/opt/project/tests/lib/Api/Row/Methods/GetDistanceToWinnerTest.php" line="85" assertions="1" time="0.000954"/>
        <testcase name="testGetDistanceToWinner with data set #4" class="Tests\GetDistanceToWinnerTest" classname="Tests.GetDistanceToWinnerTest" file="/opt/project/tests/lib/Api/Row/Methods/GetDistanceToWinnerTest.php" line="85" assertions="1" time="0.000965"/>
        <testcase name="testGetDistanceToWinner with data set #5" class="Tests\GetDistanceToWinnerTest" classname="Tests.GetDistanceToWinnerTest" file="/opt/project/tests/lib/Api/Row/Methods/GetDistanceToWinnerTest.php" line="85" assertions="1" time="0.000885"/>
        <testcase name="testGetDistanceToWinner with data set #6" class="Tests\GetDistanceToWinnerTest" classname="Tests.GetDistanceToWinnerTest" file="/opt/project/tests/lib/Api/Row/Methods/GetDistanceToWinnerTest.php" line="85" assertions="1" time="0.000847"/>
      </testsuite>
      <testsuite name="Tests\GetDistanceToWinnerTest::testGetWinningDistance" tests="7" assertions="7" errors="0" failures="0" skipped="0" time="0.006966">
        <testcase name="testGetWinningDistance with data set #0" class="Tests\GetDistanceToWinnerTest" classname="Tests.GetDistanceToWinnerTest" file="/opt/project/tests/lib/Api/Row/Methods/GetDistanceToWinnerTest.php" line="165" assertions="1" time="0.000994"/>
        <testcase name="testGetWinningDistance with data set #1" class="Tests\GetDistanceToWinnerTest" classname="Tests.GetDistanceToWinnerTest" file="/opt/project/tests/lib/Api/Row/Methods/GetDistanceToWinnerTest.php" line="165" assertions="1" time="0.000925"/>
        <testcase name="testGetWinningDistance with data set #2" class="Tests\GetDistanceToWinnerTest" classname="Tests.GetDistanceToWinnerTest" file="/opt/project/tests/lib/Api/Row/Methods/GetDistanceToWinnerTest.php" line="165" assertions="1" time="0.001065"/>
        <testcase name="testGetWinningDistance with data set #3" class="Tests\GetDistanceToWinnerTest" classname="Tests.GetDistanceToWinnerTest" file="/opt/project/tests/lib/Api/Row/Methods/GetDistanceToWinnerTest.php" line="165" assertions="1" time="0.000993"/>
        <testcase name="testGetWinningDistance with data set #4" class="Tests\GetDistanceToWinnerTest" classname="Tests.GetDistanceToWinnerTest" file="/opt/project/tests/lib/Api/Row/Methods/GetDistanceToWinnerTest.php" line="165" assertions="1" time="0.001104"/>
        <testcase name="testGetWinningDistance with data set #5" class="Tests\GetDistanceToWinnerTest" classname="Tests.GetDistanceToWinnerTest" file="/opt/project/tests/lib/Api/Row/Methods/GetDistanceToWinnerTest.php" line="165" assertions="1" time="0.000928"/>
        <testcase name="testGetWinningDistance with data set #6" class="Tests\GetDistanceToWinnerTest" classname="Tests.GetDistanceToWinnerTest" file="/opt/project/tests/lib/Api/Row/Methods/GetDistanceToWinnerTest.php" line="165" assertions="1" time="0.000957"/>
      </testsuite>
    </testsuite>
    <testsuite name="Tests\Api\Row\Methods\GetEachWayTermsTest" file="/opt/project/tests/lib/Api/Row/Methods/GetEachWayTermsTest.php" tests="6" assertions="6" errors="0" failures="0" skipped="0" time="0.006168">
      <testsuite name="Tests\Api\Row\Methods\GetEachWayTermsTest::testGetEachWayTerms" tests="6" assertions="6" errors="0" failures="0" skipped="0" time="0.006168">
        <testcase name="testGetEachWayTerms with data set #0" class="Tests\Api\Row\Methods\GetEachWayTermsTest" classname="Tests.Api.Row.Methods.GetEachWayTermsTest" file="/opt/project/tests/lib/Api/Row/Methods/GetEachWayTermsTest.php" line="23" assertions="1" time="0.001039"/>
        <testcase name="testGetEachWayTerms with data set #1" class="Tests\Api\Row\Methods\GetEachWayTermsTest" classname="Tests.Api.Row.Methods.GetEachWayTermsTest" file="/opt/project/tests/lib/Api/Row/Methods/GetEachWayTermsTest.php" line="23" assertions="1" time="0.001103"/>
        <testcase name="testGetEachWayTerms with data set #2" class="Tests\Api\Row\Methods\GetEachWayTermsTest" classname="Tests.Api.Row.Methods.GetEachWayTermsTest" file="/opt/project/tests/lib/Api/Row/Methods/GetEachWayTermsTest.php" line="23" assertions="1" time="0.000963"/>
        <testcase name="testGetEachWayTerms with data set #3" class="Tests\Api\Row\Methods\GetEachWayTermsTest" classname="Tests.Api.Row.Methods.GetEachWayTermsTest" file="/opt/project/tests/lib/Api/Row/Methods/GetEachWayTermsTest.php" line="23" assertions="1" time="0.001042"/>
        <testcase name="testGetEachWayTerms with data set #4" class="Tests\Api\Row\Methods\GetEachWayTermsTest" classname="Tests.Api.Row.Methods.GetEachWayTermsTest" file="/opt/project/tests/lib/Api/Row/Methods/GetEachWayTermsTest.php" line="23" assertions="1" time="0.001007"/>
        <testcase name="testGetEachWayTerms with data set #5" class="Tests\Api\Row\Methods\GetEachWayTermsTest" classname="Tests.Api.Row.Methods.GetEachWayTermsTest" file="/opt/project/tests/lib/Api/Row/Methods/GetEachWayTermsTest.php" line="23" assertions="1" time="0.001014"/>
      </testsuite>
    </testsuite>
    <testsuite name="Tests\GetEarlyClosingRaceReadyTest" file="/opt/project/tests/lib/Api/Row/Methods/GetEarlyClosingRaceReadyTest.php" tests="5" assertions="5" errors="0" failures="0" skipped="0" time="0.005448">
      <testsuite name="Tests\GetEarlyClosingRaceReadyTest::testGetEarlyClosingRaceReady" tests="5" assertions="5" errors="0" failures="0" skipped="0" time="0.005448">
        <testcase name="testGetEarlyClosingRaceReady with data set #0" class="Tests\GetEarlyClosingRaceReadyTest" classname="Tests.GetEarlyClosingRaceReadyTest" file="/opt/project/tests/lib/Api/Row/Methods/GetEarlyClosingRaceReadyTest.php" line="18" assertions="1" time="0.001067"/>
        <testcase name="testGetEarlyClosingRaceReady with data set #1" class="Tests\GetEarlyClosingRaceReadyTest" classname="Tests.GetEarlyClosingRaceReadyTest" file="/opt/project/tests/lib/Api/Row/Methods/GetEarlyClosingRaceReadyTest.php" line="18" assertions="1" time="0.001077"/>
        <testcase name="testGetEarlyClosingRaceReady with data set #2" class="Tests\GetEarlyClosingRaceReadyTest" classname="Tests.GetEarlyClosingRaceReadyTest" file="/opt/project/tests/lib/Api/Row/Methods/GetEarlyClosingRaceReadyTest.php" line="18" assertions="1" time="0.001056"/>
        <testcase name="testGetEarlyClosingRaceReady with data set #3" class="Tests\GetEarlyClosingRaceReadyTest" classname="Tests.GetEarlyClosingRaceReadyTest" file="/opt/project/tests/lib/Api/Row/Methods/GetEarlyClosingRaceReadyTest.php" line="18" assertions="1" time="0.001086"/>
        <testcase name="testGetEarlyClosingRaceReady with data set #4" class="Tests\GetEarlyClosingRaceReadyTest" classname="Tests.GetEarlyClosingRaceReadyTest" file="/opt/project/tests/lib/Api/Row/Methods/GetEarlyClosingRaceReadyTest.php" line="18" assertions="1" time="0.001162"/>
      </testsuite>
    </testsuite>
    <testsuite name="Tests\GetForecastOddsStyleTest" file="/opt/project/tests/lib/Api/Row/Methods/GetForecastOddsStyleTest.php" tests="3" assertions="3" errors="0" failures="0" skipped="0" time="0.003238">
      <testsuite name="Tests\GetForecastOddsStyleTest::testGetForecastOddsStyle" tests="3" assertions="3" errors="0" failures="0" skipped="0" time="0.003238">
        <testcase name="testGetForecastOddsStyle with data set #0" class="Tests\GetForecastOddsStyleTest" classname="Tests.GetForecastOddsStyleTest" file="/opt/project/tests/lib/Api/Row/Methods/GetForecastOddsStyleTest.php" line="16" assertions="1" time="0.001190"/>
        <testcase name="testGetForecastOddsStyle with data set #1" class="Tests\GetForecastOddsStyleTest" classname="Tests.GetForecastOddsStyleTest" file="/opt/project/tests/lib/Api/Row/Methods/GetForecastOddsStyleTest.php" line="16" assertions="1" time="0.000959"/>
        <testcase name="testGetForecastOddsStyle with data set #2" class="Tests\GetForecastOddsStyleTest" classname="Tests.GetForecastOddsStyleTest" file="/opt/project/tests/lib/Api/Row/Methods/GetForecastOddsStyleTest.php" line="16" assertions="1" time="0.001089"/>
      </testsuite>
    </testsuite>
    <testsuite name="Tests\GetFutureRatingDifferenceTest" file="/opt/project/tests/lib/Api/Row/Methods/GetFutureRatingDifferenceTest.php" tests="4" assertions="4" errors="0" failures="0" skipped="0" time="0.004375">
      <testsuite name="Tests\GetFutureRatingDifferenceTest::testGetFutureRatingDifference" tests="4" assertions="4" errors="0" failures="0" skipped="0" time="0.004375">
        <testcase name="testGetFutureRatingDifference with data set #0" class="Tests\GetFutureRatingDifferenceTest" classname="Tests.GetFutureRatingDifferenceTest" file="/opt/project/tests/lib/Api/Row/Methods/GetFutureRatingDifferenceTest.php" line="15" assertions="1" time="0.001085"/>
        <testcase name="testGetFutureRatingDifference with data set #1" class="Tests\GetFutureRatingDifferenceTest" classname="Tests.GetFutureRatingDifferenceTest" file="/opt/project/tests/lib/Api/Row/Methods/GetFutureRatingDifferenceTest.php" line="15" assertions="1" time="0.001134"/>
        <testcase name="testGetFutureRatingDifference with data set #2" class="Tests\GetFutureRatingDifferenceTest" classname="Tests.GetFutureRatingDifferenceTest" file="/opt/project/tests/lib/Api/Row/Methods/GetFutureRatingDifferenceTest.php" line="15" assertions="1" time="0.001101"/>
        <testcase name="testGetFutureRatingDifference with data set #3" class="Tests\GetFutureRatingDifferenceTest" classname="Tests.GetFutureRatingDifferenceTest" file="/opt/project/tests/lib/Api/Row/Methods/GetFutureRatingDifferenceTest.php" line="15" assertions="1" time="0.001055"/>
      </testsuite>
    </testsuite>
    <testsuite name="Tests\GetHorseAgeTest" file="/opt/project/tests/lib/Api/Row/Methods/GetHorseAgeTest.php" tests="5" assertions="5" errors="0" failures="0" skipped="0" time="0.005749">
      <testsuite name="Tests\GetHorseAgeTest::testGetHorseAgeRace" tests="5" assertions="5" errors="0" failures="0" skipped="0" time="0.005749">
        <testcase name="testGetHorseAgeRace with data set #0" class="Tests\GetHorseAgeTest" classname="Tests.GetHorseAgeTest" file="/opt/project/tests/lib/Api/Row/Methods/GetHorseAgeTest.php" line="18" assertions="1" time="0.001132"/>
        <testcase name="testGetHorseAgeRace with data set #1" class="Tests\GetHorseAgeTest" classname="Tests.GetHorseAgeTest" file="/opt/project/tests/lib/Api/Row/Methods/GetHorseAgeTest.php" line="18" assertions="1" time="0.001128"/>
        <testcase name="testGetHorseAgeRace with data set #2" class="Tests\GetHorseAgeTest" classname="Tests.GetHorseAgeTest" file="/opt/project/tests/lib/Api/Row/Methods/GetHorseAgeTest.php" line="18" assertions="1" time="0.001144"/>
        <testcase name="testGetHorseAgeRace with data set #3" class="Tests\GetHorseAgeTest" classname="Tests.GetHorseAgeTest" file="/opt/project/tests/lib/Api/Row/Methods/GetHorseAgeTest.php" line="18" assertions="1" time="0.001164"/>
        <testcase name="testGetHorseAgeRace with data set #4" class="Tests\GetHorseAgeTest" classname="Tests.GetHorseAgeTest" file="/opt/project/tests/lib/Api/Row/Methods/GetHorseAgeTest.php" line="18" assertions="1" time="0.001181"/>
      </testsuite>
    </testsuite>
    <testsuite name="Tests\GetHorseSexTest" file="/opt/project/tests/lib/Api/Row/Methods/GetHorseSexTest.php" tests="7" assertions="7" errors="0" failures="0" skipped="0" time="0.007519">
      <testsuite name="Tests\GetHorseSexTest::testHorseSex" tests="7" assertions="7" errors="0" failures="0" skipped="0" time="0.007519">
        <testcase name="testHorseSex with data set #0" class="Tests\GetHorseSexTest" classname="Tests.GetHorseSexTest" file="/opt/project/tests/lib/Api/Row/Methods/GetHorseSexTest.php" line="18" assertions="1" time="0.001050"/>
        <testcase name="testHorseSex with data set #1" class="Tests\GetHorseSexTest" classname="Tests.GetHorseSexTest" file="/opt/project/tests/lib/Api/Row/Methods/GetHorseSexTest.php" line="18" assertions="1" time="0.001013"/>
        <testcase name="testHorseSex with data set #2" class="Tests\GetHorseSexTest" classname="Tests.GetHorseSexTest" file="/opt/project/tests/lib/Api/Row/Methods/GetHorseSexTest.php" line="18" assertions="1" time="0.001042"/>
        <testcase name="testHorseSex with data set #3" class="Tests\GetHorseSexTest" classname="Tests.GetHorseSexTest" file="/opt/project/tests/lib/Api/Row/Methods/GetHorseSexTest.php" line="18" assertions="1" time="0.001107"/>
        <testcase name="testHorseSex with data set #4" class="Tests\GetHorseSexTest" classname="Tests.GetHorseSexTest" file="/opt/project/tests/lib/Api/Row/Methods/GetHorseSexTest.php" line="18" assertions="1" time="0.001079"/>
        <testcase name="testHorseSex with data set #5" class="Tests\GetHorseSexTest" classname="Tests.GetHorseSexTest" file="/opt/project/tests/lib/Api/Row/Methods/GetHorseSexTest.php" line="18" assertions="1" time="0.001205"/>
        <testcase name="testHorseSex with data set #6" class="Tests\GetHorseSexTest" classname="Tests.GetHorseSexTest" file="/opt/project/tests/lib/Api/Row/Methods/GetHorseSexTest.php" line="18" assertions="1" time="0.001023"/>
      </testsuite>
    </testsuite>
    <testsuite name="Tests\GetLifetimeNameTest" file="/opt/project/tests/lib/Api/Row/Methods/GetLifetimeNameTest.php" tests="9" assertions="9" errors="0" failures="0" skipped="0" time="0.015446">
      <testcase name="testGetLifetimeWrongLineType" class="Tests\GetLifetimeNameTest" classname="Tests.GetLifetimeNameTest" file="/opt/project/tests/lib/Api/Row/Methods/GetLifetimeNameTest.php" line="13" assertions="1" time="0.003719"/>
      <testsuite name="Tests\GetLifetimeNameTest::testGetLifetimeName" tests="8" assertions="8" errors="0" failures="0" skipped="0" time="0.011727">
        <testcase name="testGetLifetimeName with data set #0" class="Tests\GetLifetimeNameTest" classname="Tests.GetLifetimeNameTest" file="/opt/project/tests/lib/Api/Row/Methods/GetLifetimeNameTest.php" line="30" assertions="1" time="0.001441"/>
        <testcase name="testGetLifetimeName with data set #1" class="Tests\GetLifetimeNameTest" classname="Tests.GetLifetimeNameTest" file="/opt/project/tests/lib/Api/Row/Methods/GetLifetimeNameTest.php" line="30" assertions="1" time="0.001421"/>
        <testcase name="testGetLifetimeName with data set #2" class="Tests\GetLifetimeNameTest" classname="Tests.GetLifetimeNameTest" file="/opt/project/tests/lib/Api/Row/Methods/GetLifetimeNameTest.php" line="30" assertions="1" time="0.001387"/>
        <testcase name="testGetLifetimeName with data set #3" class="Tests\GetLifetimeNameTest" classname="Tests.GetLifetimeNameTest" file="/opt/project/tests/lib/Api/Row/Methods/GetLifetimeNameTest.php" line="30" assertions="1" time="0.001523"/>
        <testcase name="testGetLifetimeName with data set #4" class="Tests\GetLifetimeNameTest" classname="Tests.GetLifetimeNameTest" file="/opt/project/tests/lib/Api/Row/Methods/GetLifetimeNameTest.php" line="30" assertions="1" time="0.001497"/>
        <testcase name="testGetLifetimeName with data set #5" class="Tests\GetLifetimeNameTest" classname="Tests.GetLifetimeNameTest" file="/opt/project/tests/lib/Api/Row/Methods/GetLifetimeNameTest.php" line="30" assertions="1" time="0.001514"/>
        <testcase name="testGetLifetimeName with data set #6" class="Tests\GetLifetimeNameTest" classname="Tests.GetLifetimeNameTest" file="/opt/project/tests/lib/Api/Row/Methods/GetLifetimeNameTest.php" line="30" assertions="1" time="0.001488"/>
        <testcase name="testGetLifetimeName with data set #7" class="Tests\GetLifetimeNameTest" classname="Tests.GetLifetimeNameTest" file="/opt/project/tests/lib/Api/Row/Methods/GetLifetimeNameTest.php" line="30" assertions="1" time="0.001456"/>
      </testsuite>
    </testsuite>
    <testsuite name="Tests\GetLineTypeTest" file="/opt/project/tests/lib/Api/Row/Methods/GetLineTypeTest.php" tests="9" assertions="9" errors="0" failures="0" skipped="0" time="0.013542">
      <testsuite name="Tests\GetLineTypeTest::testGetLineType" tests="9" assertions="9" errors="0" failures="0" skipped="0" time="0.013542">
        <testcase name="testGetLineType with data set #0" class="Tests\GetLineTypeTest" classname="Tests.GetLineTypeTest" file="/opt/project/tests/lib/Api/Row/Methods/GetLineTypeTest.php" line="15" assertions="1" time="0.001652"/>
        <testcase name="testGetLineType with data set #1" class="Tests\GetLineTypeTest" classname="Tests.GetLineTypeTest" file="/opt/project/tests/lib/Api/Row/Methods/GetLineTypeTest.php" line="15" assertions="1" time="0.001624"/>
        <testcase name="testGetLineType with data set #2" class="Tests\GetLineTypeTest" classname="Tests.GetLineTypeTest" file="/opt/project/tests/lib/Api/Row/Methods/GetLineTypeTest.php" line="15" assertions="1" time="0.001588"/>
        <testcase name="testGetLineType with data set #3" class="Tests\GetLineTypeTest" classname="Tests.GetLineTypeTest" file="/opt/project/tests/lib/Api/Row/Methods/GetLineTypeTest.php" line="15" assertions="1" time="0.001570"/>
        <testcase name="testGetLineType with data set #4" class="Tests\GetLineTypeTest" classname="Tests.GetLineTypeTest" file="/opt/project/tests/lib/Api/Row/Methods/GetLineTypeTest.php" line="15" assertions="1" time="0.001403"/>
        <testcase name="testGetLineType with data set #5" class="Tests\GetLineTypeTest" classname="Tests.GetLineTypeTest" file="/opt/project/tests/lib/Api/Row/Methods/GetLineTypeTest.php" line="15" assertions="1" time="0.001521"/>
        <testcase name="testGetLineType with data set #6" class="Tests\GetLineTypeTest" classname="Tests.GetLineTypeTest" file="/opt/project/tests/lib/Api/Row/Methods/GetLineTypeTest.php" line="15" assertions="1" time="0.001411"/>
        <testcase name="testGetLineType with data set #7" class="Tests\GetLineTypeTest" classname="Tests.GetLineTypeTest" file="/opt/project/tests/lib/Api/Row/Methods/GetLineTypeTest.php" line="15" assertions="1" time="0.001410"/>
        <testcase name="testGetLineType with data set #8" class="Tests\GetLineTypeTest" classname="Tests.GetLineTypeTest" file="/opt/project/tests/lib/Api/Row/Methods/GetLineTypeTest.php" line="15" assertions="1" time="0.001363"/>
      </testsuite>
    </testsuite>
    <testsuite name="Tests\GetNoOfRunnersTest" file="/opt/project/tests/lib/Api/Row/Methods/GetNoOfRunnersTest.php" tests="3" assertions="3" errors="0" failures="0" skipped="0" time="0.003249">
      <testsuite name="Tests\GetNoOfRunnersTest::testGetNoOfRunners" tests="3" assertions="3" errors="0" failures="0" skipped="0" time="0.003249">
        <testcase name="testGetNoOfRunners with data set #0" class="Tests\GetNoOfRunnersTest" classname="Tests.GetNoOfRunnersTest" file="/opt/project/tests/lib/Api/Row/Methods/GetNoOfRunnersTest.php" line="15" assertions="1" time="0.001255"/>
        <testcase name="testGetNoOfRunners with data set #1" class="Tests\GetNoOfRunnersTest" classname="Tests.GetNoOfRunnersTest" file="/opt/project/tests/lib/Api/Row/Methods/GetNoOfRunnersTest.php" line="15" assertions="1" time="0.001010"/>
        <testcase name="testGetNoOfRunners with data set #2" class="Tests\GetNoOfRunnersTest" classname="Tests.GetNoOfRunnersTest" file="/opt/project/tests/lib/Api/Row/Methods/GetNoOfRunnersTest.php" line="15" assertions="1" time="0.000984"/>
      </testsuite>
    </testsuite>
    <testsuite name="Tests\GetOutcomePositionForPlacingsTest" file="/opt/project/tests/lib/Api/Row/Methods/GetOutcomePositionForPlacingsTest.php" tests="5" assertions="5" errors="0" failures="0" skipped="0" time="0.005267">
      <testsuite name="Tests\GetOutcomePositionForPlacingsTest::testGetOutcomePositionForPlacings" tests="5" assertions="5" errors="0" failures="0" skipped="0" time="0.005267">
        <testcase name="testGetOutcomePositionForPlacings with data set #0" class="Tests\GetOutcomePositionForPlacingsTest" classname="Tests.GetOutcomePositionForPlacingsTest" file="/opt/project/tests/lib/Api/Row/Methods/GetOutcomePositionForPlacingsTest.php" line="16" assertions="1" time="0.000980"/>
        <testcase name="testGetOutcomePositionForPlacings with data set #1" class="Tests\GetOutcomePositionForPlacingsTest" classname="Tests.GetOutcomePositionForPlacingsTest" file="/opt/project/tests/lib/Api/Row/Methods/GetOutcomePositionForPlacingsTest.php" line="16" assertions="1" time="0.000985"/>
        <testcase name="testGetOutcomePositionForPlacings with data set #2" class="Tests\GetOutcomePositionForPlacingsTest" classname="Tests.GetOutcomePositionForPlacingsTest" file="/opt/project/tests/lib/Api/Row/Methods/GetOutcomePositionForPlacingsTest.php" line="16" assertions="1" time="0.000967"/>
        <testcase name="testGetOutcomePositionForPlacings with data set #3" class="Tests\GetOutcomePositionForPlacingsTest" classname="Tests.GetOutcomePositionForPlacingsTest" file="/opt/project/tests/lib/Api/Row/Methods/GetOutcomePositionForPlacingsTest.php" line="16" assertions="1" time="0.001328"/>
        <testcase name="testGetOutcomePositionForPlacings with data set #4" class="Tests\GetOutcomePositionForPlacingsTest" classname="Tests.GetOutcomePositionForPlacingsTest" file="/opt/project/tests/lib/Api/Row/Methods/GetOutcomePositionForPlacingsTest.php" line="16" assertions="1" time="0.001007"/>
      </testsuite>
    </testsuite>
    <testsuite name="Tests\GetPngSilkImageTest" file="/opt/project/tests/lib/Api/Row/Methods/GetPngSilkImageTest.php" tests="5" assertions="5" errors="0" failures="0" skipped="0" time="0.005497">
      <testsuite name="Tests\GetPngSilkImageTest::testGetPngSilkImage" tests="5" assertions="5" errors="0" failures="0" skipped="0" time="0.005497">
        <testcase name="testGetPngSilkImage with data set #0" class="Tests\GetPngSilkImageTest" classname="Tests.GetPngSilkImageTest" file="/opt/project/tests/lib/Api/Row/Methods/GetPngSilkImageTest.php" line="15" assertions="1" time="0.001188"/>
        <testcase name="testGetPngSilkImage with data set #1" class="Tests\GetPngSilkImageTest" classname="Tests.GetPngSilkImageTest" file="/opt/project/tests/lib/Api/Row/Methods/GetPngSilkImageTest.php" line="15" assertions="1" time="0.001023"/>
        <testcase name="testGetPngSilkImage with data set #2" class="Tests\GetPngSilkImageTest" classname="Tests.GetPngSilkImageTest" file="/opt/project/tests/lib/Api/Row/Methods/GetPngSilkImageTest.php" line="15" assertions="1" time="0.001036"/>
        <testcase name="testGetPngSilkImage with data set #3" class="Tests\GetPngSilkImageTest" classname="Tests.GetPngSilkImageTest" file="/opt/project/tests/lib/Api/Row/Methods/GetPngSilkImageTest.php" line="15" assertions="1" time="0.001147"/>
        <testcase name="testGetPngSilkImage with data set #4" class="Tests\GetPngSilkImageTest" classname="Tests.GetPngSilkImageTest" file="/opt/project/tests/lib/Api/Row/Methods/GetPngSilkImageTest.php" line="15" assertions="1" time="0.001103"/>
      </testsuite>
    </testsuite>
    <testsuite name="Tests\GetRaceDescriptionForFormTest" file="/opt/project/tests/lib/Api/Row/Methods/GetRaceDescriptionForFormTest.php" tests="7" assertions="7" errors="0" failures="0" skipped="0" time="0.012137">
      <testsuite name="Tests\GetRaceDescriptionForFormTest::testGetRaceDescriptionForForm" tests="7" assertions="7" errors="0" failures="0" skipped="0" time="0.012137">
        <testcase name="testGetRaceDescriptionForForm with data set #0" class="Tests\GetRaceDescriptionForFormTest" classname="Tests.GetRaceDescriptionForFormTest" file="/opt/project/tests/lib/Api/Row/Methods/GetRaceDescriptionForFormTest.php" line="16" assertions="1" time="0.001709"/>
        <testcase name="testGetRaceDescriptionForForm with data set #1" class="Tests\GetRaceDescriptionForFormTest" classname="Tests.GetRaceDescriptionForFormTest" file="/opt/project/tests/lib/Api/Row/Methods/GetRaceDescriptionForFormTest.php" line="16" assertions="1" time="0.001714"/>
        <testcase name="testGetRaceDescriptionForForm with data set #2" class="Tests\GetRaceDescriptionForFormTest" classname="Tests.GetRaceDescriptionForFormTest" file="/opt/project/tests/lib/Api/Row/Methods/GetRaceDescriptionForFormTest.php" line="16" assertions="1" time="0.001720"/>
        <testcase name="testGetRaceDescriptionForForm with data set #3" class="Tests\GetRaceDescriptionForFormTest" classname="Tests.GetRaceDescriptionForFormTest" file="/opt/project/tests/lib/Api/Row/Methods/GetRaceDescriptionForFormTest.php" line="16" assertions="1" time="0.001657"/>
        <testcase name="testGetRaceDescriptionForForm with data set #4" class="Tests\GetRaceDescriptionForFormTest" classname="Tests.GetRaceDescriptionForFormTest" file="/opt/project/tests/lib/Api/Row/Methods/GetRaceDescriptionForFormTest.php" line="16" assertions="1" time="0.001880"/>
        <testcase name="testGetRaceDescriptionForForm with data set #5" class="Tests\GetRaceDescriptionForFormTest" classname="Tests.GetRaceDescriptionForFormTest" file="/opt/project/tests/lib/Api/Row/Methods/GetRaceDescriptionForFormTest.php" line="16" assertions="1" time="0.001658"/>
        <testcase name="testGetRaceDescriptionForForm with data set #6" class="Tests\GetRaceDescriptionForFormTest" classname="Tests.GetRaceDescriptionForFormTest" file="/opt/project/tests/lib/Api/Row/Methods/GetRaceDescriptionForFormTest.php" line="16" assertions="1" time="0.001799"/>
      </testsuite>
    </testsuite>
    <testsuite name="Tests\GetRaceStatusName" file="/opt/project/tests/lib/Api/Row/Methods/GetRaceStatusNameTest.php" tests="8" assertions="8" errors="0" failures="0" skipped="0" time="0.008142">
      <testsuite name="Tests\GetRaceStatusName::testGetRaceStatusName" tests="8" assertions="8" errors="0" failures="0" skipped="0" time="0.008142">
        <testcase name="testGetRaceStatusName with data set #0" class="Tests\GetRaceStatusName" classname="Tests.GetRaceStatusName" file="/opt/project/tests/lib/Api/Row/Methods/GetRaceStatusNameTest.php" line="15" assertions="1" time="0.001053"/>
        <testcase name="testGetRaceStatusName with data set #1" class="Tests\GetRaceStatusName" classname="Tests.GetRaceStatusName" file="/opt/project/tests/lib/Api/Row/Methods/GetRaceStatusNameTest.php" line="15" assertions="1" time="0.000964"/>
        <testcase name="testGetRaceStatusName with data set #2" class="Tests\GetRaceStatusName" classname="Tests.GetRaceStatusName" file="/opt/project/tests/lib/Api/Row/Methods/GetRaceStatusNameTest.php" line="15" assertions="1" time="0.000974"/>
        <testcase name="testGetRaceStatusName with data set #3" class="Tests\GetRaceStatusName" classname="Tests.GetRaceStatusName" file="/opt/project/tests/lib/Api/Row/Methods/GetRaceStatusNameTest.php" line="15" assertions="1" time="0.001167"/>
        <testcase name="testGetRaceStatusName with data set #4" class="Tests\GetRaceStatusName" classname="Tests.GetRaceStatusName" file="/opt/project/tests/lib/Api/Row/Methods/GetRaceStatusNameTest.php" line="15" assertions="1" time="0.001013"/>
        <testcase name="testGetRaceStatusName with data set #5" class="Tests\GetRaceStatusName" classname="Tests.GetRaceStatusName" file="/opt/project/tests/lib/Api/Row/Methods/GetRaceStatusNameTest.php" line="15" assertions="1" time="0.000971"/>
        <testcase name="testGetRaceStatusName with data set #6" class="Tests\GetRaceStatusName" classname="Tests.GetRaceStatusName" file="/opt/project/tests/lib/Api/Row/Methods/GetRaceStatusNameTest.php" line="15" assertions="1" time="0.001024"/>
        <testcase name="testGetRaceStatusName with data set #7" class="Tests\GetRaceStatusName" classname="Tests.GetRaceStatusName" file="/opt/project/tests/lib/Api/Row/Methods/GetRaceStatusNameTest.php" line="15" assertions="1" time="0.000976"/>
      </testsuite>
    </testsuite>
    <testsuite name="Tests\GetRaceTypeCodeFmtTest" file="/opt/project/tests/lib/Api/Row/Methods/GetRaceTypeCodeFmtTest.php" tests="8" assertions="8" errors="0" failures="0" skipped="0" time="0.009971">
      <testsuite name="Tests\GetRaceTypeCodeFmtTest::testGetRaceTypeCodeFmt" tests="8" assertions="8" errors="0" failures="0" skipped="0" time="0.009971">
        <testcase name="testGetRaceTypeCodeFmt with data set #0" class="Tests\GetRaceTypeCodeFmtTest" classname="Tests.GetRaceTypeCodeFmtTest" file="/opt/project/tests/lib/Api/Row/Methods/GetRaceTypeCodeFmtTest.php" line="15" assertions="1" time="0.001190"/>
        <testcase name="testGetRaceTypeCodeFmt with data set #1" class="Tests\GetRaceTypeCodeFmtTest" classname="Tests.GetRaceTypeCodeFmtTest" file="/opt/project/tests/lib/Api/Row/Methods/GetRaceTypeCodeFmtTest.php" line="15" assertions="1" time="0.001193"/>
        <testcase name="testGetRaceTypeCodeFmt with data set #2" class="Tests\GetRaceTypeCodeFmtTest" classname="Tests.GetRaceTypeCodeFmtTest" file="/opt/project/tests/lib/Api/Row/Methods/GetRaceTypeCodeFmtTest.php" line="15" assertions="1" time="0.001406"/>
        <testcase name="testGetRaceTypeCodeFmt with data set #3" class="Tests\GetRaceTypeCodeFmtTest" classname="Tests.GetRaceTypeCodeFmtTest" file="/opt/project/tests/lib/Api/Row/Methods/GetRaceTypeCodeFmtTest.php" line="15" assertions="1" time="0.001222"/>
        <testcase name="testGetRaceTypeCodeFmt with data set #4" class="Tests\GetRaceTypeCodeFmtTest" classname="Tests.GetRaceTypeCodeFmtTest" file="/opt/project/tests/lib/Api/Row/Methods/GetRaceTypeCodeFmtTest.php" line="15" assertions="1" time="0.001149"/>
        <testcase name="testGetRaceTypeCodeFmt with data set #5" class="Tests\GetRaceTypeCodeFmtTest" classname="Tests.GetRaceTypeCodeFmtTest" file="/opt/project/tests/lib/Api/Row/Methods/GetRaceTypeCodeFmtTest.php" line="15" assertions="1" time="0.001340"/>
        <testcase name="testGetRaceTypeCodeFmt with data set #6" class="Tests\GetRaceTypeCodeFmtTest" classname="Tests.GetRaceTypeCodeFmtTest" file="/opt/project/tests/lib/Api/Row/Methods/GetRaceTypeCodeFmtTest.php" line="15" assertions="1" time="0.001209"/>
        <testcase name="testGetRaceTypeCodeFmt with data set #7" class="Tests\GetRaceTypeCodeFmtTest" classname="Tests.GetRaceTypeCodeFmtTest" file="/opt/project/tests/lib/Api/Row/Methods/GetRaceTypeCodeFmtTest.php" line="15" assertions="1" time="0.001262"/>
      </testsuite>
    </testsuite>
    <testsuite name="Tests\GetRaceTypeNameTest" file="/opt/project/tests/lib/Api/Row/Methods/GetRaceTypeNameTest.php" tests="8" assertions="8" errors="0" failures="0" skipped="0" time="0.008790">
      <testcase name="testGetRaceTypeNameWrongRaceType" class="Tests\GetRaceTypeNameTest" classname="Tests.GetRaceTypeNameTest" file="/opt/project/tests/lib/Api/Row/Methods/GetRaceTypeNameTest.php" line="10" assertions="1" time="0.001527"/>
      <testsuite name="Tests\GetRaceTypeNameTest::testGetRaceTypeName" tests="7" assertions="7" errors="0" failures="0" skipped="0" time="0.007263">
        <testcase name="testGetRaceTypeName with data set #0" class="Tests\GetRaceTypeNameTest" classname="Tests.GetRaceTypeNameTest" file="/opt/project/tests/lib/Api/Row/Methods/GetRaceTypeNameTest.php" line="26" assertions="1" time="0.001052"/>
        <testcase name="testGetRaceTypeName with data set #1" class="Tests\GetRaceTypeNameTest" classname="Tests.GetRaceTypeNameTest" file="/opt/project/tests/lib/Api/Row/Methods/GetRaceTypeNameTest.php" line="26" assertions="1" time="0.001102"/>
        <testcase name="testGetRaceTypeName with data set #2" class="Tests\GetRaceTypeNameTest" classname="Tests.GetRaceTypeNameTest" file="/opt/project/tests/lib/Api/Row/Methods/GetRaceTypeNameTest.php" line="26" assertions="1" time="0.001020"/>
        <testcase name="testGetRaceTypeName with data set #3" class="Tests\GetRaceTypeNameTest" classname="Tests.GetRaceTypeNameTest" file="/opt/project/tests/lib/Api/Row/Methods/GetRaceTypeNameTest.php" line="26" assertions="1" time="0.001009"/>
        <testcase name="testGetRaceTypeName with data set #4" class="Tests\GetRaceTypeNameTest" classname="Tests.GetRaceTypeNameTest" file="/opt/project/tests/lib/Api/Row/Methods/GetRaceTypeNameTest.php" line="26" assertions="1" time="0.000999"/>
        <testcase name="testGetRaceTypeName with data set #5" class="Tests\GetRaceTypeNameTest" classname="Tests.GetRaceTypeNameTest" file="/opt/project/tests/lib/Api/Row/Methods/GetRaceTypeNameTest.php" line="26" assertions="1" time="0.001092"/>
        <testcase name="testGetRaceTypeName with data set #6" class="Tests\GetRaceTypeNameTest" classname="Tests.GetRaceTypeNameTest" file="/opt/project/tests/lib/Api/Row/Methods/GetRaceTypeNameTest.php" line="26" assertions="1" time="0.000988"/>
      </testsuite>
    </testsuite>
    <testsuite name="Tests\GetSilkImagePathTest" file="/opt/project/tests/lib/Api/Row/Methods/GetSilkImagePathTest.php" tests="6" assertions="6" errors="0" failures="0" skipped="0" time="0.006219">
      <testsuite name="Tests\GetSilkImagePathTest::testGetSilkImagePath" tests="6" assertions="6" errors="0" failures="0" skipped="0" time="0.006219">
        <testcase name="testGetSilkImagePath with data set #0" class="Tests\GetSilkImagePathTest" classname="Tests.GetSilkImagePathTest" file="/opt/project/tests/lib/Api/Row/Methods/GetSilkImagePathTest.php" line="18" assertions="1" time="0.001069"/>
        <testcase name="testGetSilkImagePath with data set #1" class="Tests\GetSilkImagePathTest" classname="Tests.GetSilkImagePathTest" file="/opt/project/tests/lib/Api/Row/Methods/GetSilkImagePathTest.php" line="18" assertions="1" time="0.001076"/>
        <testcase name="testGetSilkImagePath with data set #2" class="Tests\GetSilkImagePathTest" classname="Tests.GetSilkImagePathTest" file="/opt/project/tests/lib/Api/Row/Methods/GetSilkImagePathTest.php" line="18" assertions="1" time="0.000989"/>
        <testcase name="testGetSilkImagePath with data set #3" class="Tests\GetSilkImagePathTest" classname="Tests.GetSilkImagePathTest" file="/opt/project/tests/lib/Api/Row/Methods/GetSilkImagePathTest.php" line="18" assertions="1" time="0.001058"/>
        <testcase name="testGetSilkImagePath with data set #4" class="Tests\GetSilkImagePathTest" classname="Tests.GetSilkImagePathTest" file="/opt/project/tests/lib/Api/Row/Methods/GetSilkImagePathTest.php" line="18" assertions="1" time="0.001042"/>
        <testcase name="testGetSilkImagePath with data set #5" class="Tests\GetSilkImagePathTest" classname="Tests.GetSilkImagePathTest" file="/opt/project/tests/lib/Api/Row/Methods/GetSilkImagePathTest.php" line="18" assertions="1" time="0.000985"/>
      </testsuite>
    </testsuite>
    <testsuite name="Tests\GetStakeTest" file="/opt/project/tests/lib/Api/Row/Methods/GetStakeTest.php" tests="8" assertions="8" errors="0" failures="0" skipped="0" time="0.010557">
      <testsuite name="Tests\GetStakeTest::testGetStake" tests="8" assertions="8" errors="0" failures="0" skipped="0" time="0.010557">
        <testcase name="testGetStake with data set #0" class="Tests\GetStakeTest" classname="Tests.GetStakeTest" file="/opt/project/tests/lib/Api/Row/Methods/GetStakeTest.php" line="15" assertions="1" time="0.001389"/>
        <testcase name="testGetStake with data set #1" class="Tests\GetStakeTest" classname="Tests.GetStakeTest" file="/opt/project/tests/lib/Api/Row/Methods/GetStakeTest.php" line="15" assertions="1" time="0.001299"/>
        <testcase name="testGetStake with data set #2" class="Tests\GetStakeTest" classname="Tests.GetStakeTest" file="/opt/project/tests/lib/Api/Row/Methods/GetStakeTest.php" line="15" assertions="1" time="0.001340"/>
        <testcase name="testGetStake with data set #3" class="Tests\GetStakeTest" classname="Tests.GetStakeTest" file="/opt/project/tests/lib/Api/Row/Methods/GetStakeTest.php" line="15" assertions="1" time="0.001272"/>
        <testcase name="testGetStake with data set #4" class="Tests\GetStakeTest" classname="Tests.GetStakeTest" file="/opt/project/tests/lib/Api/Row/Methods/GetStakeTest.php" line="15" assertions="1" time="0.001363"/>
        <testcase name="testGetStake with data set #5" class="Tests\GetStakeTest" classname="Tests.GetStakeTest" file="/opt/project/tests/lib/Api/Row/Methods/GetStakeTest.php" line="15" assertions="1" time="0.001266"/>
        <testcase name="testGetStake with data set #6" class="Tests\GetStakeTest" classname="Tests.GetStakeTest" file="/opt/project/tests/lib/Api/Row/Methods/GetStakeTest.php" line="15" assertions="1" time="0.001325"/>
        <testcase name="testGetStake with data set #7" class="Tests\GetStakeTest" classname="Tests.GetStakeTest" file="/opt/project/tests/lib/Api/Row/Methods/GetStakeTest.php" line="15" assertions="1" time="0.001303"/>
      </testsuite>
    </testsuite>
    <testsuite name="Tests\GetSurfaceTest" file="/opt/project/tests/lib/Api/Row/Methods/GetSurfaceTest.php" tests="8" assertions="8" errors="0" failures="0" skipped="0" time="0.008151">
      <testcase name="testGetSurfaceWrongRaceType" class="Tests\GetSurfaceTest" classname="Tests.GetSurfaceTest" file="/opt/project/tests/lib/Api/Row/Methods/GetSurfaceTest.php" line="12" assertions="1" time="0.001171"/>
      <testsuite name="Tests\GetSurfaceTest::testGetSurface" tests="7" assertions="7" errors="0" failures="0" skipped="0" time="0.006980">
        <testcase name="testGetSurface with data set #0" class="Tests\GetSurfaceTest" classname="Tests.GetSurfaceTest" file="/opt/project/tests/lib/Api/Row/Methods/GetSurfaceTest.php" line="27" assertions="1" time="0.000931"/>
        <testcase name="testGetSurface with data set #1" class="Tests\GetSurfaceTest" classname="Tests.GetSurfaceTest" file="/opt/project/tests/lib/Api/Row/Methods/GetSurfaceTest.php" line="27" assertions="1" time="0.000953"/>
        <testcase name="testGetSurface with data set #2" class="Tests\GetSurfaceTest" classname="Tests.GetSurfaceTest" file="/opt/project/tests/lib/Api/Row/Methods/GetSurfaceTest.php" line="27" assertions="1" time="0.001006"/>
        <testcase name="testGetSurface with data set #3" class="Tests\GetSurfaceTest" classname="Tests.GetSurfaceTest" file="/opt/project/tests/lib/Api/Row/Methods/GetSurfaceTest.php" line="27" assertions="1" time="0.000950"/>
        <testcase name="testGetSurface with data set #4" class="Tests\GetSurfaceTest" classname="Tests.GetSurfaceTest" file="/opt/project/tests/lib/Api/Row/Methods/GetSurfaceTest.php" line="27" assertions="1" time="0.000969"/>
        <testcase name="testGetSurface with data set #5" class="Tests\GetSurfaceTest" classname="Tests.GetSurfaceTest" file="/opt/project/tests/lib/Api/Row/Methods/GetSurfaceTest.php" line="27" assertions="1" time="0.001171"/>
        <testcase name="testGetSurface with data set #6" class="Tests\GetSurfaceTest" classname="Tests.GetSurfaceTest" file="/opt/project/tests/lib/Api/Row/Methods/GetSurfaceTest.php" line="27" assertions="1" time="0.001000"/>
      </testsuite>
    </testsuite>
    <testsuite name="Tests\GetTimeBeforeUpdateTest" file="/opt/project/tests/lib/Api/Row/Methods/GetTimeBeforeUpdateTest.php" tests="4" assertions="4" errors="0" failures="0" skipped="0" time="0.004257">
      <testsuite name="Tests\GetTimeBeforeUpdateTest::testGetTimeBeforeUpdate" tests="4" assertions="4" errors="0" failures="0" skipped="0" time="0.004257">
        <testcase name="testGetTimeBeforeUpdate with data set #0" class="Tests\GetTimeBeforeUpdateTest" classname="Tests.GetTimeBeforeUpdateTest" file="/opt/project/tests/lib/Api/Row/Methods/GetTimeBeforeUpdateTest.php" line="15" assertions="1" time="0.001045"/>
        <testcase name="testGetTimeBeforeUpdate with data set #1" class="Tests\GetTimeBeforeUpdateTest" classname="Tests.GetTimeBeforeUpdateTest" file="/opt/project/tests/lib/Api/Row/Methods/GetTimeBeforeUpdateTest.php" line="15" assertions="1" time="0.001100"/>
        <testcase name="testGetTimeBeforeUpdate with data set #2" class="Tests\GetTimeBeforeUpdateTest" classname="Tests.GetTimeBeforeUpdateTest" file="/opt/project/tests/lib/Api/Row/Methods/GetTimeBeforeUpdateTest.php" line="15" assertions="1" time="0.001019"/>
        <testcase name="testGetTimeBeforeUpdate with data set #3" class="Tests\GetTimeBeforeUpdateTest" classname="Tests.GetTimeBeforeUpdateTest" file="/opt/project/tests/lib/Api/Row/Methods/GetTimeBeforeUpdateTest.php" line="15" assertions="1" time="0.001093"/>
      </testsuite>
    </testsuite>
    <testsuite name="Tests\GetTimeOfDayLetterTest" file="/opt/project/tests/lib/Api/Row/Methods/GetTimeOfDayLetterTest.php" tests="3" assertions="3" errors="0" failures="0" skipped="0" time="0.003551">
      <testcase name="testGetSurfaceWrongRaceType" class="Tests\GetTimeOfDayLetterTest" classname="Tests.GetTimeOfDayLetterTest" file="/opt/project/tests/lib/Api/Row/Methods/GetTimeOfDayLetterTest.php" line="12" assertions="1" time="0.001441"/>
      <testsuite name="Tests\GetTimeOfDayLetterTest::testGetTimeOfDayLetter" tests="2" assertions="2" errors="0" failures="0" skipped="0" time="0.002110">
        <testcase name="testGetTimeOfDayLetter with data set #0" class="Tests\GetTimeOfDayLetterTest" classname="Tests.GetTimeOfDayLetterTest" file="/opt/project/tests/lib/Api/Row/Methods/GetTimeOfDayLetterTest.php" line="29" assertions="1" time="0.001010"/>
        <testcase name="testGetTimeOfDayLetter with data set #1" class="Tests\GetTimeOfDayLetterTest" classname="Tests.GetTimeOfDayLetterTest" file="/opt/project/tests/lib/Api/Row/Methods/GetTimeOfDayLetterTest.php" line="29" assertions="1" time="0.001100"/>
      </testsuite>
    </testsuite>
    <testsuite name="Tests\GetTopSpeedTest" file="/opt/project/tests/lib/Api/Row/Methods/GetTopSpeedTest.php" tests="7" assertions="7" errors="0" failures="0" skipped="0" time="0.006557">
      <testsuite name="Tests\GetTopSpeedTest::testGetWinPercent" tests="7" assertions="7" errors="0" failures="0" skipped="0" time="0.006557">
        <testcase name="testGetWinPercent with data set #0" class="Tests\GetTopSpeedTest" classname="Tests.GetTopSpeedTest" file="/opt/project/tests/lib/Api/Row/Methods/GetTopSpeedTest.php" line="18" assertions="1" time="0.001041"/>
        <testcase name="testGetWinPercent with data set #1" class="Tests\GetTopSpeedTest" classname="Tests.GetTopSpeedTest" file="/opt/project/tests/lib/Api/Row/Methods/GetTopSpeedTest.php" line="18" assertions="1" time="0.000923"/>
        <testcase name="testGetWinPercent with data set #2" class="Tests\GetTopSpeedTest" classname="Tests.GetTopSpeedTest" file="/opt/project/tests/lib/Api/Row/Methods/GetTopSpeedTest.php" line="18" assertions="1" time="0.000942"/>
        <testcase name="testGetWinPercent with data set #3" class="Tests\GetTopSpeedTest" classname="Tests.GetTopSpeedTest" file="/opt/project/tests/lib/Api/Row/Methods/GetTopSpeedTest.php" line="18" assertions="1" time="0.000920"/>
        <testcase name="testGetWinPercent with data set #4" class="Tests\GetTopSpeedTest" classname="Tests.GetTopSpeedTest" file="/opt/project/tests/lib/Api/Row/Methods/GetTopSpeedTest.php" line="18" assertions="1" time="0.000906"/>
        <testcase name="testGetWinPercent with data set #5" class="Tests\GetTopSpeedTest" classname="Tests.GetTopSpeedTest" file="/opt/project/tests/lib/Api/Row/Methods/GetTopSpeedTest.php" line="18" assertions="1" time="0.000916"/>
        <testcase name="testGetWinPercent with data set #6" class="Tests\GetTopSpeedTest" classname="Tests.GetTopSpeedTest" file="/opt/project/tests/lib/Api/Row/Methods/GetTopSpeedTest.php" line="18" assertions="1" time="0.000909"/>
      </testsuite>
    </testsuite>
    <testsuite name="Tests\IsEarlyCloserPdfAvailableTest" file="/opt/project/tests/lib/Api/Row/Methods/IsEarlyCloserPdfAvailableTest.php" tests="2" assertions="2" errors="0" failures="0" skipped="0" time="0.002237">
      <testsuite name="Tests\IsEarlyCloserPdfAvailableTest::testIsEarlyCloserPdfAvailableTest" tests="2" assertions="2" errors="0" failures="0" skipped="0" time="0.002237">
        <testcase name="testIsEarlyCloserPdfAvailableTest with data set #0" class="Tests\IsEarlyCloserPdfAvailableTest" classname="Tests.IsEarlyCloserPdfAvailableTest" file="/opt/project/tests/lib/Api/Row/Methods/IsEarlyCloserPdfAvailableTest.php" line="21" assertions="1" time="0.001092"/>
        <testcase name="testIsEarlyCloserPdfAvailableTest with data set #1" class="Tests\IsEarlyCloserPdfAvailableTest" classname="Tests.IsEarlyCloserPdfAvailableTest" file="/opt/project/tests/lib/Api/Row/Methods/IsEarlyCloserPdfAvailableTest.php" line="21" assertions="1" time="0.001145"/>
      </testsuite>
    </testsuite>
    <testsuite name="Tests\IsFirstTimeHeadgearTest" file="/opt/project/tests/lib/Api/Row/Methods/IsFirstTimeHeadgearTest.php" tests="3" assertions="3" errors="0" failures="0" skipped="0" time="0.003187">
      <testsuite name="Tests\IsFirstTimeHeadgearTest::testIsFirstTimeHeadgear" tests="3" assertions="3" errors="0" failures="0" skipped="0" time="0.003187">
        <testcase name="testIsFirstTimeHeadgear with data set #0" class="Tests\IsFirstTimeHeadgearTest" classname="Tests.IsFirstTimeHeadgearTest" file="/opt/project/tests/lib/Api/Row/Methods/IsFirstTimeHeadgearTest.php" line="15" assertions="1" time="0.001118"/>
        <testcase name="testIsFirstTimeHeadgear with data set #1" class="Tests\IsFirstTimeHeadgearTest" classname="Tests.IsFirstTimeHeadgearTest" file="/opt/project/tests/lib/Api/Row/Methods/IsFirstTimeHeadgearTest.php" line="15" assertions="1" time="0.000990"/>
        <testcase name="testIsFirstTimeHeadgear with data set #2" class="Tests\IsFirstTimeHeadgearTest" classname="Tests.IsFirstTimeHeadgearTest" file="/opt/project/tests/lib/Api/Row/Methods/IsFirstTimeHeadgearTest.php" line="15" assertions="1" time="0.001079"/>
      </testsuite>
    </testsuite>
    <testsuite name="Tests\IsFlatRaceTest" file="/opt/project/tests/lib/Api/Row/Methods/IsFlatRaceTest.php" tests="4" assertions="4" errors="0" failures="0" skipped="0" time="0.004385">
      <testsuite name="Tests\IsFlatRaceTest::testIsFlatRace" tests="4" assertions="4" errors="0" failures="0" skipped="0" time="0.004385">
        <testcase name="testIsFlatRace with data set #0" class="Tests\IsFlatRaceTest" classname="Tests.IsFlatRaceTest" file="/opt/project/tests/lib/Api/Row/Methods/IsFlatRaceTest.php" line="15" assertions="1" time="0.001054"/>
        <testcase name="testIsFlatRace with data set #1" class="Tests\IsFlatRaceTest" classname="Tests.IsFlatRaceTest" file="/opt/project/tests/lib/Api/Row/Methods/IsFlatRaceTest.php" line="15" assertions="1" time="0.001065"/>
        <testcase name="testIsFlatRace with data set #2" class="Tests\IsFlatRaceTest" classname="Tests.IsFlatRaceTest" file="/opt/project/tests/lib/Api/Row/Methods/IsFlatRaceTest.php" line="15" assertions="1" time="0.001152"/>
        <testcase name="testIsFlatRace with data set #3" class="Tests\IsFlatRaceTest" classname="Tests.IsFlatRaceTest" file="/opt/project/tests/lib/Api/Row/Methods/IsFlatRaceTest.php" line="15" assertions="1" time="0.001114"/>
      </testsuite>
    </testsuite>
    <testsuite name="Tests\IsJumpRaceTest" file="/opt/project/tests/lib/Api/Row/Methods/IsJumpRaceTest.php" tests="10" assertions="10" errors="0" failures="0" skipped="0" time="0.011077">
      <testsuite name="Tests\IsJumpRaceTest::testIsJumpRace" tests="10" assertions="10" errors="0" failures="0" skipped="0" time="0.011077">
        <testcase name="testIsJumpRace with data set #0" class="Tests\IsJumpRaceTest" classname="Tests.IsJumpRaceTest" file="/opt/project/tests/lib/Api/Row/Methods/IsJumpRaceTest.php" line="15" assertions="1" time="0.001164"/>
        <testcase name="testIsJumpRace with data set #1" class="Tests\IsJumpRaceTest" classname="Tests.IsJumpRaceTest" file="/opt/project/tests/lib/Api/Row/Methods/IsJumpRaceTest.php" line="15" assertions="1" time="0.001205"/>
        <testcase name="testIsJumpRace with data set #2" class="Tests\IsJumpRaceTest" classname="Tests.IsJumpRaceTest" file="/opt/project/tests/lib/Api/Row/Methods/IsJumpRaceTest.php" line="15" assertions="1" time="0.001050"/>
        <testcase name="testIsJumpRace with data set #3" class="Tests\IsJumpRaceTest" classname="Tests.IsJumpRaceTest" file="/opt/project/tests/lib/Api/Row/Methods/IsJumpRaceTest.php" line="15" assertions="1" time="0.001172"/>
        <testcase name="testIsJumpRace with data set #4" class="Tests\IsJumpRaceTest" classname="Tests.IsJumpRaceTest" file="/opt/project/tests/lib/Api/Row/Methods/IsJumpRaceTest.php" line="15" assertions="1" time="0.001053"/>
        <testcase name="testIsJumpRace with data set #5" class="Tests\IsJumpRaceTest" classname="Tests.IsJumpRaceTest" file="/opt/project/tests/lib/Api/Row/Methods/IsJumpRaceTest.php" line="15" assertions="1" time="0.001006"/>
        <testcase name="testIsJumpRace with data set #6" class="Tests\IsJumpRaceTest" classname="Tests.IsJumpRaceTest" file="/opt/project/tests/lib/Api/Row/Methods/IsJumpRaceTest.php" line="15" assertions="1" time="0.001027"/>
        <testcase name="testIsJumpRace with data set #7" class="Tests\IsJumpRaceTest" classname="Tests.IsJumpRaceTest" file="/opt/project/tests/lib/Api/Row/Methods/IsJumpRaceTest.php" line="15" assertions="1" time="0.001017"/>
        <testcase name="testIsJumpRace with data set #8" class="Tests\IsJumpRaceTest" classname="Tests.IsJumpRaceTest" file="/opt/project/tests/lib/Api/Row/Methods/IsJumpRaceTest.php" line="15" assertions="1" time="0.001315"/>
        <testcase name="testIsJumpRace with data set #9" class="Tests\IsJumpRaceTest" classname="Tests.IsJumpRaceTest" file="/opt/project/tests/lib/Api/Row/Methods/IsJumpRaceTest.php" line="15" assertions="1" time="0.001068"/>
      </testsuite>
    </testsuite>
    <testsuite name="Tests\IsPdfAvailableTest" file="/opt/project/tests/lib/Api/Row/Methods/IsPdfAvailableTest.php" tests="5" assertions="5" errors="0" failures="0" skipped="0" time="0.005888">
      <testsuite name="Tests\IsPdfAvailableTest::testIsPdfAvailable" tests="5" assertions="5" errors="0" failures="0" skipped="0" time="0.005888">
        <testcase name="testIsPdfAvailable with data set #0" class="Tests\IsPdfAvailableTest" classname="Tests.IsPdfAvailableTest" file="/opt/project/tests/lib/Api/Row/Methods/IsPdfAvailableTest.php" line="14" assertions="1" time="0.001106"/>
        <testcase name="testIsPdfAvailable with data set #1" class="Tests\IsPdfAvailableTest" classname="Tests.IsPdfAvailableTest" file="/opt/project/tests/lib/Api/Row/Methods/IsPdfAvailableTest.php" line="14" assertions="1" time="0.001152"/>
        <testcase name="testIsPdfAvailable with data set #2" class="Tests\IsPdfAvailableTest" classname="Tests.IsPdfAvailableTest" file="/opt/project/tests/lib/Api/Row/Methods/IsPdfAvailableTest.php" line="14" assertions="1" time="0.001237"/>
        <testcase name="testIsPdfAvailable with data set #3" class="Tests\IsPdfAvailableTest" classname="Tests.IsPdfAvailableTest" file="/opt/project/tests/lib/Api/Row/Methods/IsPdfAvailableTest.php" line="14" assertions="1" time="0.001236"/>
        <testcase name="testIsPdfAvailable with data set #4" class="Tests\IsPdfAvailableTest" classname="Tests.IsPdfAvailableTest" file="/opt/project/tests/lib/Api/Row/Methods/IsPdfAvailableTest.php" line="14" assertions="1" time="0.001157"/>
      </testsuite>
    </testsuite>
    <testsuite name="Tests\IsScoop6RaceTest" file="/opt/project/tests/lib/Api/Row/Methods/IsScoop6RaceTest.php" tests="5" assertions="5" errors="0" failures="0" skipped="0" time="0.005585">
      <testsuite name="Tests\IsScoop6RaceTest::testIsScoop6Race" tests="5" assertions="5" errors="0" failures="0" skipped="0" time="0.005585">
        <testcase name="testIsScoop6Race with data set #0" class="Tests\IsScoop6RaceTest" classname="Tests.IsScoop6RaceTest" file="/opt/project/tests/lib/Api/Row/Methods/IsScoop6RaceTest.php" line="13" assertions="1" time="0.001231"/>
        <testcase name="testIsScoop6Race with data set #1" class="Tests\IsScoop6RaceTest" classname="Tests.IsScoop6RaceTest" file="/opt/project/tests/lib/Api/Row/Methods/IsScoop6RaceTest.php" line="13" assertions="1" time="0.001043"/>
        <testcase name="testIsScoop6Race with data set #2" class="Tests\IsScoop6RaceTest" classname="Tests.IsScoop6RaceTest" file="/opt/project/tests/lib/Api/Row/Methods/IsScoop6RaceTest.php" line="13" assertions="1" time="0.001148"/>
        <testcase name="testIsScoop6Race with data set #3" class="Tests\IsScoop6RaceTest" classname="Tests.IsScoop6RaceTest" file="/opt/project/tests/lib/Api/Row/Methods/IsScoop6RaceTest.php" line="13" assertions="1" time="0.001149"/>
        <testcase name="testIsScoop6Race with data set #4" class="Tests\IsScoop6RaceTest" classname="Tests.IsScoop6RaceTest" file="/opt/project/tests/lib/Api/Row/Methods/IsScoop6RaceTest.php" line="13" assertions="1" time="0.001014"/>
      </testsuite>
    </testsuite>
    <testsuite name="Tests\IsWorldwideStakeRaceTest" file="/opt/project/tests/lib/Api/Row/Methods/IsWorldwideStakeRaceTest.php" tests="32" assertions="32" errors="0" failures="0" skipped="0" time="0.035594">
      <testsuite name="Tests\IsWorldwideStakeRaceTest::testIsWorldwideStakeRace" tests="32" assertions="32" errors="0" failures="0" skipped="0" time="0.035594">
        <testcase name="testIsWorldwideStakeRace with data set #0" class="Tests\IsWorldwideStakeRaceTest" classname="Tests.IsWorldwideStakeRaceTest" file="/opt/project/tests/lib/Api/Row/Methods/IsWorldwideStakeRaceTest.php" line="13" assertions="1" time="0.001109"/>
        <testcase name="testIsWorldwideStakeRace with data set #1" class="Tests\IsWorldwideStakeRaceTest" classname="Tests.IsWorldwideStakeRaceTest" file="/opt/project/tests/lib/Api/Row/Methods/IsWorldwideStakeRaceTest.php" line="13" assertions="1" time="0.001186"/>
        <testcase name="testIsWorldwideStakeRace with data set #2" class="Tests\IsWorldwideStakeRaceTest" classname="Tests.IsWorldwideStakeRaceTest" file="/opt/project/tests/lib/Api/Row/Methods/IsWorldwideStakeRaceTest.php" line="13" assertions="1" time="0.001146"/>
        <testcase name="testIsWorldwideStakeRace with data set #3" class="Tests\IsWorldwideStakeRaceTest" classname="Tests.IsWorldwideStakeRaceTest" file="/opt/project/tests/lib/Api/Row/Methods/IsWorldwideStakeRaceTest.php" line="13" assertions="1" time="0.000994"/>
        <testcase name="testIsWorldwideStakeRace with data set #4" class="Tests\IsWorldwideStakeRaceTest" classname="Tests.IsWorldwideStakeRaceTest" file="/opt/project/tests/lib/Api/Row/Methods/IsWorldwideStakeRaceTest.php" line="13" assertions="1" time="0.001105"/>
        <testcase name="testIsWorldwideStakeRace with data set #5" class="Tests\IsWorldwideStakeRaceTest" classname="Tests.IsWorldwideStakeRaceTest" file="/opt/project/tests/lib/Api/Row/Methods/IsWorldwideStakeRaceTest.php" line="13" assertions="1" time="0.001029"/>
        <testcase name="testIsWorldwideStakeRace with data set #6" class="Tests\IsWorldwideStakeRaceTest" classname="Tests.IsWorldwideStakeRaceTest" file="/opt/project/tests/lib/Api/Row/Methods/IsWorldwideStakeRaceTest.php" line="13" assertions="1" time="0.001129"/>
        <testcase name="testIsWorldwideStakeRace with data set #7" class="Tests\IsWorldwideStakeRaceTest" classname="Tests.IsWorldwideStakeRaceTest" file="/opt/project/tests/lib/Api/Row/Methods/IsWorldwideStakeRaceTest.php" line="13" assertions="1" time="0.001079"/>
        <testcase name="testIsWorldwideStakeRace with data set #8" class="Tests\IsWorldwideStakeRaceTest" classname="Tests.IsWorldwideStakeRaceTest" file="/opt/project/tests/lib/Api/Row/Methods/IsWorldwideStakeRaceTest.php" line="13" assertions="1" time="0.001043"/>
        <testcase name="testIsWorldwideStakeRace with data set #9" class="Tests\IsWorldwideStakeRaceTest" classname="Tests.IsWorldwideStakeRaceTest" file="/opt/project/tests/lib/Api/Row/Methods/IsWorldwideStakeRaceTest.php" line="13" assertions="1" time="0.001213"/>
        <testcase name="testIsWorldwideStakeRace with data set #10" class="Tests\IsWorldwideStakeRaceTest" classname="Tests.IsWorldwideStakeRaceTest" file="/opt/project/tests/lib/Api/Row/Methods/IsWorldwideStakeRaceTest.php" line="13" assertions="1" time="0.001056"/>
        <testcase name="testIsWorldwideStakeRace with data set #11" class="Tests\IsWorldwideStakeRaceTest" classname="Tests.IsWorldwideStakeRaceTest" file="/opt/project/tests/lib/Api/Row/Methods/IsWorldwideStakeRaceTest.php" line="13" assertions="1" time="0.001156"/>
        <testcase name="testIsWorldwideStakeRace with data set #12" class="Tests\IsWorldwideStakeRaceTest" classname="Tests.IsWorldwideStakeRaceTest" file="/opt/project/tests/lib/Api/Row/Methods/IsWorldwideStakeRaceTest.php" line="13" assertions="1" time="0.001067"/>
        <testcase name="testIsWorldwideStakeRace with data set #13" class="Tests\IsWorldwideStakeRaceTest" classname="Tests.IsWorldwideStakeRaceTest" file="/opt/project/tests/lib/Api/Row/Methods/IsWorldwideStakeRaceTest.php" line="13" assertions="1" time="0.001065"/>
        <testcase name="testIsWorldwideStakeRace with data set #14" class="Tests\IsWorldwideStakeRaceTest" classname="Tests.IsWorldwideStakeRaceTest" file="/opt/project/tests/lib/Api/Row/Methods/IsWorldwideStakeRaceTest.php" line="13" assertions="1" time="0.001098"/>
        <testcase name="testIsWorldwideStakeRace with data set #15" class="Tests\IsWorldwideStakeRaceTest" classname="Tests.IsWorldwideStakeRaceTest" file="/opt/project/tests/lib/Api/Row/Methods/IsWorldwideStakeRaceTest.php" line="13" assertions="1" time="0.001297"/>
        <testcase name="testIsWorldwideStakeRace with data set #16" class="Tests\IsWorldwideStakeRaceTest" classname="Tests.IsWorldwideStakeRaceTest" file="/opt/project/tests/lib/Api/Row/Methods/IsWorldwideStakeRaceTest.php" line="13" assertions="1" time="0.001118"/>
        <testcase name="testIsWorldwideStakeRace with data set #17" class="Tests\IsWorldwideStakeRaceTest" classname="Tests.IsWorldwideStakeRaceTest" file="/opt/project/tests/lib/Api/Row/Methods/IsWorldwideStakeRaceTest.php" line="13" assertions="1" time="0.001126"/>
        <testcase name="testIsWorldwideStakeRace with data set #18" class="Tests\IsWorldwideStakeRaceTest" classname="Tests.IsWorldwideStakeRaceTest" file="/opt/project/tests/lib/Api/Row/Methods/IsWorldwideStakeRaceTest.php" line="13" assertions="1" time="0.001059"/>
        <testcase name="testIsWorldwideStakeRace with data set #19" class="Tests\IsWorldwideStakeRaceTest" classname="Tests.IsWorldwideStakeRaceTest" file="/opt/project/tests/lib/Api/Row/Methods/IsWorldwideStakeRaceTest.php" line="13" assertions="1" time="0.001055"/>
        <testcase name="testIsWorldwideStakeRace with data set #20" class="Tests\IsWorldwideStakeRaceTest" classname="Tests.IsWorldwideStakeRaceTest" file="/opt/project/tests/lib/Api/Row/Methods/IsWorldwideStakeRaceTest.php" line="13" assertions="1" time="0.001015"/>
        <testcase name="testIsWorldwideStakeRace with data set #21" class="Tests\IsWorldwideStakeRaceTest" classname="Tests.IsWorldwideStakeRaceTest" file="/opt/project/tests/lib/Api/Row/Methods/IsWorldwideStakeRaceTest.php" line="13" assertions="1" time="0.000997"/>
        <testcase name="testIsWorldwideStakeRace with data set #22" class="Tests\IsWorldwideStakeRaceTest" classname="Tests.IsWorldwideStakeRaceTest" file="/opt/project/tests/lib/Api/Row/Methods/IsWorldwideStakeRaceTest.php" line="13" assertions="1" time="0.001275"/>
        <testcase name="testIsWorldwideStakeRace with data set #23" class="Tests\IsWorldwideStakeRaceTest" classname="Tests.IsWorldwideStakeRaceTest" file="/opt/project/tests/lib/Api/Row/Methods/IsWorldwideStakeRaceTest.php" line="13" assertions="1" time="0.001018"/>
        <testcase name="testIsWorldwideStakeRace with data set #24" class="Tests\IsWorldwideStakeRaceTest" classname="Tests.IsWorldwideStakeRaceTest" file="/opt/project/tests/lib/Api/Row/Methods/IsWorldwideStakeRaceTest.php" line="13" assertions="1" time="0.001299"/>
        <testcase name="testIsWorldwideStakeRace with data set #25" class="Tests\IsWorldwideStakeRaceTest" classname="Tests.IsWorldwideStakeRaceTest" file="/opt/project/tests/lib/Api/Row/Methods/IsWorldwideStakeRaceTest.php" line="13" assertions="1" time="0.001314"/>
        <testcase name="testIsWorldwideStakeRace with data set #26" class="Tests\IsWorldwideStakeRaceTest" classname="Tests.IsWorldwideStakeRaceTest" file="/opt/project/tests/lib/Api/Row/Methods/IsWorldwideStakeRaceTest.php" line="13" assertions="1" time="0.001031"/>
        <testcase name="testIsWorldwideStakeRace with data set #27" class="Tests\IsWorldwideStakeRaceTest" classname="Tests.IsWorldwideStakeRaceTest" file="/opt/project/tests/lib/Api/Row/Methods/IsWorldwideStakeRaceTest.php" line="13" assertions="1" time="0.000971"/>
        <testcase name="testIsWorldwideStakeRace with data set #28" class="Tests\IsWorldwideStakeRaceTest" classname="Tests.IsWorldwideStakeRaceTest" file="/opt/project/tests/lib/Api/Row/Methods/IsWorldwideStakeRaceTest.php" line="13" assertions="1" time="0.001029"/>
        <testcase name="testIsWorldwideStakeRace with data set #29" class="Tests\IsWorldwideStakeRaceTest" classname="Tests.IsWorldwideStakeRaceTest" file="/opt/project/tests/lib/Api/Row/Methods/IsWorldwideStakeRaceTest.php" line="13" assertions="1" time="0.001246"/>
        <testcase name="testIsWorldwideStakeRace with data set #30" class="Tests\IsWorldwideStakeRaceTest" classname="Tests.IsWorldwideStakeRaceTest" file="/opt/project/tests/lib/Api/Row/Methods/IsWorldwideStakeRaceTest.php" line="13" assertions="1" time="0.001125"/>
        <testcase name="testIsWorldwideStakeRace with data set #31" class="Tests\IsWorldwideStakeRaceTest" classname="Tests.IsWorldwideStakeRaceTest" file="/opt/project/tests/lib/Api/Row/Methods/IsWorldwideStakeRaceTest.php" line="13" assertions="1" time="0.001144"/>
      </testsuite>
    </testsuite>
    <testsuite name="Tests\MapRaceStatusCodeTest" file="/opt/project/tests/lib/Api/Row/Methods/MapRaceStatusCodeTest.php" tests="3" assertions="3" errors="0" failures="0" skipped="0" time="0.003886">
      <testsuite name="Tests\MapRaceStatusCodeTest::testMapRaceStatusCode" tests="3" assertions="3" errors="0" failures="0" skipped="0" time="0.003886">
        <testcase name="testMapRaceStatusCode with data set &quot;test_case_1&quot;" class="Tests\MapRaceStatusCodeTest" classname="Tests.MapRaceStatusCodeTest" file="/opt/project/tests/lib/Api/Row/Methods/MapRaceStatusCodeTest.php" line="22" assertions="1" time="0.001329"/>
        <testcase name="testMapRaceStatusCode with data set &quot;test_case_2&quot;" class="Tests\MapRaceStatusCodeTest" classname="Tests.MapRaceStatusCodeTest" file="/opt/project/tests/lib/Api/Row/Methods/MapRaceStatusCodeTest.php" line="22" assertions="1" time="0.001252"/>
        <testcase name="testMapRaceStatusCode with data set &quot;test_case_3&quot;" class="Tests\MapRaceStatusCodeTest" classname="Tests.MapRaceStatusCodeTest" file="/opt/project/tests/lib/Api/Row/Methods/MapRaceStatusCodeTest.php" line="22" assertions="1" time="0.001305"/>
      </testsuite>
    </testsuite>
    <testsuite name="Tests\GetSelectionTypeTest" file="/opt/project/tests/lib/Api/Row/Methods/RaceCards/GetSelectionTypeTest.php" tests="5" assertions="5" errors="0" failures="0" skipped="0" time="0.006336">
      <testsuite name="Tests\GetSelectionTypeTest::testGetSelectionType" tests="5" assertions="5" errors="0" failures="0" skipped="0" time="0.006336">
        <testcase name="testGetSelectionType with data set #0" class="Tests\GetSelectionTypeTest" classname="Tests.GetSelectionTypeTest" file="/opt/project/tests/lib/Api/Row/Methods/RaceCards/GetSelectionTypeTest.php" line="19" assertions="1" time="0.001755"/>
        <testcase name="testGetSelectionType with data set #1" class="Tests\GetSelectionTypeTest" classname="Tests.GetSelectionTypeTest" file="/opt/project/tests/lib/Api/Row/Methods/RaceCards/GetSelectionTypeTest.php" line="19" assertions="1" time="0.001174"/>
        <testcase name="testGetSelectionType with data set #2" class="Tests\GetSelectionTypeTest" classname="Tests.GetSelectionTypeTest" file="/opt/project/tests/lib/Api/Row/Methods/RaceCards/GetSelectionTypeTest.php" line="19" assertions="1" time="0.001219"/>
        <testcase name="testGetSelectionType with data set #3" class="Tests\GetSelectionTypeTest" classname="Tests.GetSelectionTypeTest" file="/opt/project/tests/lib/Api/Row/Methods/RaceCards/GetSelectionTypeTest.php" line="19" assertions="1" time="0.001099"/>
        <testcase name="testGetSelectionType with data set #4" class="Tests\GetSelectionTypeTest" classname="Tests.GetSelectionTypeTest" file="/opt/project/tests/lib/Api/Row/Methods/RaceCards/GetSelectionTypeTest.php" line="19" assertions="1" time="0.001089"/>
      </testsuite>
    </testsuite>
    <testsuite name="Tests\GetOverallPrizeMoneyTest" file="/opt/project/tests/lib/Api/Row/Methods/SeasonalStatistics/GetOverallPrizeMoneyTest.php" tests="17" assertions="17" errors="0" failures="0" skipped="0" time="0.047462">
      <testsuite name="Tests\GetOverallPrizeMoneyTest::testGetOverallPrizeMoneySuccess" tests="6" assertions="6" errors="0" failures="0" skipped="0" time="0.019299">
        <testcase name="testGetOverallPrizeMoneySuccess with data set #0" class="Tests\GetOverallPrizeMoneyTest" classname="Tests.GetOverallPrizeMoneyTest" file="/opt/project/tests/lib/Api/Row/Methods/SeasonalStatistics/GetOverallPrizeMoneyTest.php" line="21" assertions="1" time="0.003560"/>
        <testcase name="testGetOverallPrizeMoneySuccess with data set #1" class="Tests\GetOverallPrizeMoneyTest" classname="Tests.GetOverallPrizeMoneyTest" file="/opt/project/tests/lib/Api/Row/Methods/SeasonalStatistics/GetOverallPrizeMoneyTest.php" line="21" assertions="1" time="0.003218"/>
        <testcase name="testGetOverallPrizeMoneySuccess with data set #2" class="Tests\GetOverallPrizeMoneyTest" classname="Tests.GetOverallPrizeMoneyTest" file="/opt/project/tests/lib/Api/Row/Methods/SeasonalStatistics/GetOverallPrizeMoneyTest.php" line="21" assertions="1" time="0.003059"/>
        <testcase name="testGetOverallPrizeMoneySuccess with data set #3" class="Tests\GetOverallPrizeMoneyTest" classname="Tests.GetOverallPrizeMoneyTest" file="/opt/project/tests/lib/Api/Row/Methods/SeasonalStatistics/GetOverallPrizeMoneyTest.php" line="21" assertions="1" time="0.003417"/>
        <testcase name="testGetOverallPrizeMoneySuccess with data set #4" class="Tests\GetOverallPrizeMoneyTest" classname="Tests.GetOverallPrizeMoneyTest" file="/opt/project/tests/lib/Api/Row/Methods/SeasonalStatistics/GetOverallPrizeMoneyTest.php" line="21" assertions="1" time="0.003089"/>
        <testcase name="testGetOverallPrizeMoneySuccess with data set #5" class="Tests\GetOverallPrizeMoneyTest" classname="Tests.GetOverallPrizeMoneyTest" file="/opt/project/tests/lib/Api/Row/Methods/SeasonalStatistics/GetOverallPrizeMoneyTest.php" line="21" assertions="1" time="0.002956"/>
      </testsuite>
      <testsuite name="Tests\GetOverallPrizeMoneyTest::testGetOverallPrizeMoneyRateZero" tests="5" assertions="5" errors="0" failures="0" skipped="0" time="0.013048">
        <testcase name="testGetOverallPrizeMoneyRateZero with data set #0" class="Tests\GetOverallPrizeMoneyTest" classname="Tests.GetOverallPrizeMoneyTest" file="/opt/project/tests/lib/Api/Row/Methods/SeasonalStatistics/GetOverallPrizeMoneyTest.php" line="45" assertions="1" time="0.002655"/>
        <testcase name="testGetOverallPrizeMoneyRateZero with data set #1" class="Tests\GetOverallPrizeMoneyTest" classname="Tests.GetOverallPrizeMoneyTest" file="/opt/project/tests/lib/Api/Row/Methods/SeasonalStatistics/GetOverallPrizeMoneyTest.php" line="45" assertions="1" time="0.002599"/>
        <testcase name="testGetOverallPrizeMoneyRateZero with data set #2" class="Tests\GetOverallPrizeMoneyTest" classname="Tests.GetOverallPrizeMoneyTest" file="/opt/project/tests/lib/Api/Row/Methods/SeasonalStatistics/GetOverallPrizeMoneyTest.php" line="45" assertions="1" time="0.002614"/>
        <testcase name="testGetOverallPrizeMoneyRateZero with data set #3" class="Tests\GetOverallPrizeMoneyTest" classname="Tests.GetOverallPrizeMoneyTest" file="/opt/project/tests/lib/Api/Row/Methods/SeasonalStatistics/GetOverallPrizeMoneyTest.php" line="45" assertions="1" time="0.002547"/>
        <testcase name="testGetOverallPrizeMoneyRateZero with data set #4" class="Tests\GetOverallPrizeMoneyTest" classname="Tests.GetOverallPrizeMoneyTest" file="/opt/project/tests/lib/Api/Row/Methods/SeasonalStatistics/GetOverallPrizeMoneyTest.php" line="45" assertions="1" time="0.002633"/>
      </testsuite>
      <testsuite name="Tests\GetOverallPrizeMoneyTest::testGetOverallPrizeMoneyPoundOrEuroNegative" tests="6" assertions="6" errors="0" failures="0" skipped="0" time="0.015115">
        <testcase name="testGetOverallPrizeMoneyPoundOrEuroNegative with data set #0" class="Tests\GetOverallPrizeMoneyTest" classname="Tests.GetOverallPrizeMoneyTest" file="/opt/project/tests/lib/Api/Row/Methods/SeasonalStatistics/GetOverallPrizeMoneyTest.php" line="69" assertions="1" time="0.002562"/>
        <testcase name="testGetOverallPrizeMoneyPoundOrEuroNegative with data set #1" class="Tests\GetOverallPrizeMoneyTest" classname="Tests.GetOverallPrizeMoneyTest" file="/opt/project/tests/lib/Api/Row/Methods/SeasonalStatistics/GetOverallPrizeMoneyTest.php" line="69" assertions="1" time="0.002607"/>
        <testcase name="testGetOverallPrizeMoneyPoundOrEuroNegative with data set #2" class="Tests\GetOverallPrizeMoneyTest" classname="Tests.GetOverallPrizeMoneyTest" file="/opt/project/tests/lib/Api/Row/Methods/SeasonalStatistics/GetOverallPrizeMoneyTest.php" line="69" assertions="1" time="0.002542"/>
        <testcase name="testGetOverallPrizeMoneyPoundOrEuroNegative with data set #3" class="Tests\GetOverallPrizeMoneyTest" classname="Tests.GetOverallPrizeMoneyTest" file="/opt/project/tests/lib/Api/Row/Methods/SeasonalStatistics/GetOverallPrizeMoneyTest.php" line="69" assertions="1" time="0.002419"/>
        <testcase name="testGetOverallPrizeMoneyPoundOrEuroNegative with data set #4" class="Tests\GetOverallPrizeMoneyTest" classname="Tests.GetOverallPrizeMoneyTest" file="/opt/project/tests/lib/Api/Row/Methods/SeasonalStatistics/GetOverallPrizeMoneyTest.php" line="69" assertions="1" time="0.002419"/>
        <testcase name="testGetOverallPrizeMoneyPoundOrEuroNegative with data set #5" class="Tests\GetOverallPrizeMoneyTest" classname="Tests.GetOverallPrizeMoneyTest" file="/opt/project/tests/lib/Api/Row/Methods/SeasonalStatistics/GetOverallPrizeMoneyTest.php" line="69" assertions="1" time="0.002566"/>
      </testsuite>
    </testsuite>
    <testsuite name="Tests\SetTimestampTest" file="/opt/project/tests/lib/Api/Row/Methods/SetTimestampTest.php" tests="6" assertions="6" errors="0" failures="0" skipped="0" time="0.016235">
      <testsuite name="Tests\SetTimestampTest::testSetTimestamp" tests="3" assertions="3" errors="0" failures="0" skipped="0" time="0.011683">
        <testcase name="testSetTimestamp with data set #0" class="Tests\SetTimestampTest" classname="Tests.SetTimestampTest" file="/opt/project/tests/lib/Api/Row/Methods/SetTimestampTest.php" line="15" assertions="1" time="0.003935"/>
        <testcase name="testSetTimestamp with data set #1" class="Tests\SetTimestampTest" classname="Tests.SetTimestampTest" file="/opt/project/tests/lib/Api/Row/Methods/SetTimestampTest.php" line="15" assertions="1" time="0.003882"/>
        <testcase name="testSetTimestamp with data set #2" class="Tests\SetTimestampTest" classname="Tests.SetTimestampTest" file="/opt/project/tests/lib/Api/Row/Methods/SetTimestampTest.php" line="15" assertions="1" time="0.003866"/>
      </testsuite>
      <testsuite name="Tests\SetTimestampTest::testFaultSetTimestamp" tests="3" assertions="3" errors="0" failures="0" skipped="0" time="0.004552">
        <testcase name="testFaultSetTimestamp with data set #0" class="Tests\SetTimestampTest" classname="Tests.SetTimestampTest" file="/opt/project/tests/lib/Api/Row/Methods/SetTimestampTest.php" line="37" assertions="1" time="0.001670"/>
        <testcase name="testFaultSetTimestamp with data set #1" class="Tests\SetTimestampTest" classname="Tests.SetTimestampTest" file="/opt/project/tests/lib/Api/Row/Methods/SetTimestampTest.php" line="37" assertions="1" time="0.001365"/>
        <testcase name="testFaultSetTimestamp with data set #2" class="Tests\SetTimestampTest" classname="Tests.SetTimestampTest" file="/opt/project/tests/lib/Api/Row/Methods/SetTimestampTest.php" line="37" assertions="1" time="0.001517"/>
      </testsuite>
    </testsuite>
    <testsuite name="Tests\CourseTest" file="/opt/project/tests/models/CourseTest.php" tests="9" assertions="9" errors="0" failures="0" skipped="0" time="0.061084">
      <testsuite name="Tests\CourseTest::testPrepareMeetingsForComparison" tests="3" assertions="3" errors="0" failures="0" skipped="0" time="0.026252">
        <testcase name="testPrepareMeetingsForComparison with data set #0" class="Tests\CourseTest" classname="Tests.CourseTest" file="/opt/project/tests/models/CourseTest.php" line="18" assertions="1" time="0.008606"/>
        <testcase name="testPrepareMeetingsForComparison with data set #1" class="Tests\CourseTest" classname="Tests.CourseTest" file="/opt/project/tests/models/CourseTest.php" line="18" assertions="1" time="0.009079"/>
        <testcase name="testPrepareMeetingsForComparison with data set #2" class="Tests\CourseTest" classname="Tests.CourseTest" file="/opt/project/tests/models/CourseTest.php" line="18" assertions="1" time="0.008567"/>
      </testsuite>
      <testsuite name="Tests\CourseTest::testIsFirstLowerThanSecond" tests="5" assertions="5" errors="0" failures="0" skipped="0" time="0.005646">
        <testcase name="testIsFirstLowerThanSecond with data set #0" class="Tests\CourseTest" classname="Tests.CourseTest" file="/opt/project/tests/models/CourseTest.php" line="176" assertions="1" time="0.001070"/>
        <testcase name="testIsFirstLowerThanSecond with data set #1" class="Tests\CourseTest" classname="Tests.CourseTest" file="/opt/project/tests/models/CourseTest.php" line="176" assertions="1" time="0.001239"/>
        <testcase name="testIsFirstLowerThanSecond with data set #2" class="Tests\CourseTest" classname="Tests.CourseTest" file="/opt/project/tests/models/CourseTest.php" line="176" assertions="1" time="0.001075"/>
        <testcase name="testIsFirstLowerThanSecond with data set #3" class="Tests\CourseTest" classname="Tests.CourseTest" file="/opt/project/tests/models/CourseTest.php" line="176" assertions="1" time="0.001139"/>
        <testcase name="testIsFirstLowerThanSecond with data set #4" class="Tests\CourseTest" classname="Tests.CourseTest" file="/opt/project/tests/models/CourseTest.php" line="176" assertions="1" time="0.001123"/>
      </testsuite>
      <testsuite name="Tests\CourseTest::testCalculateRpMeetingOrder" tests="1" assertions="1" errors="0" failures="0" skipped="0" time="0.029186">
        <testcase name="testCalculateRpMeetingOrder with data set #0" class="Tests\CourseTest" classname="Tests.CourseTest" file="/opt/project/tests/models/CourseTest.php" line="304" assertions="1" time="0.029186"/>
      </testsuite>
    </testsuite>
    <testsuite name="Tests\SelectorsTest" file="/opt/project/tests/models/SelectorsTest.php" tests="314" assertions="317" errors="0" failures="0" skipped="0" time="0.461337">
      <testsuite name="Tests\SelectorsTest::testRaceType" tests="2" assertions="2" errors="0" failures="0" skipped="0" time="0.002004">
        <testcase name="testRaceType with data set #0" class="Tests\SelectorsTest" classname="Tests.SelectorsTest" file="/opt/project/tests/models/SelectorsTest.php" line="20" assertions="1" time="0.000981"/>
        <testcase name="testRaceType with data set #1" class="Tests\SelectorsTest" classname="Tests.SelectorsTest" file="/opt/project/tests/models/SelectorsTest.php" line="20" assertions="1" time="0.001023"/>
      </testsuite>
      <testsuite name="Tests\SelectorsTest::testWrongRaceType" tests="2" assertions="2" errors="0" failures="0" skipped="0" time="0.002294">
        <testcase name="testWrongRaceType with data set #0" class="Tests\SelectorsTest" classname="Tests.SelectorsTest" file="/opt/project/tests/models/SelectorsTest.php" line="45" assertions="1" time="0.001127"/>
        <testcase name="testWrongRaceType with data set #1" class="Tests\SelectorsTest" classname="Tests.SelectorsTest" file="/opt/project/tests/models/SelectorsTest.php" line="45" assertions="1" time="0.001167"/>
      </testsuite>
      <testsuite name="Tests\SelectorsTest::testDistanceFlatGroup" tests="12" assertions="12" errors="0" failures="0" skipped="0" time="0.012581">
        <testcase name="testDistanceFlatGroup with data set #0" class="Tests\SelectorsTest" classname="Tests.SelectorsTest" file="/opt/project/tests/models/SelectorsTest.php" line="70" assertions="1" time="0.001042"/>
        <testcase name="testDistanceFlatGroup with data set #1" class="Tests\SelectorsTest" classname="Tests.SelectorsTest" file="/opt/project/tests/models/SelectorsTest.php" line="70" assertions="1" time="0.001105"/>
        <testcase name="testDistanceFlatGroup with data set #2" class="Tests\SelectorsTest" classname="Tests.SelectorsTest" file="/opt/project/tests/models/SelectorsTest.php" line="70" assertions="1" time="0.001020"/>
        <testcase name="testDistanceFlatGroup with data set #3" class="Tests\SelectorsTest" classname="Tests.SelectorsTest" file="/opt/project/tests/models/SelectorsTest.php" line="70" assertions="1" time="0.001091"/>
        <testcase name="testDistanceFlatGroup with data set #4" class="Tests\SelectorsTest" classname="Tests.SelectorsTest" file="/opt/project/tests/models/SelectorsTest.php" line="70" assertions="1" time="0.001014"/>
        <testcase name="testDistanceFlatGroup with data set #5" class="Tests\SelectorsTest" classname="Tests.SelectorsTest" file="/opt/project/tests/models/SelectorsTest.php" line="70" assertions="1" time="0.001025"/>
        <testcase name="testDistanceFlatGroup with data set #6" class="Tests\SelectorsTest" classname="Tests.SelectorsTest" file="/opt/project/tests/models/SelectorsTest.php" line="70" assertions="1" time="0.001009"/>
        <testcase name="testDistanceFlatGroup with data set #7" class="Tests\SelectorsTest" classname="Tests.SelectorsTest" file="/opt/project/tests/models/SelectorsTest.php" line="70" assertions="1" time="0.001046"/>
        <testcase name="testDistanceFlatGroup with data set #8" class="Tests\SelectorsTest" classname="Tests.SelectorsTest" file="/opt/project/tests/models/SelectorsTest.php" line="70" assertions="1" time="0.001018"/>
        <testcase name="testDistanceFlatGroup with data set #9" class="Tests\SelectorsTest" classname="Tests.SelectorsTest" file="/opt/project/tests/models/SelectorsTest.php" line="70" assertions="1" time="0.001038"/>
        <testcase name="testDistanceFlatGroup with data set #10" class="Tests\SelectorsTest" classname="Tests.SelectorsTest" file="/opt/project/tests/models/SelectorsTest.php" line="70" assertions="1" time="0.001077"/>
        <testcase name="testDistanceFlatGroup with data set #11" class="Tests\SelectorsTest" classname="Tests.SelectorsTest" file="/opt/project/tests/models/SelectorsTest.php" line="70" assertions="1" time="0.001097"/>
      </testsuite>
      <testsuite name="Tests\SelectorsTest::testDistanceJumpGroup" tests="6" assertions="6" errors="0" failures="0" skipped="0" time="0.006331">
        <testcase name="testDistanceJumpGroup with data set #0" class="Tests\SelectorsTest" classname="Tests.SelectorsTest" file="/opt/project/tests/models/SelectorsTest.php" line="180" assertions="1" time="0.001104"/>
        <testcase name="testDistanceJumpGroup with data set #1" class="Tests\SelectorsTest" classname="Tests.SelectorsTest" file="/opt/project/tests/models/SelectorsTest.php" line="180" assertions="1" time="0.001058"/>
        <testcase name="testDistanceJumpGroup with data set #2" class="Tests\SelectorsTest" classname="Tests.SelectorsTest" file="/opt/project/tests/models/SelectorsTest.php" line="180" assertions="1" time="0.001055"/>
        <testcase name="testDistanceJumpGroup with data set #3" class="Tests\SelectorsTest" classname="Tests.SelectorsTest" file="/opt/project/tests/models/SelectorsTest.php" line="180" assertions="1" time="0.001036"/>
        <testcase name="testDistanceJumpGroup with data set #4" class="Tests\SelectorsTest" classname="Tests.SelectorsTest" file="/opt/project/tests/models/SelectorsTest.php" line="180" assertions="1" time="0.001018"/>
        <testcase name="testDistanceJumpGroup with data set #5" class="Tests\SelectorsTest" classname="Tests.SelectorsTest" file="/opt/project/tests/models/SelectorsTest.php" line="180" assertions="1" time="0.001060"/>
      </testsuite>
      <testsuite name="Tests\SelectorsTest::testWrongDistanceGroup" tests="2" assertions="2" errors="0" failures="0" skipped="0" time="0.002340">
        <testcase name="testWrongDistanceGroup with data set #0" class="Tests\SelectorsTest" classname="Tests.SelectorsTest" file="/opt/project/tests/models/SelectorsTest.php" line="248" assertions="1" time="0.001166"/>
        <testcase name="testWrongDistanceGroup with data set #1" class="Tests\SelectorsTest" classname="Tests.SelectorsTest" file="/opt/project/tests/models/SelectorsTest.php" line="248" assertions="1" time="0.001174"/>
      </testsuite>
      <testsuite name="Tests\SelectorsTest::testDistanceLegacyAltGroup" tests="9" assertions="9" errors="0" failures="0" skipped="0" time="0.010387">
        <testcase name="testDistanceLegacyAltGroup with data set #0" class="Tests\SelectorsTest" classname="Tests.SelectorsTest" file="/opt/project/tests/models/SelectorsTest.php" line="264" assertions="1" time="0.001095"/>
        <testcase name="testDistanceLegacyAltGroup with data set #1" class="Tests\SelectorsTest" classname="Tests.SelectorsTest" file="/opt/project/tests/models/SelectorsTest.php" line="264" assertions="1" time="0.001029"/>
        <testcase name="testDistanceLegacyAltGroup with data set #2" class="Tests\SelectorsTest" classname="Tests.SelectorsTest" file="/opt/project/tests/models/SelectorsTest.php" line="264" assertions="1" time="0.001067"/>
        <testcase name="testDistanceLegacyAltGroup with data set #3" class="Tests\SelectorsTest" classname="Tests.SelectorsTest" file="/opt/project/tests/models/SelectorsTest.php" line="264" assertions="1" time="0.001073"/>
        <testcase name="testDistanceLegacyAltGroup with data set #4" class="Tests\SelectorsTest" classname="Tests.SelectorsTest" file="/opt/project/tests/models/SelectorsTest.php" line="264" assertions="1" time="0.001070"/>
        <testcase name="testDistanceLegacyAltGroup with data set #5" class="Tests\SelectorsTest" classname="Tests.SelectorsTest" file="/opt/project/tests/models/SelectorsTest.php" line="264" assertions="1" time="0.001196"/>
        <testcase name="testDistanceLegacyAltGroup with data set #6" class="Tests\SelectorsTest" classname="Tests.SelectorsTest" file="/opt/project/tests/models/SelectorsTest.php" line="264" assertions="1" time="0.001536"/>
        <testcase name="testDistanceLegacyAltGroup with data set #7" class="Tests\SelectorsTest" classname="Tests.SelectorsTest" file="/opt/project/tests/models/SelectorsTest.php" line="264" assertions="1" time="0.001222"/>
        <testcase name="testDistanceLegacyAltGroup with data set #8" class="Tests\SelectorsTest" classname="Tests.SelectorsTest" file="/opt/project/tests/models/SelectorsTest.php" line="264" assertions="1" time="0.001099"/>
      </testsuite>
      <testsuite name="Tests\SelectorsTest::testDistanceBloodstockGroup" tests="5" assertions="5" errors="0" failures="0" skipped="0" time="0.005373">
        <testcase name="testDistanceBloodstockGroup with data set #0" class="Tests\SelectorsTest" classname="Tests.SelectorsTest" file="/opt/project/tests/models/SelectorsTest.php" line="353" assertions="1" time="0.001056"/>
        <testcase name="testDistanceBloodstockGroup with data set #1" class="Tests\SelectorsTest" classname="Tests.SelectorsTest" file="/opt/project/tests/models/SelectorsTest.php" line="353" assertions="1" time="0.001144"/>
        <testcase name="testDistanceBloodstockGroup with data set #2" class="Tests\SelectorsTest" classname="Tests.SelectorsTest" file="/opt/project/tests/models/SelectorsTest.php" line="353" assertions="1" time="0.001075"/>
        <testcase name="testDistanceBloodstockGroup with data set #3" class="Tests\SelectorsTest" classname="Tests.SelectorsTest" file="/opt/project/tests/models/SelectorsTest.php" line="353" assertions="1" time="0.001036"/>
        <testcase name="testDistanceBloodstockGroup with data set #4" class="Tests\SelectorsTest" classname="Tests.SelectorsTest" file="/opt/project/tests/models/SelectorsTest.php" line="353" assertions="1" time="0.001062"/>
      </testsuite>
      <testsuite name="Tests\SelectorsTest::testGetDistanceByRaceType" tests="2" assertions="2" errors="0" failures="0" skipped="0" time="0.002608">
        <testcase name="testGetDistanceByRaceType with data set #0" class="Tests\SelectorsTest" classname="Tests.SelectorsTest" file="/opt/project/tests/models/SelectorsTest.php" line="425" assertions="1" time="0.001248"/>
        <testcase name="testGetDistanceByRaceType with data set #1" class="Tests\SelectorsTest" classname="Tests.SelectorsTest" file="/opt/project/tests/models/SelectorsTest.php" line="425" assertions="1" time="0.001360"/>
      </testsuite>
      <testsuite name="Tests\SelectorsTest::testWrongDistanceByRaceType" tests="2" assertions="2" errors="0" failures="0" skipped="0" time="0.002512">
        <testcase name="testWrongDistanceByRaceType with data set #0" class="Tests\SelectorsTest" classname="Tests.SelectorsTest" file="/opt/project/tests/models/SelectorsTest.php" line="516" assertions="1" time="0.001362"/>
        <testcase name="testWrongDistanceByRaceType with data set #1" class="Tests\SelectorsTest" classname="Tests.SelectorsTest" file="/opt/project/tests/models/SelectorsTest.php" line="516" assertions="1" time="0.001150"/>
      </testsuite>
      <testsuite name="Tests\SelectorsTest::testSeasonDefaultTypeCodes" tests="2" assertions="2" errors="0" failures="0" skipped="0" time="0.014582">
        <testcase name="testSeasonDefaultTypeCodes with data set #0" class="Tests\SelectorsTest" classname="Tests.SelectorsTest" file="/opt/project/tests/models/SelectorsTest.php" line="558" assertions="1" time="0.007331"/>
        <testcase name="testSeasonDefaultTypeCodes with data set #1" class="Tests\SelectorsTest" classname="Tests.SelectorsTest" file="/opt/project/tests/models/SelectorsTest.php" line="558" assertions="1" time="0.007251"/>
      </testsuite>
      <testsuite name="Tests\SelectorsTest::testGetAvailableSeasonTypeCodes" tests="3" assertions="3" errors="0" failures="0" skipped="0" time="0.019113">
        <testcase name="testGetAvailableSeasonTypeCodes with data set #0" class="Tests\SelectorsTest" classname="Tests.SelectorsTest" file="/opt/project/tests/models/SelectorsTest.php" line="585" assertions="1" time="0.006284"/>
        <testcase name="testGetAvailableSeasonTypeCodes with data set #1" class="Tests\SelectorsTest" classname="Tests.SelectorsTest" file="/opt/project/tests/models/SelectorsTest.php" line="585" assertions="1" time="0.006348"/>
        <testcase name="testGetAvailableSeasonTypeCodes with data set #2" class="Tests\SelectorsTest" classname="Tests.SelectorsTest" file="/opt/project/tests/models/SelectorsTest.php" line="585" assertions="1" time="0.006481"/>
      </testsuite>
      <testsuite name="Tests\SelectorsTest::testWrongSeasonDefaultTypeCodes" tests="2" assertions="2" errors="0" failures="0" skipped="0" time="0.016004">
        <testcase name="testWrongSeasonDefaultTypeCodes with data set #0" class="Tests\SelectorsTest" classname="Tests.SelectorsTest" file="/opt/project/tests/models/SelectorsTest.php" line="611" assertions="1" time="0.007955"/>
        <testcase name="testWrongSeasonDefaultTypeCodes with data set #1" class="Tests\SelectorsTest" classname="Tests.SelectorsTest" file="/opt/project/tests/models/SelectorsTest.php" line="611" assertions="1" time="0.008049"/>
      </testsuite>
      <testsuite name="Tests\SelectorsTest::testSeasonTypeCode" tests="8" assertions="8" errors="0" failures="0" skipped="0" time="0.007985">
        <testcase name="testSeasonTypeCode with data set #0" class="Tests\SelectorsTest" classname="Tests.SelectorsTest" file="/opt/project/tests/models/SelectorsTest.php" line="628" assertions="1" time="0.001126"/>
        <testcase name="testSeasonTypeCode with data set #1" class="Tests\SelectorsTest" classname="Tests.SelectorsTest" file="/opt/project/tests/models/SelectorsTest.php" line="628" assertions="1" time="0.000985"/>
        <testcase name="testSeasonTypeCode with data set #2" class="Tests\SelectorsTest" classname="Tests.SelectorsTest" file="/opt/project/tests/models/SelectorsTest.php" line="628" assertions="1" time="0.001044"/>
        <testcase name="testSeasonTypeCode with data set #3" class="Tests\SelectorsTest" classname="Tests.SelectorsTest" file="/opt/project/tests/models/SelectorsTest.php" line="628" assertions="1" time="0.000930"/>
        <testcase name="testSeasonTypeCode with data set #4" class="Tests\SelectorsTest" classname="Tests.SelectorsTest" file="/opt/project/tests/models/SelectorsTest.php" line="628" assertions="1" time="0.000944"/>
        <testcase name="testSeasonTypeCode with data set #5" class="Tests\SelectorsTest" classname="Tests.SelectorsTest" file="/opt/project/tests/models/SelectorsTest.php" line="628" assertions="1" time="0.000972"/>
        <testcase name="testSeasonTypeCode with data set #6" class="Tests\SelectorsTest" classname="Tests.SelectorsTest" file="/opt/project/tests/models/SelectorsTest.php" line="628" assertions="1" time="0.000945"/>
        <testcase name="testSeasonTypeCode with data set #7" class="Tests\SelectorsTest" classname="Tests.SelectorsTest" file="/opt/project/tests/models/SelectorsTest.php" line="628" assertions="1" time="0.001039"/>
      </testsuite>
      <testsuite name="Tests\SelectorsTest::testWrongSeasonTypeCode" tests="3" assertions="3" errors="0" failures="0" skipped="0" time="0.015871">
        <testcase name="testWrongSeasonTypeCode with data set #0" class="Tests\SelectorsTest" classname="Tests.SelectorsTest" file="/opt/project/tests/models/SelectorsTest.php" line="661" assertions="1" time="0.012688"/>
        <testcase name="testWrongSeasonTypeCode with data set #1" class="Tests\SelectorsTest" classname="Tests.SelectorsTest" file="/opt/project/tests/models/SelectorsTest.php" line="661" assertions="1" time="0.001560"/>
        <testcase name="testWrongSeasonTypeCode with data set #2" class="Tests\SelectorsTest" classname="Tests.SelectorsTest" file="/opt/project/tests/models/SelectorsTest.php" line="661" assertions="1" time="0.001623"/>
      </testsuite>
      <testsuite name="Tests\SelectorsTest::testGetSeasonTypeCodeFailure" tests="4" assertions="4" errors="0" failures="0" skipped="0" time="0.004883">
        <testcase name="testGetSeasonTypeCodeFailure with data set #0" class="Tests\SelectorsTest" classname="Tests.SelectorsTest" file="/opt/project/tests/models/SelectorsTest.php" line="687" assertions="1" time="0.001177"/>
        <testcase name="testGetSeasonTypeCodeFailure with data set #1" class="Tests\SelectorsTest" classname="Tests.SelectorsTest" file="/opt/project/tests/models/SelectorsTest.php" line="687" assertions="1" time="0.001242"/>
        <testcase name="testGetSeasonTypeCodeFailure with data set #2" class="Tests\SelectorsTest" classname="Tests.SelectorsTest" file="/opt/project/tests/models/SelectorsTest.php" line="687" assertions="1" time="0.001206"/>
        <testcase name="testGetSeasonTypeCodeFailure with data set #3" class="Tests\SelectorsTest" classname="Tests.SelectorsTest" file="/opt/project/tests/models/SelectorsTest.php" line="687" assertions="1" time="0.001258"/>
      </testsuite>
      <testcase name="testSeasonTypeCodeDefault" class="Tests\SelectorsTest" classname="Tests.SelectorsTest" file="/opt/project/tests/models/SelectorsTest.php" line="704" assertions="1" time="0.000999"/>
      <testsuite name="Tests\SelectorsTest::testChampionship" tests="2" assertions="2" errors="0" failures="0" skipped="0" time="0.001854">
        <testcase name="testChampionship with data set #0" class="Tests\SelectorsTest" classname="Tests.SelectorsTest" file="/opt/project/tests/models/SelectorsTest.php" line="719" assertions="1" time="0.000953"/>
        <testcase name="testChampionship with data set #1" class="Tests\SelectorsTest" classname="Tests.SelectorsTest" file="/opt/project/tests/models/SelectorsTest.php" line="719" assertions="1" time="0.000901"/>
      </testsuite>
      <testsuite name="Tests\SelectorsTest::testWrongChampionship" tests="4" assertions="4" errors="0" failures="0" skipped="0" time="0.004170">
        <testcase name="testWrongChampionship with data set #0" class="Tests\SelectorsTest" classname="Tests.SelectorsTest" file="/opt/project/tests/models/SelectorsTest.php" line="750" assertions="1" time="0.001039"/>
        <testcase name="testWrongChampionship with data set #1" class="Tests\SelectorsTest" classname="Tests.SelectorsTest" file="/opt/project/tests/models/SelectorsTest.php" line="750" assertions="1" time="0.001051"/>
        <testcase name="testWrongChampionship with data set #2" class="Tests\SelectorsTest" classname="Tests.SelectorsTest" file="/opt/project/tests/models/SelectorsTest.php" line="750" assertions="1" time="0.001005"/>
        <testcase name="testWrongChampionship with data set #3" class="Tests\SelectorsTest" classname="Tests.SelectorsTest" file="/opt/project/tests/models/SelectorsTest.php" line="750" assertions="1" time="0.001075"/>
      </testsuite>
      <testsuite name="Tests\SelectorsTest::testJumpsTypeCodes" tests="3" assertions="3" errors="0" failures="0" skipped="0" time="0.002929">
        <testcase name="testJumpsTypeCodes with data set #0" class="Tests\SelectorsTest" classname="Tests.SelectorsTest" file="/opt/project/tests/models/SelectorsTest.php" line="776" assertions="1" time="0.000986"/>
        <testcase name="testJumpsTypeCodes with data set #1" class="Tests\SelectorsTest" classname="Tests.SelectorsTest" file="/opt/project/tests/models/SelectorsTest.php" line="776" assertions="1" time="0.001015"/>
        <testcase name="testJumpsTypeCodes with data set #2" class="Tests\SelectorsTest" classname="Tests.SelectorsTest" file="/opt/project/tests/models/SelectorsTest.php" line="776" assertions="1" time="0.000928"/>
      </testsuite>
      <testsuite name="Tests\SelectorsTest::testWrongJumpsTypeCodes" tests="2" assertions="2" errors="0" failures="0" skipped="0" time="0.002320">
        <testcase name="testWrongJumpsTypeCodes with data set #0" class="Tests\SelectorsTest" classname="Tests.SelectorsTest" file="/opt/project/tests/models/SelectorsTest.php" line="811" assertions="1" time="0.001161"/>
        <testcase name="testWrongJumpsTypeCodes with data set #1" class="Tests\SelectorsTest" classname="Tests.SelectorsTest" file="/opt/project/tests/models/SelectorsTest.php" line="811" assertions="1" time="0.001159"/>
      </testsuite>
      <testsuite name="Tests\SelectorsTest::testSurface" tests="2" assertions="2" errors="0" failures="0" skipped="0" time="0.001862">
        <testcase name="testSurface with data set #0" class="Tests\SelectorsTest" classname="Tests.SelectorsTest" file="/opt/project/tests/models/SelectorsTest.php" line="836" assertions="1" time="0.000952"/>
        <testcase name="testSurface with data set #1" class="Tests\SelectorsTest" classname="Tests.SelectorsTest" file="/opt/project/tests/models/SelectorsTest.php" line="836" assertions="1" time="0.000910"/>
      </testsuite>
      <testsuite name="Tests\SelectorsTest::testWrongSurface" tests="4" assertions="4" errors="0" failures="0" skipped="0" time="0.004236">
        <testcase name="testWrongSurface with data set #0" class="Tests\SelectorsTest" classname="Tests.SelectorsTest" file="/opt/project/tests/models/SelectorsTest.php" line="867" assertions="1" time="0.001129"/>
        <testcase name="testWrongSurface with data set #1" class="Tests\SelectorsTest" classname="Tests.SelectorsTest" file="/opt/project/tests/models/SelectorsTest.php" line="867" assertions="1" time="0.001042"/>
        <testcase name="testWrongSurface with data set #2" class="Tests\SelectorsTest" classname="Tests.SelectorsTest" file="/opt/project/tests/models/SelectorsTest.php" line="867" assertions="1" time="0.001004"/>
        <testcase name="testWrongSurface with data set #3" class="Tests\SelectorsTest" classname="Tests.SelectorsTest" file="/opt/project/tests/models/SelectorsTest.php" line="867" assertions="1" time="0.001061"/>
      </testsuite>
      <testsuite name="Tests\SelectorsTest::testStatisticsTypeKeys" tests="1" assertions="1" errors="0" failures="0" skipped="0" time="0.000965">
        <testcase name="testStatisticsTypeKeys with data set #0" class="Tests\SelectorsTest" classname="Tests.SelectorsTest" file="/opt/project/tests/models/SelectorsTest.php" line="893" assertions="1" time="0.000965"/>
      </testsuite>
      <testsuite name="Tests\SelectorsTest::testStatisticsTypeCodeKeys" tests="3" assertions="3" errors="0" failures="0" skipped="0" time="0.002994">
        <testcase name="testStatisticsTypeCodeKeys with data set #0" class="Tests\SelectorsTest" classname="Tests.SelectorsTest" file="/opt/project/tests/models/SelectorsTest.php" line="919" assertions="1" time="0.001039"/>
        <testcase name="testStatisticsTypeCodeKeys with data set #1" class="Tests\SelectorsTest" classname="Tests.SelectorsTest" file="/opt/project/tests/models/SelectorsTest.php" line="919" assertions="1" time="0.000959"/>
        <testcase name="testStatisticsTypeCodeKeys with data set #2" class="Tests\SelectorsTest" classname="Tests.SelectorsTest" file="/opt/project/tests/models/SelectorsTest.php" line="919" assertions="1" time="0.000996"/>
      </testsuite>
      <testsuite name="Tests\SelectorsTest::testWrongStatisticsTypeCodeKeys" tests="4" assertions="4" errors="0" failures="0" skipped="0" time="0.004176">
        <testcase name="testWrongStatisticsTypeCodeKeys with data set #0" class="Tests\SelectorsTest" classname="Tests.SelectorsTest" file="/opt/project/tests/models/SelectorsTest.php" line="954" assertions="1" time="0.001042"/>
        <testcase name="testWrongStatisticsTypeCodeKeys with data set #1" class="Tests\SelectorsTest" classname="Tests.SelectorsTest" file="/opt/project/tests/models/SelectorsTest.php" line="954" assertions="1" time="0.001042"/>
        <testcase name="testWrongStatisticsTypeCodeKeys with data set #2" class="Tests\SelectorsTest" classname="Tests.SelectorsTest" file="/opt/project/tests/models/SelectorsTest.php" line="954" assertions="1" time="0.001078"/>
        <testcase name="testWrongStatisticsTypeCodeKeys with data set #3" class="Tests\SelectorsTest" classname="Tests.SelectorsTest" file="/opt/project/tests/models/SelectorsTest.php" line="954" assertions="1" time="0.001014"/>
      </testsuite>
      <testsuite name="Tests\SelectorsTest::testStatisticsTypeCode" tests="3" assertions="3" errors="0" failures="0" skipped="0" time="0.002895">
        <testcase name="testStatisticsTypeCode with data set #0" class="Tests\SelectorsTest" classname="Tests.SelectorsTest" file="/opt/project/tests/models/SelectorsTest.php" line="981" assertions="1" time="0.000987"/>
        <testcase name="testStatisticsTypeCode with data set #1" class="Tests\SelectorsTest" classname="Tests.SelectorsTest" file="/opt/project/tests/models/SelectorsTest.php" line="981" assertions="1" time="0.000940"/>
        <testcase name="testStatisticsTypeCode with data set #2" class="Tests\SelectorsTest" classname="Tests.SelectorsTest" file="/opt/project/tests/models/SelectorsTest.php" line="981" assertions="1" time="0.000968"/>
      </testsuite>
      <testsuite name="Tests\SelectorsTest::testWrongStatisticsTypeCode" tests="4" assertions="4" errors="0" failures="0" skipped="0" time="0.004291">
        <testcase name="testWrongStatisticsTypeCode with data set #0" class="Tests\SelectorsTest" classname="Tests.SelectorsTest" file="/opt/project/tests/models/SelectorsTest.php" line="1045" assertions="1" time="0.001044"/>
        <testcase name="testWrongStatisticsTypeCode with data set #1" class="Tests\SelectorsTest" classname="Tests.SelectorsTest" file="/opt/project/tests/models/SelectorsTest.php" line="1045" assertions="1" time="0.001000"/>
        <testcase name="testWrongStatisticsTypeCode with data set #2" class="Tests\SelectorsTest" classname="Tests.SelectorsTest" file="/opt/project/tests/models/SelectorsTest.php" line="1045" assertions="1" time="0.001190"/>
        <testcase name="testWrongStatisticsTypeCode with data set #3" class="Tests\SelectorsTest" classname="Tests.SelectorsTest" file="/opt/project/tests/models/SelectorsTest.php" line="1045" assertions="1" time="0.001057"/>
      </testsuite>
      <testsuite name="Tests\SelectorsTest::testRaceTypeCode" tests="8" assertions="8" errors="0" failures="0" skipped="0" time="0.007584">
        <testcase name="testRaceTypeCode with data set #0" class="Tests\SelectorsTest" classname="Tests.SelectorsTest" file="/opt/project/tests/models/SelectorsTest.php" line="1073" assertions="1" time="0.001055"/>
        <testcase name="testRaceTypeCode with data set #1" class="Tests\SelectorsTest" classname="Tests.SelectorsTest" file="/opt/project/tests/models/SelectorsTest.php" line="1073" assertions="1" time="0.000946"/>
        <testcase name="testRaceTypeCode with data set #2" class="Tests\SelectorsTest" classname="Tests.SelectorsTest" file="/opt/project/tests/models/SelectorsTest.php" line="1073" assertions="1" time="0.000913"/>
        <testcase name="testRaceTypeCode with data set #3" class="Tests\SelectorsTest" classname="Tests.SelectorsTest" file="/opt/project/tests/models/SelectorsTest.php" line="1073" assertions="1" time="0.001035"/>
        <testcase name="testRaceTypeCode with data set #4" class="Tests\SelectorsTest" classname="Tests.SelectorsTest" file="/opt/project/tests/models/SelectorsTest.php" line="1073" assertions="1" time="0.000874"/>
        <testcase name="testRaceTypeCode with data set #5" class="Tests\SelectorsTest" classname="Tests.SelectorsTest" file="/opt/project/tests/models/SelectorsTest.php" line="1073" assertions="1" time="0.000936"/>
        <testcase name="testRaceTypeCode with data set #6" class="Tests\SelectorsTest" classname="Tests.SelectorsTest" file="/opt/project/tests/models/SelectorsTest.php" line="1073" assertions="1" time="0.000913"/>
        <testcase name="testRaceTypeCode with data set #7" class="Tests\SelectorsTest" classname="Tests.SelectorsTest" file="/opt/project/tests/models/SelectorsTest.php" line="1073" assertions="1" time="0.000912"/>
      </testsuite>
      <testsuite name="Tests\SelectorsTest::testGetRaceTypeByRaceTypeCodeSuccess" tests="15" assertions="15" errors="0" failures="0" skipped="0" time="0.013631">
        <testcase name="testGetRaceTypeByRaceTypeCodeSuccess with data set #0" class="Tests\SelectorsTest" classname="Tests.SelectorsTest" file="/opt/project/tests/models/SelectorsTest.php" line="1135" assertions="1" time="0.000933"/>
        <testcase name="testGetRaceTypeByRaceTypeCodeSuccess with data set #1" class="Tests\SelectorsTest" classname="Tests.SelectorsTest" file="/opt/project/tests/models/SelectorsTest.php" line="1135" assertions="1" time="0.000853"/>
        <testcase name="testGetRaceTypeByRaceTypeCodeSuccess with data set #2" class="Tests\SelectorsTest" classname="Tests.SelectorsTest" file="/opt/project/tests/models/SelectorsTest.php" line="1135" assertions="1" time="0.000915"/>
        <testcase name="testGetRaceTypeByRaceTypeCodeSuccess with data set #3" class="Tests\SelectorsTest" classname="Tests.SelectorsTest" file="/opt/project/tests/models/SelectorsTest.php" line="1135" assertions="1" time="0.000925"/>
        <testcase name="testGetRaceTypeByRaceTypeCodeSuccess with data set #4" class="Tests\SelectorsTest" classname="Tests.SelectorsTest" file="/opt/project/tests/models/SelectorsTest.php" line="1135" assertions="1" time="0.000856"/>
        <testcase name="testGetRaceTypeByRaceTypeCodeSuccess with data set #5" class="Tests\SelectorsTest" classname="Tests.SelectorsTest" file="/opt/project/tests/models/SelectorsTest.php" line="1135" assertions="1" time="0.000966"/>
        <testcase name="testGetRaceTypeByRaceTypeCodeSuccess with data set #6" class="Tests\SelectorsTest" classname="Tests.SelectorsTest" file="/opt/project/tests/models/SelectorsTest.php" line="1135" assertions="1" time="0.000869"/>
        <testcase name="testGetRaceTypeByRaceTypeCodeSuccess with data set #7" class="Tests\SelectorsTest" classname="Tests.SelectorsTest" file="/opt/project/tests/models/SelectorsTest.php" line="1135" assertions="1" time="0.000936"/>
        <testcase name="testGetRaceTypeByRaceTypeCodeSuccess with data set #8" class="Tests\SelectorsTest" classname="Tests.SelectorsTest" file="/opt/project/tests/models/SelectorsTest.php" line="1135" assertions="1" time="0.000911"/>
        <testcase name="testGetRaceTypeByRaceTypeCodeSuccess with data set #9" class="Tests\SelectorsTest" classname="Tests.SelectorsTest" file="/opt/project/tests/models/SelectorsTest.php" line="1135" assertions="1" time="0.000807"/>
        <testcase name="testGetRaceTypeByRaceTypeCodeSuccess with data set #10" class="Tests\SelectorsTest" classname="Tests.SelectorsTest" file="/opt/project/tests/models/SelectorsTest.php" line="1135" assertions="1" time="0.000968"/>
        <testcase name="testGetRaceTypeByRaceTypeCodeSuccess with data set #11" class="Tests\SelectorsTest" classname="Tests.SelectorsTest" file="/opt/project/tests/models/SelectorsTest.php" line="1135" assertions="1" time="0.000872"/>
        <testcase name="testGetRaceTypeByRaceTypeCodeSuccess with data set #12" class="Tests\SelectorsTest" classname="Tests.SelectorsTest" file="/opt/project/tests/models/SelectorsTest.php" line="1135" assertions="1" time="0.000898"/>
        <testcase name="testGetRaceTypeByRaceTypeCodeSuccess with data set #13" class="Tests\SelectorsTest" classname="Tests.SelectorsTest" file="/opt/project/tests/models/SelectorsTest.php" line="1135" assertions="1" time="0.001009"/>
        <testcase name="testGetRaceTypeByRaceTypeCodeSuccess with data set #14" class="Tests\SelectorsTest" classname="Tests.SelectorsTest" file="/opt/project/tests/models/SelectorsTest.php" line="1135" assertions="1" time="0.000913"/>
      </testsuite>
      <testcase name="testGetGroupedRaceTypeCodes" class="Tests\SelectorsTest" classname="Tests.SelectorsTest" file="/opt/project/tests/models/SelectorsTest.php" line="1165" assertions="1" time="0.000881"/>
      <testcase name="testGetGoingSuccess" class="Tests\SelectorsTest" classname="Tests.SelectorsTest" file="/opt/project/tests/models/SelectorsTest.php" line="1175" assertions="4" time="0.001057"/>
      <testcase name="testGetGoingFailure" class="Tests\SelectorsTest" classname="Tests.SelectorsTest" file="/opt/project/tests/models/SelectorsTest.php" line="1188" assertions="1" time="0.000974"/>
      <testsuite name="Tests\SelectorsTest::testWrongRaceTypeCode" tests="3" assertions="3" errors="0" failures="0" skipped="0" time="0.003257">
        <testcase name="testWrongRaceTypeCode with data set #0" class="Tests\SelectorsTest" classname="Tests.SelectorsTest" file="/opt/project/tests/models/SelectorsTest.php" line="1203" assertions="1" time="0.001160"/>
        <testcase name="testWrongRaceTypeCode with data set #1" class="Tests\SelectorsTest" classname="Tests.SelectorsTest" file="/opt/project/tests/models/SelectorsTest.php" line="1203" assertions="1" time="0.001021"/>
        <testcase name="testWrongRaceTypeCode with data set #2" class="Tests\SelectorsTest" classname="Tests.SelectorsTest" file="/opt/project/tests/models/SelectorsTest.php" line="1203" assertions="1" time="0.001076"/>
      </testsuite>
      <testsuite name="Tests\SelectorsTest::testRaceTypeKeys" tests="1" assertions="1" errors="0" failures="0" skipped="0" time="0.000890">
        <testcase name="testRaceTypeKeys with data set #0" class="Tests\SelectorsTest" classname="Tests.SelectorsTest" file="/opt/project/tests/models/SelectorsTest.php" line="1228" assertions="1" time="0.000890"/>
      </testsuite>
      <testsuite name="Tests\SelectorsTest::testRaceTypeByDate" tests="1" assertions="1" errors="0" failures="0" skipped="0" time="0.000939">
        <testcase name="testRaceTypeByDate with data set #0" class="Tests\SelectorsTest" classname="Tests.SelectorsTest" file="/opt/project/tests/models/SelectorsTest.php" line="1254" assertions="1" time="0.000939"/>
      </testsuite>
      <testsuite name="Tests\SelectorsTest::testSiresCategories" tests="4" assertions="4" errors="0" failures="0" skipped="0" time="0.003934">
        <testcase name="testSiresCategories with data set #0" class="Tests\SelectorsTest" classname="Tests.SelectorsTest" file="/opt/project/tests/models/SelectorsTest.php" line="1282" assertions="1" time="0.001015"/>
        <testcase name="testSiresCategories with data set #1" class="Tests\SelectorsTest" classname="Tests.SelectorsTest" file="/opt/project/tests/models/SelectorsTest.php" line="1282" assertions="1" time="0.000937"/>
        <testcase name="testSiresCategories with data set #2" class="Tests\SelectorsTest" classname="Tests.SelectorsTest" file="/opt/project/tests/models/SelectorsTest.php" line="1282" assertions="1" time="0.001020"/>
        <testcase name="testSiresCategories with data set #3" class="Tests\SelectorsTest" classname="Tests.SelectorsTest" file="/opt/project/tests/models/SelectorsTest.php" line="1282" assertions="1" time="0.000962"/>
      </testsuite>
      <testsuite name="Tests\SelectorsTest::testWrongSiresCategories" tests="3" assertions="3" errors="0" failures="0" skipped="0" time="0.003491">
        <testcase name="testWrongSiresCategories with data set #0" class="Tests\SelectorsTest" classname="Tests.SelectorsTest" file="/opt/project/tests/models/SelectorsTest.php" line="1321" assertions="1" time="0.001222"/>
        <testcase name="testWrongSiresCategories with data set #1" class="Tests\SelectorsTest" classname="Tests.SelectorsTest" file="/opt/project/tests/models/SelectorsTest.php" line="1321" assertions="1" time="0.001077"/>
        <testcase name="testWrongSiresCategories with data set #2" class="Tests\SelectorsTest" classname="Tests.SelectorsTest" file="/opt/project/tests/models/SelectorsTest.php" line="1321" assertions="1" time="0.001192"/>
      </testsuite>
      <testsuite name="Tests\SelectorsTest::testGetHorseAgeSQL" tests="4" assertions="4" errors="0" failures="0" skipped="0" time="0.004090">
        <testcase name="testGetHorseAgeSQL with data set #0" class="Tests\SelectorsTest" classname="Tests.SelectorsTest" file="/opt/project/tests/models/SelectorsTest.php" line="1347" assertions="1" time="0.000990"/>
        <testcase name="testGetHorseAgeSQL with data set #1" class="Tests\SelectorsTest" classname="Tests.SelectorsTest" file="/opt/project/tests/models/SelectorsTest.php" line="1347" assertions="1" time="0.001101"/>
        <testcase name="testGetHorseAgeSQL with data set #2" class="Tests\SelectorsTest" classname="Tests.SelectorsTest" file="/opt/project/tests/models/SelectorsTest.php" line="1347" assertions="1" time="0.000998"/>
        <testcase name="testGetHorseAgeSQL with data set #3" class="Tests\SelectorsTest" classname="Tests.SelectorsTest" file="/opt/project/tests/models/SelectorsTest.php" line="1347" assertions="1" time="0.001001"/>
      </testsuite>
      <testsuite name="Tests\SelectorsTest::testGetRaceTypeKey" tests="10" assertions="10" errors="0" failures="0" skipped="0" time="0.009416">
        <testcase name="testGetRaceTypeKey with data set #0" class="Tests\SelectorsTest" classname="Tests.SelectorsTest" file="/opt/project/tests/models/SelectorsTest.php" line="1389" assertions="1" time="0.000894"/>
        <testcase name="testGetRaceTypeKey with data set #1" class="Tests\SelectorsTest" classname="Tests.SelectorsTest" file="/opt/project/tests/models/SelectorsTest.php" line="1389" assertions="1" time="0.000845"/>
        <testcase name="testGetRaceTypeKey with data set #2" class="Tests\SelectorsTest" classname="Tests.SelectorsTest" file="/opt/project/tests/models/SelectorsTest.php" line="1389" assertions="1" time="0.000943"/>
        <testcase name="testGetRaceTypeKey with data set #3" class="Tests\SelectorsTest" classname="Tests.SelectorsTest" file="/opt/project/tests/models/SelectorsTest.php" line="1389" assertions="1" time="0.000858"/>
        <testcase name="testGetRaceTypeKey with data set #4" class="Tests\SelectorsTest" classname="Tests.SelectorsTest" file="/opt/project/tests/models/SelectorsTest.php" line="1389" assertions="1" time="0.001016"/>
        <testcase name="testGetRaceTypeKey with data set #5" class="Tests\SelectorsTest" classname="Tests.SelectorsTest" file="/opt/project/tests/models/SelectorsTest.php" line="1389" assertions="1" time="0.000943"/>
        <testcase name="testGetRaceTypeKey with data set #6" class="Tests\SelectorsTest" classname="Tests.SelectorsTest" file="/opt/project/tests/models/SelectorsTest.php" line="1389" assertions="1" time="0.001006"/>
        <testcase name="testGetRaceTypeKey with data set #7" class="Tests\SelectorsTest" classname="Tests.SelectorsTest" file="/opt/project/tests/models/SelectorsTest.php" line="1389" assertions="1" time="0.001077"/>
        <testcase name="testGetRaceTypeKey with data set #8" class="Tests\SelectorsTest" classname="Tests.SelectorsTest" file="/opt/project/tests/models/SelectorsTest.php" line="1389" assertions="1" time="0.000965"/>
        <testcase name="testGetRaceTypeKey with data set #9" class="Tests\SelectorsTest" classname="Tests.SelectorsTest" file="/opt/project/tests/models/SelectorsTest.php" line="1389" assertions="1" time="0.000869"/>
      </testsuite>
      <testsuite name="Tests\SelectorsTest::testGetSearchDefaultStartDate" tests="4" assertions="4" errors="0" failures="0" skipped="0" time="0.003833">
        <testcase name="testGetSearchDefaultStartDate with data set #0" class="Tests\SelectorsTest" classname="Tests.SelectorsTest" file="/opt/project/tests/models/SelectorsTest.php" line="1423" assertions="1" time="0.001026"/>
        <testcase name="testGetSearchDefaultStartDate with data set #1" class="Tests\SelectorsTest" classname="Tests.SelectorsTest" file="/opt/project/tests/models/SelectorsTest.php" line="1423" assertions="1" time="0.000891"/>
        <testcase name="testGetSearchDefaultStartDate with data set #2" class="Tests\SelectorsTest" classname="Tests.SelectorsTest" file="/opt/project/tests/models/SelectorsTest.php" line="1423" assertions="1" time="0.000973"/>
        <testcase name="testGetSearchDefaultStartDate with data set #3" class="Tests\SelectorsTest" classname="Tests.SelectorsTest" file="/opt/project/tests/models/SelectorsTest.php" line="1423" assertions="1" time="0.000943"/>
      </testsuite>
      <testsuite name="Tests\SelectorsTest::testGetSeasonDateBegin" tests="5" assertions="5" errors="0" failures="0" skipped="0" time="0.005775">
        <testcase name="testGetSeasonDateBegin with data set #0" class="Tests\SelectorsTest" classname="Tests.SelectorsTest" file="/opt/project/tests/models/SelectorsTest.php" line="1451" assertions="1" time="0.001438"/>
        <testcase name="testGetSeasonDateBegin with data set #1" class="Tests\SelectorsTest" classname="Tests.SelectorsTest" file="/opt/project/tests/models/SelectorsTest.php" line="1451" assertions="1" time="0.000953"/>
        <testcase name="testGetSeasonDateBegin with data set #2" class="Tests\SelectorsTest" classname="Tests.SelectorsTest" file="/opt/project/tests/models/SelectorsTest.php" line="1451" assertions="1" time="0.001109"/>
        <testcase name="testGetSeasonDateBegin with data set #3" class="Tests\SelectorsTest" classname="Tests.SelectorsTest" file="/opt/project/tests/models/SelectorsTest.php" line="1451" assertions="1" time="0.001009"/>
        <testcase name="testGetSeasonDateBegin with data set #4" class="Tests\SelectorsTest" classname="Tests.SelectorsTest" file="/opt/project/tests/models/SelectorsTest.php" line="1451" assertions="1" time="0.001266"/>
      </testsuite>
      <testsuite name="Tests\SelectorsTest::testGetSeasonDateEnd" tests="5" assertions="5" errors="0" failures="0" skipped="0" time="0.005318">
        <testcase name="testGetSeasonDateEnd with data set #0" class="Tests\SelectorsTest" classname="Tests.SelectorsTest" file="/opt/project/tests/models/SelectorsTest.php" line="1483" assertions="1" time="0.001084"/>
        <testcase name="testGetSeasonDateEnd with data set #1" class="Tests\SelectorsTest" classname="Tests.SelectorsTest" file="/opt/project/tests/models/SelectorsTest.php" line="1483" assertions="1" time="0.001195"/>
        <testcase name="testGetSeasonDateEnd with data set #2" class="Tests\SelectorsTest" classname="Tests.SelectorsTest" file="/opt/project/tests/models/SelectorsTest.php" line="1483" assertions="1" time="0.000962"/>
        <testcase name="testGetSeasonDateEnd with data set #3" class="Tests\SelectorsTest" classname="Tests.SelectorsTest" file="/opt/project/tests/models/SelectorsTest.php" line="1483" assertions="1" time="0.001108"/>
        <testcase name="testGetSeasonDateEnd with data set #4" class="Tests\SelectorsTest" classname="Tests.SelectorsTest" file="/opt/project/tests/models/SelectorsTest.php" line="1483" assertions="1" time="0.000969"/>
      </testsuite>
      <testsuite name="Tests\SelectorsTest::testGetRaceCardStatsGroups" tests="2" assertions="2" errors="0" failures="0" skipped="0" time="0.002080">
        <testcase name="testGetRaceCardStatsGroups with data set #0" class="Tests\SelectorsTest" classname="Tests.SelectorsTest" file="/opt/project/tests/models/SelectorsTest.php" line="1514" assertions="1" time="0.001140"/>
        <testcase name="testGetRaceCardStatsGroups with data set #1" class="Tests\SelectorsTest" classname="Tests.SelectorsTest" file="/opt/project/tests/models/SelectorsTest.php" line="1514" assertions="1" time="0.000940"/>
      </testsuite>
      <testsuite name="Tests\SelectorsTest::testIsSeasonalStatisticsAvailable" tests="81" assertions="81" errors="0" failures="0" skipped="0" time="0.084970">
        <testcase name="testIsSeasonalStatisticsAvailable with data set #0" class="Tests\SelectorsTest" classname="Tests.SelectorsTest" file="/opt/project/tests/models/SelectorsTest.php" line="1544" assertions="1" time="0.001084"/>
        <testcase name="testIsSeasonalStatisticsAvailable with data set #1" class="Tests\SelectorsTest" classname="Tests.SelectorsTest" file="/opt/project/tests/models/SelectorsTest.php" line="1544" assertions="1" time="0.000977"/>
        <testcase name="testIsSeasonalStatisticsAvailable with data set #2" class="Tests\SelectorsTest" classname="Tests.SelectorsTest" file="/opt/project/tests/models/SelectorsTest.php" line="1544" assertions="1" time="0.000997"/>
        <testcase name="testIsSeasonalStatisticsAvailable with data set #3" class="Tests\SelectorsTest" classname="Tests.SelectorsTest" file="/opt/project/tests/models/SelectorsTest.php" line="1544" assertions="1" time="0.000989"/>
        <testcase name="testIsSeasonalStatisticsAvailable with data set #4" class="Tests\SelectorsTest" classname="Tests.SelectorsTest" file="/opt/project/tests/models/SelectorsTest.php" line="1544" assertions="1" time="0.000945"/>
        <testcase name="testIsSeasonalStatisticsAvailable with data set #5" class="Tests\SelectorsTest" classname="Tests.SelectorsTest" file="/opt/project/tests/models/SelectorsTest.php" line="1544" assertions="1" time="0.000998"/>
        <testcase name="testIsSeasonalStatisticsAvailable with data set #6" class="Tests\SelectorsTest" classname="Tests.SelectorsTest" file="/opt/project/tests/models/SelectorsTest.php" line="1544" assertions="1" time="0.000970"/>
        <testcase name="testIsSeasonalStatisticsAvailable with data set #7" class="Tests\SelectorsTest" classname="Tests.SelectorsTest" file="/opt/project/tests/models/SelectorsTest.php" line="1544" assertions="1" time="0.001127"/>
        <testcase name="testIsSeasonalStatisticsAvailable with data set #8" class="Tests\SelectorsTest" classname="Tests.SelectorsTest" file="/opt/project/tests/models/SelectorsTest.php" line="1544" assertions="1" time="0.001068"/>
        <testcase name="testIsSeasonalStatisticsAvailable with data set #9" class="Tests\SelectorsTest" classname="Tests.SelectorsTest" file="/opt/project/tests/models/SelectorsTest.php" line="1544" assertions="1" time="0.001071"/>
        <testcase name="testIsSeasonalStatisticsAvailable with data set #10" class="Tests\SelectorsTest" classname="Tests.SelectorsTest" file="/opt/project/tests/models/SelectorsTest.php" line="1544" assertions="1" time="0.001132"/>
        <testcase name="testIsSeasonalStatisticsAvailable with data set #11" class="Tests\SelectorsTest" classname="Tests.SelectorsTest" file="/opt/project/tests/models/SelectorsTest.php" line="1544" assertions="1" time="0.001017"/>
        <testcase name="testIsSeasonalStatisticsAvailable with data set #12" class="Tests\SelectorsTest" classname="Tests.SelectorsTest" file="/opt/project/tests/models/SelectorsTest.php" line="1544" assertions="1" time="0.001036"/>
        <testcase name="testIsSeasonalStatisticsAvailable with data set #13" class="Tests\SelectorsTest" classname="Tests.SelectorsTest" file="/opt/project/tests/models/SelectorsTest.php" line="1544" assertions="1" time="0.000992"/>
        <testcase name="testIsSeasonalStatisticsAvailable with data set #14" class="Tests\SelectorsTest" classname="Tests.SelectorsTest" file="/opt/project/tests/models/SelectorsTest.php" line="1544" assertions="1" time="0.001014"/>
        <testcase name="testIsSeasonalStatisticsAvailable with data set #15" class="Tests\SelectorsTest" classname="Tests.SelectorsTest" file="/opt/project/tests/models/SelectorsTest.php" line="1544" assertions="1" time="0.000965"/>
        <testcase name="testIsSeasonalStatisticsAvailable with data set #16" class="Tests\SelectorsTest" classname="Tests.SelectorsTest" file="/opt/project/tests/models/SelectorsTest.php" line="1544" assertions="1" time="0.001016"/>
        <testcase name="testIsSeasonalStatisticsAvailable with data set #17" class="Tests\SelectorsTest" classname="Tests.SelectorsTest" file="/opt/project/tests/models/SelectorsTest.php" line="1544" assertions="1" time="0.000986"/>
        <testcase name="testIsSeasonalStatisticsAvailable with data set #18" class="Tests\SelectorsTest" classname="Tests.SelectorsTest" file="/opt/project/tests/models/SelectorsTest.php" line="1544" assertions="1" time="0.001128"/>
        <testcase name="testIsSeasonalStatisticsAvailable with data set #19" class="Tests\SelectorsTest" classname="Tests.SelectorsTest" file="/opt/project/tests/models/SelectorsTest.php" line="1544" assertions="1" time="0.000969"/>
        <testcase name="testIsSeasonalStatisticsAvailable with data set #20" class="Tests\SelectorsTest" classname="Tests.SelectorsTest" file="/opt/project/tests/models/SelectorsTest.php" line="1544" assertions="1" time="0.001083"/>
        <testcase name="testIsSeasonalStatisticsAvailable with data set #21" class="Tests\SelectorsTest" classname="Tests.SelectorsTest" file="/opt/project/tests/models/SelectorsTest.php" line="1544" assertions="1" time="0.001002"/>
        <testcase name="testIsSeasonalStatisticsAvailable with data set #22" class="Tests\SelectorsTest" classname="Tests.SelectorsTest" file="/opt/project/tests/models/SelectorsTest.php" line="1544" assertions="1" time="0.001015"/>
        <testcase name="testIsSeasonalStatisticsAvailable with data set #23" class="Tests\SelectorsTest" classname="Tests.SelectorsTest" file="/opt/project/tests/models/SelectorsTest.php" line="1544" assertions="1" time="0.000973"/>
        <testcase name="testIsSeasonalStatisticsAvailable with data set #24" class="Tests\SelectorsTest" classname="Tests.SelectorsTest" file="/opt/project/tests/models/SelectorsTest.php" line="1544" assertions="1" time="0.001000"/>
        <testcase name="testIsSeasonalStatisticsAvailable with data set #25" class="Tests\SelectorsTest" classname="Tests.SelectorsTest" file="/opt/project/tests/models/SelectorsTest.php" line="1544" assertions="1" time="0.001132"/>
        <testcase name="testIsSeasonalStatisticsAvailable with data set #26" class="Tests\SelectorsTest" classname="Tests.SelectorsTest" file="/opt/project/tests/models/SelectorsTest.php" line="1544" assertions="1" time="0.001007"/>
        <testcase name="testIsSeasonalStatisticsAvailable with data set #27" class="Tests\SelectorsTest" classname="Tests.SelectorsTest" file="/opt/project/tests/models/SelectorsTest.php" line="1544" assertions="1" time="0.001120"/>
        <testcase name="testIsSeasonalStatisticsAvailable with data set #28" class="Tests\SelectorsTest" classname="Tests.SelectorsTest" file="/opt/project/tests/models/SelectorsTest.php" line="1544" assertions="1" time="0.000988"/>
        <testcase name="testIsSeasonalStatisticsAvailable with data set #29" class="Tests\SelectorsTest" classname="Tests.SelectorsTest" file="/opt/project/tests/models/SelectorsTest.php" line="1544" assertions="1" time="0.001178"/>
        <testcase name="testIsSeasonalStatisticsAvailable with data set #30" class="Tests\SelectorsTest" classname="Tests.SelectorsTest" file="/opt/project/tests/models/SelectorsTest.php" line="1544" assertions="1" time="0.000978"/>
        <testcase name="testIsSeasonalStatisticsAvailable with data set #31" class="Tests\SelectorsTest" classname="Tests.SelectorsTest" file="/opt/project/tests/models/SelectorsTest.php" line="1544" assertions="1" time="0.001083"/>
        <testcase name="testIsSeasonalStatisticsAvailable with data set #32" class="Tests\SelectorsTest" classname="Tests.SelectorsTest" file="/opt/project/tests/models/SelectorsTest.php" line="1544" assertions="1" time="0.000985"/>
        <testcase name="testIsSeasonalStatisticsAvailable with data set #33" class="Tests\SelectorsTest" classname="Tests.SelectorsTest" file="/opt/project/tests/models/SelectorsTest.php" line="1544" assertions="1" time="0.001116"/>
        <testcase name="testIsSeasonalStatisticsAvailable with data set #34" class="Tests\SelectorsTest" classname="Tests.SelectorsTest" file="/opt/project/tests/models/SelectorsTest.php" line="1544" assertions="1" time="0.001061"/>
        <testcase name="testIsSeasonalStatisticsAvailable with data set #35" class="Tests\SelectorsTest" classname="Tests.SelectorsTest" file="/opt/project/tests/models/SelectorsTest.php" line="1544" assertions="1" time="0.001088"/>
        <testcase name="testIsSeasonalStatisticsAvailable with data set #36" class="Tests\SelectorsTest" classname="Tests.SelectorsTest" file="/opt/project/tests/models/SelectorsTest.php" line="1544" assertions="1" time="0.000991"/>
        <testcase name="testIsSeasonalStatisticsAvailable with data set #37" class="Tests\SelectorsTest" classname="Tests.SelectorsTest" file="/opt/project/tests/models/SelectorsTest.php" line="1544" assertions="1" time="0.001096"/>
        <testcase name="testIsSeasonalStatisticsAvailable with data set #38" class="Tests\SelectorsTest" classname="Tests.SelectorsTest" file="/opt/project/tests/models/SelectorsTest.php" line="1544" assertions="1" time="0.001000"/>
        <testcase name="testIsSeasonalStatisticsAvailable with data set #39" class="Tests\SelectorsTest" classname="Tests.SelectorsTest" file="/opt/project/tests/models/SelectorsTest.php" line="1544" assertions="1" time="0.001063"/>
        <testcase name="testIsSeasonalStatisticsAvailable with data set #40" class="Tests\SelectorsTest" classname="Tests.SelectorsTest" file="/opt/project/tests/models/SelectorsTest.php" line="1544" assertions="1" time="0.001399"/>
        <testcase name="testIsSeasonalStatisticsAvailable with data set #41" class="Tests\SelectorsTest" classname="Tests.SelectorsTest" file="/opt/project/tests/models/SelectorsTest.php" line="1544" assertions="1" time="0.001167"/>
        <testcase name="testIsSeasonalStatisticsAvailable with data set #42" class="Tests\SelectorsTest" classname="Tests.SelectorsTest" file="/opt/project/tests/models/SelectorsTest.php" line="1544" assertions="1" time="0.001017"/>
        <testcase name="testIsSeasonalStatisticsAvailable with data set #43" class="Tests\SelectorsTest" classname="Tests.SelectorsTest" file="/opt/project/tests/models/SelectorsTest.php" line="1544" assertions="1" time="0.001160"/>
        <testcase name="testIsSeasonalStatisticsAvailable with data set #44" class="Tests\SelectorsTest" classname="Tests.SelectorsTest" file="/opt/project/tests/models/SelectorsTest.php" line="1544" assertions="1" time="0.001089"/>
        <testcase name="testIsSeasonalStatisticsAvailable with data set #45" class="Tests\SelectorsTest" classname="Tests.SelectorsTest" file="/opt/project/tests/models/SelectorsTest.php" line="1544" assertions="1" time="0.001216"/>
        <testcase name="testIsSeasonalStatisticsAvailable with data set #46" class="Tests\SelectorsTest" classname="Tests.SelectorsTest" file="/opt/project/tests/models/SelectorsTest.php" line="1544" assertions="1" time="0.001024"/>
        <testcase name="testIsSeasonalStatisticsAvailable with data set #47" class="Tests\SelectorsTest" classname="Tests.SelectorsTest" file="/opt/project/tests/models/SelectorsTest.php" line="1544" assertions="1" time="0.001140"/>
        <testcase name="testIsSeasonalStatisticsAvailable with data set #48" class="Tests\SelectorsTest" classname="Tests.SelectorsTest" file="/opt/project/tests/models/SelectorsTest.php" line="1544" assertions="1" time="0.001056"/>
        <testcase name="testIsSeasonalStatisticsAvailable with data set #49" class="Tests\SelectorsTest" classname="Tests.SelectorsTest" file="/opt/project/tests/models/SelectorsTest.php" line="1544" assertions="1" time="0.001207"/>
        <testcase name="testIsSeasonalStatisticsAvailable with data set #50" class="Tests\SelectorsTest" classname="Tests.SelectorsTest" file="/opt/project/tests/models/SelectorsTest.php" line="1544" assertions="1" time="0.001031"/>
        <testcase name="testIsSeasonalStatisticsAvailable with data set #51" class="Tests\SelectorsTest" classname="Tests.SelectorsTest" file="/opt/project/tests/models/SelectorsTest.php" line="1544" assertions="1" time="0.001211"/>
        <testcase name="testIsSeasonalStatisticsAvailable with data set #52" class="Tests\SelectorsTest" classname="Tests.SelectorsTest" file="/opt/project/tests/models/SelectorsTest.php" line="1544" assertions="1" time="0.001069"/>
        <testcase name="testIsSeasonalStatisticsAvailable with data set #53" class="Tests\SelectorsTest" classname="Tests.SelectorsTest" file="/opt/project/tests/models/SelectorsTest.php" line="1544" assertions="1" time="0.001103"/>
        <testcase name="testIsSeasonalStatisticsAvailable with data set #54" class="Tests\SelectorsTest" classname="Tests.SelectorsTest" file="/opt/project/tests/models/SelectorsTest.php" line="1544" assertions="1" time="0.000995"/>
        <testcase name="testIsSeasonalStatisticsAvailable with data set #55" class="Tests\SelectorsTest" classname="Tests.SelectorsTest" file="/opt/project/tests/models/SelectorsTest.php" line="1544" assertions="1" time="0.001209"/>
        <testcase name="testIsSeasonalStatisticsAvailable with data set #56" class="Tests\SelectorsTest" classname="Tests.SelectorsTest" file="/opt/project/tests/models/SelectorsTest.php" line="1544" assertions="1" time="0.001038"/>
        <testcase name="testIsSeasonalStatisticsAvailable with data set #57" class="Tests\SelectorsTest" classname="Tests.SelectorsTest" file="/opt/project/tests/models/SelectorsTest.php" line="1544" assertions="1" time="0.001131"/>
        <testcase name="testIsSeasonalStatisticsAvailable with data set #58" class="Tests\SelectorsTest" classname="Tests.SelectorsTest" file="/opt/project/tests/models/SelectorsTest.php" line="1544" assertions="1" time="0.000978"/>
        <testcase name="testIsSeasonalStatisticsAvailable with data set #59" class="Tests\SelectorsTest" classname="Tests.SelectorsTest" file="/opt/project/tests/models/SelectorsTest.php" line="1544" assertions="1" time="0.000989"/>
        <testcase name="testIsSeasonalStatisticsAvailable with data set #60" class="Tests\SelectorsTest" classname="Tests.SelectorsTest" file="/opt/project/tests/models/SelectorsTest.php" line="1544" assertions="1" time="0.001027"/>
        <testcase name="testIsSeasonalStatisticsAvailable with data set #61" class="Tests\SelectorsTest" classname="Tests.SelectorsTest" file="/opt/project/tests/models/SelectorsTest.php" line="1544" assertions="1" time="0.000960"/>
        <testcase name="testIsSeasonalStatisticsAvailable with data set #62" class="Tests\SelectorsTest" classname="Tests.SelectorsTest" file="/opt/project/tests/models/SelectorsTest.php" line="1544" assertions="1" time="0.001061"/>
        <testcase name="testIsSeasonalStatisticsAvailable with data set #63" class="Tests\SelectorsTest" classname="Tests.SelectorsTest" file="/opt/project/tests/models/SelectorsTest.php" line="1544" assertions="1" time="0.000951"/>
        <testcase name="testIsSeasonalStatisticsAvailable with data set #64" class="Tests\SelectorsTest" classname="Tests.SelectorsTest" file="/opt/project/tests/models/SelectorsTest.php" line="1544" assertions="1" time="0.001066"/>
        <testcase name="testIsSeasonalStatisticsAvailable with data set #65" class="Tests\SelectorsTest" classname="Tests.SelectorsTest" file="/opt/project/tests/models/SelectorsTest.php" line="1544" assertions="1" time="0.000969"/>
        <testcase name="testIsSeasonalStatisticsAvailable with data set #66" class="Tests\SelectorsTest" classname="Tests.SelectorsTest" file="/opt/project/tests/models/SelectorsTest.php" line="1544" assertions="1" time="0.000964"/>
        <testcase name="testIsSeasonalStatisticsAvailable with data set #67" class="Tests\SelectorsTest" classname="Tests.SelectorsTest" file="/opt/project/tests/models/SelectorsTest.php" line="1544" assertions="1" time="0.000981"/>
        <testcase name="testIsSeasonalStatisticsAvailable with data set #68" class="Tests\SelectorsTest" classname="Tests.SelectorsTest" file="/opt/project/tests/models/SelectorsTest.php" line="1544" assertions="1" time="0.000970"/>
        <testcase name="testIsSeasonalStatisticsAvailable with data set #69" class="Tests\SelectorsTest" classname="Tests.SelectorsTest" file="/opt/project/tests/models/SelectorsTest.php" line="1544" assertions="1" time="0.001003"/>
        <testcase name="testIsSeasonalStatisticsAvailable with data set #70" class="Tests\SelectorsTest" classname="Tests.SelectorsTest" file="/opt/project/tests/models/SelectorsTest.php" line="1544" assertions="1" time="0.000975"/>
        <testcase name="testIsSeasonalStatisticsAvailable with data set #71" class="Tests\SelectorsTest" classname="Tests.SelectorsTest" file="/opt/project/tests/models/SelectorsTest.php" line="1544" assertions="1" time="0.001056"/>
        <testcase name="testIsSeasonalStatisticsAvailable with data set #72" class="Tests\SelectorsTest" classname="Tests.SelectorsTest" file="/opt/project/tests/models/SelectorsTest.php" line="1544" assertions="1" time="0.001273"/>
        <testcase name="testIsSeasonalStatisticsAvailable with data set #73" class="Tests\SelectorsTest" classname="Tests.SelectorsTest" file="/opt/project/tests/models/SelectorsTest.php" line="1544" assertions="1" time="0.001002"/>
        <testcase name="testIsSeasonalStatisticsAvailable with data set #74" class="Tests\SelectorsTest" classname="Tests.SelectorsTest" file="/opt/project/tests/models/SelectorsTest.php" line="1544" assertions="1" time="0.001018"/>
        <testcase name="testIsSeasonalStatisticsAvailable with data set #75" class="Tests\SelectorsTest" classname="Tests.SelectorsTest" file="/opt/project/tests/models/SelectorsTest.php" line="1544" assertions="1" time="0.000969"/>
        <testcase name="testIsSeasonalStatisticsAvailable with data set #76" class="Tests\SelectorsTest" classname="Tests.SelectorsTest" file="/opt/project/tests/models/SelectorsTest.php" line="1544" assertions="1" time="0.001049"/>
        <testcase name="testIsSeasonalStatisticsAvailable with data set #77" class="Tests\SelectorsTest" classname="Tests.SelectorsTest" file="/opt/project/tests/models/SelectorsTest.php" line="1544" assertions="1" time="0.000987"/>
        <testcase name="testIsSeasonalStatisticsAvailable with data set #78" class="Tests\SelectorsTest" classname="Tests.SelectorsTest" file="/opt/project/tests/models/SelectorsTest.php" line="1544" assertions="1" time="0.001014"/>
        <testcase name="testIsSeasonalStatisticsAvailable with data set #79" class="Tests\SelectorsTest" classname="Tests.SelectorsTest" file="/opt/project/tests/models/SelectorsTest.php" line="1544" assertions="1" time="0.000985"/>
        <testcase name="testIsSeasonalStatisticsAvailable with data set #80" class="Tests\SelectorsTest" classname="Tests.SelectorsTest" file="/opt/project/tests/models/SelectorsTest.php" line="1544" assertions="1" time="0.001020"/>
      </testsuite>
      <testsuite name="Tests\SelectorsTest::testGetMeetingTypeByRacesTypesSuccess" tests="7" assertions="7" errors="0" failures="0" skipped="0" time="0.007401">
        <testcase name="testGetMeetingTypeByRacesTypesSuccess with data set #0" class="Tests\SelectorsTest" classname="Tests.SelectorsTest" file="/opt/project/tests/models/SelectorsTest.php" line="1658" assertions="1" time="0.001093"/>
        <testcase name="testGetMeetingTypeByRacesTypesSuccess with data set #1" class="Tests\SelectorsTest" classname="Tests.SelectorsTest" file="/opt/project/tests/models/SelectorsTest.php" line="1658" assertions="1" time="0.001034"/>
        <testcase name="testGetMeetingTypeByRacesTypesSuccess with data set #2" class="Tests\SelectorsTest" classname="Tests.SelectorsTest" file="/opt/project/tests/models/SelectorsTest.php" line="1658" assertions="1" time="0.001027"/>
        <testcase name="testGetMeetingTypeByRacesTypesSuccess with data set #3" class="Tests\SelectorsTest" classname="Tests.SelectorsTest" file="/opt/project/tests/models/SelectorsTest.php" line="1658" assertions="1" time="0.001041"/>
        <testcase name="testGetMeetingTypeByRacesTypesSuccess with data set #4" class="Tests\SelectorsTest" classname="Tests.SelectorsTest" file="/opt/project/tests/models/SelectorsTest.php" line="1658" assertions="1" time="0.001145"/>
        <testcase name="testGetMeetingTypeByRacesTypesSuccess with data set #5" class="Tests\SelectorsTest" classname="Tests.SelectorsTest" file="/opt/project/tests/models/SelectorsTest.php" line="1658" assertions="1" time="0.001025"/>
        <testcase name="testGetMeetingTypeByRacesTypesSuccess with data set #6" class="Tests\SelectorsTest" classname="Tests.SelectorsTest" file="/opt/project/tests/models/SelectorsTest.php" line="1658" assertions="1" time="0.001036"/>
      </testsuite>
      <testsuite name="Tests\SelectorsTest::testGetMeetingTypeByRacesTypesFailure" tests="3" assertions="3" errors="0" failures="0" skipped="0" time="0.003458">
        <testcase name="testGetMeetingTypeByRacesTypesFailure with data set #0" class="Tests\SelectorsTest" classname="Tests.SelectorsTest" file="/opt/project/tests/models/SelectorsTest.php" line="1684" assertions="1" time="0.001038"/>
        <testcase name="testGetMeetingTypeByRacesTypesFailure with data set #1" class="Tests\SelectorsTest" classname="Tests.SelectorsTest" file="/opt/project/tests/models/SelectorsTest.php" line="1684" assertions="1" time="0.001005"/>
        <testcase name="testGetMeetingTypeByRacesTypesFailure with data set #2" class="Tests\SelectorsTest" classname="Tests.SelectorsTest" file="/opt/project/tests/models/SelectorsTest.php" line="1684" assertions="1" time="0.001415"/>
      </testsuite>
      <testsuite name="Tests\SelectorsTest::testGetRaceTypeBySeasonTypeCodeSuccess" tests="14" assertions="14" errors="0" failures="0" skipped="0" time="0.080866">
        <testcase name="testGetRaceTypeBySeasonTypeCodeSuccess with data set #0" class="Tests\SelectorsTest" classname="Tests.SelectorsTest" file="/opt/project/tests/models/SelectorsTest.php" line="1705" assertions="1" time="0.005225"/>
        <testcase name="testGetRaceTypeBySeasonTypeCodeSuccess with data set #1" class="Tests\SelectorsTest" classname="Tests.SelectorsTest" file="/opt/project/tests/models/SelectorsTest.php" line="1705" assertions="1" time="0.005125"/>
        <testcase name="testGetRaceTypeBySeasonTypeCodeSuccess with data set #2" class="Tests\SelectorsTest" classname="Tests.SelectorsTest" file="/opt/project/tests/models/SelectorsTest.php" line="1705" assertions="1" time="0.005304"/>
        <testcase name="testGetRaceTypeBySeasonTypeCodeSuccess with data set #3" class="Tests\SelectorsTest" classname="Tests.SelectorsTest" file="/opt/project/tests/models/SelectorsTest.php" line="1705" assertions="1" time="0.005308"/>
        <testcase name="testGetRaceTypeBySeasonTypeCodeSuccess with data set #4" class="Tests\SelectorsTest" classname="Tests.SelectorsTest" file="/opt/project/tests/models/SelectorsTest.php" line="1705" assertions="1" time="0.005242"/>
        <testcase name="testGetRaceTypeBySeasonTypeCodeSuccess with data set #5" class="Tests\SelectorsTest" classname="Tests.SelectorsTest" file="/opt/project/tests/models/SelectorsTest.php" line="1705" assertions="1" time="0.005131"/>
        <testcase name="testGetRaceTypeBySeasonTypeCodeSuccess with data set #6" class="Tests\SelectorsTest" classname="Tests.SelectorsTest" file="/opt/project/tests/models/SelectorsTest.php" line="1705" assertions="1" time="0.005143"/>
        <testcase name="testGetRaceTypeBySeasonTypeCodeSuccess with data set #7" class="Tests\SelectorsTest" classname="Tests.SelectorsTest" file="/opt/project/tests/models/SelectorsTest.php" line="1705" assertions="1" time="0.005246"/>
        <testcase name="testGetRaceTypeBySeasonTypeCodeSuccess with data set #8" class="Tests\SelectorsTest" classname="Tests.SelectorsTest" file="/opt/project/tests/models/SelectorsTest.php" line="1705" assertions="1" time="0.005236"/>
        <testcase name="testGetRaceTypeBySeasonTypeCodeSuccess with data set #9" class="Tests\SelectorsTest" classname="Tests.SelectorsTest" file="/opt/project/tests/models/SelectorsTest.php" line="1705" assertions="1" time="0.006861"/>
        <testcase name="testGetRaceTypeBySeasonTypeCodeSuccess with data set #10" class="Tests\SelectorsTest" classname="Tests.SelectorsTest" file="/opt/project/tests/models/SelectorsTest.php" line="1705" assertions="1" time="0.006672"/>
        <testcase name="testGetRaceTypeBySeasonTypeCodeSuccess with data set #11" class="Tests\SelectorsTest" classname="Tests.SelectorsTest" file="/opt/project/tests/models/SelectorsTest.php" line="1705" assertions="1" time="0.006669"/>
        <testcase name="testGetRaceTypeBySeasonTypeCodeSuccess with data set #12" class="Tests\SelectorsTest" classname="Tests.SelectorsTest" file="/opt/project/tests/models/SelectorsTest.php" line="1705" assertions="1" time="0.006849"/>
        <testcase name="testGetRaceTypeBySeasonTypeCodeSuccess with data set #13" class="Tests\SelectorsTest" classname="Tests.SelectorsTest" file="/opt/project/tests/models/SelectorsTest.php" line="1705" assertions="1" time="0.006854"/>
      </testsuite>
      <testsuite name="Tests\SelectorsTest::testGetRaceTypeBySeasonTypeCodeFailure" tests="3" assertions="3" errors="0" failures="0" skipped="0" time="0.021212">
        <testcase name="testGetRaceTypeBySeasonTypeCodeFailure with data set #0" class="Tests\SelectorsTest" classname="Tests.SelectorsTest" file="/opt/project/tests/models/SelectorsTest.php" line="1737" assertions="1" time="0.007316"/>
        <testcase name="testGetRaceTypeBySeasonTypeCodeFailure with data set #1" class="Tests\SelectorsTest" classname="Tests.SelectorsTest" file="/opt/project/tests/models/SelectorsTest.php" line="1737" assertions="1" time="0.007009"/>
        <testcase name="testGetRaceTypeBySeasonTypeCodeFailure with data set #2" class="Tests\SelectorsTest" classname="Tests.SelectorsTest" file="/opt/project/tests/models/SelectorsTest.php" line="1737" assertions="1" time="0.006887"/>
      </testsuite>
      <testsuite name="Tests\SelectorsTest::testGetCountryCodesBySeasonTypeSuccess" tests="21" assertions="21" errors="0" failures="0" skipped="0" time="0.018634">
        <testcase name="testGetCountryCodesBySeasonTypeSuccess with data set #0" class="Tests\SelectorsTest" classname="Tests.SelectorsTest" file="/opt/project/tests/models/SelectorsTest.php" line="1758" assertions="1" time="0.000878"/>
        <testcase name="testGetCountryCodesBySeasonTypeSuccess with data set #1" class="Tests\SelectorsTest" classname="Tests.SelectorsTest" file="/opt/project/tests/models/SelectorsTest.php" line="1758" assertions="1" time="0.000909"/>
        <testcase name="testGetCountryCodesBySeasonTypeSuccess with data set #2" class="Tests\SelectorsTest" classname="Tests.SelectorsTest" file="/opt/project/tests/models/SelectorsTest.php" line="1758" assertions="1" time="0.000822"/>
        <testcase name="testGetCountryCodesBySeasonTypeSuccess with data set #3" class="Tests\SelectorsTest" classname="Tests.SelectorsTest" file="/opt/project/tests/models/SelectorsTest.php" line="1758" assertions="1" time="0.000901"/>
        <testcase name="testGetCountryCodesBySeasonTypeSuccess with data set #4" class="Tests\SelectorsTest" classname="Tests.SelectorsTest" file="/opt/project/tests/models/SelectorsTest.php" line="1758" assertions="1" time="0.000867"/>
        <testcase name="testGetCountryCodesBySeasonTypeSuccess with data set #5" class="Tests\SelectorsTest" classname="Tests.SelectorsTest" file="/opt/project/tests/models/SelectorsTest.php" line="1758" assertions="1" time="0.000841"/>
        <testcase name="testGetCountryCodesBySeasonTypeSuccess with data set #6" class="Tests\SelectorsTest" classname="Tests.SelectorsTest" file="/opt/project/tests/models/SelectorsTest.php" line="1758" assertions="1" time="0.000918"/>
        <testcase name="testGetCountryCodesBySeasonTypeSuccess with data set #7" class="Tests\SelectorsTest" classname="Tests.SelectorsTest" file="/opt/project/tests/models/SelectorsTest.php" line="1758" assertions="1" time="0.000855"/>
        <testcase name="testGetCountryCodesBySeasonTypeSuccess with data set #8" class="Tests\SelectorsTest" classname="Tests.SelectorsTest" file="/opt/project/tests/models/SelectorsTest.php" line="1758" assertions="1" time="0.000812"/>
        <testcase name="testGetCountryCodesBySeasonTypeSuccess with data set #9" class="Tests\SelectorsTest" classname="Tests.SelectorsTest" file="/opt/project/tests/models/SelectorsTest.php" line="1758" assertions="1" time="0.000928"/>
        <testcase name="testGetCountryCodesBySeasonTypeSuccess with data set #10" class="Tests\SelectorsTest" classname="Tests.SelectorsTest" file="/opt/project/tests/models/SelectorsTest.php" line="1758" assertions="1" time="0.000917"/>
        <testcase name="testGetCountryCodesBySeasonTypeSuccess with data set #11" class="Tests\SelectorsTest" classname="Tests.SelectorsTest" file="/opt/project/tests/models/SelectorsTest.php" line="1758" assertions="1" time="0.000871"/>
        <testcase name="testGetCountryCodesBySeasonTypeSuccess with data set #12" class="Tests\SelectorsTest" classname="Tests.SelectorsTest" file="/opt/project/tests/models/SelectorsTest.php" line="1758" assertions="1" time="0.001092"/>
        <testcase name="testGetCountryCodesBySeasonTypeSuccess with data set #13" class="Tests\SelectorsTest" classname="Tests.SelectorsTest" file="/opt/project/tests/models/SelectorsTest.php" line="1758" assertions="1" time="0.000868"/>
        <testcase name="testGetCountryCodesBySeasonTypeSuccess with data set #14" class="Tests\SelectorsTest" classname="Tests.SelectorsTest" file="/opt/project/tests/models/SelectorsTest.php" line="1758" assertions="1" time="0.000859"/>
        <testcase name="testGetCountryCodesBySeasonTypeSuccess with data set #15" class="Tests\SelectorsTest" classname="Tests.SelectorsTest" file="/opt/project/tests/models/SelectorsTest.php" line="1758" assertions="1" time="0.000877"/>
        <testcase name="testGetCountryCodesBySeasonTypeSuccess with data set #16" class="Tests\SelectorsTest" classname="Tests.SelectorsTest" file="/opt/project/tests/models/SelectorsTest.php" line="1758" assertions="1" time="0.000828"/>
        <testcase name="testGetCountryCodesBySeasonTypeSuccess with data set #17" class="Tests\SelectorsTest" classname="Tests.SelectorsTest" file="/opt/project/tests/models/SelectorsTest.php" line="1758" assertions="1" time="0.000992"/>
        <testcase name="testGetCountryCodesBySeasonTypeSuccess with data set #18" class="Tests\SelectorsTest" classname="Tests.SelectorsTest" file="/opt/project/tests/models/SelectorsTest.php" line="1758" assertions="1" time="0.000841"/>
        <testcase name="testGetCountryCodesBySeasonTypeSuccess with data set #19" class="Tests\SelectorsTest" classname="Tests.SelectorsTest" file="/opt/project/tests/models/SelectorsTest.php" line="1758" assertions="1" time="0.000841"/>
        <testcase name="testGetCountryCodesBySeasonTypeSuccess with data set #20" class="Tests\SelectorsTest" classname="Tests.SelectorsTest" file="/opt/project/tests/models/SelectorsTest.php" line="1758" assertions="1" time="0.000917"/>
      </testsuite>
      <testsuite name="Tests\SelectorsTest::testGetRaceTypeSubGroup" tests="10" assertions="10" errors="0" failures="0" skipped="0" time="0.009842">
        <testcase name="testGetRaceTypeSubGroup with data set #0" class="Tests\SelectorsTest" classname="Tests.SelectorsTest" file="/opt/project/tests/models/SelectorsTest.php" line="1800" assertions="1" time="0.000871"/>
        <testcase name="testGetRaceTypeSubGroup with data set #1" class="Tests\SelectorsTest" classname="Tests.SelectorsTest" file="/opt/project/tests/models/SelectorsTest.php" line="1800" assertions="1" time="0.000867"/>
        <testcase name="testGetRaceTypeSubGroup with data set #2" class="Tests\SelectorsTest" classname="Tests.SelectorsTest" file="/opt/project/tests/models/SelectorsTest.php" line="1800" assertions="1" time="0.000950"/>
        <testcase name="testGetRaceTypeSubGroup with data set #3" class="Tests\SelectorsTest" classname="Tests.SelectorsTest" file="/opt/project/tests/models/SelectorsTest.php" line="1800" assertions="1" time="0.000927"/>
        <testcase name="testGetRaceTypeSubGroup with data set #4" class="Tests\SelectorsTest" classname="Tests.SelectorsTest" file="/opt/project/tests/models/SelectorsTest.php" line="1800" assertions="1" time="0.001028"/>
        <testcase name="testGetRaceTypeSubGroup with data set #5" class="Tests\SelectorsTest" classname="Tests.SelectorsTest" file="/opt/project/tests/models/SelectorsTest.php" line="1800" assertions="1" time="0.000934"/>
        <testcase name="testGetRaceTypeSubGroup with data set #6" class="Tests\SelectorsTest" classname="Tests.SelectorsTest" file="/opt/project/tests/models/SelectorsTest.php" line="1800" assertions="1" time="0.000919"/>
        <testcase name="testGetRaceTypeSubGroup with data set #7" class="Tests\SelectorsTest" classname="Tests.SelectorsTest" file="/opt/project/tests/models/SelectorsTest.php" line="1800" assertions="1" time="0.001075"/>
        <testcase name="testGetRaceTypeSubGroup with data set #8" class="Tests\SelectorsTest" classname="Tests.SelectorsTest" file="/opt/project/tests/models/SelectorsTest.php" line="1800" assertions="1" time="0.001312"/>
        <testcase name="testGetRaceTypeSubGroup with data set #9" class="Tests\SelectorsTest" classname="Tests.SelectorsTest" file="/opt/project/tests/models/SelectorsTest.php" line="1800" assertions="1" time="0.000959"/>
      </testsuite>
      <testsuite name="Tests\SelectorsTest::testGetRaceTypeGroupNameByRaceType" tests="10" assertions="10" errors="0" failures="0" skipped="0" time="0.009247">
        <testcase name="testGetRaceTypeGroupNameByRaceType with data set #0" class="Tests\SelectorsTest" classname="Tests.SelectorsTest" file="/opt/project/tests/models/SelectorsTest.php" line="1832" assertions="1" time="0.000829"/>
        <testcase name="testGetRaceTypeGroupNameByRaceType with data set #1" class="Tests\SelectorsTest" classname="Tests.SelectorsTest" file="/opt/project/tests/models/SelectorsTest.php" line="1832" assertions="1" time="0.001050"/>
        <testcase name="testGetRaceTypeGroupNameByRaceType with data set #2" class="Tests\SelectorsTest" classname="Tests.SelectorsTest" file="/opt/project/tests/models/SelectorsTest.php" line="1832" assertions="1" time="0.000857"/>
        <testcase name="testGetRaceTypeGroupNameByRaceType with data set #3" class="Tests\SelectorsTest" classname="Tests.SelectorsTest" file="/opt/project/tests/models/SelectorsTest.php" line="1832" assertions="1" time="0.000895"/>
        <testcase name="testGetRaceTypeGroupNameByRaceType with data set #4" class="Tests\SelectorsTest" classname="Tests.SelectorsTest" file="/opt/project/tests/models/SelectorsTest.php" line="1832" assertions="1" time="0.000906"/>
        <testcase name="testGetRaceTypeGroupNameByRaceType with data set #5" class="Tests\SelectorsTest" classname="Tests.SelectorsTest" file="/opt/project/tests/models/SelectorsTest.php" line="1832" assertions="1" time="0.000836"/>
        <testcase name="testGetRaceTypeGroupNameByRaceType with data set #6" class="Tests\SelectorsTest" classname="Tests.SelectorsTest" file="/opt/project/tests/models/SelectorsTest.php" line="1832" assertions="1" time="0.000909"/>
        <testcase name="testGetRaceTypeGroupNameByRaceType with data set #7" class="Tests\SelectorsTest" classname="Tests.SelectorsTest" file="/opt/project/tests/models/SelectorsTest.php" line="1832" assertions="1" time="0.001007"/>
        <testcase name="testGetRaceTypeGroupNameByRaceType with data set #8" class="Tests\SelectorsTest" classname="Tests.SelectorsTest" file="/opt/project/tests/models/SelectorsTest.php" line="1832" assertions="1" time="0.001064"/>
        <testcase name="testGetRaceTypeGroupNameByRaceType with data set #9" class="Tests\SelectorsTest" classname="Tests.SelectorsTest" file="/opt/project/tests/models/SelectorsTest.php" line="1832" assertions="1" time="0.000894"/>
      </testsuite>
    </testsuite>
  </testsuite>
</testsuites>
